<?xml version="1.0" encoding="UTF-8"?>
<!-- Generated by org.testng.reporters.JUnitReportReporter -->
<testsuite hostname="Mac.local" failures="0" tests="10" name="tests.whitePaper.WhitePaperFirefoxTests" time="55.732" errors="0" timestamp="2023-09-01T11:43:29 EEST" skipped="0">
  <testcase classname="tests.whitePaper.WhitePaperFirefoxTests" name="allHeaderMainPage" time="8.878"/>
  <testcase classname="tests.whitePaper.WhitePaperFirefoxTests" name="getStartedHeaderMainPage" time="4.837"/>
  <testcase classname="tests.whitePaper.WhitePaperFirefoxTests" name="learnHeaderMainPage" time="4.826"/>
  <testcase classname="tests.whitePaper.WhitePaperFirefoxTests" name="resourcesHeaderMainPage" time="4.836"/>
  <testcase classname="tests.whitePaper.WhitePaperFirefoxTests" name="mainBlockWhitePaperPage" time="5.647"/>
  <testcase classname="tests.whitePaper.WhitePaperFirefoxTests" name="EweuimtPage" time="7.252"/>
  <testcase classname="tests.whitePaper.WhitePaperFirefoxTests" name="allFooterMainPage" time="4.930"/>
  <testcase classname="tests.whitePaper.WhitePaperFirefoxTests" name="partnFooterMainPage" time="4.698"/>
  <testcase classname="tests.whitePaper.WhitePaperFirefoxTests" name="subFooterMainPage" time="5.200"/>
  <testcase classname="tests.whitePaper.WhitePaperFirefoxTests" name="copFooterMainPage" time="4.628"/>
</testsuite> <!-- tests.whitePaper.WhitePaperFirefoxTests -->
