<?xml version="1.0" encoding="UTF-8"?>
<!-- Generated by org.testng.reporters.JUnitReportReporter -->
<testsuite hostname="Huawei-PC" failures="0" tests="1" name="tests.stakingPageTests.AllPageChromeTests" time="13.551" errors="0" timestamp="2023-09-01T10:20:01 EEST" skipped="0">
  <testcase classname="tests.stakingPageTests.AllPageChromeTests" name="calcStakSectionStakingPage" time="13.551"/>
</testsuite> <!-- tests.stakingPageTests.AllPageChromeTests -->
