<?xml version="1.0" encoding="UTF-8"?>
<!-- Generated by org.testng.reporters.JUnitReportReporter -->
<testsuite hostname="Mac.local" failures="0" tests="10" name="tests.marketPlacePageTests.AllPageFirefoxTests" time="49.072" errors="0" timestamp="2023-08-09T20:00:52 EEST" skipped="0">
  <testcase classname="tests.marketPlacePageTests.AllPageFirefoxTests" name="allHeaderMarketPlacePage" time="6.321"/>
  <system-out/>
  <testcase classname="tests.marketPlacePageTests.AllPageFirefoxTests" name="getStartedHeaderMarketPlacePage" time="3.915"/>
  <system-out/>
  <testcase classname="tests.marketPlacePageTests.AllPageFirefoxTests" name="learnHeaderMarketPlacePage" time="6.427"/>
  <system-out/>
  <testcase classname="tests.marketPlacePageTests.AllPageFirefoxTests" name="resourcesHeaderMarketPlacePage" time="3.922"/>
  <system-out/>
  <testcase classname="tests.marketPlacePageTests.AllPageFirefoxTests" name="mainSectionMarketPlacePage" time="4.936"/>
  <system-out/>
  <testcase classname="tests.marketPlacePageTests.AllPageFirefoxTests" name="statisticsSectionMarketPlacePage" time="5.394"/>
  <system-out/>
  <testcase classname="tests.marketPlacePageTests.AllPageFirefoxTests" name="allFooterMarketPlacePage" time="4.970"/>
  <system-out/>
  <testcase classname="tests.marketPlacePageTests.AllPageFirefoxTests" name="partnFooterMarketPlacePage" time="4.716"/>
  <system-out/>
  <testcase classname="tests.marketPlacePageTests.AllPageFirefoxTests" name="subFooterMarketPlacePage" time="4.713"/>
  <system-out/>
  <testcase classname="tests.marketPlacePageTests.AllPageFirefoxTests" name="copFooterMarketPlacePage" time="3.758"/>
  <system-out/>
</testsuite> <!-- tests.marketPlacePageTests.AllPageFirefoxTests -->
