<?xml version="1.0" encoding="UTF-8"?>
<!-- Generated by org.testng.reporters.JUnitReportReporter -->
<testsuite hostname="DESKTOP-LS60FJD" failures="0" tests="8" name="tests.WhatIsAimood.WhatIsAimoodChromeTests" time="49.992" errors="0" timestamp="2023-08-18T07:14:20 EEST" skipped="0">
  <testcase classname="tests.WhatIsAimood.WhatIsAimoodChromeTests" name="allHeaderMainPage" time="6.219"/>
  <system-out/>
  <testcase classname="tests.WhatIsAimood.WhatIsAimoodChromeTests" name="mainBlockWhitePaperPage" time="5.613"/>
  <system-out/>
  <testcase classname="tests.WhatIsAimood.WhatIsAimoodChromeTests" name="WhyChoosePage" time="6.273"/>
  <system-out/>
  <testcase classname="tests.WhatIsAimood.WhatIsAimoodChromeTests" name="TfeuamWbEUPage" time="6.173"/>
  <system-out/>
  <testcase classname="tests.WhatIsAimood.WhatIsAimoodChromeTests" name="allFooterMainPage" time="6.049"/>
  <system-out/>
  <testcase classname="tests.WhatIsAimood.WhatIsAimoodChromeTests" name="partnFooterMainPage" time="9.410"/>
  <system-out/>
  <testcase classname="tests.WhatIsAimood.WhatIsAimoodChromeTests" name="subFooterMainPage" time="5.844"/>
  <system-out/>
  <testcase classname="tests.WhatIsAimood.WhatIsAimoodChromeTests" name="copFooterMainPage" time="4.411"/>
  <system-out/>
</testsuite> <!-- tests.WhatIsAimood.WhatIsAimoodChromeTests -->
