<?xml version="1.0" encoding="UTF-8"?>
<!-- Generated by org.testng.reporters.JUnitReportReporter -->
<testsuite hostname="Mac.local" failures="0" tests="8" name="tests.stakingPageTests.AllPageChromeTests" time="51.564" errors="0" timestamp="2023-09-07T13:12:33 EEST" skipped="0">
  <testcase classname="tests.stakingPageTests.AllPageChromeTests" name="allHeaderStakingPage" time="7.364"/>
  <testcase classname="tests.stakingPageTests.AllPageChromeTests" name="getStartedHeaderStakingPage" time="5.053"/>
  <testcase classname="tests.stakingPageTests.AllPageChromeTests" name="learnHeaderStakingPage" time="6.363"/>
  <testcase classname="tests.stakingPageTests.AllPageChromeTests" name="resourcesHeaderStakingPage" time="5.031"/>
  <testcase classname="tests.stakingPageTests.AllPageChromeTests" name="mainSectionStakingPage" time="6.048"/>
  <testcase classname="tests.stakingPageTests.AllPageChromeTests" name="delegatedSectionStakingPage" time="8.248"/>
  <testcase classname="tests.stakingPageTests.AllPageChromeTests" name="calcStakSectionStakingPage" time="8.434"/>
  <testcase classname="tests.stakingPageTests.AllPageChromeTests" name="allFooterStakingPage" time="5.023"/>
</testsuite> <!-- tests.stakingPageTests.AllPageChromeTests -->
