<?xml version="1.0" encoding="UTF-8"?>
<!-- Generated by org.testng.reporters.JUnitReportReporter -->
<testsuite hostname="Mac.local" failures="0" tests="11" name="tests.stakingPageTests.AllPageFirefoxTests" time="59.712" errors="0" timestamp="2023-09-01T11:43:29 EEST" skipped="0">
  <testcase classname="tests.stakingPageTests.AllPageFirefoxTests" name="allHeaderStakingPage" time="6.414"/>
  <testcase classname="tests.stakingPageTests.AllPageFirefoxTests" name="getStartedHeaderStakingPage" time="3.938"/>
  <testcase classname="tests.stakingPageTests.AllPageFirefoxTests" name="learnHeaderStakingPage" time="3.925"/>
  <testcase classname="tests.stakingPageTests.AllPageFirefoxTests" name="resourcesHeaderStakingPage" time="3.948"/>
  <testcase classname="tests.stakingPageTests.AllPageFirefoxTests" name="mainSectionStakingPage" time="5.929"/>
  <testcase classname="tests.stakingPageTests.AllPageFirefoxTests" name="delegatedSectionStakingPage" time="6.198"/>
  <testcase classname="tests.stakingPageTests.AllPageFirefoxTests" name="calcStakSectionStakingPage" time="8.479"/>
  <testcase classname="tests.stakingPageTests.AllPageFirefoxTests" name="allFooterStakingPage" time="4.959"/>
  <testcase classname="tests.stakingPageTests.AllPageFirefoxTests" name="partnFooterStakingPage" time="4.694"/>
  <testcase classname="tests.stakingPageTests.AllPageFirefoxTests" name="subFooterStakingPage" time="6.559"/>
  <testcase classname="tests.stakingPageTests.AllPageFirefoxTests" name="copFooterStakingPage" time="4.669"/>
</testsuite> <!-- tests.stakingPageTests.AllPageFirefoxTests -->
