<?xml version="1.0" encoding="UTF-8"?>
<!-- Generated by org.testng.reporters.JUnitReportReporter -->
<testsuite hostname="Mac.local" failures="0" tests="10" name="tests.tokenMoodPageTests.AllPageChromeTests" time="50.277" errors="0" timestamp="2023-08-10T21:21:38 EEST" skipped="0">
  <testcase classname="tests.tokenMoodPageTests.AllPageChromeTests" name="allHeaderTokenMoodPage" time="6.164"/>
  <system-out/>
  <testcase classname="tests.tokenMoodPageTests.AllPageChromeTests" name="getStartedHeaderTokenMoodPage" time="4.156"/>
  <system-out/>
  <testcase classname="tests.tokenMoodPageTests.AllPageChromeTests" name="learnHeaderTokenMoodPage" time="4.098"/>
  <system-out/>
  <testcase classname="tests.tokenMoodPageTests.AllPageChromeTests" name="resourcesHeaderTokenMoodPage" time="6.691"/>
  <system-out/>
  <testcase classname="tests.tokenMoodPageTests.AllPageChromeTests" name="mainSectionTokenMoodPage" time="4.979"/>
  <system-out/>
  <testcase classname="tests.tokenMoodPageTests.AllPageChromeTests" name="statisticsSectionTokenMoodPage" time="5.439"/>
  <system-out/>
  <testcase classname="tests.tokenMoodPageTests.AllPageChromeTests" name="allFooterTokenMoodPage" time="4.974"/>
  <system-out/>
  <testcase classname="tests.tokenMoodPageTests.AllPageChromeTests" name="partnFooterTokenMoodPage" time="4.914"/>
  <system-out/>
  <testcase classname="tests.tokenMoodPageTests.AllPageChromeTests" name="subFooterTokenMoodPage" time="4.899"/>
  <system-out/>
  <testcase classname="tests.tokenMoodPageTests.AllPageChromeTests" name="copFooterTokenMoodPage" time="3.963"/>
  <system-out/>
</testsuite> <!-- tests.tokenMoodPageTests.AllPageChromeTests -->
