<?xml version="1.0" encoding="UTF-8"?>
<!-- Generated by org.testng.reporters.JUnitReportReporter -->
<testsuite hostname="Mac.local" failures="0" tests="6" name="tests.fundPageTests.AllPageChromeTests" time="30.826" errors="0" timestamp="2023-09-07T12:22:31 EEST" skipped="0">
  <testcase classname="tests.fundPageTests.AllPageChromeTests" name="allHeaderFundPage" time="6.236"/>
  <testcase classname="tests.fundPageTests.AllPageChromeTests" name="getStartedHeaderFundPage" time="4.110"/>
  <testcase classname="tests.fundPageTests.AllPageChromeTests" name="learnHeaderFundPage" time="4.085"/>
  <testcase classname="tests.fundPageTests.AllPageChromeTests" name="resourcesHeaderFundPage" time="5.437"/>
  <testcase classname="tests.fundPageTests.AllPageChromeTests" name="mainSectionFundPage" time="6.006"/>
  <testcase classname="tests.fundPageTests.AllPageChromeTests" name="allFooterFundPage" time="4.952"/>
</testsuite> <!-- tests.fundPageTests.AllPageChromeTests -->
