<?xml version="1.0" encoding="UTF-8"?>
<!-- Generated by org.testng.reporters.JUnitReportReporter -->
<testsuite hostname="Mac.local" failures="0" tests="7" name="tests.marketPlacePageTests.AllPageFirefoxTests" time="42.899" errors="0" timestamp="2023-09-07T11:49:17 EEST" skipped="0">
  <testcase classname="tests.marketPlacePageTests.AllPageFirefoxTests" name="allHeaderMarketPlacePage" time="6.121"/>
  <testcase classname="tests.marketPlacePageTests.AllPageFirefoxTests" name="getStartedHeaderMarketPlacePage" time="6.815"/>
  <testcase classname="tests.marketPlacePageTests.AllPageFirefoxTests" name="learnHeaderMarketPlacePage" time="6.420"/>
  <testcase classname="tests.marketPlacePageTests.AllPageFirefoxTests" name="resourcesHeaderMarketPlacePage" time="6.828"/>
  <testcase classname="tests.marketPlacePageTests.AllPageFirefoxTests" name="mainSectionMarketPlacePage" time="6.173"/>
  <testcase classname="tests.marketPlacePageTests.AllPageFirefoxTests" name="statisticsSectionMarketPlacePage" time="5.610"/>
  <testcase classname="tests.marketPlacePageTests.AllPageFirefoxTests" name="allFooterMarketPlacePage" time="4.932"/>
</testsuite> <!-- tests.marketPlacePageTests.AllPageFirefoxTests -->
