<?xml version="1.0" encoding="UTF-8"?>
<!-- Generated by org.testng.reporters.JUnitReportReporter -->
<testsuite hostname="Mac.local" failures="0" tests="11" name="tests.stakingPageTests.AllPageFirefoxTests" time="61.431" errors="0" timestamp="2023-08-23T12:39:41 EEST" skipped="0">
  <testcase classname="tests.stakingPageTests.AllPageFirefoxTests" name="allHeaderStakingPage" time="6.745"/>
  <testcase classname="tests.stakingPageTests.AllPageFirefoxTests" name="getStartedHeaderStakingPage" time="4.060"/>
  <testcase classname="tests.stakingPageTests.AllPageFirefoxTests" name="learnHeaderStakingPage" time="3.929"/>
  <testcase classname="tests.stakingPageTests.AllPageFirefoxTests" name="resourcesHeaderStakingPage" time="3.925"/>
  <testcase classname="tests.stakingPageTests.AllPageFirefoxTests" name="mainSectionStakingPage" time="6.001"/>
  <testcase classname="tests.stakingPageTests.AllPageFirefoxTests" name="delegatedSectionStakingPage" time="6.302"/>
  <testcase classname="tests.stakingPageTests.AllPageFirefoxTests" name="calcStakSectionStakingPage" time="8.590"/>
  <testcase classname="tests.stakingPageTests.AllPageFirefoxTests" name="allFooterStakingPage" time="5.001"/>
  <testcase classname="tests.stakingPageTests.AllPageFirefoxTests" name="partnFooterStakingPage" time="4.720"/>
  <testcase classname="tests.stakingPageTests.AllPageFirefoxTests" name="subFooterStakingPage" time="4.709"/>
  <testcase classname="tests.stakingPageTests.AllPageFirefoxTests" name="copFooterStakingPage" time="7.449"/>
</testsuite> <!-- tests.stakingPageTests.AllPageFirefoxTests -->
