<?xml version="1.0" encoding="UTF-8"?>
<!-- Generated by org.testng.reporters.JUnitReportReporter -->
<testsuite hostname="Mac.local" failures="0" tests="8" name="tests.stakingPageTests.AllPageChromeTests" time="51.557" errors="0" timestamp="2023-09-11T11:26:11 EEST" skipped="0">
  <testcase classname="tests.stakingPageTests.AllPageChromeTests" name="allHeaderStakingPage" time="7.293"/>
  <testcase classname="tests.stakingPageTests.AllPageChromeTests" name="getStartedHeaderStakingPage" time="5.019"/>
  <testcase classname="tests.stakingPageTests.AllPageChromeTests" name="learnHeaderStakingPage" time="4.975"/>
  <testcase classname="tests.stakingPageTests.AllPageChromeTests" name="resourcesHeaderStakingPage" time="6.421"/>
  <testcase classname="tests.stakingPageTests.AllPageChromeTests" name="mainSectionStakingPage" time="6.025"/>
  <testcase classname="tests.stakingPageTests.AllPageChromeTests" name="delegatedSectionStakingPage" time="8.296"/>
  <testcase classname="tests.stakingPageTests.AllPageChromeTests" name="calcStakSectionStakingPage" time="8.500"/>
  <testcase classname="tests.stakingPageTests.AllPageChromeTests" name="allFooterStakingPage" time="5.028"/>
</testsuite> <!-- tests.stakingPageTests.AllPageChromeTests -->
