<?xml version="1.0" encoding="UTF-8"?>
<!-- Generated by org.testng.reporters.JUnitReportReporter -->
<testsuite hostname="Mac.local" failures="0" tests="6" name="tests.signUpPageTests.AllPageFirefoxTests" time="32.095" errors="0" timestamp="2023-09-11T11:58:47 EEST" skipped="0">
  <testcase classname="tests.signUpPageTests.AllPageFirefoxTests" name="allHeaderSignUpPage" time="9.301"/>
  <testcase classname="tests.signUpPageTests.AllPageFirefoxTests" name="getStartedHeaderSignUpPage" time="3.937"/>
  <testcase classname="tests.signUpPageTests.AllPageFirefoxTests" name="learnHeaderSignUpPage" time="3.914"/>
  <testcase classname="tests.signUpPageTests.AllPageFirefoxTests" name="resourcesHeaderSignUpPage" time="3.950"/>
  <testcase classname="tests.signUpPageTests.AllPageFirefoxTests" name="mainSectionSignUpPage" time="5.977"/>
  <testcase classname="tests.signUpPageTests.AllPageFirefoxTests" name="allFooterSignUpPage" time="5.016"/>
</testsuite> <!-- tests.signUpPageTests.AllPageFirefoxTests -->
