<?xml version="1.0" encoding="UTF-8"?>
<!-- Generated by org.testng.reporters.JUnitReportReporter -->
<testsuite hostname="Mac.local" failures="0" tests="10" name="tests.marketPlacePageTests.AllPageChromeTests" time="49.798" errors="0" timestamp="2023-08-09T20:00:52 EEST" skipped="0">
  <testcase classname="tests.marketPlacePageTests.AllPageChromeTests" name="allHeaderMarketPlacePage" time="6.062"/>
  <system-out/>
  <testcase classname="tests.marketPlacePageTests.AllPageChromeTests" name="getStartedHeaderMarketPlacePage" time="4.131"/>
  <system-out/>
  <testcase classname="tests.marketPlacePageTests.AllPageChromeTests" name="learnHeaderMarketPlacePage" time="4.126"/>
  <system-out/>
  <testcase classname="tests.marketPlacePageTests.AllPageChromeTests" name="resourcesHeaderMarketPlacePage" time="4.076"/>
  <system-out/>
  <testcase classname="tests.marketPlacePageTests.AllPageChromeTests" name="mainSectionMarketPlacePage" time="7.201"/>
  <system-out/>
  <testcase classname="tests.marketPlacePageTests.AllPageChromeTests" name="statisticsSectionMarketPlacePage" time="5.403"/>
  <system-out/>
  <testcase classname="tests.marketPlacePageTests.AllPageChromeTests" name="allFooterMarketPlacePage" time="4.992"/>
  <system-out/>
  <testcase classname="tests.marketPlacePageTests.AllPageChromeTests" name="partnFooterMarketPlacePage" time="4.924"/>
  <system-out/>
  <testcase classname="tests.marketPlacePageTests.AllPageChromeTests" name="subFooterMarketPlacePage" time="4.908"/>
  <system-out/>
  <testcase classname="tests.marketPlacePageTests.AllPageChromeTests" name="copFooterMarketPlacePage" time="3.975"/>
  <system-out/>
</testsuite> <!-- tests.marketPlacePageTests.AllPageChromeTests -->
