<?xml version="1.0" encoding="UTF-8"?>
<!-- Generated by org.testng.reporters.JUnitReportReporter -->
<testsuite hostname="DESKTOP-LS60FJD" failures="0" tests="2" name="tests.whitePaper.WhitePaperChromeTests" time="48.983" errors="0" timestamp="2023-08-16T18:46:19 EEST" skipped="0">
  <testcase classname="tests.whitePaper.WhitePaperChromeTests" name="allHeaderMainPage" time="43.299"/>
  <system-out/>
  <testcase classname="tests.whitePaper.WhitePaperChromeTests" name="mainBlockWhitePaperPage" time="5.684"/>
  <system-out/>
</testsuite> <!-- tests.whitePaper.WhitePaperChromeTests -->
