<?xml version="1.0" encoding="UTF-8"?>
<!-- Generated by org.testng.reporters.JUnitReportReporter -->
<testsuite hostname="Huawei-PC" failures="0" tests="2" name="tests.termsofUse.TermsOfUseAuthTeste" time="48.995" errors="0" timestamp="2023-07-07T10:36:45 EEST" skipped="0">
  <testcase classname="tests.termsofUse.TermsOfUseAuthTeste" name="termsOfUseHeader" time="40.512"/>
  <system-out/>
  <testcase classname="tests.termsofUse.TermsOfUseAuthTeste" name="termsOfUseTextPart1" time="8.483"/>
  <system-out/>
</testsuite> <!-- tests.termsofUse.TermsOfUseAuthTeste -->
