<?xml version="1.0" encoding="UTF-8"?>
<!-- Generated by org.testng.reporters.JUnitReportReporter -->
<testsuite hostname="Mac.local" failures="0" tests="10" name="tests.tokenMoodPageTests.AllPageFirefoxTests" time="49.374" errors="0" timestamp="2023-08-10T14:18:11 EEST" skipped="0">
  <testcase classname="tests.tokenMoodPageTests.AllPageFirefoxTests" name="allHeaderTokenMoodPage" time="6.672"/>
  <system-out/>
  <testcase classname="tests.tokenMoodPageTests.AllPageFirefoxTests" name="getStartedHeaderTokenMoodPage" time="3.996"/>
  <system-out/>
  <testcase classname="tests.tokenMoodPageTests.AllPageFirefoxTests" name="learnHeaderTokenMoodPage" time="3.907"/>
  <system-out/>
  <testcase classname="tests.tokenMoodPageTests.AllPageFirefoxTests" name="resourcesHeaderTokenMoodPage" time="3.924"/>
  <system-out/>
  <testcase classname="tests.tokenMoodPageTests.AllPageFirefoxTests" name="mainSectionTokenMoodPage" time="4.982"/>
  <system-out/>
  <testcase classname="tests.tokenMoodPageTests.AllPageFirefoxTests" name="statisticsSectionTokenMoodPage" time="5.328"/>
  <system-out/>
  <testcase classname="tests.tokenMoodPageTests.AllPageFirefoxTests" name="allFooterTokenMoodPage" time="4.951"/>
  <system-out/>
  <testcase classname="tests.tokenMoodPageTests.AllPageFirefoxTests" name="partnFooterTokenMoodPage" time="7.177"/>
  <system-out/>
  <testcase classname="tests.tokenMoodPageTests.AllPageFirefoxTests" name="subFooterTokenMoodPage" time="4.686"/>
  <system-out/>
  <testcase classname="tests.tokenMoodPageTests.AllPageFirefoxTests" name="copFooterTokenMoodPage" time="3.751"/>
  <system-out/>
</testsuite> <!-- tests.tokenMoodPageTests.AllPageFirefoxTests -->
