<?xml version="1.0" encoding="UTF-8"?>
<!-- Generated by org.testng.reporters.JUnitReportReporter -->
<testsuite hostname="Huawei-PC" failures="0" tests="2" name="tests.mainPageTests.AllPageChromeTests" time="28.054" errors="0" timestamp="2023-08-01T16:00:53 EEST" skipped="1">
  <testcase classname="tests.mainPageTests.AllPageChromeTests" name="allHeaderMainPage" time="5.957">
    <skipped/>
  </testcase> <!-- allHeaderMainPage -->
  <system-out/>
  <testcase classname="tests.mainPageTests.AllPageChromeTests" name="allHeaderMainPage" time="22.097"/>
  <system-out/>
</testsuite> <!-- tests.mainPageTests.AllPageChromeTests -->
