<?xml version="1.0" encoding="UTF-8"?>
<!-- Generated by org.testng.reporters.JUnitReportReporter -->
<testsuite hostname="Mac.local" failures="0" tests="10" name="tests.tokenMoodPageTests.AllPageFirefoxTests" time="49.712" errors="0" timestamp="2023-09-01T11:43:29 EEST" skipped="0">
  <testcase classname="tests.tokenMoodPageTests.AllPageFirefoxTests" name="allHeaderTokenMoodPage" time="5.841"/>
  <testcase classname="tests.tokenMoodPageTests.AllPageFirefoxTests" name="getStartedHeaderTokenMoodPage" time="3.918"/>
  <testcase classname="tests.tokenMoodPageTests.AllPageFirefoxTests" name="learnHeaderTokenMoodPage" time="3.912"/>
  <testcase classname="tests.tokenMoodPageTests.AllPageFirefoxTests" name="resourcesHeaderTokenMoodPage" time="3.929"/>
  <testcase classname="tests.tokenMoodPageTests.AllPageFirefoxTests" name="mainSectionTokenMoodPage" time="5.928"/>
  <testcase classname="tests.tokenMoodPageTests.AllPageFirefoxTests" name="statisticsSectionTokenMoodPage" time="6.308"/>
  <testcase classname="tests.tokenMoodPageTests.AllPageFirefoxTests" name="allFooterTokenMoodPage" time="4.921"/>
  <testcase classname="tests.tokenMoodPageTests.AllPageFirefoxTests" name="partnFooterTokenMoodPage" time="4.688"/>
  <testcase classname="tests.tokenMoodPageTests.AllPageFirefoxTests" name="subFooterTokenMoodPage" time="4.687"/>
  <testcase classname="tests.tokenMoodPageTests.AllPageFirefoxTests" name="copFooterTokenMoodPage" time="5.580"/>
</testsuite> <!-- tests.tokenMoodPageTests.AllPageFirefoxTests -->
