<?xml version="1.0" encoding="UTF-8"?>
<!-- Generated by org.testng.reporters.JUnitReportReporter -->
<testsuite hostname="Mac.local" failures="0" tests="6" name="tests.resetPasswordPageTests.AllPageFirefoxTests" time="33.052" errors="0" timestamp="2023-09-11T11:58:47 EEST" skipped="0">
  <testcase classname="tests.resetPasswordPageTests.AllPageFirefoxTests" name="allHeaderResetPasswordPage" time="10.214"/>
  <testcase classname="tests.resetPasswordPageTests.AllPageFirefoxTests" name="getStartedHeaderResetPasswordPage" time="3.949"/>
  <testcase classname="tests.resetPasswordPageTests.AllPageFirefoxTests" name="learnHeaderResetPasswordPage" time="3.929"/>
  <testcase classname="tests.resetPasswordPageTests.AllPageFirefoxTests" name="resourcesHeaderResetPasswordPage" time="3.961"/>
  <testcase classname="tests.resetPasswordPageTests.AllPageFirefoxTests" name="mainSectionResetPasswordPage" time="6.012"/>
  <testcase classname="tests.resetPasswordPageTests.AllPageFirefoxTests" name="allFooterResetPasswordPage" time="4.987"/>
</testsuite> <!-- tests.resetPasswordPageTests.AllPageFirefoxTests -->
