<?xml version="1.0" encoding="UTF-8"?>
<!-- Generated by org.testng.reporters.JUnitReportReporter -->
<testsuite hostname="Mac.local" failures="0" tests="6" name="tests.signInPageTests.AllPageChromeTests" time="31.597" errors="0" timestamp="2023-09-11T11:58:47 EEST" skipped="0">
  <testcase classname="tests.signInPageTests.AllPageChromeTests" name="allHeaderSignInPage" time="7.152"/>
  <testcase classname="tests.signInPageTests.AllPageChromeTests" name="getStartedHeaderSignInPage" time="4.132"/>
  <testcase classname="tests.signInPageTests.AllPageChromeTests" name="learnHeaderSignInPage" time="4.057"/>
  <testcase classname="tests.signInPageTests.AllPageChromeTests" name="resourcesHeaderSignInPage" time="4.048"/>
  <testcase classname="tests.signInPageTests.AllPageChromeTests" name="mainSectionSignInPage" time="7.212"/>
  <testcase classname="tests.signInPageTests.AllPageChromeTests" name="allFooterSignInPage" time="4.996"/>
</testsuite> <!-- tests.signInPageTests.AllPageChromeTests -->
