<?xml version="1.0" encoding="UTF-8"?>
<!-- Generated by org.testng.reporters.JUnitReportReporter -->
<testsuite hostname="Mac.local" failures="0" tests="10" name="tests.affiliateProgramPageTests.AllPageFirefoxTests" time="49.677" errors="0" timestamp="2023-09-01T11:43:29 EEST" skipped="0">
  <testcase classname="tests.affiliateProgramPageTests.AllPageFirefoxTests" name="allHeaderAffiliateProgramPage" time="5.739"/>
  <testcase classname="tests.affiliateProgramPageTests.AllPageFirefoxTests" name="getStartedHeaderAffiliateProgramPage" time="3.934"/>
  <testcase classname="tests.affiliateProgramPageTests.AllPageFirefoxTests" name="learnHeaderAffiliateProgramPage" time="5.821"/>
  <testcase classname="tests.affiliateProgramPageTests.AllPageFirefoxTests" name="resourcesHeaderAffiliateProgramPage" time="3.931"/>
  <testcase classname="tests.affiliateProgramPageTests.AllPageFirefoxTests" name="mainSectionAffiliateProgramPage" time="5.920"/>
  <testcase classname="tests.affiliateProgramPageTests.AllPageFirefoxTests" name="affiliateSectionAffiliateProgramPage" time="6.208"/>
  <testcase classname="tests.affiliateProgramPageTests.AllPageFirefoxTests" name="allFooterAffiliateProgramPage" time="4.958"/>
  <testcase classname="tests.affiliateProgramPageTests.AllPageFirefoxTests" name="partnFooterAffiliateProgramPage" time="4.720"/>
  <testcase classname="tests.affiliateProgramPageTests.AllPageFirefoxTests" name="subFooterAffiliateProgramPage" time="4.685"/>
  <testcase classname="tests.affiliateProgramPageTests.AllPageFirefoxTests" name="copFooterAffiliateProgramPage" time="3.761"/>
</testsuite> <!-- tests.affiliateProgramPageTests.AllPageFirefoxTests -->
