<?xml version="1.0" encoding="UTF-8"?>
<!-- Generated by org.testng.reporters.JUnitReportReporter -->
<testsuite hostname="Mac.local" failures="0" tests="8" name="tests.stakingPageTests.AllPageFirefoxTests" time="51.385" errors="0" timestamp="2023-09-07T13:15:42 EEST" skipped="0">
  <testcase classname="tests.stakingPageTests.AllPageFirefoxTests" name="allHeaderStakingPage" time="8.825"/>
  <testcase classname="tests.stakingPageTests.AllPageFirefoxTests" name="getStartedHeaderStakingPage" time="7.295"/>
  <testcase classname="tests.stakingPageTests.AllPageFirefoxTests" name="learnHeaderStakingPage" time="4.843"/>
  <testcase classname="tests.stakingPageTests.AllPageFirefoxTests" name="resourcesHeaderStakingPage" time="4.833"/>
  <testcase classname="tests.stakingPageTests.AllPageFirefoxTests" name="mainSectionStakingPage" time="6.010"/>
  <testcase classname="tests.stakingPageTests.AllPageFirefoxTests" name="delegatedSectionStakingPage" time="6.212"/>
  <testcase classname="tests.stakingPageTests.AllPageFirefoxTests" name="calcStakSectionStakingPage" time="8.428"/>
  <testcase classname="tests.stakingPageTests.AllPageFirefoxTests" name="allFooterStakingPage" time="4.939"/>
</testsuite> <!-- tests.stakingPageTests.AllPageFirefoxTests -->
