<?xml version="1.0" encoding="UTF-8"?>
<!-- Generated by org.testng.reporters.JUnitReportReporter -->
<testsuite hostname="Mac.local" failures="0" tests="10" name="tests.tokenMoodPageTests.AllPageFirefoxTests" time="50.682" errors="0" timestamp="2023-08-17T00:28:32 EEST" skipped="0">
  <testcase classname="tests.tokenMoodPageTests.AllPageFirefoxTests" name="allHeaderTokenMoodPage" time="5.843"/>
  <system-out/>
  <testcase classname="tests.tokenMoodPageTests.AllPageFirefoxTests" name="getStartedHeaderTokenMoodPage" time="3.911"/>
  <system-out/>
  <testcase classname="tests.tokenMoodPageTests.AllPageFirefoxTests" name="learnHeaderTokenMoodPage" time="3.894"/>
  <system-out/>
  <testcase classname="tests.tokenMoodPageTests.AllPageFirefoxTests" name="resourcesHeaderTokenMoodPage" time="6.585"/>
  <system-out/>
  <testcase classname="tests.tokenMoodPageTests.AllPageFirefoxTests" name="mainSectionTokenMoodPage" time="5.960"/>
  <system-out/>
  <testcase classname="tests.tokenMoodPageTests.AllPageFirefoxTests" name="statisticsSectionTokenMoodPage" time="6.350"/>
  <system-out/>
  <testcase classname="tests.tokenMoodPageTests.AllPageFirefoxTests" name="allFooterTokenMoodPage" time="4.957"/>
  <system-out/>
  <testcase classname="tests.tokenMoodPageTests.AllPageFirefoxTests" name="partnFooterTokenMoodPage" time="4.716"/>
  <system-out/>
  <testcase classname="tests.tokenMoodPageTests.AllPageFirefoxTests" name="subFooterTokenMoodPage" time="4.706"/>
  <system-out/>
  <testcase classname="tests.tokenMoodPageTests.AllPageFirefoxTests" name="copFooterTokenMoodPage" time="3.760"/>
  <system-out/>
</testsuite> <!-- tests.tokenMoodPageTests.AllPageFirefoxTests -->
