<?xml version="1.0" encoding="UTF-8"?>
<!-- Generated by org.testng.reporters.JUnitReportReporter -->
<testsuite hostname="Huawei-PC" failures="0" tests="3" name="tests.stakingPageTests.AllPageChromeTests" time="35.193" errors="0" timestamp="2023-09-01T09:45:26 EEST" skipped="2">
  <testcase classname="tests.stakingPageTests.AllPageChromeTests" name="calcStakSectionStakingPage" time="13.808">
    <skipped/>
  </testcase> <!-- calcStakSectionStakingPage -->
  <testcase classname="tests.stakingPageTests.AllPageChromeTests" name="calcStakSectionStakingPage" time="9.460"/>
  <testcase classname="tests.stakingPageTests.AllPageChromeTests" name="calcStakSectionStakingPage" time="11.925">
    <skipped/>
  </testcase> <!-- calcStakSectionStakingPage -->
</testsuite> <!-- tests.stakingPageTests.AllPageChromeTests -->
