<?xml version="1.0" encoding="UTF-8"?>
<!-- Generated by org.testng.reporters.JUnitReportReporter -->
<testsuite hostname="Mac.local" failures="0" tests="7" name="tests.walletPageTests.AllPageChromeTests" time="35.394" errors="0" timestamp="2023-09-07T12:55:54 EEST" skipped="0">
  <testcase classname="tests.walletPageTests.AllPageChromeTests" name="allHeaderWalletPage" time="6.692"/>
  <testcase classname="tests.walletPageTests.AllPageChromeTests" name="getStartedHeaderWalletPage" time="4.112"/>
  <testcase classname="tests.walletPageTests.AllPageChromeTests" name="learnHeaderWalletPage" time="4.076"/>
  <testcase classname="tests.walletPageTests.AllPageChromeTests" name="resourcesHeaderWalletPage" time="4.061"/>
  <testcase classname="tests.walletPageTests.AllPageChromeTests" name="mainSectionWalletPage" time="6.276"/>
  <testcase classname="tests.walletPageTests.AllPageChromeTests" name="delegatedSectionWalletPage" time="5.195"/>
  <testcase classname="tests.walletPageTests.AllPageChromeTests" name="allFooterWalletPage" time="4.982"/>
</testsuite> <!-- tests.walletPageTests.AllPageChromeTests -->
