<?xml version="1.0" encoding="UTF-8"?>
<!-- Generated by org.testng.reporters.JUnitReportReporter -->
<testsuite hostname="Huawei-PC" failures="0" tests="1" name="tests.stakingPageTests.AllPageChromeTests" time="14.132" errors="0" timestamp="2023-09-01T11:19:45 EEST" skipped="0">
  <testcase classname="tests.stakingPageTests.AllPageChromeTests" name="calcStakSectionStakingPage" time="14.132"/>
</testsuite> <!-- tests.stakingPageTests.AllPageChromeTests -->
