<?xml version="1.0" encoding="UTF-8"?>
<!-- Generated by org.testng.reporters.JUnitReportReporter -->
<testsuite hostname="Mac.local" failures="0" tests="7" name="tests.tokenMoodPageTests.AllPageChromeTests" time="38.312" errors="0" timestamp="2023-09-07T12:08:21 EEST" skipped="0">
  <testcase classname="tests.tokenMoodPageTests.AllPageChromeTests" name="allHeaderTokenMoodPage" time="7.280"/>
  <testcase classname="tests.tokenMoodPageTests.AllPageChromeTests" name="getStartedHeaderTokenMoodPage" time="4.117"/>
  <testcase classname="tests.tokenMoodPageTests.AllPageChromeTests" name="learnHeaderTokenMoodPage" time="4.109"/>
  <testcase classname="tests.tokenMoodPageTests.AllPageChromeTests" name="resourcesHeaderTokenMoodPage" time="5.430"/>
  <testcase classname="tests.tokenMoodPageTests.AllPageChromeTests" name="mainSectionTokenMoodPage" time="6.010"/>
  <testcase classname="tests.tokenMoodPageTests.AllPageChromeTests" name="statisticsSectionTokenMoodPage" time="6.389"/>
  <testcase classname="tests.tokenMoodPageTests.AllPageChromeTests" name="allFooterTokenMoodPage" time="4.977"/>
</testsuite> <!-- tests.tokenMoodPageTests.AllPageChromeTests -->
