<?xml version="1.0" encoding="UTF-8"?>
<!-- Generated by org.testng.reporters.JUnitReportReporter -->
<testsuite hostname="DESKTOP-LS60FJD" failures="0" tests="1" name="tests.whitePaper.WhitePaperChromeTests" time="10.893" errors="0" timestamp="2023-08-07T17:44:41 EEST" skipped="0">
  <testcase classname="tests.whitePaper.WhitePaperChromeTests" name="whitePaperPage" time="10.893"/>
  <system-out/>
</testsuite> <!-- tests.whitePaper.WhitePaperChromeTests -->
