<?xml version="1.0" encoding="UTF-8"?>
<!-- Generated by org.testng.reporters.JUnitReportReporter -->
<testsuite hostname="Mac.local" failures="0" tests="7" name="tests.whitePaper.WhitePaperFirefoxTests" time="41.017" errors="0" timestamp="2023-09-11T12:41:50 EEST" skipped="0">
  <testcase classname="tests.whitePaper.WhitePaperFirefoxTests" name="allHeaderWhitePaperPage" time="8.756"/>
  <testcase classname="tests.whitePaper.WhitePaperFirefoxTests" name="getStartedHeaderWhitePaperPage" time="4.869"/>
  <testcase classname="tests.whitePaper.WhitePaperFirefoxTests" name="learnHeaderWhitePaperPage" time="4.820"/>
  <testcase classname="tests.whitePaper.WhitePaperFirefoxTests" name="resourcesHeaderWhitePaperPage" time="4.846"/>
  <testcase classname="tests.whitePaper.WhitePaperFirefoxTests" name="mainBlockWhitePaperPage" time="7.300"/>
  <testcase classname="tests.whitePaper.WhitePaperFirefoxTests" name="marketTokenWhitePaperPage" time="5.456"/>
  <testcase classname="tests.whitePaper.WhitePaperFirefoxTests" name="allFooterWhitePaperPage" time="4.970"/>
</testsuite> <!-- tests.whitePaper.WhitePaperFirefoxTests -->
