<?xml version="1.0" encoding="UTF-8"?>
<!-- Generated by org.testng.reporters.JUnitReportReporter -->
<testsuite hostname="Mac.local" failures="0" tests="7" name="tests.tokenMoodPageTests.AllPageFirefoxTests" time="40.246" errors="0" timestamp="2023-09-11T11:13:10 EEST" skipped="0">
  <testcase classname="tests.tokenMoodPageTests.AllPageFirefoxTests" name="allHeaderTokenMoodPage" time="8.649"/>
  <testcase classname="tests.tokenMoodPageTests.AllPageFirefoxTests" name="getStartedHeaderTokenMoodPage" time="3.943"/>
  <testcase classname="tests.tokenMoodPageTests.AllPageFirefoxTests" name="learnHeaderTokenMoodPage" time="6.195"/>
  <testcase classname="tests.tokenMoodPageTests.AllPageFirefoxTests" name="resourcesHeaderTokenMoodPage" time="3.942"/>
  <testcase classname="tests.tokenMoodPageTests.AllPageFirefoxTests" name="mainSectionTokenMoodPage" time="6.034"/>
  <testcase classname="tests.tokenMoodPageTests.AllPageFirefoxTests" name="statisticsSectionTokenMoodPage" time="6.474"/>
  <testcase classname="tests.tokenMoodPageTests.AllPageFirefoxTests" name="allFooterTokenMoodPage" time="5.009"/>
</testsuite> <!-- tests.tokenMoodPageTests.AllPageFirefoxTests -->
