<?xml version="1.0" encoding="UTF-8"?>
<!-- Generated by org.testng.reporters.JUnitReportReporter -->
<testsuite hostname="DESKTOP-LS60FJD" failures="0" tests="5" name="tests.whitePaper.WhitePaperChromeTests" time="44.367" errors="0" timestamp="2023-08-17T10:27:05 EEST" skipped="0">
  <testcase classname="tests.whitePaper.WhitePaperChromeTests" name="allHeaderMainPage" time="21.164"/>
  <system-out/>
  <testcase classname="tests.whitePaper.WhitePaperChromeTests" name="getStartedHeaderMainPage" time="4.621"/>
  <system-out/>
  <testcase classname="tests.whitePaper.WhitePaperChromeTests" name="learnHeaderMainPage" time="8.500"/>
  <system-out/>
  <testcase classname="tests.whitePaper.WhitePaperChromeTests" name="resourcesHeaderMainPage" time="4.477"/>
  <system-out/>
  <testcase classname="tests.whitePaper.WhitePaperChromeTests" name="mainBlockWhitePaperPage" time="5.605"/>
  <system-out/>
</testsuite> <!-- tests.whitePaper.WhitePaperChromeTests -->
