<?xml version="1.0" encoding="UTF-8"?>
<!-- Generated by org.testng.reporters.JUnitReportReporter -->
<testsuite hostname="Mac.local" failures="0" tests="7" name="tests.marketPlacePageTests.AllPageFirefoxTests" time="42.863" errors="0" timestamp="2023-09-11T11:13:10 EEST" skipped="0">
  <testcase classname="tests.marketPlacePageTests.AllPageFirefoxTests" name="allHeaderMarketPlacePage" time="8.907"/>
  <testcase classname="tests.marketPlacePageTests.AllPageFirefoxTests" name="getStartedHeaderMarketPlacePage" time="4.844"/>
  <testcase classname="tests.marketPlacePageTests.AllPageFirefoxTests" name="learnHeaderMarketPlacePage" time="4.826"/>
  <testcase classname="tests.marketPlacePageTests.AllPageFirefoxTests" name="resourcesHeaderMarketPlacePage" time="4.856"/>
  <testcase classname="tests.marketPlacePageTests.AllPageFirefoxTests" name="mainSectionMarketPlacePage" time="6.105"/>
  <testcase classname="tests.marketPlacePageTests.AllPageFirefoxTests" name="statisticsSectionMarketPlacePage" time="8.333"/>
  <testcase classname="tests.marketPlacePageTests.AllPageFirefoxTests" name="allFooterMarketPlacePage" time="4.992"/>
</testsuite> <!-- tests.marketPlacePageTests.AllPageFirefoxTests -->
