<?xml version="1.0" encoding="UTF-8"?>
<!-- Generated by org.testng.reporters.JUnitReportReporter -->
<testsuite hostname="Mac.local" failures="0" tests="10" name="tests.affiliateProgramPageTests.AllPageChromeTests" time="50.110" errors="0" timestamp="2023-08-14T14:29:43 EEST" skipped="0">
  <testcase classname="tests.affiliateProgramPageTests.AllPageChromeTests" name="allHeaderAffiliateProgramPage" time="5.683"/>
  <system-out/>
  <testcase classname="tests.affiliateProgramPageTests.AllPageChromeTests" name="getStartedHeaderAffiliateProgramPage" time="4.104"/>
  <system-out/>
  <testcase classname="tests.affiliateProgramPageTests.AllPageChromeTests" name="learnHeaderAffiliateProgramPage" time="4.098"/>
  <system-out/>
  <testcase classname="tests.affiliateProgramPageTests.AllPageChromeTests" name="resourcesHeaderAffiliateProgramPage" time="4.088"/>
  <system-out/>
  <testcase classname="tests.affiliateProgramPageTests.AllPageChromeTests" name="mainSectionAffiliateProgramPage" time="5.953"/>
  <system-out/>
  <testcase classname="tests.affiliateProgramPageTests.AllPageChromeTests" name="affiliateSectionAffiliateProgramPage" time="7.433"/>
  <system-out/>
  <testcase classname="tests.affiliateProgramPageTests.AllPageChromeTests" name="allFooterAffiliateProgramPage" time="5.009"/>
  <system-out/>
  <testcase classname="tests.affiliateProgramPageTests.AllPageChromeTests" name="partnFooterAffiliateProgramPage" time="4.882"/>
  <system-out/>
  <testcase classname="tests.affiliateProgramPageTests.AllPageChromeTests" name="subFooterAffiliateProgramPage" time="4.887"/>
  <system-out/>
  <testcase classname="tests.affiliateProgramPageTests.AllPageChromeTests" name="copFooterAffiliateProgramPage" time="3.973"/>
  <system-out/>
</testsuite> <!-- tests.affiliateProgramPageTests.AllPageChromeTests -->
