<?xml version="1.0" encoding="UTF-8"?>
<!-- Generated by org.testng.reporters.JUnitReportReporter -->
<testsuite hostname="Mac.local" failures="0" tests="10" name="tests.affiliateProgramPageTests.AllPageFirefoxTests" time="50.336" errors="0" timestamp="2023-08-17T00:50:05 EEST" skipped="0">
  <testcase classname="tests.affiliateProgramPageTests.AllPageFirefoxTests" name="allHeaderAffiliateProgramPage" time="5.790"/>
  <system-out/>
  <testcase classname="tests.affiliateProgramPageTests.AllPageFirefoxTests" name="getStartedHeaderAffiliateProgramPage" time="3.908"/>
  <system-out/>
  <testcase classname="tests.affiliateProgramPageTests.AllPageFirefoxTests" name="learnHeaderAffiliateProgramPage" time="3.884"/>
  <system-out/>
  <testcase classname="tests.affiliateProgramPageTests.AllPageFirefoxTests" name="resourcesHeaderAffiliateProgramPage" time="3.901"/>
  <system-out/>
  <testcase classname="tests.affiliateProgramPageTests.AllPageFirefoxTests" name="mainSectionAffiliateProgramPage" time="8.489"/>
  <system-out/>
  <testcase classname="tests.affiliateProgramPageTests.AllPageFirefoxTests" name="affiliateSectionAffiliateProgramPage" time="6.231"/>
  <system-out/>
  <testcase classname="tests.affiliateProgramPageTests.AllPageFirefoxTests" name="allFooterAffiliateProgramPage" time="4.924"/>
  <system-out/>
  <testcase classname="tests.affiliateProgramPageTests.AllPageFirefoxTests" name="partnFooterAffiliateProgramPage" time="4.728"/>
  <system-out/>
  <testcase classname="tests.affiliateProgramPageTests.AllPageFirefoxTests" name="subFooterAffiliateProgramPage" time="4.702"/>
  <system-out/>
  <testcase classname="tests.affiliateProgramPageTests.AllPageFirefoxTests" name="copFooterAffiliateProgramPage" time="3.779"/>
  <system-out/>
</testsuite> <!-- tests.affiliateProgramPageTests.AllPageFirefoxTests -->
