<?xml version="1.0" encoding="UTF-8"?>
<!-- Generated by org.testng.reporters.JUnitReportReporter -->
<testsuite hostname="DESKTOP-LS60FJD" failures="0" tests="10" name="tests.whitePaper.WhitePaperFirefoxTests" time="66.717" errors="0" timestamp="2023-08-17T12:21:37 EEST" skipped="0">
  <testcase classname="tests.whitePaper.WhitePaperFirefoxTests" name="allHeaderMainPage" time="9.961"/>
  <system-out/>
  <testcase classname="tests.whitePaper.WhitePaperFirefoxTests" name="getStartedHeaderMainPage" time="5.248"/>
  <system-out/>
  <testcase classname="tests.whitePaper.WhitePaperFirefoxTests" name="learnHeaderMainPage" time="12.084"/>
  <system-out/>
  <testcase classname="tests.whitePaper.WhitePaperFirefoxTests" name="resourcesHeaderMainPage" time="5.150"/>
  <system-out/>
  <testcase classname="tests.whitePaper.WhitePaperFirefoxTests" name="mainBlockWhitePaperPage" time="6.766"/>
  <system-out/>
  <testcase classname="tests.whitePaper.WhitePaperFirefoxTests" name="EweuimtPage" time="6.466"/>
  <system-out/>
  <testcase classname="tests.whitePaper.WhitePaperFirefoxTests" name="allFooterMainPage" time="5.354"/>
  <system-out/>
  <testcase classname="tests.whitePaper.WhitePaperFirefoxTests" name="partnFooterMainPage" time="5.094"/>
  <system-out/>
  <testcase classname="tests.whitePaper.WhitePaperFirefoxTests" name="subFooterMainPage" time="5.653"/>
  <system-out/>
  <testcase classname="tests.whitePaper.WhitePaperFirefoxTests" name="copFooterMainPage" time="4.941"/>
  <system-out/>
</testsuite> <!-- tests.whitePaper.WhitePaperFirefoxTests -->
