<?xml version="1.0" encoding="UTF-8"?>
<!-- Generated by org.testng.reporters.JUnitReportReporter -->
<testsuite hostname="Mac.local" failures="0" tests="10" name="tests.mainPageTests.AllPageChromeTests" time="74.331" errors="0" timestamp="2023-09-11T10:56:56 EEST" skipped="0">
  <testcase classname="tests.mainPageTests.AllPageChromeTests" name="allHeaderMainPage" time="10.272"/>
  <testcase classname="tests.mainPageTests.AllPageChromeTests" name="getStartedHeaderMainPage" time="6.004"/>
  <testcase classname="tests.mainPageTests.AllPageChromeTests" name="learnHeaderMainPage" time="8.013"/>
  <testcase classname="tests.mainPageTests.AllPageChromeTests" name="resourcesHeaderMainPage" time="4.097"/>
  <testcase classname="tests.mainPageTests.AllPageChromeTests" name="mainSectionMainPage" time="6.046"/>
  <testcase classname="tests.mainPageTests.AllPageChromeTests" name="videoSectionMainPage" time="6.431"/>
  <testcase classname="tests.mainPageTests.AllPageChromeTests" name="roadmapSectionMainPage" time="9.298"/>
  <testcase classname="tests.mainPageTests.AllPageChromeTests" name="statisticsSectionMainPage" time="10.496"/>
  <testcase classname="tests.mainPageTests.AllPageChromeTests" name="leaningSectionMainPage" time="8.641"/>
  <testcase classname="tests.mainPageTests.AllPageChromeTests" name="allFooterMainPage" time="5.033"/>
</testsuite> <!-- tests.mainPageTests.AllPageChromeTests -->
