<?xml version="1.0" encoding="UTF-8"?>
<!-- Generated by org.testng.reporters.JUnitReportReporter -->
<testsuite hostname="Mac.local" failures="0" tests="23" name="tests.mainPageTests.AllPageFirefoxAuthTests" time="306.900" errors="0" timestamp="2023-06-13T22:54:15 EEST" skipped="0">
  <testcase classname="tests.mainPageTests.AllPageFirefoxAuthTests" name="allHeaderMainPage" time="16.064"/>
  <system-out/>
  <testcase classname="tests.mainPageTests.AllPageFirefoxAuthTests" name="tradeNavMainPage" time="10.630"/>
  <system-out/>
  <testcase classname="tests.mainPageTests.AllPageFirefoxAuthTests" name="productsNavMainPage" time="10.073"/>
  <system-out/>
  <testcase classname="tests.mainPageTests.AllPageFirefoxAuthTests" name="companyNavMainPage" time="10.326"/>
  <system-out/>
  <testcase classname="tests.mainPageTests.AllPageFirefoxAuthTests" name="walletNavMainPage" time="10.244"/>
  <system-out/>
  <testcase classname="tests.mainPageTests.AllPageFirefoxAuthTests" name="profileNavMainPage" time="10.305"/>
  <system-out/>
  <testcase classname="tests.mainPageTests.AllPageFirefoxAuthTests" name="langDropDownNavMainPage" time="11.806"/>
  <system-out/>
  <testcase classname="tests.mainPageTests.AllPageFirefoxAuthTests" name="mainBlockMainPage" time="14.668"/>
  <system-out/>
  <testcase classname="tests.mainPageTests.AllPageFirefoxAuthTests" name="statisticBlockMainPage" time="14.413"/>
  <system-out/>
  <testcase classname="tests.mainPageTests.AllPageFirefoxAuthTests" name="sliderPadBlockMainPage" time="14.464"/>
  <system-out/>
  <testcase classname="tests.mainPageTests.AllPageFirefoxAuthTests" name="marketBlockMainPage" time="14.647"/>
  <system-out/>
  <testcase classname="tests.mainPageTests.AllPageFirefoxAuthTests" name="marketTitleBlockMainPage" time="14.338"/>
  <system-out/>
  <testcase classname="tests.mainPageTests.AllPageFirefoxAuthTests" name="quickBlockMainPage" time="14.451"/>
  <system-out/>
  <testcase classname="tests.mainPageTests.AllPageFirefoxAuthTests" name="terminalBlockMainPage" time="14.723"/>
  <system-out/>
  <testcase classname="tests.mainPageTests.AllPageFirefoxAuthTests" name="getStartedBlockMainPage" time="14.467"/>
  <system-out/>
  <testcase classname="tests.mainPageTests.AllPageFirefoxAuthTests" name="ieoBlockMainPage" time="14.780"/>
  <system-out/>
  <testcase classname="tests.mainPageTests.AllPageFirefoxAuthTests" name="tradePlatformBlockMainPage" time="14.685"/>
  <system-out/>
  <testcase classname="tests.mainPageTests.AllPageFirefoxAuthTests" name="whyCompanyBlockMainPage" time="13.508"/>
  <system-out/>
  <testcase classname="tests.mainPageTests.AllPageFirefoxAuthTests" name="allFooterMainPage" time="13.639"/>
  <system-out/>
  <testcase classname="tests.mainPageTests.AllPageFirefoxAuthTests" name="allFooterTopMainPage" time="13.583"/>
  <system-out/>
  <testcase classname="tests.mainPageTests.AllPageFirefoxAuthTests" name="allFooterBottomMainPage" time="13.548"/>
  <system-out/>
  <testcase classname="tests.mainPageTests.AllPageFirefoxAuthTests" name="langFooterMainPageDropDownPart1" time="13.773"/>
  <system-out/>
  <testcase classname="tests.mainPageTests.AllPageFirefoxAuthTests" name="langFooterMainPageDropDownPart2" time="13.765"/>
  <system-out/>
</testsuite> <!-- tests.mainPageTests.AllPageFirefoxAuthTests -->
