<?xml version="1.0" encoding="UTF-8"?>
<!-- Generated by org.testng.reporters.JUnitReportReporter -->
<testsuite hostname="Mac.local" failures="0" tests="7" name="tests.walletPageTests.AllPageChromeTests" time="36.016" errors="0" timestamp="2023-09-11T11:26:11 EEST" skipped="0">
  <testcase classname="tests.walletPageTests.AllPageChromeTests" name="allHeaderWalletPage" time="7.038"/>
  <testcase classname="tests.walletPageTests.AllPageChromeTests" name="getStartedHeaderWalletPage" time="4.121"/>
  <testcase classname="tests.walletPageTests.AllPageChromeTests" name="learnHeaderWalletPage" time="4.093"/>
  <testcase classname="tests.walletPageTests.AllPageChromeTests" name="resourcesHeaderWalletPage" time="5.445"/>
  <testcase classname="tests.walletPageTests.AllPageChromeTests" name="mainSectionWalletPage" time="5.001"/>
  <testcase classname="tests.walletPageTests.AllPageChromeTests" name="delegatedSectionWalletPage" time="5.289"/>
  <testcase classname="tests.walletPageTests.AllPageChromeTests" name="allFooterWalletPage" time="5.029"/>
</testsuite> <!-- tests.walletPageTests.AllPageChromeTests -->
