<?xml version="1.0" encoding="UTF-8"?>
<!-- Generated by org.testng.reporters.JUnitReportReporter -->
<testsuite hostname="Mac.local" failures="0" tests="10" name="tests.marketPlacePageTests.AllPageFirefoxTests" time="48.983" errors="0" timestamp="2023-08-09T19:23:58 EEST" skipped="0">
  <testcase classname="tests.marketPlacePageTests.AllPageFirefoxTests" name="allHeaderMarketPlacePage" time="6.353"/>
  <system-out/>
  <testcase classname="tests.marketPlacePageTests.AllPageFirefoxTests" name="getStartedHeaderMarketPlacePage" time="3.919"/>
  <system-out/>
  <testcase classname="tests.marketPlacePageTests.AllPageFirefoxTests" name="learnHeaderMarketPlacePage" time="3.916"/>
  <system-out/>
  <testcase classname="tests.marketPlacePageTests.AllPageFirefoxTests" name="resourcesHeaderMarketPlacePage" time="3.916"/>
  <system-out/>
  <testcase classname="tests.marketPlacePageTests.AllPageFirefoxTests" name="statisticsSectionMarketPlacePage" time="5.398"/>
  <system-out/>
  <testcase classname="tests.marketPlacePageTests.AllPageFirefoxTests" name="mainSectionMarketPlacePage" time="4.945"/>
  <system-out/>
  <testcase classname="tests.marketPlacePageTests.AllPageFirefoxTests" name="allFooterMarketPlacePage" time="4.952"/>
  <system-out/>
  <testcase classname="tests.marketPlacePageTests.AllPageFirefoxTests" name="partnFooterMarketPlacePage" time="7.118"/>
  <system-out/>
  <testcase classname="tests.marketPlacePageTests.AllPageFirefoxTests" name="subFooterMarketPlacePage" time="4.691"/>
  <system-out/>
  <testcase classname="tests.marketPlacePageTests.AllPageFirefoxTests" name="copFooterMarketPlacePage" time="3.775"/>
  <system-out/>
</testsuite> <!-- tests.marketPlacePageTests.AllPageFirefoxTests -->
