<?xml version="1.0" encoding="UTF-8"?>
<!-- Generated by org.testng.reporters.JUnitReportReporter -->
<testsuite hostname="Mac.local" failures="0" tests="9" name="tests.fundPageTests.AllPageFirefoxTests" time="43.135" errors="0" timestamp="2023-09-01T11:43:29 EEST" skipped="0">
  <testcase classname="tests.fundPageTests.AllPageFirefoxTests" name="allHeaderFundPage" time="5.483"/>
  <testcase classname="tests.fundPageTests.AllPageFirefoxTests" name="getStartedHeaderFundPage" time="3.889"/>
  <testcase classname="tests.fundPageTests.AllPageFirefoxTests" name="learnHeaderFundPage" time="3.934"/>
  <testcase classname="tests.fundPageTests.AllPageFirefoxTests" name="resourcesHeaderFundPage" time="3.951"/>
  <testcase classname="tests.fundPageTests.AllPageFirefoxTests" name="mainSectionFundPage" time="5.904"/>
  <testcase classname="tests.fundPageTests.AllPageFirefoxTests" name="allFooterFundPage" time="4.942"/>
  <testcase classname="tests.fundPageTests.AllPageFirefoxTests" name="partnFooterFundPage" time="6.616"/>
  <testcase classname="tests.fundPageTests.AllPageFirefoxTests" name="subFooterFundPage" time="4.686"/>
  <testcase classname="tests.fundPageTests.AllPageFirefoxTests" name="copFooterFundPage" time="3.730"/>
</testsuite> <!-- tests.fundPageTests.AllPageFirefoxTests -->
