<?xml version="1.0" encoding="UTF-8"?>
<!-- Generated by org.testng.reporters.JUnitReportReporter -->
<testsuite hostname="Mac.local" failures="0" tests="11" name="tests.stakingPageTests.AllPageChromeTests" time="60.435" errors="0" timestamp="2023-08-23T12:39:41 EEST" skipped="0">
  <testcase classname="tests.stakingPageTests.AllPageChromeTests" name="allHeaderStakingPage" time="6.212"/>
  <testcase classname="tests.stakingPageTests.AllPageChromeTests" name="getStartedHeaderStakingPage" time="4.149"/>
  <testcase classname="tests.stakingPageTests.AllPageChromeTests" name="learnHeaderStakingPage" time="4.104"/>
  <testcase classname="tests.stakingPageTests.AllPageChromeTests" name="resourcesHeaderStakingPage" time="5.365"/>
  <testcase classname="tests.stakingPageTests.AllPageChromeTests" name="mainSectionStakingPage" time="6.002"/>
  <testcase classname="tests.stakingPageTests.AllPageChromeTests" name="delegatedSectionStakingPage" time="6.293"/>
  <testcase classname="tests.stakingPageTests.AllPageChromeTests" name="calcStakSectionStakingPage" time="8.537"/>
  <testcase classname="tests.stakingPageTests.AllPageChromeTests" name="allFooterStakingPage" time="5.036"/>
  <testcase classname="tests.stakingPageTests.AllPageChromeTests" name="partnFooterStakingPage" time="4.907"/>
  <testcase classname="tests.stakingPageTests.AllPageChromeTests" name="subFooterStakingPage" time="4.918"/>
  <testcase classname="tests.stakingPageTests.AllPageChromeTests" name="copFooterStakingPage" time="4.912"/>
</testsuite> <!-- tests.stakingPageTests.AllPageChromeTests -->
