<?xml version="1.0" encoding="UTF-8"?>
<!-- Generated by org.testng.reporters.JUnitReportReporter -->
<testsuite hostname="Mac.local" failures="0" tests="10" name="tests.mainPageTests.AllPageChromeTests" time="74.310" errors="0" timestamp="2023-09-07T11:24:10 EEST" skipped="0">
  <testcase classname="tests.mainPageTests.AllPageChromeTests" name="allHeaderMainPage" time="9.325"/>
  <testcase classname="tests.mainPageTests.AllPageChromeTests" name="getStartedHeaderMainPage" time="6.003"/>
  <testcase classname="tests.mainPageTests.AllPageChromeTests" name="learnHeaderMainPage" time="7.978"/>
  <testcase classname="tests.mainPageTests.AllPageChromeTests" name="resourcesHeaderMainPage" time="4.091"/>
  <testcase classname="tests.mainPageTests.AllPageChromeTests" name="mainSectionMainPage" time="6.008"/>
  <testcase classname="tests.mainPageTests.AllPageChromeTests" name="videoSectionMainPage" time="6.357"/>
  <testcase classname="tests.mainPageTests.AllPageChromeTests" name="roadmapSectionMainPage" time="9.225"/>
  <testcase classname="tests.mainPageTests.AllPageChromeTests" name="statisticsSectionMainPage" time="10.378"/>
  <testcase classname="tests.mainPageTests.AllPageChromeTests" name="leaningSectionMainPage" time="9.945"/>
  <testcase classname="tests.mainPageTests.AllPageChromeTests" name="allFooterMainPage" time="5.000"/>
</testsuite> <!-- tests.mainPageTests.AllPageChromeTests -->
