<?xml version="1.0" encoding="UTF-8"?>
<!-- Generated by org.testng.reporters.JUnitReportReporter -->
<testsuite hostname="Mac.local" failures="0" tests="10" name="tests.tokenMoodPageTests.AllPageChromeTests" time="51.059" errors="0" timestamp="2023-08-17T00:28:32 EEST" skipped="0">
  <testcase classname="tests.tokenMoodPageTests.AllPageChromeTests" name="allHeaderTokenMoodPage" time="7.531"/>
  <system-out/>
  <testcase classname="tests.tokenMoodPageTests.AllPageChromeTests" name="getStartedHeaderTokenMoodPage" time="4.138"/>
  <system-out/>
  <testcase classname="tests.tokenMoodPageTests.AllPageChromeTests" name="learnHeaderTokenMoodPage" time="4.095"/>
  <system-out/>
  <testcase classname="tests.tokenMoodPageTests.AllPageChromeTests" name="resourcesHeaderTokenMoodPage" time="4.107"/>
  <system-out/>
  <testcase classname="tests.tokenMoodPageTests.AllPageChromeTests" name="mainSectionTokenMoodPage" time="5.991"/>
  <system-out/>
  <testcase classname="tests.tokenMoodPageTests.AllPageChromeTests" name="statisticsSectionTokenMoodPage" time="6.428"/>
  <system-out/>
  <testcase classname="tests.tokenMoodPageTests.AllPageChromeTests" name="allFooterTokenMoodPage" time="4.996"/>
  <system-out/>
  <testcase classname="tests.tokenMoodPageTests.AllPageChromeTests" name="partnFooterTokenMoodPage" time="4.913"/>
  <system-out/>
  <testcase classname="tests.tokenMoodPageTests.AllPageChromeTests" name="subFooterTokenMoodPage" time="4.903"/>
  <system-out/>
  <testcase classname="tests.tokenMoodPageTests.AllPageChromeTests" name="copFooterTokenMoodPage" time="3.957"/>
  <system-out/>
</testsuite> <!-- tests.tokenMoodPageTests.AllPageChromeTests -->
