<?xml version="1.0" encoding="UTF-8"?>
<!-- Generated by org.testng.reporters.JUnitReportReporter -->
<testsuite hostname="Mac.local" failures="0" tests="13" name="tests.mainPageTests.AllPageChromeTests" time="66.771" errors="0" timestamp="2023-08-16T23:45:28 EEST" skipped="0">
  <testcase classname="tests.mainPageTests.AllPageChromeTests" name="allHeaderMainPage" time="6.600"/>
  <system-out/>
  <testcase classname="tests.mainPageTests.AllPageChromeTests" name="getStartedHeaderMainPage" time="4.153"/>
  <system-out/>
  <testcase classname="tests.mainPageTests.AllPageChromeTests" name="learnHeaderMainPage" time="4.090"/>
  <system-out/>
  <testcase classname="tests.mainPageTests.AllPageChromeTests" name="resourcesHeaderMainPage" time="4.091"/>
  <system-out/>
  <testcase classname="tests.mainPageTests.AllPageChromeTests" name="mainSectionMainPage" time="5.036"/>
  <system-out/>
  <testcase classname="tests.mainPageTests.AllPageChromeTests" name="videoSectionMainPage" time="7.757"/>
  <system-out/>
  <testcase classname="tests.mainPageTests.AllPageChromeTests" name="roadmapSectionMainPage" time="5.257"/>
  <system-out/>
  <testcase classname="tests.mainPageTests.AllPageChromeTests" name="statisticsSectionMainPage" time="5.385"/>
  <system-out/>
  <testcase classname="tests.mainPageTests.AllPageChromeTests" name="leaningSectionMainPage" time="5.539"/>
  <system-out/>
  <testcase classname="tests.mainPageTests.AllPageChromeTests" name="allFooterMainPage" time="4.995"/>
  <system-out/>
  <testcase classname="tests.mainPageTests.AllPageChromeTests" name="partnFooterMainPage" time="4.962"/>
  <system-out/>
  <testcase classname="tests.mainPageTests.AllPageChromeTests" name="subFooterMainPage" time="4.910"/>
  <system-out/>
  <testcase classname="tests.mainPageTests.AllPageChromeTests" name="copFooterMainPage" time="3.996"/>
  <system-out/>
</testsuite> <!-- tests.mainPageTests.AllPageChromeTests -->
