<?xml version="1.0" encoding="UTF-8"?>
<!-- Generated by org.testng.reporters.JUnitReportReporter -->
<testsuite hostname="Mac.local" failures="0" tests="7" name="tests.affiliateProgramPageTests.AllPageFirefoxTests" time="38.083" errors="0" timestamp="2023-09-07T12:30:29 EEST" skipped="0">
  <testcase classname="tests.affiliateProgramPageTests.AllPageFirefoxTests" name="allHeaderAffiliateProgramPage" time="6.708"/>
  <testcase classname="tests.affiliateProgramPageTests.AllPageFirefoxTests" name="getStartedHeaderAffiliateProgramPage" time="3.930"/>
  <testcase classname="tests.affiliateProgramPageTests.AllPageFirefoxTests" name="learnHeaderAffiliateProgramPage" time="3.943"/>
  <testcase classname="tests.affiliateProgramPageTests.AllPageFirefoxTests" name="resourcesHeaderAffiliateProgramPage" time="6.353"/>
  <testcase classname="tests.affiliateProgramPageTests.AllPageFirefoxTests" name="mainSectionAffiliateProgramPage" time="5.995"/>
  <testcase classname="tests.affiliateProgramPageTests.AllPageFirefoxTests" name="affiliateSectionAffiliateProgramPage" time="6.209"/>
  <testcase classname="tests.affiliateProgramPageTests.AllPageFirefoxTests" name="allFooterAffiliateProgramPage" time="4.945"/>
</testsuite> <!-- tests.affiliateProgramPageTests.AllPageFirefoxTests -->
