<?xml version="1.0" encoding="UTF-8"?>
<!-- Generated by org.testng.reporters.JUnitReportReporter -->
<testsuite hostname="Mac.local" failures="0" tests="8" name="tests.WhatIsAimood.WhatIsAimoodFirefoxTests" time="43.877" errors="0" timestamp="2023-09-01T11:43:29 EEST" skipped="0">
  <testcase classname="tests.WhatIsAimood.WhatIsAimoodFirefoxTests" name="allHeaderMainPage" time="6.606"/>
  <testcase classname="tests.WhatIsAimood.WhatIsAimoodFirefoxTests" name="mainBlockWhatIsAimoodPage" time="4.981"/>
  <testcase classname="tests.WhatIsAimood.WhatIsAimoodFirefoxTests" name="WhyChoosePage" time="5.986"/>
  <testcase classname="tests.WhatIsAimood.WhatIsAimoodFirefoxTests" name="TfeuamWbEUPage" time="5.879"/>
  <testcase classname="tests.WhatIsAimood.WhatIsAimoodFirefoxTests" name="allFooterMainPage" time="6.789"/>
  <testcase classname="tests.WhatIsAimood.WhatIsAimoodFirefoxTests" name="partnFooterMainPage" time="4.705"/>
  <testcase classname="tests.WhatIsAimood.WhatIsAimoodFirefoxTests" name="subFooterMainPage" time="5.178"/>
  <testcase classname="tests.WhatIsAimood.WhatIsAimoodFirefoxTests" name="copFooterMainPage" time="3.753"/>
</testsuite> <!-- tests.WhatIsAimood.WhatIsAimoodFirefoxTests -->
