<?xml version="1.0" encoding="UTF-8"?>
<!-- Generated by org.testng.reporters.JUnitReportReporter -->
<testsuite hostname="Mac.local" failures="0" tests="13" name="tests.mainPageTests.AllPageChromeTests" time="67.598" errors="0" timestamp="2023-08-01T19:43:56 EEST" skipped="0">
  <testcase classname="tests.mainPageTests.AllPageChromeTests" name="allHeaderMainPage" time="10.115"/>
  <system-out/>
  <testcase classname="tests.mainPageTests.AllPageChromeTests" name="getStartedHeaderMainPage" time="4.135"/>
  <system-out/>
  <testcase classname="tests.mainPageTests.AllPageChromeTests" name="learnHeaderMainPage" time="4.072"/>
  <system-out/>
  <testcase classname="tests.mainPageTests.AllPageChromeTests" name="resourcesHeaderMainPage" time="4.069"/>
  <system-out/>
  <testcase classname="tests.mainPageTests.AllPageChromeTests" name="mainSectionMainPage" time="5.019"/>
  <system-out/>
  <testcase classname="tests.mainPageTests.AllPageChromeTests" name="videoSectionMainPage" time="5.231"/>
  <system-out/>
  <testcase classname="tests.mainPageTests.AllPageChromeTests" name="roadmapSectionMainPage" time="5.251"/>
  <system-out/>
  <testcase classname="tests.mainPageTests.AllPageChromeTests" name="statisticsSectionMainPage" time="5.373"/>
  <system-out/>
  <testcase classname="tests.mainPageTests.AllPageChromeTests" name="leaningSectionMainPage" time="5.546"/>
  <system-out/>
  <testcase classname="tests.mainPageTests.AllPageChromeTests" name="allFooterMainPage" time="5.001"/>
  <system-out/>
  <testcase classname="tests.mainPageTests.AllPageChromeTests" name="partnFooterMainPage" time="4.900"/>
  <system-out/>
  <testcase classname="tests.mainPageTests.AllPageChromeTests" name="subFooterMainPage" time="4.913"/>
  <system-out/>
  <testcase classname="tests.mainPageTests.AllPageChromeTests" name="copFooterMainPage" time="3.973"/>
  <system-out/>
</testsuite> <!-- tests.mainPageTests.AllPageChromeTests -->
