<?xml version="1.0" encoding="UTF-8"?>
<!-- Generated by org.testng.reporters.JUnitReportReporter -->
<testsuite hostname="Mac.local" failures="0" tests="10" name="tests.walletPageTests.AllPageChromeTests" time="48.887" errors="0" timestamp="2023-08-16T21:45:03 EEST" skipped="0">
  <testcase classname="tests.walletPageTests.AllPageChromeTests" name="allHeaderWalletPage" time="5.537"/>
  <system-out/>
  <testcase classname="tests.walletPageTests.AllPageChromeTests" name="getStartedHeaderWalletPage" time="4.110"/>
  <system-out/>
  <testcase classname="tests.walletPageTests.AllPageChromeTests" name="learnHeaderWalletPage" time="4.070"/>
  <system-out/>
  <testcase classname="tests.walletPageTests.AllPageChromeTests" name="resourcesHeaderWalletPage" time="4.089"/>
  <system-out/>
  <testcase classname="tests.walletPageTests.AllPageChromeTests" name="mainSectionWalletPage" time="4.956"/>
  <system-out/>
  <testcase classname="tests.walletPageTests.AllPageChromeTests" name="delegatedSectionWalletPage" time="5.253"/>
  <system-out/>
  <testcase classname="tests.walletPageTests.AllPageChromeTests" name="allFooterWalletPage" time="5.021"/>
  <system-out/>
  <testcase classname="tests.walletPageTests.AllPageChromeTests" name="partnFooterWalletPage" time="4.879"/>
  <system-out/>
  <testcase classname="tests.walletPageTests.AllPageChromeTests" name="subFooterWalletPage" time="6.989"/>
  <system-out/>
  <testcase classname="tests.walletPageTests.AllPageChromeTests" name="copFooterWalletPage" time="3.983"/>
  <system-out/>
</testsuite> <!-- tests.walletPageTests.AllPageChromeTests -->
