<?xml version="1.0" encoding="UTF-8"?>
<!-- Generated by org.testng.reporters.JUnitReportReporter -->
<testsuite hostname="Mac.local" failures="0" tests="7" name="tests.tokenMoodPageTests.AllPageChromeTests" time="37.999" errors="0" timestamp="2023-09-11T11:13:10 EEST" skipped="0">
  <testcase classname="tests.tokenMoodPageTests.AllPageChromeTests" name="allHeaderTokenMoodPage" time="6.870"/>
  <testcase classname="tests.tokenMoodPageTests.AllPageChromeTests" name="getStartedHeaderTokenMoodPage" time="4.130"/>
  <testcase classname="tests.tokenMoodPageTests.AllPageChromeTests" name="learnHeaderTokenMoodPage" time="4.114"/>
  <testcase classname="tests.tokenMoodPageTests.AllPageChromeTests" name="resourcesHeaderTokenMoodPage" time="4.044"/>
  <testcase classname="tests.tokenMoodPageTests.AllPageChromeTests" name="mainSectionTokenMoodPage" time="5.997"/>
  <testcase classname="tests.tokenMoodPageTests.AllPageChromeTests" name="statisticsSectionTokenMoodPage" time="6.444"/>
  <testcase classname="tests.tokenMoodPageTests.AllPageChromeTests" name="allFooterTokenMoodPage" time="6.400"/>
</testsuite> <!-- tests.tokenMoodPageTests.AllPageChromeTests -->
