<?xml version="1.0" encoding="UTF-8"?>
<!-- Generated by org.testng.reporters.JUnitReportReporter -->
<testsuite hostname="Mac.local" failures="0" tests="21" name="tests.mainPageTests.AllPageFirefoxTests" time="316.881" errors="0" timestamp="2023-06-13T23:07:20 EEST" skipped="0">
  <testcase classname="tests.mainPageTests.AllPageFirefoxTests" name="allHeaderMainPage" time="10.489"/>
  <system-out/>
  <testcase classname="tests.mainPageTests.AllPageFirefoxTests" name="tradeNavMainPage" time="19.210"/>
  <system-out/>
  <testcase classname="tests.mainPageTests.AllPageFirefoxTests" name="productsNavMainPage" time="19.155"/>
  <system-out/>
  <testcase classname="tests.mainPageTests.AllPageFirefoxTests" name="companyNavMainPage" time="19.465"/>
  <system-out/>
  <testcase classname="tests.mainPageTests.AllPageFirefoxTests" name="langDropDownNavMainPage" time="19.492"/>
  <system-out/>
  <testcase classname="tests.mainPageTests.AllPageFirefoxTests" name="mainBlockMainPage" time="15.592"/>
  <system-out/>
  <testcase classname="tests.mainPageTests.AllPageFirefoxTests" name="statisticBlockMainPage" time="15.433"/>
  <system-out/>
  <testcase classname="tests.mainPageTests.AllPageFirefoxTests" name="sliderPadBlockMainPage" time="14.419"/>
  <system-out/>
  <testcase classname="tests.mainPageTests.AllPageFirefoxTests" name="marketBlockMainPage" time="14.733"/>
  <system-out/>
  <testcase classname="tests.mainPageTests.AllPageFirefoxTests" name="marketTitleBlockMainPage" time="14.323"/>
  <system-out/>
  <testcase classname="tests.mainPageTests.AllPageFirefoxTests" name="quickBlockMainPage" time="14.417"/>
  <system-out/>
  <testcase classname="tests.mainPageTests.AllPageFirefoxTests" name="terminalBlockMainPage" time="14.770"/>
  <system-out/>
  <testcase classname="tests.mainPageTests.AllPageFirefoxTests" name="getStartedBlockMainPage" time="14.454"/>
  <system-out/>
  <testcase classname="tests.mainPageTests.AllPageFirefoxTests" name="ieoBlockMainPage" time="14.710"/>
  <system-out/>
  <testcase classname="tests.mainPageTests.AllPageFirefoxTests" name="tradePlatformBlockMainPage" time="14.693"/>
  <system-out/>
  <testcase classname="tests.mainPageTests.AllPageFirefoxTests" name="whyCompanyBlockMainPage" time="13.566"/>
  <system-out/>
  <testcase classname="tests.mainPageTests.AllPageFirefoxTests" name="allFooterMainPage" time="13.622"/>
  <system-out/>
  <testcase classname="tests.mainPageTests.AllPageFirefoxTests" name="allFooterTopMainPage" time="13.543"/>
  <system-out/>
  <testcase classname="tests.mainPageTests.AllPageFirefoxTests" name="allFooterBottomMainPage" time="13.423"/>
  <system-out/>
  <testcase classname="tests.mainPageTests.AllPageFirefoxTests" name="langFooterMainPageDropDownPart1" time="13.655"/>
  <system-out/>
  <testcase classname="tests.mainPageTests.AllPageFirefoxTests" name="langFooterMainPageDropDownPart2" time="13.717"/>
  <system-out/>
</testsuite> <!-- tests.mainPageTests.AllPageFirefoxTests -->
