<?xml version="1.0" encoding="UTF-8"?>
<testsuite xmlns:xsi="http://www.w3.org/2001/XMLSchema-instance" xsi:noNamespaceSchemaLocation="https://maven.apache.org/surefire/maven-surefire-plugin/xsd/surefire-test-report-3.0.xsd" version="3.0" name="TestSuite" time="1,546.974" tests="212" errors="0" skipped="14" failures="5">
  <properties>
    <property name="sun.desktop" value="windows"/>
    <property name="awt.toolkit" value="sun.awt.windows.WToolkit"/>
    <property name="java.specification.version" value="11"/>
    <property name="webdriver.chrome.driver" value="C:\Users\admin\.cache\selenium\chromedriver\win64\116.0.5845.96\chromedriver.exe"/>
    <property name="sun.cpu.isalist" value="amd64"/>
    <property name="sun.jnu.encoding" value="Cp1251"/>
    <property name="java.class.path" value="D:\jenkins-agent-data\workspace\pixelPerfectMultiPlatform_AI_Mood_Prod\target\test-classes;D:\jenkins-agent-data\workspace\pixelPerfectMultiPlatform_AI_Mood_Prod\target\classes;C:\Users\admin\.m2\repository\org\seleniumhq\selenium\selenium-java\4.11.0\selenium-java-4.11.0.jar;C:\Users\admin\.m2\repository\org\seleniumhq\selenium\selenium-api\4.11.0\selenium-api-4.11.0.jar;C:\Users\admin\.m2\repository\org\seleniumhq\selenium\selenium-chrome-driver\4.11.0\selenium-chrome-driver-4.11.0.jar;C:\Users\admin\.m2\repository\com\google\auto\service\auto-service-annotations\1.0.1\auto-service-annotations-1.0.1.jar;C:\Users\admin\.m2\repository\com\google\guava\guava\31.1-jre\guava-31.1-jre.jar;C:\Users\admin\.m2\repository\com\google\guava\failureaccess\1.0.1\failureaccess-1.0.1.jar;C:\Users\admin\.m2\repository\com\google\guava\listenablefuture\9999.0-empty-to-avoid-conflict-with-guava\listenablefuture-9999.0-empty-to-avoid-conflict-with-guava.jar;C:\Users\admin\.m2\repository\com\google\code\findbugs\jsr305\3.0.2\jsr305-3.0.2.jar;C:\Users\admin\.m2\repository\org\checkerframework\checker-qual\3.12.0\checker-qual-3.12.0.jar;C:\Users\admin\.m2\repository\com\google\errorprone\error_prone_annotations\2.11.0\error_prone_annotations-2.11.0.jar;C:\Users\admin\.m2\repository\com\google\j2objc\j2objc-annotations\1.3\j2objc-annotations-1.3.jar;C:\Users\admin\.m2\repository\org\seleniumhq\selenium\selenium-chromium-driver\4.11.0\selenium-chromium-driver-4.11.0.jar;C:\Users\admin\.m2\repository\org\seleniumhq\selenium\selenium-json\4.11.0\selenium-json-4.11.0.jar;C:\Users\admin\.m2\repository\org\seleniumhq\selenium\selenium-manager\4.11.0\selenium-manager-4.11.0.jar;C:\Users\admin\.m2\repository\org\seleniumhq\selenium\selenium-devtools-v113\4.11.0\selenium-devtools-v113-4.11.0.jar;C:\Users\admin\.m2\repository\org\seleniumhq\selenium\selenium-devtools-v114\4.11.0\selenium-devtools-v114-4.11.0.jar;C:\Users\admin\.m2\repository\org\seleniumhq\selenium\selenium-devtools-v115\4.11.0\selenium-devtools-v115-4.11.0.jar;C:\Users\admin\.m2\repository\org\seleniumhq\selenium\selenium-devtools-v85\4.11.0\selenium-devtools-v85-4.11.0.jar;C:\Users\admin\.m2\repository\org\seleniumhq\selenium\selenium-edge-driver\4.11.0\selenium-edge-driver-4.11.0.jar;C:\Users\admin\.m2\repository\org\seleniumhq\selenium\selenium-firefox-driver\4.11.0\selenium-firefox-driver-4.11.0.jar;C:\Users\admin\.m2\repository\org\seleniumhq\selenium\selenium-http\4.11.0\selenium-http-4.11.0.jar;C:\Users\admin\.m2\repository\dev\failsafe\failsafe\3.3.1\failsafe-3.3.1.jar;C:\Users\admin\.m2\repository\org\seleniumhq\selenium\selenium-ie-driver\4.11.0\selenium-ie-driver-4.11.0.jar;C:\Users\admin\.m2\repository\org\seleniumhq\selenium\selenium-remote-driver\4.11.0\selenium-remote-driver-4.11.0.jar;C:\Users\admin\.m2\repository\io\netty\netty-buffer\4.1.92.Final\netty-buffer-4.1.92.Final.jar;C:\Users\admin\.m2\repository\io\netty\netty-codec-http\4.1.92.Final\netty-codec-http-4.1.92.Final.jar;C:\Users\admin\.m2\repository\io\netty\netty-codec\4.1.92.Final\netty-codec-4.1.92.Final.jar;C:\Users\admin\.m2\repository\io\netty\netty-handler\4.1.92.Final\netty-handler-4.1.92.Final.jar;C:\Users\admin\.m2\repository\io\netty\netty-common\4.1.92.Final\netty-common-4.1.92.Final.jar;C:\Users\admin\.m2\repository\io\netty\netty-transport-classes-epoll\4.1.92.Final\netty-transport-classes-epoll-4.1.92.Final.jar;C:\Users\admin\.m2\repository\io\netty\netty-transport-classes-kqueue\4.1.92.Final\netty-transport-classes-kqueue-4.1.92.Final.jar;C:\Users\admin\.m2\repository\io\netty\netty-transport-native-epoll\4.1.92.Final\netty-transport-native-epoll-4.1.92.Final.jar;C:\Users\admin\.m2\repository\io\netty\netty-transport-native-kqueue\4.1.92.Final\netty-transport-native-kqueue-4.1.92.Final.jar;C:\Users\admin\.m2\repository\io\netty\netty-transport-native-unix-common\4.1.92.Final\netty-transport-native-unix-common-4.1.92.Final.jar;C:\Users\admin\.m2\repository\io\netty\netty-transport\4.1.92.Final\netty-transport-4.1.92.Final.jar;C:\Users\admin\.m2\repository\io\netty\netty-resolver\4.1.92.Final\netty-resolver-4.1.92.Final.jar;C:\Users\admin\.m2\repository\io\opentelemetry\opentelemetry-api\1.26.0\opentelemetry-api-1.26.0.jar;C:\Users\admin\.m2\repository\io\opentelemetry\opentelemetry-context\1.26.0\opentelemetry-context-1.26.0.jar;C:\Users\admin\.m2\repository\io\opentelemetry\opentelemetry-exporter-logging\1.26.0\opentelemetry-exporter-logging-1.26.0.jar;C:\Users\admin\.m2\repository\io\opentelemetry\opentelemetry-sdk-metrics\1.26.0\opentelemetry-sdk-metrics-1.26.0.jar;C:\Users\admin\.m2\repository\io\opentelemetry\opentelemetry-extension-incubator\1.26.0-alpha\opentelemetry-extension-incubator-1.26.0-alpha.jar;C:\Users\admin\.m2\repository\io\opentelemetry\opentelemetry-sdk-logs\1.26.0-alpha\opentelemetry-sdk-logs-1.26.0-alpha.jar;C:\Users\admin\.m2\repository\io\opentelemetry\opentelemetry-api-logs\1.26.0-alpha\opentelemetry-api-logs-1.26.0-alpha.jar;C:\Users\admin\.m2\repository\io\opentelemetry\opentelemetry-api-events\1.26.0-alpha\opentelemetry-api-events-1.26.0-alpha.jar;C:\Users\admin\.m2\repository\io\opentelemetry\opentelemetry-sdk-common\1.26.0\opentelemetry-sdk-common-1.26.0.jar;C:\Users\admin\.m2\repository\io\opentelemetry\opentelemetry-sdk-extension-autoconfigure-spi\1.26.0\opentelemetry-sdk-extension-autoconfigure-spi-1.26.0.jar;C:\Users\admin\.m2\repository\io\opentelemetry\opentelemetry-sdk-extension-autoconfigure\1.26.0-alpha\opentelemetry-sdk-extension-autoconfigure-1.26.0-alpha.jar;C:\Users\admin\.m2\repository\io\opentelemetry\opentelemetry-sdk-trace\1.26.0\opentelemetry-sdk-trace-1.26.0.jar;C:\Users\admin\.m2\repository\io\opentelemetry\opentelemetry-sdk\1.26.0\opentelemetry-sdk-1.26.0.jar;C:\Users\admin\.m2\repository\io\opentelemetry\opentelemetry-semconv\1.26.0-alpha\opentelemetry-semconv-1.26.0-alpha.jar;C:\Users\admin\.m2\repository\net\bytebuddy\byte-buddy\1.14.4\byte-buddy-1.14.4.jar;C:\Users\admin\.m2\repository\org\apache\commons\commons-exec\1.3\commons-exec-1.3.jar;C:\Users\admin\.m2\repository\org\asynchttpclient\async-http-client\2.12.3\async-http-client-2.12.3.jar;C:\Users\admin\.m2\repository\org\asynchttpclient\async-http-client-netty-utils\2.12.3\async-http-client-netty-utils-2.12.3.jar;C:\Users\admin\.m2\repository\io\netty\netty-codec-socks\4.1.60.Final\netty-codec-socks-4.1.60.Final.jar;C:\Users\admin\.m2\repository\io\netty\netty-handler-proxy\4.1.60.Final\netty-handler-proxy-4.1.60.Final.jar;C:\Users\admin\.m2\repository\io\netty\netty-transport-native-epoll\4.1.60.Final\netty-transport-native-epoll-4.1.60.Final-linux-x86_64.jar;C:\Users\admin\.m2\repository\io\netty\netty-transport-native-kqueue\4.1.60.Final\netty-transport-native-kqueue-4.1.60.Final-osx-x86_64.jar;C:\Users\admin\.m2\repository\org\reactivestreams\reactive-streams\1.0.3\reactive-streams-1.0.3.jar;C:\Users\admin\.m2\repository\com\typesafe\netty\netty-reactive-streams\2.0.4\netty-reactive-streams-2.0.4.jar;C:\Users\admin\.m2\repository\com\sun\activation\jakarta.activation\1.2.2\jakarta.activation-1.2.2.jar;C:\Users\admin\.m2\repository\org\seleniumhq\selenium\selenium-safari-driver\4.11.0\selenium-safari-driver-4.11.0.jar;C:\Users\admin\.m2\repository\org\seleniumhq\selenium\selenium-support\4.11.0\selenium-support-4.11.0.jar;C:\Users\admin\.m2\repository\org\testng\testng\7.8.0\testng-7.8.0.jar;C:\Users\admin\.m2\repository\org\slf4j\slf4j-api\1.7.36\slf4j-api-1.7.36.jar;C:\Users\admin\.m2\repository\com\beust\jcommander\1.82\jcommander-1.82.jar;C:\Users\admin\.m2\repository\org\webjars\jquery\3.6.1\jquery-3.6.1.jar;C:\Users\admin\.m2\repository\io\github\bonigarcia\webdrivermanager\5.4.1\webdrivermanager-5.4.1.jar;C:\Users\admin\.m2\repository\com\google\code\gson\gson\2.10.1\gson-2.10.1.jar;C:\Users\admin\.m2\repository\com\github\docker-java\docker-java\3.3.2\docker-java-3.3.2.jar;C:\Users\admin\.m2\repository\com\github\docker-java\docker-java-core\3.3.2\docker-java-core-3.3.2.jar;C:\Users\admin\.m2\repository\com\github\docker-java\docker-java-api\3.3.2\docker-java-api-3.3.2.jar;C:\Users\admin\.m2\repository\com\fasterxml\jackson\core\jackson-annotations\2.10.3\jackson-annotations-2.10.3.jar;C:\Users\admin\.m2\repository\commons-io\commons-io\2.6\commons-io-2.6.jar;C:\Users\admin\.m2\repository\org\apache\commons\commons-compress\1.21\commons-compress-1.21.jar;C:\Users\admin\.m2\repository\com\fasterxml\jackson\core\jackson-databind\2.10.3\jackson-databind-2.10.3.jar;C:\Users\admin\.m2\repository\com\fasterxml\jackson\core\jackson-core\2.10.3\jackson-core-2.10.3.jar;C:\Users\admin\.m2\repository\org\bouncycastle\bcpkix-jdk15on\1.64\bcpkix-jdk15on-1.64.jar;C:\Users\admin\.m2\repository\org\bouncycastle\bcprov-jdk15on\1.64\bcprov-jdk15on-1.64.jar;C:\Users\admin\.m2\repository\org\slf4j\jcl-over-slf4j\1.7.30\jcl-over-slf4j-1.7.30.jar;C:\Users\admin\.m2\repository\com\github\docker-java\docker-java-transport-httpclient5\3.3.2\docker-java-transport-httpclient5-3.3.2.jar;C:\Users\admin\.m2\repository\com\github\docker-java\docker-java-transport\3.3.2\docker-java-transport-3.3.2.jar;C:\Users\admin\.m2\repository\net\java\dev\jna\jna\5.12.1\jna-5.12.1.jar;C:\Users\admin\.m2\repository\org\brotli\dec\0.1.2\dec-0.1.2.jar;C:\Users\admin\.m2\repository\org\apache\commons\commons-lang3\3.12.0\commons-lang3-3.12.0.jar;C:\Users\admin\.m2\repository\org\apache\httpcomponents\client5\httpclient5\5.2.1\httpclient5-5.2.1.jar;C:\Users\admin\.m2\repository\org\apache\httpcomponents\core5\httpcore5\5.2\httpcore5-5.2.jar;C:\Users\admin\.m2\repository\org\apache\httpcomponents\core5\httpcore5-h2\5.2\httpcore5-h2-5.2.jar;C:\Users\admin\.m2\repository\org\jetbrains\annotations\23.1.0\annotations-23.1.0.jar;"/>
    <property name="java.vm.vendor" value="Oracle Corporation"/>
    <property name="sun.arch.data.model" value="64"/>
    <property name="user.variant" value=""/>
    <property name="java.vendor.url" value="http://java.oracle.com/"/>
    <property name="user.timezone" value="Europe/Helsinki"/>
    <property name="java.vm.specification.version" value="11"/>
    <property name="os.name" value="Windows 10"/>
    <property name="sun.java.launcher" value="SUN_STANDARD"/>
    <property name="user.country" value="UA"/>
    <property name="sun.boot.library.path" value="C:\Program Files\Java\jdk-11.0.2\bin"/>
    <property name="sun.java.command" value="C:\Users\admin\AppData\Local\Temp\surefire10058496008181621418\surefirebooter4508690991240266068.jar C:\Users\admin\AppData\Local\Temp\surefire10058496008181621418 2023-09-12T13-18-06_065-jvmRun1 surefire2948404978517647645tmp surefire_09419352431816739627tmp"/>
    <property name="jdk.debug" value="release"/>
    <property name="surefire.test.class.path" value="D:\jenkins-agent-data\workspace\pixelPerfectMultiPlatform_AI_Mood_Prod\target\test-classes;D:\jenkins-agent-data\workspace\pixelPerfectMultiPlatform_AI_Mood_Prod\target\classes;C:\Users\admin\.m2\repository\org\seleniumhq\selenium\selenium-java\4.11.0\selenium-java-4.11.0.jar;C:\Users\admin\.m2\repository\org\seleniumhq\selenium\selenium-api\4.11.0\selenium-api-4.11.0.jar;C:\Users\admin\.m2\repository\org\seleniumhq\selenium\selenium-chrome-driver\4.11.0\selenium-chrome-driver-4.11.0.jar;C:\Users\admin\.m2\repository\com\google\auto\service\auto-service-annotations\1.0.1\auto-service-annotations-1.0.1.jar;C:\Users\admin\.m2\repository\com\google\guava\guava\31.1-jre\guava-31.1-jre.jar;C:\Users\admin\.m2\repository\com\google\guava\failureaccess\1.0.1\failureaccess-1.0.1.jar;C:\Users\admin\.m2\repository\com\google\guava\listenablefuture\9999.0-empty-to-avoid-conflict-with-guava\listenablefuture-9999.0-empty-to-avoid-conflict-with-guava.jar;C:\Users\admin\.m2\repository\com\google\code\findbugs\jsr305\3.0.2\jsr305-3.0.2.jar;C:\Users\admin\.m2\repository\org\checkerframework\checker-qual\3.12.0\checker-qual-3.12.0.jar;C:\Users\admin\.m2\repository\com\google\errorprone\error_prone_annotations\2.11.0\error_prone_annotations-2.11.0.jar;C:\Users\admin\.m2\repository\com\google\j2objc\j2objc-annotations\1.3\j2objc-annotations-1.3.jar;C:\Users\admin\.m2\repository\org\seleniumhq\selenium\selenium-chromium-driver\4.11.0\selenium-chromium-driver-4.11.0.jar;C:\Users\admin\.m2\repository\org\seleniumhq\selenium\selenium-json\4.11.0\selenium-json-4.11.0.jar;C:\Users\admin\.m2\repository\org\seleniumhq\selenium\selenium-manager\4.11.0\selenium-manager-4.11.0.jar;C:\Users\admin\.m2\repository\org\seleniumhq\selenium\selenium-devtools-v113\4.11.0\selenium-devtools-v113-4.11.0.jar;C:\Users\admin\.m2\repository\org\seleniumhq\selenium\selenium-devtools-v114\4.11.0\selenium-devtools-v114-4.11.0.jar;C:\Users\admin\.m2\repository\org\seleniumhq\selenium\selenium-devtools-v115\4.11.0\selenium-devtools-v115-4.11.0.jar;C:\Users\admin\.m2\repository\org\seleniumhq\selenium\selenium-devtools-v85\4.11.0\selenium-devtools-v85-4.11.0.jar;C:\Users\admin\.m2\repository\org\seleniumhq\selenium\selenium-edge-driver\4.11.0\selenium-edge-driver-4.11.0.jar;C:\Users\admin\.m2\repository\org\seleniumhq\selenium\selenium-firefox-driver\4.11.0\selenium-firefox-driver-4.11.0.jar;C:\Users\admin\.m2\repository\org\seleniumhq\selenium\selenium-http\4.11.0\selenium-http-4.11.0.jar;C:\Users\admin\.m2\repository\dev\failsafe\failsafe\3.3.1\failsafe-3.3.1.jar;C:\Users\admin\.m2\repository\org\seleniumhq\selenium\selenium-ie-driver\4.11.0\selenium-ie-driver-4.11.0.jar;C:\Users\admin\.m2\repository\org\seleniumhq\selenium\selenium-remote-driver\4.11.0\selenium-remote-driver-4.11.0.jar;C:\Users\admin\.m2\repository\io\netty\netty-buffer\4.1.92.Final\netty-buffer-4.1.92.Final.jar;C:\Users\admin\.m2\repository\io\netty\netty-codec-http\4.1.92.Final\netty-codec-http-4.1.92.Final.jar;C:\Users\admin\.m2\repository\io\netty\netty-codec\4.1.92.Final\netty-codec-4.1.92.Final.jar;C:\Users\admin\.m2\repository\io\netty\netty-handler\4.1.92.Final\netty-handler-4.1.92.Final.jar;C:\Users\admin\.m2\repository\io\netty\netty-common\4.1.92.Final\netty-common-4.1.92.Final.jar;C:\Users\admin\.m2\repository\io\netty\netty-transport-classes-epoll\4.1.92.Final\netty-transport-classes-epoll-4.1.92.Final.jar;C:\Users\admin\.m2\repository\io\netty\netty-transport-classes-kqueue\4.1.92.Final\netty-transport-classes-kqueue-4.1.92.Final.jar;C:\Users\admin\.m2\repository\io\netty\netty-transport-native-epoll\4.1.92.Final\netty-transport-native-epoll-4.1.92.Final.jar;C:\Users\admin\.m2\repository\io\netty\netty-transport-native-kqueue\4.1.92.Final\netty-transport-native-kqueue-4.1.92.Final.jar;C:\Users\admin\.m2\repository\io\netty\netty-transport-native-unix-common\4.1.92.Final\netty-transport-native-unix-common-4.1.92.Final.jar;C:\Users\admin\.m2\repository\io\netty\netty-transport\4.1.92.Final\netty-transport-4.1.92.Final.jar;C:\Users\admin\.m2\repository\io\netty\netty-resolver\4.1.92.Final\netty-resolver-4.1.92.Final.jar;C:\Users\admin\.m2\repository\io\opentelemetry\opentelemetry-api\1.26.0\opentelemetry-api-1.26.0.jar;C:\Users\admin\.m2\repository\io\opentelemetry\opentelemetry-context\1.26.0\opentelemetry-context-1.26.0.jar;C:\Users\admin\.m2\repository\io\opentelemetry\opentelemetry-exporter-logging\1.26.0\opentelemetry-exporter-logging-1.26.0.jar;C:\Users\admin\.m2\repository\io\opentelemetry\opentelemetry-sdk-metrics\1.26.0\opentelemetry-sdk-metrics-1.26.0.jar;C:\Users\admin\.m2\repository\io\opentelemetry\opentelemetry-extension-incubator\1.26.0-alpha\opentelemetry-extension-incubator-1.26.0-alpha.jar;C:\Users\admin\.m2\repository\io\opentelemetry\opentelemetry-sdk-logs\1.26.0-alpha\opentelemetry-sdk-logs-1.26.0-alpha.jar;C:\Users\admin\.m2\repository\io\opentelemetry\opentelemetry-api-logs\1.26.0-alpha\opentelemetry-api-logs-1.26.0-alpha.jar;C:\Users\admin\.m2\repository\io\opentelemetry\opentelemetry-api-events\1.26.0-alpha\opentelemetry-api-events-1.26.0-alpha.jar;C:\Users\admin\.m2\repository\io\opentelemetry\opentelemetry-sdk-common\1.26.0\opentelemetry-sdk-common-1.26.0.jar;C:\Users\admin\.m2\repository\io\opentelemetry\opentelemetry-sdk-extension-autoconfigure-spi\1.26.0\opentelemetry-sdk-extension-autoconfigure-spi-1.26.0.jar;C:\Users\admin\.m2\repository\io\opentelemetry\opentelemetry-sdk-extension-autoconfigure\1.26.0-alpha\opentelemetry-sdk-extension-autoconfigure-1.26.0-alpha.jar;C:\Users\admin\.m2\repository\io\opentelemetry\opentelemetry-sdk-trace\1.26.0\opentelemetry-sdk-trace-1.26.0.jar;C:\Users\admin\.m2\repository\io\opentelemetry\opentelemetry-sdk\1.26.0\opentelemetry-sdk-1.26.0.jar;C:\Users\admin\.m2\repository\io\opentelemetry\opentelemetry-semconv\1.26.0-alpha\opentelemetry-semconv-1.26.0-alpha.jar;C:\Users\admin\.m2\repository\net\bytebuddy\byte-buddy\1.14.4\byte-buddy-1.14.4.jar;C:\Users\admin\.m2\repository\org\apache\commons\commons-exec\1.3\commons-exec-1.3.jar;C:\Users\admin\.m2\repository\org\asynchttpclient\async-http-client\2.12.3\async-http-client-2.12.3.jar;C:\Users\admin\.m2\repository\org\asynchttpclient\async-http-client-netty-utils\2.12.3\async-http-client-netty-utils-2.12.3.jar;C:\Users\admin\.m2\repository\io\netty\netty-codec-socks\4.1.60.Final\netty-codec-socks-4.1.60.Final.jar;C:\Users\admin\.m2\repository\io\netty\netty-handler-proxy\4.1.60.Final\netty-handler-proxy-4.1.60.Final.jar;C:\Users\admin\.m2\repository\io\netty\netty-transport-native-epoll\4.1.60.Final\netty-transport-native-epoll-4.1.60.Final-linux-x86_64.jar;C:\Users\admin\.m2\repository\io\netty\netty-transport-native-kqueue\4.1.60.Final\netty-transport-native-kqueue-4.1.60.Final-osx-x86_64.jar;C:\Users\admin\.m2\repository\org\reactivestreams\reactive-streams\1.0.3\reactive-streams-1.0.3.jar;C:\Users\admin\.m2\repository\com\typesafe\netty\netty-reactive-streams\2.0.4\netty-reactive-streams-2.0.4.jar;C:\Users\admin\.m2\repository\com\sun\activation\jakarta.activation\1.2.2\jakarta.activation-1.2.2.jar;C:\Users\admin\.m2\repository\org\seleniumhq\selenium\selenium-safari-driver\4.11.0\selenium-safari-driver-4.11.0.jar;C:\Users\admin\.m2\repository\org\seleniumhq\selenium\selenium-support\4.11.0\selenium-support-4.11.0.jar;C:\Users\admin\.m2\repository\org\testng\testng\7.8.0\testng-7.8.0.jar;C:\Users\admin\.m2\repository\org\slf4j\slf4j-api\1.7.36\slf4j-api-1.7.36.jar;C:\Users\admin\.m2\repository\com\beust\jcommander\1.82\jcommander-1.82.jar;C:\Users\admin\.m2\repository\org\webjars\jquery\3.6.1\jquery-3.6.1.jar;C:\Users\admin\.m2\repository\io\github\bonigarcia\webdrivermanager\5.4.1\webdrivermanager-5.4.1.jar;C:\Users\admin\.m2\repository\com\google\code\gson\gson\2.10.1\gson-2.10.1.jar;C:\Users\admin\.m2\repository\com\github\docker-java\docker-java\3.3.2\docker-java-3.3.2.jar;C:\Users\admin\.m2\repository\com\github\docker-java\docker-java-core\3.3.2\docker-java-core-3.3.2.jar;C:\Users\admin\.m2\repository\com\github\docker-java\docker-java-api\3.3.2\docker-java-api-3.3.2.jar;C:\Users\admin\.m2\repository\com\fasterxml\jackson\core\jackson-annotations\2.10.3\jackson-annotations-2.10.3.jar;C:\Users\admin\.m2\repository\commons-io\commons-io\2.6\commons-io-2.6.jar;C:\Users\admin\.m2\repository\org\apache\commons\commons-compress\1.21\commons-compress-1.21.jar;C:\Users\admin\.m2\repository\com\fasterxml\jackson\core\jackson-databind\2.10.3\jackson-databind-2.10.3.jar;C:\Users\admin\.m2\repository\com\fasterxml\jackson\core\jackson-core\2.10.3\jackson-core-2.10.3.jar;C:\Users\admin\.m2\repository\org\bouncycastle\bcpkix-jdk15on\1.64\bcpkix-jdk15on-1.64.jar;C:\Users\admin\.m2\repository\org\bouncycastle\bcprov-jdk15on\1.64\bcprov-jdk15on-1.64.jar;C:\Users\admin\.m2\repository\org\slf4j\jcl-over-slf4j\1.7.30\jcl-over-slf4j-1.7.30.jar;C:\Users\admin\.m2\repository\com\github\docker-java\docker-java-transport-httpclient5\3.3.2\docker-java-transport-httpclient5-3.3.2.jar;C:\Users\admin\.m2\repository\com\github\docker-java\docker-java-transport\3.3.2\docker-java-transport-3.3.2.jar;C:\Users\admin\.m2\repository\net\java\dev\jna\jna\5.12.1\jna-5.12.1.jar;C:\Users\admin\.m2\repository\org\brotli\dec\0.1.2\dec-0.1.2.jar;C:\Users\admin\.m2\repository\org\apache\commons\commons-lang3\3.12.0\commons-lang3-3.12.0.jar;C:\Users\admin\.m2\repository\org\apache\httpcomponents\client5\httpclient5\5.2.1\httpclient5-5.2.1.jar;C:\Users\admin\.m2\repository\org\apache\httpcomponents\core5\httpcore5\5.2\httpcore5-5.2.jar;C:\Users\admin\.m2\repository\org\apache\httpcomponents\core5\httpcore5-h2\5.2\httpcore5-h2-5.2.jar;C:\Users\admin\.m2\repository\org\jetbrains\annotations\23.1.0\annotations-23.1.0.jar;"/>
    <property name="sun.cpu.endian" value="little"/>
    <property name="user.home" value="C:\Users\admin"/>
    <property name="user.language" value="uk"/>
    <property name="java.specification.vendor" value="Oracle Corporation"/>
    <property name="java.version.date" value="2019-01-15"/>
    <property name="java.home" value="C:\Program Files\Java\jdk-11.0.2"/>
    <property name="file.separator" value="\"/>
    <property name="basedir" value="D:\jenkins-agent-data\workspace\pixelPerfectMultiPlatform_AI_Mood_Prod"/>
    <property name="java.vm.compressedOopsMode" value="32-bit"/>
    <property name="line.separator" value="&#10;"/>
    <property name="java.specification.name" value="Java Platform API Specification"/>
    <property name="java.vm.specification.vendor" value="Oracle Corporation"/>
    <property name="java.awt.graphicsenv" value="sun.awt.Win32GraphicsEnvironment"/>
    <property name="surefire.real.class.path" value="C:\Users\admin\AppData\Local\Temp\surefire10058496008181621418\surefirebooter4508690991240266068.jar"/>
    <property name="user.script" value=""/>
    <property name="sun.management.compiler" value="HotSpot 64-Bit Tiered Compilers"/>
    <property name="java.runtime.version" value="11.0.2+9"/>
    <property name="user.name" value="admin"/>
    <property name="path.separator" value=";"/>
    <property name="os.version" value="10.0"/>
    <property name="java.runtime.name" value="OpenJDK Runtime Environment"/>
    <property name="file.encoding" value="Cp1251"/>
    <property name="java.vm.name" value="OpenJDK 64-Bit Server VM"/>
    <property name="java.vendor.version" value="18.9"/>
    <property name="localRepository" value="C:\Users\admin\.m2\repository"/>
    <property name="java.vendor.url.bug" value="http://bugreport.java.com/bugreport/"/>
    <property name="java.io.tmpdir" value="C:\Users\admin\AppData\Local\Temp\"/>
    <property name="java.version" value="11.0.2"/>
    <property name="user.dir" value="D:\jenkins-agent-data\workspace\pixelPerfectMultiPlatform_AI_Mood_Prod"/>
    <property name="os.arch" value="amd64"/>
    <property name="webdriver.gecko.driver" value="C:\Users\admin\.cache\selenium\geckodriver\win64\0.33.0\geckodriver.exe"/>
    <property name="java.vm.specification.name" value="Java Virtual Machine Specification"/>
    <property name="java.awt.printerjob" value="sun.awt.windows.WPrinterJob"/>
    <property name="sun.os.patch.level" value=""/>
    <property name="java.library.path" value="C:\Program Files\Java\jdk-11.0.2\bin;C:\Windows\Sun\Java\bin;C:\Windows\system32;C:\Windows;D:\jenkins-agent-data\tools\hudson.tasks.Maven_MavenInstallation\maven_3.8.6/bin;C:\Program Files\Java\jdk-11.0.2/bin;C:\Program Files\Java\jdk-11.0.2/bin;C:\Users\admin\bin;C:\Program Files\Git\mingw64\bin;C:\Program Files\Git\usr\local\bin;C:\Program Files\Git\usr\bin;C:\Program Files\Git\usr\bin;C:\Program Files\Git\mingw64\bin;C:\Program Files\Git\usr\bin;C:\Users\admin\bin;C:\Program Files\Java\jdk-11.0.2\bin;C:\Program Files\Java\jdk-11.0.2\bin;C:\ProgramData\Oracle\Java\javapath;C:\Program Files\Common Files\Oracle\Java\javapath;C:\Windows\system32;C:\Windows;C:\Windows\System32\Wbem;C:\Windows\System32\WindowsPowerShell\v1.0;C:\Windows\System32\OpenSSH;C:\Program Files\Git\cmd;C:\Users\admin\AppData\Local\Microsoft\WindowsApps;C:\Program Files\Git\usr\bin\vendor_perl;C:\Program Files\Git\usr\bin\core_perl;."/>
    <property name="java.vendor" value="Oracle Corporation"/>
    <property name="java.vm.info" value="mixed mode"/>
    <property name="java.vm.version" value="11.0.2+9"/>
    <property name="xmlSuiteFileName" value="testngMasterProd.xml"/>
    <property name="sun.io.unicode.encoding" value="UnicodeLittle"/>
    <property name="java.class.version" value="55.0"/>
  </properties>
  <testcase name="allHeaderMainPage[https://ai-mood.com/en/, Screenshots/](1)" classname="tests.mainPageTests.AllPageFirefoxTests" time="15.7">
    <system-out><![CDATA[The two images are similar.
]]></system-out>
    <system-err><![CDATA[SLF4J: Failed to load class "org.slf4j.impl.StaticLoggerBinder".
SLF4J: Defaulting to no-operation (NOP) logger implementation
SLF4J: See http://www.slf4j.org/codes.html#StaticLoggerBinder for further details.
]]></system-err>
  </testcase>
  <testcase name="getStartedHeaderMainPage[https://ai-mood.com/en/, Screenshots/](1)" classname="tests.mainPageTests.AllPageFirefoxTests" time="5.299">
    <system-out><![CDATA[The two images are similar.
]]></system-out>
  </testcase>
  <testcase name="learnHeaderMainPage[https://ai-mood.com/en/, Screenshots/](1)" classname="tests.mainPageTests.AllPageFirefoxTests" time="5.19">
    <system-out><![CDATA[The two images are similar.
]]></system-out>
  </testcase>
  <testcase name="resourcesHeaderMainPage[https://ai-mood.com/en/, Screenshots/](1)" classname="tests.mainPageTests.AllPageFirefoxTests" time="5.28">
    <system-out><![CDATA[The two images are similar.
]]></system-out>
  </testcase>
  <testcase name="mainSectionMainPage[https://ai-mood.com/en/, Screenshots/](1)" classname="tests.mainPageTests.AllPageFirefoxTests" time="6.413">
    <system-out><![CDATA[The two images are similar.
]]></system-out>
  </testcase>
  <testcase name="videoSectionMainPage[https://ai-mood.com/en/, Screenshots/](1)" classname="tests.mainPageTests.AllPageFirefoxTests" time="6.376">
    <system-out><![CDATA[The two images are similar.
]]></system-out>
  </testcase>
  <testcase name="roadmapSectionMainPage[https://ai-mood.com/en/, Screenshots/](1)" classname="tests.mainPageTests.AllPageFirefoxTests" time="6.345">
    <system-out><![CDATA[The two images are similar.
]]></system-out>
  </testcase>
  <testcase name="statisticsSectionMainPage[https://ai-mood.com/en/, Screenshots/](1)" classname="tests.mainPageTests.AllPageFirefoxTests" time="6.878">
    <system-out><![CDATA[888
3.14
1703
777
The two images are similar.
]]></system-out>
  </testcase>
  <testcase name="leaningSectionMainPage[https://ai-mood.com/en/, Screenshots/](1)" classname="tests.mainPageTests.AllPageFirefoxTests" time="6.368">
    <system-out><![CDATA[The two images are similar.
]]></system-out>
  </testcase>
  <testcase name="allFooterMainPage[https://ai-mood.com/en/, Screenshots/](1)" classname="tests.mainPageTests.AllPageFirefoxTests" time="6.322">
    <system-out><![CDATA[The two images are similar.
]]></system-out>
  </testcase>
  <testcase name="allHeaderMainPage[https://ai-mood.com/en/, Screenshots/](1)" classname="tests.mainPageTests.AllPageChromeTests" time="14.628">
    <system-out><![CDATA[The two images are similar.
]]></system-out>
    <system-err><![CDATA[вер. 12, 2023 1:19:24 ПП org.openqa.selenium.devtools.CdpVersionFinder findNearestMatch
WARNING: Unable to find an exact match for CDP version 116, so returning the closest version found: 115
]]></system-err>
  </testcase>
  <testcase name="getStartedHeaderMainPage[https://ai-mood.com/en/, Screenshots/](1)" classname="tests.mainPageTests.AllPageChromeTests" time="8.881">
    <system-out><![CDATA[The two images are similar.
]]></system-out>
  </testcase>
  <testcase name="learnHeaderMainPage[https://ai-mood.com/en/, Screenshots/](1)" classname="tests.mainPageTests.AllPageChromeTests" time="9.279">
    <system-out><![CDATA[The two images are similar.
]]></system-out>
  </testcase>
  <testcase name="resourcesHeaderMainPage[https://ai-mood.com/en/, Screenshots/](1)" classname="tests.mainPageTests.AllPageChromeTests" time="5.405">
    <system-out><![CDATA[The two images are similar.
]]></system-out>
  </testcase>
  <testcase name="mainSectionMainPage[https://ai-mood.com/en/, Screenshots/](1)" classname="tests.mainPageTests.AllPageChromeTests" time="7.374">
    <system-out><![CDATA[The two images are similar.
]]></system-out>
  </testcase>
  <testcase name="videoSectionMainPage[https://ai-mood.com/en/, Screenshots/](1)" classname="tests.mainPageTests.AllPageChromeTests" time="7.787">
    <system-out><![CDATA[The two images are similar.
]]></system-out>
  </testcase>
  <testcase name="roadmapSectionMainPage[https://ai-mood.com/en/, Screenshots/](1)" classname="tests.mainPageTests.AllPageChromeTests" time="10.648">
    <system-out><![CDATA[The two images are similar.
]]></system-out>
  </testcase>
  <testcase name="statisticsSectionMainPage[https://ai-mood.com/en/, Screenshots/](1)" classname="tests.mainPageTests.AllPageChromeTests" time="11.96">
    <system-out><![CDATA[888
3.14
1703
777
The two images are similar.
]]></system-out>
  </testcase>
  <testcase name="leaningSectionMainPage[https://ai-mood.com/en/, Screenshots/](1)" classname="tests.mainPageTests.AllPageChromeTests" time="10.111">
    <system-out><![CDATA[The two images are similar.
]]></system-out>
  </testcase>
  <testcase name="allFooterMainPage[https://ai-mood.com/en/, Screenshots/](1)" classname="tests.mainPageTests.AllPageChromeTests" time="6.332">
    <system-out><![CDATA[The two images are similar.
]]></system-out>
  </testcase>
  <testcase name="allHeaderMarketPlacePage[https://ai-mood.com/en/market-place, Screenshots/](1)" classname="tests.marketPlacePageTests.AllPageFirefoxTests" time="12.978">
    <system-out><![CDATA[The two images are similar.
]]></system-out>
  </testcase>
  <testcase name="getStartedHeaderMarketPlacePage[https://ai-mood.com/en/market-place, Screenshots/](1)" classname="tests.marketPlacePageTests.AllPageFirefoxTests" time="6.021">
    <system-out><![CDATA[The two images are similar.
]]></system-out>
  </testcase>
  <testcase name="learnHeaderMarketPlacePage[https://ai-mood.com/en/market-place, Screenshots/](1)" classname="tests.marketPlacePageTests.AllPageFirefoxTests" time="6.011">
    <system-out><![CDATA[The two images are similar.
]]></system-out>
  </testcase>
  <testcase name="resourcesHeaderMarketPlacePage[https://ai-mood.com/en/market-place, Screenshots/](1)" classname="tests.marketPlacePageTests.AllPageFirefoxTests" time="6.024">
    <system-out><![CDATA[The two images are similar.
]]></system-out>
  </testcase>
  <testcase name="mainSectionMarketPlacePage[https://ai-mood.com/en/market-place, Screenshots/](1)" classname="tests.marketPlacePageTests.AllPageFirefoxTests" time="7.019">
    <system-out><![CDATA[The two images are similar.
]]></system-out>
  </testcase>
  <testcase name="statisticsSectionMarketPlacePage[https://ai-mood.com/en/market-place, Screenshots/](1)" classname="tests.marketPlacePageTests.AllPageFirefoxTests" time="6.295">
    <system-out><![CDATA[The two images are similar.
]]></system-out>
  </testcase>
  <testcase name="allFooterMarketPlacePage[https://ai-mood.com/en/market-place, Screenshots/](1)" classname="tests.marketPlacePageTests.AllPageFirefoxTests" time="5.991">
    <system-out><![CDATA[The two images are similar.
]]></system-out>
  </testcase>
  <testcase name="allHeaderMarketPlacePage[https://ai-mood.com/en/market-place, Screenshots/](1)" classname="tests.marketPlacePageTests.AllPageChromeTests" time="9.929">
    <system-out><![CDATA[The two images are similar.
]]></system-out>
    <system-err><![CDATA[вер. 12, 2023 1:21:52 ПП org.openqa.selenium.devtools.CdpVersionFinder findNearestMatch
WARNING: Unable to find an exact match for CDP version 116, so returning the closest version found: 115
]]></system-err>
  </testcase>
  <testcase name="getStartedHeaderMarketPlacePage[https://ai-mood.com/en/market-place, Screenshots/](1)" classname="tests.marketPlacePageTests.AllPageChromeTests" time="6.245">
    <system-out><![CDATA[The two images are similar.
]]></system-out>
  </testcase>
  <testcase name="learnHeaderMarketPlacePage[https://ai-mood.com/en/market-place, Screenshots/](1)" classname="tests.marketPlacePageTests.AllPageChromeTests" time="6.201">
    <system-out><![CDATA[The two images are similar.
]]></system-out>
  </testcase>
  <testcase name="resourcesHeaderMarketPlacePage[https://ai-mood.com/en/market-place, Screenshots/](1)" classname="tests.marketPlacePageTests.AllPageChromeTests" time="6.219">
    <system-out><![CDATA[The two images are similar.
]]></system-out>
  </testcase>
  <testcase name="mainSectionMarketPlacePage[https://ai-mood.com/en/market-place, Screenshots/](1)" classname="tests.marketPlacePageTests.AllPageChromeTests" time="7.224">
    <system-out><![CDATA[The two images are similar.
]]></system-out>
  </testcase>
  <testcase name="statisticsSectionMarketPlacePage[https://ai-mood.com/en/market-place, Screenshots/](1)" classname="tests.marketPlacePageTests.AllPageChromeTests" time="6.687">
    <system-out><![CDATA[The two images are similar.
]]></system-out>
  </testcase>
  <testcase name="allFooterMarketPlacePage[https://ai-mood.com/en/market-place, Screenshots/](1)" classname="tests.marketPlacePageTests.AllPageChromeTests" time="6.245">
    <system-out><![CDATA[The two images are similar.
]]></system-out>
  </testcase>
  <testcase name="allHeaderBuySellMoodCoinPage[https://ai-mood.com/en/buy-sell-aimood-coin, Screenshots/](1)" classname="tests.buySellMoodCoinTests.AllPageFirefoxTests" time="7.863">
    <system-out><![CDATA[The two images are similar.
]]></system-out>
  </testcase>
  <testcase name="getStartedHeaderBuySellMoodCoinPage[https://ai-mood.com/en/buy-sell-aimood-coin, Screenshots/](1)" classname="tests.buySellMoodCoinTests.AllPageFirefoxTests" time="5.111">
    <system-out><![CDATA[The two images are similar.
]]></system-out>
  </testcase>
  <testcase name="learnHeaderBuySellMoodCoinPage[https://ai-mood.com/en/buy-sell-aimood-coin, Screenshots/](1)" classname="tests.buySellMoodCoinTests.AllPageFirefoxTests" time="5.117">
    <system-out><![CDATA[The two images are similar.
]]></system-out>
  </testcase>
  <testcase name="resourcesHeaderBuySellMoodCoinPage[https://ai-mood.com/en/buy-sell-aimood-coin, Screenshots/](1)" classname="tests.buySellMoodCoinTests.AllPageFirefoxTests" time="5.151">
    <system-out><![CDATA[The two images are similar.
]]></system-out>
  </testcase>
  <testcase name="mainSectionBuySellMoodCoinPage[https://ai-mood.com/en/buy-sell-aimood-coin, Screenshots/](1)" classname="tests.buySellMoodCoinTests.AllPageFirefoxTests" time="6.952">
    <system-out><![CDATA[The two images are similar.
]]></system-out>
  </testcase>
  <testcase name="allFooterBuySellMoodCoinPage[https://ai-mood.com/en/buy-sell-aimood-coin, Screenshots/](1)" classname="tests.buySellMoodCoinTests.AllPageFirefoxTests" time="5.977">
    <system-out><![CDATA[The two images are similar.
]]></system-out>
  </testcase>
  <testcase name="allHeaderBuySellMoodCoinPage[https://ai-mood.com/en/buy-sell-aimood-coin, Screenshots/](1)" classname="tests.buySellMoodCoinTests.AllPageChromeTests" time="7.45">
    <system-out><![CDATA[The two images are similar.
]]></system-out>
    <system-err><![CDATA[вер. 12, 2023 1:23:22 ПП org.openqa.selenium.devtools.CdpVersionFinder findNearestMatch
WARNING: Unable to find an exact match for CDP version 116, so returning the closest version found: 115
]]></system-err>
  </testcase>
  <testcase name="getStartedHeaderBuySellMoodCoinPage[https://ai-mood.com/en/buy-sell-aimood-coin, Screenshots/](1)" classname="tests.buySellMoodCoinTests.AllPageChromeTests" time="5.366">
    <system-out><![CDATA[The two images are similar.
]]></system-out>
  </testcase>
  <testcase name="learnHeaderBuySellMoodCoinPage[https://ai-mood.com/en/buy-sell-aimood-coin, Screenshots/](1)" classname="tests.buySellMoodCoinTests.AllPageChromeTests" time="5.282">
    <system-out><![CDATA[The two images are similar.
]]></system-out>
  </testcase>
  <testcase name="resourcesHeaderBuySellMoodCoinPage[https://ai-mood.com/en/buy-sell-aimood-coin, Screenshots/](1)" classname="tests.buySellMoodCoinTests.AllPageChromeTests" time="5.278">
    <system-out><![CDATA[The two images are similar.
]]></system-out>
  </testcase>
  <testcase name="mainSectionBuySellMoodCoinPage[https://ai-mood.com/en/buy-sell-aimood-coin, Screenshots/](1)" classname="tests.buySellMoodCoinTests.AllPageChromeTests" time="7.177">
    <system-out><![CDATA[The two images are similar.
]]></system-out>
  </testcase>
  <testcase name="allFooterBuySellMoodCoinPage[https://ai-mood.com/en/buy-sell-aimood-coin, Screenshots/](1)" classname="tests.buySellMoodCoinTests.AllPageChromeTests" time="6.253">
    <system-out><![CDATA[The two images are similar.
]]></system-out>
  </testcase>
  <testcase name="allHeaderTokenMoodPage[https://ai-mood.com/en/token-mood, Screenshots/](1)" classname="tests.tokenMoodPageTests.AllPageFirefoxTests" time="14.14">
    <system-out><![CDATA[The two images are similar.
]]></system-out>
  </testcase>
  <testcase name="getStartedHeaderTokenMoodPage[https://ai-mood.com/en/token-mood, Screenshots/](1)" classname="tests.tokenMoodPageTests.AllPageFirefoxTests" time="5.116">
    <system-out><![CDATA[The two images are similar.
]]></system-out>
  </testcase>
  <testcase name="learnHeaderTokenMoodPage[https://ai-mood.com/en/token-mood, Screenshots/](1)" classname="tests.tokenMoodPageTests.AllPageFirefoxTests" time="5.089">
    <system-out><![CDATA[The two images are similar.
]]></system-out>
  </testcase>
  <testcase name="resourcesHeaderTokenMoodPage[https://ai-mood.com/en/token-mood, Screenshots/](1)" classname="tests.tokenMoodPageTests.AllPageFirefoxTests" time="5.155">
    <system-out><![CDATA[The two images are similar.
]]></system-out>
  </testcase>
  <testcase name="mainSectionTokenMoodPage[https://ai-mood.com/en/token-mood, Screenshots/](1)" classname="tests.tokenMoodPageTests.AllPageFirefoxTests" time="6.919">
    <system-out><![CDATA[The two images are similar.
]]></system-out>
  </testcase>
  <testcase name="statisticsSectionTokenMoodPage[https://ai-mood.com/en/token-mood, Screenshots/](1)" classname="tests.tokenMoodPageTests.AllPageFirefoxTests" time="7.328">
    <system-out><![CDATA[888
3.14
1703
777
The two images are similar.
]]></system-out>
  </testcase>
  <testcase name="allFooterTokenMoodPage[https://ai-mood.com/en/token-mood, Screenshots/](1)" classname="tests.tokenMoodPageTests.AllPageFirefoxTests" time="5.99">
    <system-out><![CDATA[The two images are similar.
]]></system-out>
  </testcase>
  <testcase name="allHeaderTokenMoodPage[https://ai-mood.com/en/token-mood, Screenshots/](1)" classname="tests.tokenMoodPageTests.AllPageChromeTests" time="8.484">
    <system-out><![CDATA[The two images are similar.
]]></system-out>
    <system-err><![CDATA[вер. 12, 2023 1:24:54 ПП org.openqa.selenium.devtools.CdpVersionFinder findNearestMatch
WARNING: Unable to find an exact match for CDP version 116, so returning the closest version found: 115
]]></system-err>
  </testcase>
  <testcase name="getStartedHeaderTokenMoodPage[https://ai-mood.com/en/token-mood, Screenshots/](1)" classname="tests.tokenMoodPageTests.AllPageChromeTests" time="5.328">
    <system-out><![CDATA[The two images are similar.
]]></system-out>
  </testcase>
  <testcase name="learnHeaderTokenMoodPage[https://ai-mood.com/en/token-mood, Screenshots/](1)" classname="tests.tokenMoodPageTests.AllPageChromeTests" time="5.309">
    <system-out><![CDATA[The two images are similar.
]]></system-out>
  </testcase>
  <testcase name="resourcesHeaderTokenMoodPage[https://ai-mood.com/en/token-mood, Screenshots/](1)" classname="tests.tokenMoodPageTests.AllPageChromeTests" time="5.332">
    <system-out><![CDATA[The two images are similar.
]]></system-out>
  </testcase>
  <testcase name="mainSectionTokenMoodPage[https://ai-mood.com/en/token-mood, Screenshots/](1)" classname="tests.tokenMoodPageTests.AllPageChromeTests" time="7.218">
    <system-out><![CDATA[The two images are similar.
]]></system-out>
  </testcase>
  <testcase name="statisticsSectionTokenMoodPage[https://ai-mood.com/en/token-mood, Screenshots/](1)" classname="tests.tokenMoodPageTests.AllPageChromeTests" time="7.79">
    <system-out><![CDATA[888
3.14
1703
777
The two images are similar.
]]></system-out>
  </testcase>
  <testcase name="allFooterTokenMoodPage[https://ai-mood.com/en/token-mood, Screenshots/](1)" classname="tests.tokenMoodPageTests.AllPageChromeTests" time="6.237">
    <system-out><![CDATA[The two images are similar.
]]></system-out>
  </testcase>
  <testcase name="allHeaderFundPage[https://ai-mood.com/en/fund, Screenshots/](1)" classname="tests.fundPageTests.AllPageFirefoxTests" time="7.874">
    <system-out><![CDATA[The two images are similar.
]]></system-out>
  </testcase>
  <testcase name="getStartedHeaderFundPage[https://ai-mood.com/en/fund, Screenshots/](1)" classname="tests.fundPageTests.AllPageFirefoxTests" time="5.109">
    <system-out><![CDATA[The two images are similar.
]]></system-out>
  </testcase>
  <testcase name="learnHeaderFundPage[https://ai-mood.com/en/fund, Screenshots/](1)" classname="tests.fundPageTests.AllPageFirefoxTests" time="5.125">
    <system-out><![CDATA[The two images are similar.
]]></system-out>
  </testcase>
  <testcase name="resourcesHeaderFundPage[https://ai-mood.com/en/fund, Screenshots/](1)" classname="tests.fundPageTests.AllPageFirefoxTests" time="5.127">
    <system-out><![CDATA[The two images are similar.
]]></system-out>
  </testcase>
  <testcase name="mainSectionFundPage[https://ai-mood.com/en/fund, Screenshots/](1)" classname="tests.fundPageTests.AllPageFirefoxTests" time="6.926">
    <system-out><![CDATA[The two images are similar.
]]></system-out>
  </testcase>
  <testcase name="allFooterFundPage[https://ai-mood.com/en/fund, Screenshots/](1)" classname="tests.fundPageTests.AllPageFirefoxTests" time="6.04">
    <system-out><![CDATA[The two images are similar.
]]></system-out>
  </testcase>
  <testcase name="allHeaderFundPage[https://ai-mood.com/en/fund, Screenshots/](1)" classname="tests.fundPageTests.AllPageChromeTests" time="7.76">
    <system-out><![CDATA[The two images are similar.
]]></system-out>
    <system-err><![CDATA[вер. 12, 2023 1:26:21 ПП org.openqa.selenium.devtools.CdpVersionFinder findNearestMatch
WARNING: Unable to find an exact match for CDP version 116, so returning the closest version found: 115
]]></system-err>
  </testcase>
  <testcase name="getStartedHeaderFundPage[https://ai-mood.com/en/fund, Screenshots/](1)" classname="tests.fundPageTests.AllPageChromeTests" time="5.351">
    <system-out><![CDATA[The two images are similar.
]]></system-out>
  </testcase>
  <testcase name="learnHeaderFundPage[https://ai-mood.com/en/fund, Screenshots/](1)" classname="tests.fundPageTests.AllPageChromeTests" time="5.292">
    <system-out><![CDATA[The two images are similar.
]]></system-out>
  </testcase>
  <testcase name="resourcesHeaderFundPage[https://ai-mood.com/en/fund, Screenshots/](1)" classname="tests.fundPageTests.AllPageChromeTests" time="5.274">
    <system-out><![CDATA[The two images are similar.
]]></system-out>
  </testcase>
  <testcase name="mainSectionFundPage[https://ai-mood.com/en/fund, Screenshots/](1)" classname="tests.fundPageTests.AllPageChromeTests" time="7.195">
    <system-out><![CDATA[The two images are similar.
]]></system-out>
  </testcase>
  <testcase name="allFooterFundPage[https://ai-mood.com/en/fund, Screenshots/](1)" classname="tests.fundPageTests.AllPageChromeTests" time="6.223">
    <system-out><![CDATA[The two images are similar.
]]></system-out>
  </testcase>
  <testcase name="allHeaderAffiliateProgramPage[https://ai-mood.com/en/affiliate-program, Screenshots/](1)" classname="tests.affiliateProgramPageTests.AllPageFirefoxTests" time="9.15">
    <system-out><![CDATA[The two images are similar.
]]></system-out>
  </testcase>
  <testcase name="getStartedHeaderAffiliateProgramPage[https://ai-mood.com/en/affiliate-program, Screenshots/](1)" classname="tests.affiliateProgramPageTests.AllPageFirefoxTests" time="5.136">
    <system-out><![CDATA[The two images are similar.
]]></system-out>
  </testcase>
  <testcase name="learnHeaderAffiliateProgramPage[https://ai-mood.com/en/affiliate-program, Screenshots/](1)" classname="tests.affiliateProgramPageTests.AllPageFirefoxTests" time="5.119">
    <system-out><![CDATA[The two images are similar.
]]></system-out>
  </testcase>
  <testcase name="resourcesHeaderAffiliateProgramPage[https://ai-mood.com/en/affiliate-program, Screenshots/](1)" classname="tests.affiliateProgramPageTests.AllPageFirefoxTests" time="5.105">
    <system-out><![CDATA[The two images are similar.
]]></system-out>
  </testcase>
  <testcase name="mainSectionAffiliateProgramPage[https://ai-mood.com/en/affiliate-program, Screenshots/](1)" classname="tests.affiliateProgramPageTests.AllPageFirefoxTests" time="6.926">
    <system-out><![CDATA[The two images are similar.
]]></system-out>
  </testcase>
  <testcase name="affiliateSectionAffiliateProgramPage[https://ai-mood.com/en/affiliate-program, Screenshots/](1)" classname="tests.affiliateProgramPageTests.AllPageFirefoxTests" time="7.214">
    <system-out><![CDATA[The two images are similar.
]]></system-out>
  </testcase>
  <testcase name="allFooterAffiliateProgramPage[https://ai-mood.com/en/affiliate-program, Screenshots/](1)" classname="tests.affiliateProgramPageTests.AllPageFirefoxTests" time="5.984">
    <system-out><![CDATA[The two images are similar.
]]></system-out>
  </testcase>
  <testcase name="allHeaderAffiliateProgramPage[https://ai-mood.com/en/affiliate-program, Screenshots/](1)" classname="tests.affiliateProgramPageTests.AllPageChromeTests" time="8.722">
    <system-out><![CDATA[The two images are similar.
]]></system-out>
    <system-err><![CDATA[вер. 12, 2023 1:27:49 ПП org.openqa.selenium.devtools.CdpVersionFinder findNearestMatch
WARNING: Unable to find an exact match for CDP version 116, so returning the closest version found: 115
]]></system-err>
  </testcase>
  <testcase name="getStartedHeaderAffiliateProgramPage[https://ai-mood.com/en/affiliate-program, Screenshots/](1)" classname="tests.affiliateProgramPageTests.AllPageChromeTests" time="5.367">
    <system-out><![CDATA[The two images are similar.
]]></system-out>
  </testcase>
  <testcase name="learnHeaderAffiliateProgramPage[https://ai-mood.com/en/affiliate-program, Screenshots/](1)" classname="tests.affiliateProgramPageTests.AllPageChromeTests" time="5.294">
    <system-out><![CDATA[The two images are similar.
]]></system-out>
  </testcase>
  <testcase name="resourcesHeaderAffiliateProgramPage[https://ai-mood.com/en/affiliate-program, Screenshots/](1)" classname="tests.affiliateProgramPageTests.AllPageChromeTests" time="5.301">
    <system-out><![CDATA[The two images are similar.
]]></system-out>
  </testcase>
  <testcase name="mainSectionAffiliateProgramPage[https://ai-mood.com/en/affiliate-program, Screenshots/](1)" classname="tests.affiliateProgramPageTests.AllPageChromeTests" time="7.246">
    <system-out><![CDATA[The two images are similar.
]]></system-out>
  </testcase>
  <testcase name="affiliateSectionAffiliateProgramPage[https://ai-mood.com/en/affiliate-program, Screenshots/](1)" classname="tests.affiliateProgramPageTests.AllPageChromeTests" time="7.553">
    <system-out><![CDATA[The two images are similar.
]]></system-out>
  </testcase>
  <testcase name="allFooterAffiliateProgramPage[https://ai-mood.com/en/affiliate-program, Screenshots/](1)" classname="tests.affiliateProgramPageTests.AllPageChromeTests" time="6.264">
    <system-out><![CDATA[The two images are similar.
]]></system-out>
  </testcase>
  <testcase name="allHeaderWalletPage[https://ai-mood.com/en/the-aimood-wallet, Screenshots/](1)" classname="tests.walletPageTests.AllPageFirefoxTests" time="14.458">
    <system-out><![CDATA[The two images are similar.
]]></system-out>
  </testcase>
  <testcase name="getStartedHeaderWalletPage[https://ai-mood.com/en/the-aimood-wallet, Screenshots/](1)" classname="tests.walletPageTests.AllPageFirefoxTests" time="5.095">
    <system-out><![CDATA[The two images are similar.
]]></system-out>
  </testcase>
  <testcase name="learnHeaderWalletPage[https://ai-mood.com/en/the-aimood-wallet, Screenshots/](1)" classname="tests.walletPageTests.AllPageFirefoxTests" time="5.091">
    <system-out><![CDATA[The two images are similar.
]]></system-out>
  </testcase>
  <testcase name="resourcesHeaderWalletPage[https://ai-mood.com/en/the-aimood-wallet, Screenshots/](1)" classname="tests.walletPageTests.AllPageFirefoxTests" time="5.121">
    <system-out><![CDATA[The two images are similar.
]]></system-out>
  </testcase>
  <testcase name="mainSectionWalletPage[https://ai-mood.com/en/the-aimood-wallet, Screenshots/](1)" classname="tests.walletPageTests.AllPageFirefoxTests" time="5.869">
    <system-out><![CDATA[The two images are similar.
]]></system-out>
  </testcase>
  <testcase name="delegatedSectionWalletPage[https://ai-mood.com/en/the-aimood-wallet, Screenshots/](1)" classname="tests.walletPageTests.AllPageFirefoxTests" time="6.119">
    <system-out><![CDATA[The two images are similar.
]]></system-out>
  </testcase>
  <testcase name="allFooterWalletPage[https://ai-mood.com/en/the-aimood-wallet, Screenshots/](1)" classname="tests.walletPageTests.AllPageFirefoxTests" time="5.91">
    <system-out><![CDATA[The two images are similar.
]]></system-out>
  </testcase>
  <testcase name="allHeaderWalletPage[https://ai-mood.com/en/the-aimood-wallet, Screenshots/](1)" classname="tests.walletPageTests.AllPageChromeTests" time="10.316">
    <system-out><![CDATA[The two images are similar.
]]></system-out>
    <system-err><![CDATA[вер. 12, 2023 1:29:29 ПП org.openqa.selenium.devtools.CdpVersionFinder findNearestMatch
WARNING: Unable to find an exact match for CDP version 116, so returning the closest version found: 115
]]></system-err>
  </testcase>
  <testcase name="getStartedHeaderWalletPage[https://ai-mood.com/en/the-aimood-wallet, Screenshots/](1)" classname="tests.walletPageTests.AllPageChromeTests" time="5.326">
    <system-out><![CDATA[The two images are similar.
]]></system-out>
  </testcase>
  <testcase name="learnHeaderWalletPage[https://ai-mood.com/en/the-aimood-wallet, Screenshots/](1)" classname="tests.walletPageTests.AllPageChromeTests" time="5.318">
    <system-out><![CDATA[The two images are similar.
]]></system-out>
  </testcase>
  <testcase name="resourcesHeaderWalletPage[https://ai-mood.com/en/the-aimood-wallet, Screenshots/](1)" classname="tests.walletPageTests.AllPageChromeTests" time="5.319">
    <system-out><![CDATA[The two images are similar.
]]></system-out>
  </testcase>
  <testcase name="mainSectionWalletPage[https://ai-mood.com/en/the-aimood-wallet, Screenshots/](1)" classname="tests.walletPageTests.AllPageChromeTests" time="6.231">
    <system-out><![CDATA[The two images are similar.
]]></system-out>
  </testcase>
  <testcase name="delegatedSectionWalletPage[https://ai-mood.com/en/the-aimood-wallet, Screenshots/](1)" classname="tests.walletPageTests.AllPageChromeTests" time="6.573">
    <system-out><![CDATA[The two images are similar.
]]></system-out>
  </testcase>
  <testcase name="allFooterWalletPage[https://ai-mood.com/en/the-aimood-wallet, Screenshots/](1)" classname="tests.walletPageTests.AllPageChromeTests" time="6.23">
    <system-out><![CDATA[The two images are similar.
]]></system-out>
  </testcase>
  <testcase name="allHeaderStakingPage[https://ai-mood.com/en/stake-delegate, Screenshots/](1)" classname="tests.stakingPageTests.AllPageFirefoxTests" time="10.643">
    <system-out><![CDATA[The two images are similar.
]]></system-out>
  </testcase>
  <testcase name="getStartedHeaderStakingPage[https://ai-mood.com/en/stake-delegate, Screenshots/](1)" classname="tests.stakingPageTests.AllPageFirefoxTests" time="6.023">
    <system-out><![CDATA[The two images are similar.
]]></system-out>
  </testcase>
  <testcase name="learnHeaderStakingPage[https://ai-mood.com/en/stake-delegate, Screenshots/](1)" classname="tests.stakingPageTests.AllPageFirefoxTests" time="6.026">
    <system-out><![CDATA[The two images are similar.
]]></system-out>
  </testcase>
  <testcase name="resourcesHeaderStakingPage[https://ai-mood.com/en/stake-delegate, Screenshots/](1)" classname="tests.stakingPageTests.AllPageFirefoxTests" time="6.035">
    <system-out><![CDATA[The two images are similar.
]]></system-out>
  </testcase>
  <testcase name="mainSectionStakingPage[https://ai-mood.com/en/stake-delegate, Screenshots/](1)" classname="tests.stakingPageTests.AllPageFirefoxTests" time="6.93">
    <system-out><![CDATA[The two images are similar.
]]></system-out>
  </testcase>
  <testcase name="delegatedSectionStakingPage[https://ai-mood.com/en/stake-delegate, Screenshots/](1)" classname="tests.stakingPageTests.AllPageFirefoxTests" time="7.281">
    <system-out><![CDATA[The two images are similar.
]]></system-out>
  </testcase>
  <testcase name="calcStakSectionStakingPage[https://ai-mood.com/en/stake-delegate, Screenshots/](1)" classname="tests.stakingPageTests.AllPageFirefoxTests" time="9.393">
    <system-out><![CDATA[(0.13% 24H)
~0.13
2864.2900
The two images are similar.
]]></system-out>
  </testcase>
  <testcase name="allFooterStakingPage[https://ai-mood.com/en/stake-delegate, Screenshots/](1)" classname="tests.stakingPageTests.AllPageFirefoxTests" time="5.935">
    <system-out><![CDATA[The two images are similar.
]]></system-out>
  </testcase>
  <testcase name="allHeaderStakingPage[https://ai-mood.com/en/stake-delegate, Screenshots/](1)" classname="tests.stakingPageTests.AllPageChromeTests" time="10.405">
    <system-out><![CDATA[The two images are similar.
]]></system-out>
    <system-err><![CDATA[вер. 12, 2023 1:31:18 ПП org.openqa.selenium.devtools.CdpVersionFinder findNearestMatch
WARNING: Unable to find an exact match for CDP version 116, so returning the closest version found: 115
]]></system-err>
  </testcase>
  <testcase name="getStartedHeaderStakingPage[https://ai-mood.com/en/stake-delegate, Screenshots/](1)" classname="tests.stakingPageTests.AllPageChromeTests" time="6.291">
    <system-out><![CDATA[The two images are similar.
]]></system-out>
  </testcase>
  <testcase name="learnHeaderStakingPage[https://ai-mood.com/en/stake-delegate, Screenshots/](1)" classname="tests.stakingPageTests.AllPageChromeTests" time="6.233">
    <system-out><![CDATA[The two images are similar.
]]></system-out>
  </testcase>
  <testcase name="resourcesHeaderStakingPage[https://ai-mood.com/en/stake-delegate, Screenshots/](1)" classname="tests.stakingPageTests.AllPageChromeTests" time="6.264">
    <system-out><![CDATA[The two images are similar.
]]></system-out>
  </testcase>
  <testcase name="mainSectionStakingPage[https://ai-mood.com/en/stake-delegate, Screenshots/](1)" classname="tests.stakingPageTests.AllPageChromeTests" time="7.333">
    <system-out><![CDATA[The two images are similar.
]]></system-out>
  </testcase>
  <testcase name="delegatedSectionStakingPage[https://ai-mood.com/en/stake-delegate, Screenshots/](1)" classname="tests.stakingPageTests.AllPageChromeTests" time="9.551">
    <system-out><![CDATA[The two images are similar.
]]></system-out>
  </testcase>
  <testcase name="calcStakSectionStakingPage[https://ai-mood.com/en/stake-delegate, Screenshots/](1)" classname="tests.stakingPageTests.AllPageChromeTests" time="9.789">
    <system-out><![CDATA[(0.13% 24H)
~0.13
2864.2900
The two images are similar.
]]></system-out>
  </testcase>
  <testcase name="allFooterStakingPage[https://ai-mood.com/en/stake-delegate, Screenshots/](1)" classname="tests.stakingPageTests.AllPageChromeTests" time="6.281">
    <system-out><![CDATA[The two images are similar.
]]></system-out>
  </testcase>
  <testcase name="allHeaderWhitePaperPage[https://ai-mood.com/en/white-paper, Screenshots/](1)" classname="tests.whitePaper.WhitePaperChromeTests" time="9.937">
    <system-out><![CDATA[The two images are similar.
]]></system-out>
    <system-err><![CDATA[вер. 12, 2023 1:32:22 ПП org.openqa.selenium.devtools.CdpVersionFinder findNearestMatch
WARNING: Unable to find an exact match for CDP version 116, so returning the closest version found: 115
]]></system-err>
  </testcase>
  <testcase name="getStartedHeaderWhitePaperPage[https://ai-mood.com/en/white-paper, Screenshots/](1)" classname="tests.whitePaper.WhitePaperChromeTests" time="6.258">
    <system-out><![CDATA[The two images are similar.
]]></system-out>
  </testcase>
  <testcase name="marketPlaceHeaderWhitePaperPage[https://ai-mood.com/en/white-paper, Screenshots/](1)" classname="tests.whitePaper.WhitePaperChromeTests" time="0">
    <skipped message="Can&apos;t read input file!"/>
    <system-out><![CDATA[*** File exists ***
]]></system-out>
  </testcase>
  <testcase name="marketPlaceHeaderWhitePaperPage[https://ai-mood.com/en/white-paper, Screenshots/](2)" classname="tests.whitePaper.WhitePaperChromeTests" time="0">
    <skipped message="Can&apos;t read input file!"/>
    <system-out><![CDATA[*** File exists ***
]]></system-out>
  </testcase>
  <testcase name="marketPlaceHeaderWhitePaperPage[https://ai-mood.com/en/white-paper, Screenshots/](3)" classname="tests.whitePaper.WhitePaperChromeTests" time="5.687">
    <failure message="Can&apos;t read input file!" type="javax.imageio.IIOException"><![CDATA[javax.imageio.IIOException: Can't read input file!
	at tests.whitePaper.WhitePaperChromeTests.marketPlaceHeaderWhitePaperPage(WhitePaperChromeTests.java:80)
]]></failure>
    <system-out><![CDATA[*** File exists ***
]]></system-out>
  </testcase>
  <testcase name="whitePaperHeaderWhitePaperPage[https://ai-mood.com/en/white-paper, Screenshots/](1)" classname="tests.whitePaper.WhitePaperChromeTests" time="0">
    <skipped message="Can&apos;t read input file!"/>
    <system-out><![CDATA[*** File exists ***
]]></system-out>
  </testcase>
  <testcase name="whitePaperHeaderWhitePaperPage[https://ai-mood.com/en/white-paper, Screenshots/](2)" classname="tests.whitePaper.WhitePaperChromeTests" time="0">
    <skipped message="Can&apos;t read input file!"/>
    <system-out><![CDATA[*** File exists ***
]]></system-out>
  </testcase>
  <testcase name="whitePaperHeaderWhitePaperPage[https://ai-mood.com/en/white-paper, Screenshots/](3)" classname="tests.whitePaper.WhitePaperChromeTests" time="5.685">
    <failure message="Can&apos;t read input file!" type="javax.imageio.IIOException"><![CDATA[javax.imageio.IIOException: Can't read input file!
	at tests.whitePaper.WhitePaperChromeTests.whitePaperHeaderWhitePaperPage(WhitePaperChromeTests.java:98)
]]></failure>
    <system-out><![CDATA[*** File exists ***
]]></system-out>
  </testcase>
  <testcase name="learnHeaderWhitePaperPage[https://ai-mood.com/en/white-paper, Screenshots/](1)" classname="tests.whitePaper.WhitePaperChromeTests" time="6.23">
    <system-out><![CDATA[The two images are similar.
]]></system-out>
  </testcase>
  <testcase name="resourcesHeaderWhitePaperPage[https://ai-mood.com/en/white-paper, Screenshots/](1)" classname="tests.whitePaper.WhitePaperChromeTests" time="6.198">
    <system-out><![CDATA[The two images are similar.
]]></system-out>
  </testcase>
  <testcase name="mainBlockWhitePaperPage[https://ai-mood.com/en/white-paper, Screenshots/](1)" classname="tests.whitePaper.WhitePaperChromeTests" time="6.25">
    <system-out><![CDATA[The two images are similar.
]]></system-out>
  </testcase>
  <testcase name="EweuimtPage[https://ai-mood.com/en/white-paper, Screenshots/](1)" classname="tests.whitePaper.WhitePaperChromeTests" time="6.653">
    <system-out><![CDATA[The two images are similar.
]]></system-out>
  </testcase>
  <testcase name="allFooterWhitePaperPage[https://ai-mood.com/en/white-paper, Screenshots/](1)" classname="tests.whitePaper.WhitePaperChromeTests" time="6.253">
    <system-out><![CDATA[The two images are similar.
]]></system-out>
  </testcase>
  <testcase name="allHeaderWhitePaperPage[https://ai-mood.com/en/white-paper, Screenshots/](1)" classname="tests.whitePaper.WhitePaperFirefoxTests" time="12.515">
    <system-out><![CDATA[The two images are similar.
]]></system-out>
  </testcase>
  <testcase name="getStartedHeaderWhitePaperPage[https://ai-mood.com/en/white-paper, Screenshots/](1)" classname="tests.whitePaper.WhitePaperFirefoxTests" time="6.037">
    <system-out><![CDATA[The two images are similar.
]]></system-out>
  </testcase>
  <testcase name="marketPlaceHeaderWhitePaperPage[https://ai-mood.com/en/white-paper, Screenshots/](1)" classname="tests.whitePaper.WhitePaperFirefoxTests" time="0">
    <skipped message="Can&apos;t read input file!"/>
    <system-out><![CDATA[*** File exists ***
]]></system-out>
  </testcase>
  <testcase name="marketPlaceHeaderWhitePaperPage[https://ai-mood.com/en/white-paper, Screenshots/](2)" classname="tests.whitePaper.WhitePaperFirefoxTests" time="0">
    <skipped message="Can&apos;t read input file!"/>
    <system-out><![CDATA[*** File exists ***
]]></system-out>
  </testcase>
  <testcase name="marketPlaceHeaderWhitePaperPage[https://ai-mood.com/en/white-paper, Screenshots/](3)" classname="tests.whitePaper.WhitePaperFirefoxTests" time="5.457">
    <failure message="Can&apos;t read input file!" type="javax.imageio.IIOException"><![CDATA[javax.imageio.IIOException: Can't read input file!
	at tests.whitePaper.WhitePaperFirefoxTests.marketPlaceHeaderWhitePaperPage(WhitePaperFirefoxTests.java:80)
]]></failure>
    <system-out><![CDATA[*** File exists ***
]]></system-out>
  </testcase>
  <testcase name="whitePaperHeaderWhitePaperPage[https://ai-mood.com/en/white-paper, Screenshots/](1)" classname="tests.whitePaper.WhitePaperFirefoxTests" time="0">
    <skipped message="Can&apos;t read input file!"/>
    <system-out><![CDATA[*** File exists ***
]]></system-out>
  </testcase>
  <testcase name="whitePaperHeaderWhitePaperPage[https://ai-mood.com/en/white-paper, Screenshots/](2)" classname="tests.whitePaper.WhitePaperFirefoxTests" time="0">
    <skipped message="Can&apos;t read input file!"/>
    <system-out><![CDATA[*** File exists ***
]]></system-out>
  </testcase>
  <testcase name="whitePaperHeaderWhitePaperPage[https://ai-mood.com/en/white-paper, Screenshots/](3)" classname="tests.whitePaper.WhitePaperFirefoxTests" time="5.488">
    <failure message="Can&apos;t read input file!" type="javax.imageio.IIOException"><![CDATA[javax.imageio.IIOException: Can't read input file!
	at tests.whitePaper.WhitePaperFirefoxTests.whitePaperHeaderWhitePaperPage(WhitePaperFirefoxTests.java:98)
]]></failure>
    <system-out><![CDATA[*** File exists ***
]]></system-out>
  </testcase>
  <testcase name="learnHeaderWhitePaperPage[https://ai-mood.com/en/white-paper, Screenshots/](1)" classname="tests.whitePaper.WhitePaperFirefoxTests" time="5.925">
    <system-out><![CDATA[The two images are similar.
]]></system-out>
  </testcase>
  <testcase name="resourcesHeaderWhitePaperPage[https://ai-mood.com/en/white-paper, Screenshots/](1)" classname="tests.whitePaper.WhitePaperFirefoxTests" time="5.94">
    <system-out><![CDATA[The two images are similar.
]]></system-out>
  </testcase>
  <testcase name="mainBlockWhitePaperPage[https://ai-mood.com/en/white-paper, Screenshots/](1)" classname="tests.whitePaper.WhitePaperFirefoxTests" time="5.915">
    <system-out><![CDATA[The two images are similar.
]]></system-out>
  </testcase>
  <testcase name="marketTokenWhitePaperPage[https://ai-mood.com/en/white-paper, Screenshots/](1)" classname="tests.whitePaper.WhitePaperFirefoxTests" time="6.219">
    <system-out><![CDATA[The two images are similar.
]]></system-out>
  </testcase>
  <testcase name="allFooterWhitePaperPage[https://ai-mood.com/en/white-paper, Screenshots/](1)" classname="tests.whitePaper.WhitePaperFirefoxTests" time="5.949">
    <system-out><![CDATA[The two images are similar.
]]></system-out>
  </testcase>
  <testcase name="allHeaderWhatIsAimoodPage[https://ai-mood.com/en/what-is-aimood, Screenshots/](1)" classname="tests.WhatIsAimood.WhatIsAimoodChromeTests" time="10.392">
    <system-out><![CDATA[The two images are similar.
]]></system-out>
    <system-err><![CDATA[вер. 12, 2023 1:35:10 ПП org.openqa.selenium.devtools.CdpVersionFinder findNearestMatch
WARNING: Unable to find an exact match for CDP version 116, so returning the closest version found: 115
]]></system-err>
  </testcase>
  <testcase name="getStartedHeaderWhatIsAimoodPage[https://ai-mood.com/en/what-is-aimood, Screenshots/](1)" classname="tests.WhatIsAimood.WhatIsAimoodChromeTests" time="5.377">
    <system-out><![CDATA[The two images are similar.
]]></system-out>
  </testcase>
  <testcase name="learnHeaderWhatIsAimoodPage[https://ai-mood.com/en/what-is-aimood, Screenshots/](1)" classname="tests.WhatIsAimood.WhatIsAimoodChromeTests" time="5.353">
    <system-out><![CDATA[The two images are similar.
]]></system-out>
  </testcase>
  <testcase name="resourcesHeaderWhatIsAimoodPage[https://ai-mood.com/en/what-is-aimood, Screenshots/](1)" classname="tests.WhatIsAimood.WhatIsAimoodChromeTests" time="5.301">
    <system-out><![CDATA[The two images are similar.
]]></system-out>
  </testcase>
  <testcase name="mainBlockWhatIsAimoodPage[https://ai-mood.com/en/what-is-aimood, Screenshots/](1)" classname="tests.WhatIsAimood.WhatIsAimoodChromeTests" time="6.245">
    <system-out><![CDATA[The two images are similar.
]]></system-out>
  </testcase>
  <testcase name="whyChooseWhatIsAimoodPage[https://ai-mood.com/en/what-is-aimood, Screenshots/](1)" classname="tests.WhatIsAimood.WhatIsAimoodChromeTests" time="6.567">
    <system-out><![CDATA[The two images are similar.
]]></system-out>
  </testcase>
  <testcase name="ecosystemWhatIsAimoodPage[https://ai-mood.com/en/what-is-aimood, Screenshots/](1)" classname="tests.WhatIsAimood.WhatIsAimoodChromeTests" time="6.664">
    <system-out><![CDATA[The two images are similar.
]]></system-out>
  </testcase>
  <testcase name="allFooterWhatIsAimoodPage[https://ai-mood.com/en/what-is-aimood, Screenshots/](1)" classname="tests.WhatIsAimood.WhatIsAimoodChromeTests" time="6.287">
    <system-out><![CDATA[The two images are similar.
]]></system-out>
  </testcase>
  <testcase name="allHeaderWhatIsAimoodPage[https://ai-mood.com/en/what-is-aimood, Screenshots/](1)" classname="tests.WhatIsAimood.WhatIsAimoodFirefoxTests" time="15.114">
    <system-out><![CDATA[The two images are similar.
]]></system-out>
  </testcase>
  <testcase name="getStartedHeaderWhatIsAimoodPage[https://ai-mood.com/en/what-is-aimood, Screenshots/](1)" classname="tests.WhatIsAimood.WhatIsAimoodFirefoxTests" time="5.108">
    <system-out><![CDATA[The two images are similar.
]]></system-out>
  </testcase>
  <testcase name="learnHeaderWhatIsAimoodPage[https://ai-mood.com/en/what-is-aimood, Screenshots/](1)" classname="tests.WhatIsAimood.WhatIsAimoodFirefoxTests" time="5.106">
    <system-out><![CDATA[The two images are similar.
]]></system-out>
  </testcase>
  <testcase name="resourcesHeaderWhatIsAimoodPage[https://ai-mood.com/en/what-is-aimood, Screenshots/](1)" classname="tests.WhatIsAimood.WhatIsAimoodFirefoxTests" time="5.161">
    <system-out><![CDATA[The two images are similar.
]]></system-out>
  </testcase>
  <testcase name="mainBlockWhatIsAimoodPage[https://ai-mood.com/en/what-is-aimood, Screenshots/](1)" classname="tests.WhatIsAimood.WhatIsAimoodFirefoxTests" time="5.961">
    <system-out><![CDATA[The two images are similar.
]]></system-out>
  </testcase>
  <testcase name="whyChooseWhatIsAimoodPage[https://ai-mood.com/en/what-is-aimood, Screenshots/](1)" classname="tests.WhatIsAimood.WhatIsAimoodFirefoxTests" time="6.201">
    <system-out><![CDATA[The two images are similar.
]]></system-out>
  </testcase>
  <testcase name="ecosystemWhatIsAimoodPage[https://ai-mood.com/en/what-is-aimood, Screenshots/](1)" classname="tests.WhatIsAimood.WhatIsAimoodFirefoxTests" time="6.277">
    <system-out><![CDATA[The two images are similar.
]]></system-out>
  </testcase>
  <testcase name="allFooterWhatIsAimoodPage[https://ai-mood.com/en/what-is-aimood, Screenshots/](1)" classname="tests.WhatIsAimood.WhatIsAimoodFirefoxTests" time="5.939">
    <system-out><![CDATA[The two images are similar.
]]></system-out>
  </testcase>
  <testcase name="allHeaderResetPasswordPage[https://ai-mood.com/en/reset-password-1, Screenshots/](1)" classname="tests.resetPasswordPageTests.AllPageFirefoxTests" time="10.23">
    <system-out><![CDATA[The two images are similar.
]]></system-out>
  </testcase>
  <testcase name="getStartedHeaderResetPasswordPage[https://ai-mood.com/en/reset-password-1, Screenshots/](1)" classname="tests.resetPasswordPageTests.AllPageFirefoxTests" time="5.117">
    <system-out><![CDATA[The two images are similar.
]]></system-out>
  </testcase>
  <testcase name="learnHeaderResetPasswordPage[https://ai-mood.com/en/reset-password-1, Screenshots/](1)" classname="tests.resetPasswordPageTests.AllPageFirefoxTests" time="5.095">
    <system-out><![CDATA[The two images are similar.
]]></system-out>
  </testcase>
  <testcase name="resourcesHeaderResetPasswordPage[https://ai-mood.com/en/reset-password-1, Screenshots/](1)" classname="tests.resetPasswordPageTests.AllPageFirefoxTests" time="5.09">
    <system-out><![CDATA[The two images are similar.
]]></system-out>
  </testcase>
  <testcase name="mainSectionResetPasswordPage[https://ai-mood.com/en/reset-password-1, Screenshots/](1)" classname="tests.resetPasswordPageTests.AllPageFirefoxTests" time="0">
    <skipped message="*** Images are not similar *** expected [true] but found [false]"/>
    <system-out><![CDATA[The two images are not similar.
Difference found. See the file D:\jenkins-agent-data\workspace\pixelPerfectMultiPlatform_AI_Mood_Prod\Screenshots\ResetPassword_page\EnFirefox\Screenshots_mainSectionResetPasswordPage\difference.png for details.
]]></system-out>
  </testcase>
  <testcase name="mainSectionResetPasswordPage[https://ai-mood.com/en/reset-password-1, Screenshots/](2)" classname="tests.resetPasswordPageTests.AllPageFirefoxTests" time="0">
    <skipped message="*** Images are not similar *** expected [true] but found [false]"/>
    <system-out><![CDATA[The two images are not similar.
Difference found. See the file D:\jenkins-agent-data\workspace\pixelPerfectMultiPlatform_AI_Mood_Prod\Screenshots\ResetPassword_page\EnFirefox\Screenshots_mainSectionResetPasswordPage\difference.png for details.
]]></system-out>
  </testcase>
  <testcase name="mainSectionResetPasswordPage[https://ai-mood.com/en/reset-password-1, Screenshots/](3)" classname="tests.resetPasswordPageTests.AllPageFirefoxTests" time="6.637">
    <failure message="*** Images are not similar *** expected [true] but found [false]" type="java.lang.AssertionError"><![CDATA[java.lang.AssertionError: *** Images are not similar *** expected [true] but found [false]
	at tests.resetPasswordPageTests.AllPageFirefoxTests.mainSectionResetPasswordPage(AllPageFirefoxTests.java:115)
]]></failure>
    <system-out><![CDATA[The two images are not similar.
Difference found. See the file D:\jenkins-agent-data\workspace\pixelPerfectMultiPlatform_AI_Mood_Prod\Screenshots\ResetPassword_page\EnFirefox\Screenshots_mainSectionResetPasswordPage\difference.png for details.
]]></system-out>
  </testcase>
  <testcase name="allFooterResetPasswordPage[https://ai-mood.com/en/reset-password-1, Screenshots/](1)" classname="tests.resetPasswordPageTests.AllPageFirefoxTests" time="5.967">
    <system-out><![CDATA[The two images are similar.
]]></system-out>
  </testcase>
  <testcase name="allHeaderResetPasswordPage[https://ai-mood.com/en/reset-password-1, Screenshots/](1)" classname="tests.resetPasswordPageTests.AllPageChromeTests" time="10.715">
    <system-out><![CDATA[The two images are similar.
]]></system-out>
    <system-err><![CDATA[вер. 12, 2023 1:37:59 ПП org.openqa.selenium.devtools.CdpVersionFinder findNearestMatch
WARNING: Unable to find an exact match for CDP version 116, so returning the closest version found: 115
]]></system-err>
  </testcase>
  <testcase name="getStartedHeaderResetPasswordPage[https://ai-mood.com/en/reset-password-1, Screenshots/](1)" classname="tests.resetPasswordPageTests.AllPageChromeTests" time="5.347">
    <system-out><![CDATA[The two images are similar.
]]></system-out>
  </testcase>
  <testcase name="learnHeaderResetPasswordPage[https://ai-mood.com/en/reset-password-1, Screenshots/](1)" classname="tests.resetPasswordPageTests.AllPageChromeTests" time="5.314">
    <system-out><![CDATA[The two images are similar.
]]></system-out>
  </testcase>
  <testcase name="resourcesHeaderResetPasswordPage[https://ai-mood.com/en/reset-password-1, Screenshots/](1)" classname="tests.resetPasswordPageTests.AllPageChromeTests" time="5.29">
    <system-out><![CDATA[The two images are similar.
]]></system-out>
  </testcase>
  <testcase name="mainSectionResetPasswordPage[https://ai-mood.com/en/reset-password-1, Screenshots/](1)" classname="tests.resetPasswordPageTests.AllPageChromeTests" time="7.163">
    <system-out><![CDATA[The two images are similar.
]]></system-out>
  </testcase>
  <testcase name="allFooterResetPasswordPage[https://ai-mood.com/en/reset-password-1, Screenshots/](1)" classname="tests.resetPasswordPageTests.AllPageChromeTests" time="6.208">
    <system-out><![CDATA[The two images are similar.
]]></system-out>
  </testcase>
  <testcase name="allHeaderResetPasswordPage2[https://ai-mood.com/en/reset-password-2, Screenshots/](1)" classname="tests.resetPasswordPage2Tests.AllPageFirefoxTests" time="11.646">
    <system-out><![CDATA[The two images are similar.
]]></system-out>
  </testcase>
  <testcase name="getStartedHeaderResetPasswordPage2[https://ai-mood.com/en/reset-password-2, Screenshots/](1)" classname="tests.resetPasswordPage2Tests.AllPageFirefoxTests" time="5.089">
    <system-out><![CDATA[The two images are similar.
]]></system-out>
  </testcase>
  <testcase name="learnHeaderResetPasswordPage2[https://ai-mood.com/en/reset-password-2, Screenshots/](1)" classname="tests.resetPasswordPage2Tests.AllPageFirefoxTests" time="5.099">
    <system-out><![CDATA[The two images are similar.
]]></system-out>
  </testcase>
  <testcase name="resourcesHeaderResetPasswordPage2[https://ai-mood.com/en/reset-password-2, Screenshots/](1)" classname="tests.resetPasswordPage2Tests.AllPageFirefoxTests" time="15.175">
    <system-out><![CDATA[The two images are similar.
]]></system-out>
  </testcase>
  <testcase name="mainSectionResetPasswordPage2[https://ai-mood.com/en/reset-password-2, Screenshots/](1)" classname="tests.resetPasswordPage2Tests.AllPageFirefoxTests" time="0">
    <skipped message="*** Images are not similar *** expected [true] but found [false]"/>
    <system-out><![CDATA[The two images are not similar.
Difference found. See the file D:\jenkins-agent-data\workspace\pixelPerfectMultiPlatform_AI_Mood_Prod\Screenshots\ResetPassword_page_2\EnFirefox\Screenshots_mainSectionResetPasswordPage2\difference.png for details.
]]></system-out>
  </testcase>
  <testcase name="mainSectionResetPasswordPage2[https://ai-mood.com/en/reset-password-2, Screenshots/](2)" classname="tests.resetPasswordPage2Tests.AllPageFirefoxTests" time="6.984">
    <system-out><![CDATA[The two images are similar.
]]></system-out>
  </testcase>
  <testcase name="allFooterResetPasswordPage2[https://ai-mood.com/en/reset-password-2, Screenshots/](1)" classname="tests.resetPasswordPage2Tests.AllPageFirefoxTests" time="5.965">
    <system-out><![CDATA[The two images are similar.
]]></system-out>
  </testcase>
  <testcase name="allHeaderResetPasswordPage2[https://ai-mood.com/en/reset-password-2, Screenshots/](1)" classname="tests.resetPasswordPage2Tests.AllPageChromeTests" time="8.713">
    <system-out><![CDATA[The two images are similar.
]]></system-out>
    <system-err><![CDATA[вер. 12, 2023 1:39:41 ПП org.openqa.selenium.devtools.CdpVersionFinder findNearestMatch
WARNING: Unable to find an exact match for CDP version 116, so returning the closest version found: 115
]]></system-err>
  </testcase>
  <testcase name="getStartedHeaderResetPasswordPage2[https://ai-mood.com/en/reset-password-2, Screenshots/](1)" classname="tests.resetPasswordPage2Tests.AllPageChromeTests" time="5.317">
    <system-out><![CDATA[The two images are similar.
]]></system-out>
  </testcase>
  <testcase name="learnHeaderResetPasswordPage2[https://ai-mood.com/en/reset-password-2, Screenshots/](1)" classname="tests.resetPasswordPage2Tests.AllPageChromeTests" time="5.267">
    <system-out><![CDATA[The two images are similar.
]]></system-out>
  </testcase>
  <testcase name="resourcesHeaderResetPasswordPage2[https://ai-mood.com/en/reset-password-2, Screenshots/](1)" classname="tests.resetPasswordPage2Tests.AllPageChromeTests" time="5.266">
    <system-out><![CDATA[The two images are similar.
]]></system-out>
  </testcase>
  <testcase name="mainSectionResetPasswordPage2[https://ai-mood.com/en/reset-password-2, Screenshots/](1)" classname="tests.resetPasswordPage2Tests.AllPageChromeTests" time="0">
    <skipped message="*** Images are not similar *** expected [true] but found [false]"/>
    <system-out><![CDATA[The two images are not similar.
Difference found. See the file D:\jenkins-agent-data\workspace\pixelPerfectMultiPlatform_AI_Mood_Prod\Screenshots\ResetPassword_page_2\EnChrome\Screenshots_mainSectionResetPasswordPage2\difference.png for details.
]]></system-out>
  </testcase>
  <testcase name="mainSectionResetPasswordPage2[https://ai-mood.com/en/reset-password-2, Screenshots/](2)" classname="tests.resetPasswordPage2Tests.AllPageChromeTests" time="7.21">
    <system-out><![CDATA[The two images are similar.
]]></system-out>
  </testcase>
  <testcase name="allFooterResetPasswordPage2[https://ai-mood.com/en/reset-password-2, Screenshots/](1)" classname="tests.resetPasswordPage2Tests.AllPageChromeTests" time="6.211">
    <system-out><![CDATA[The two images are similar.
]]></system-out>
  </testcase>
  <testcase name="allHeaderSignInPage[https://ai-mood.com/en/login, Screenshots/](1)" classname="tests.signInPageTests.AllPageFirefoxTests" time="9.247">
    <system-out><![CDATA[The two images are similar.
]]></system-out>
  </testcase>
  <testcase name="getStartedHeaderSignInPage[https://ai-mood.com/en/login, Screenshots/](1)" classname="tests.signInPageTests.AllPageFirefoxTests" time="5.089">
    <system-out><![CDATA[The two images are similar.
]]></system-out>
  </testcase>
  <testcase name="learnHeaderSignInPage[https://ai-mood.com/en/login, Screenshots/](1)" classname="tests.signInPageTests.AllPageFirefoxTests" time="5.128">
    <system-out><![CDATA[The two images are similar.
]]></system-out>
  </testcase>
  <testcase name="resourcesHeaderSignInPage[https://ai-mood.com/en/login, Screenshots/](1)" classname="tests.signInPageTests.AllPageFirefoxTests" time="5.147">
    <system-out><![CDATA[The two images are similar.
]]></system-out>
  </testcase>
  <testcase name="mainSectionSignInPage[https://ai-mood.com/en/login, Screenshots/](1)" classname="tests.signInPageTests.AllPageFirefoxTests" time="6.937">
    <system-out><![CDATA[The two images are similar.
]]></system-out>
  </testcase>
  <testcase name="allFooterSignInPage[https://ai-mood.com/en/login, Screenshots/](1)" classname="tests.signInPageTests.AllPageFirefoxTests" time="5.955">
    <system-out><![CDATA[The two images are similar.
]]></system-out>
  </testcase>
  <testcase name="allHeaderSignInPage[https://ai-mood.com/en/login, Screenshots/](1)" classname="tests.signInPageTests.AllPageChromeTests" time="37.181">
    <system-out><![CDATA[The two images are similar.
]]></system-out>
    <system-err><![CDATA[вер. 12, 2023 1:41:08 ПП org.openqa.selenium.devtools.CdpVersionFinder findNearestMatch
WARNING: Unable to find an exact match for CDP version 116, so returning the closest version found: 115
]]></system-err>
  </testcase>
  <testcase name="getStartedHeaderSignInPage[https://ai-mood.com/en/login, Screenshots/](1)" classname="tests.signInPageTests.AllPageChromeTests" time="5.334">
    <system-out><![CDATA[The two images are similar.
]]></system-out>
  </testcase>
  <testcase name="learnHeaderSignInPage[https://ai-mood.com/en/login, Screenshots/](1)" classname="tests.signInPageTests.AllPageChromeTests" time="5.265">
    <system-out><![CDATA[The two images are similar.
]]></system-out>
  </testcase>
  <testcase name="resourcesHeaderSignInPage[https://ai-mood.com/en/login, Screenshots/](1)" classname="tests.signInPageTests.AllPageChromeTests" time="5.284">
    <system-out><![CDATA[The two images are similar.
]]></system-out>
  </testcase>
  <testcase name="mainSectionSignInPage[https://ai-mood.com/en/login, Screenshots/](1)" classname="tests.signInPageTests.AllPageChromeTests" time="7.216">
    <system-out><![CDATA[The two images are similar.
]]></system-out>
  </testcase>
  <testcase name="allFooterSignInPage[https://ai-mood.com/en/login, Screenshots/](1)" classname="tests.signInPageTests.AllPageChromeTests" time="6.325">
    <system-out><![CDATA[The two images are similar.
]]></system-out>
  </testcase>
  <testcase name="allHeaderSignUpPage[https://ai-mood.com/en/register, Screenshots/](1)" classname="tests.signUpPageTests.AllPageFirefoxTests" time="10.884">
    <system-out><![CDATA[The two images are similar.
]]></system-out>
  </testcase>
  <testcase name="getStartedHeaderSignUpPage[https://ai-mood.com/en/register, Screenshots/](1)" classname="tests.signUpPageTests.AllPageFirefoxTests" time="5.117">
    <system-out><![CDATA[The two images are similar.
]]></system-out>
  </testcase>
  <testcase name="learnHeaderSignUpPage[https://ai-mood.com/en/register, Screenshots/](1)" classname="tests.signUpPageTests.AllPageFirefoxTests" time="5.102">
    <system-out><![CDATA[The two images are similar.
]]></system-out>
  </testcase>
  <testcase name="resourcesHeaderSignUpPage[https://ai-mood.com/en/register, Screenshots/](1)" classname="tests.signUpPageTests.AllPageFirefoxTests" time="5.146">
    <system-out><![CDATA[The two images are similar.
]]></system-out>
  </testcase>
  <testcase name="mainSectionSignUpPage[https://ai-mood.com/en/register, Screenshots/](1)" classname="tests.signUpPageTests.AllPageFirefoxTests" time="6.904">
    <system-out><![CDATA[The two images are similar.
]]></system-out>
  </testcase>
  <testcase name="allFooterSignUpPage[https://ai-mood.com/en/register, Screenshots/](1)" classname="tests.signUpPageTests.AllPageFirefoxTests" time="6.024">
    <system-out><![CDATA[The two images are similar.
]]></system-out>
  </testcase>
  <testcase name="allHeaderSignUpPage[https://ai-mood.com/en/register, Screenshots/](1)" classname="tests.signUpPageTests.AllPageChromeTests" time="10.398">
    <system-out><![CDATA[The two images are similar.
]]></system-out>
    <system-err><![CDATA[вер. 12, 2023 1:42:59 ПП org.openqa.selenium.devtools.CdpVersionFinder findNearestMatch
WARNING: Unable to find an exact match for CDP version 116, so returning the closest version found: 115
]]></system-err>
  </testcase>
  <testcase name="getStartedHeaderSignUpPage[https://ai-mood.com/en/register, Screenshots/](1)" classname="tests.signUpPageTests.AllPageChromeTests" time="5.366">
    <system-out><![CDATA[The two images are similar.
]]></system-out>
  </testcase>
  <testcase name="learnHeaderSignUpPage[https://ai-mood.com/en/register, Screenshots/](1)" classname="tests.signUpPageTests.AllPageChromeTests" time="5.25">
    <system-out><![CDATA[The two images are similar.
]]></system-out>
  </testcase>
  <testcase name="resourcesHeaderSignUpPage[https://ai-mood.com/en/register, Screenshots/](1)" classname="tests.signUpPageTests.AllPageChromeTests" time="5.25">
    <system-out><![CDATA[The two images are similar.
]]></system-out>
  </testcase>
  <testcase name="mainSectionSignUpPage[https://ai-mood.com/en/register, Screenshots/](1)" classname="tests.signUpPageTests.AllPageChromeTests" time="0">
    <skipped message="*** Images are not similar *** expected [true] but found [false]"/>
    <system-out><![CDATA[The two images are not similar.
Difference found. See the file D:\jenkins-agent-data\workspace\pixelPerfectMultiPlatform_AI_Mood_Prod\Screenshots\SignUp_page\EnChrome\Screenshots_mainSectionSignUpPage\difference.png for details.
]]></system-out>
  </testcase>
  <testcase name="mainSectionSignUpPage[https://ai-mood.com/en/register, Screenshots/](2)" classname="tests.signUpPageTests.AllPageChromeTests" time="0">
    <skipped message="*** Images are not similar *** expected [true] but found [false]"/>
    <system-out><![CDATA[The two images are not similar.
Difference found. See the file D:\jenkins-agent-data\workspace\pixelPerfectMultiPlatform_AI_Mood_Prod\Screenshots\SignUp_page\EnChrome\Screenshots_mainSectionSignUpPage\difference.png for details.
]]></system-out>
  </testcase>
  <testcase name="mainSectionSignUpPage[https://ai-mood.com/en/register, Screenshots/](3)" classname="tests.signUpPageTests.AllPageChromeTests" time="7.2">
    <system-out><![CDATA[The two images are similar.
]]></system-out>
  </testcase>
  <testcase name="allFooterSignUpPage[https://ai-mood.com/en/register, Screenshots/](1)" classname="tests.signUpPageTests.AllPageChromeTests" time="6.236">
    <system-out><![CDATA[The two images are similar.
]]></system-out>
  </testcase>
</testsuite>