<?xml version="1.0" encoding="UTF-8"?>
<testsuite xmlns:xsi="http://www.w3.org/2001/XMLSchema-instance" xsi:noNamespaceSchemaLocation="https://maven.apache.org/surefire/maven-surefire-plugin/xsd/surefire-test-report-3.0.xsd" version="3.0" name="TestSuite" time="1,386.636" tests="191" errors="0" skipped="5" failures="1">
  <properties>
    <property name="sun.desktop" value="windows"/>
    <property name="awt.toolkit" value="sun.awt.windows.WToolkit"/>
    <property name="java.specification.version" value="11"/>
    <property name="webdriver.chrome.driver" value="C:\Users\admin\.cache\selenium\chromedriver\win64\116.0.5845.96\chromedriver.exe"/>
    <property name="sun.cpu.isalist" value="amd64"/>
    <property name="sun.jnu.encoding" value="Cp1251"/>
    <property name="java.class.path" value="D:\jenkins-agent-data\workspace\pixelPerfectMultiPlatform_AI_Mood_St1\target\test-classes;D:\jenkins-agent-data\workspace\pixelPerfectMultiPlatform_AI_Mood_St1\target\classes;C:\Users\admin\.m2\repository\org\seleniumhq\selenium\selenium-java\4.11.0\selenium-java-4.11.0.jar;C:\Users\admin\.m2\repository\org\seleniumhq\selenium\selenium-api\4.11.0\selenium-api-4.11.0.jar;C:\Users\admin\.m2\repository\org\seleniumhq\selenium\selenium-chrome-driver\4.11.0\selenium-chrome-driver-4.11.0.jar;C:\Users\admin\.m2\repository\com\google\auto\service\auto-service-annotations\1.0.1\auto-service-annotations-1.0.1.jar;C:\Users\admin\.m2\repository\com\google\guava\guava\31.1-jre\guava-31.1-jre.jar;C:\Users\admin\.m2\repository\com\google\guava\failureaccess\1.0.1\failureaccess-1.0.1.jar;C:\Users\admin\.m2\repository\com\google\guava\listenablefuture\9999.0-empty-to-avoid-conflict-with-guava\listenablefuture-9999.0-empty-to-avoid-conflict-with-guava.jar;C:\Users\admin\.m2\repository\com\google\code\findbugs\jsr305\3.0.2\jsr305-3.0.2.jar;C:\Users\admin\.m2\repository\org\checkerframework\checker-qual\3.12.0\checker-qual-3.12.0.jar;C:\Users\admin\.m2\repository\com\google\errorprone\error_prone_annotations\2.11.0\error_prone_annotations-2.11.0.jar;C:\Users\admin\.m2\repository\com\google\j2objc\j2objc-annotations\1.3\j2objc-annotations-1.3.jar;C:\Users\admin\.m2\repository\org\seleniumhq\selenium\selenium-chromium-driver\4.11.0\selenium-chromium-driver-4.11.0.jar;C:\Users\admin\.m2\repository\org\seleniumhq\selenium\selenium-json\4.11.0\selenium-json-4.11.0.jar;C:\Users\admin\.m2\repository\org\seleniumhq\selenium\selenium-manager\4.11.0\selenium-manager-4.11.0.jar;C:\Users\admin\.m2\repository\org\seleniumhq\selenium\selenium-devtools-v113\4.11.0\selenium-devtools-v113-4.11.0.jar;C:\Users\admin\.m2\repository\org\seleniumhq\selenium\selenium-devtools-v114\4.11.0\selenium-devtools-v114-4.11.0.jar;C:\Users\admin\.m2\repository\org\seleniumhq\selenium\selenium-devtools-v115\4.11.0\selenium-devtools-v115-4.11.0.jar;C:\Users\admin\.m2\repository\org\seleniumhq\selenium\selenium-devtools-v85\4.11.0\selenium-devtools-v85-4.11.0.jar;C:\Users\admin\.m2\repository\org\seleniumhq\selenium\selenium-edge-driver\4.11.0\selenium-edge-driver-4.11.0.jar;C:\Users\admin\.m2\repository\org\seleniumhq\selenium\selenium-firefox-driver\4.11.0\selenium-firefox-driver-4.11.0.jar;C:\Users\admin\.m2\repository\org\seleniumhq\selenium\selenium-http\4.11.0\selenium-http-4.11.0.jar;C:\Users\admin\.m2\repository\dev\failsafe\failsafe\3.3.1\failsafe-3.3.1.jar;C:\Users\admin\.m2\repository\org\seleniumhq\selenium\selenium-ie-driver\4.11.0\selenium-ie-driver-4.11.0.jar;C:\Users\admin\.m2\repository\org\seleniumhq\selenium\selenium-remote-driver\4.11.0\selenium-remote-driver-4.11.0.jar;C:\Users\admin\.m2\repository\io\netty\netty-buffer\4.1.92.Final\netty-buffer-4.1.92.Final.jar;C:\Users\admin\.m2\repository\io\netty\netty-codec-http\4.1.92.Final\netty-codec-http-4.1.92.Final.jar;C:\Users\admin\.m2\repository\io\netty\netty-codec\4.1.92.Final\netty-codec-4.1.92.Final.jar;C:\Users\admin\.m2\repository\io\netty\netty-handler\4.1.92.Final\netty-handler-4.1.92.Final.jar;C:\Users\admin\.m2\repository\io\netty\netty-common\4.1.92.Final\netty-common-4.1.92.Final.jar;C:\Users\admin\.m2\repository\io\netty\netty-transport-classes-epoll\4.1.92.Final\netty-transport-classes-epoll-4.1.92.Final.jar;C:\Users\admin\.m2\repository\io\netty\netty-transport-classes-kqueue\4.1.92.Final\netty-transport-classes-kqueue-4.1.92.Final.jar;C:\Users\admin\.m2\repository\io\netty\netty-transport-native-epoll\4.1.92.Final\netty-transport-native-epoll-4.1.92.Final.jar;C:\Users\admin\.m2\repository\io\netty\netty-transport-native-kqueue\4.1.92.Final\netty-transport-native-kqueue-4.1.92.Final.jar;C:\Users\admin\.m2\repository\io\netty\netty-transport-native-unix-common\4.1.92.Final\netty-transport-native-unix-common-4.1.92.Final.jar;C:\Users\admin\.m2\repository\io\netty\netty-transport\4.1.92.Final\netty-transport-4.1.92.Final.jar;C:\Users\admin\.m2\repository\io\netty\netty-resolver\4.1.92.Final\netty-resolver-4.1.92.Final.jar;C:\Users\admin\.m2\repository\io\opentelemetry\opentelemetry-api\1.26.0\opentelemetry-api-1.26.0.jar;C:\Users\admin\.m2\repository\io\opentelemetry\opentelemetry-context\1.26.0\opentelemetry-context-1.26.0.jar;C:\Users\admin\.m2\repository\io\opentelemetry\opentelemetry-exporter-logging\1.26.0\opentelemetry-exporter-logging-1.26.0.jar;C:\Users\admin\.m2\repository\io\opentelemetry\opentelemetry-sdk-metrics\1.26.0\opentelemetry-sdk-metrics-1.26.0.jar;C:\Users\admin\.m2\repository\io\opentelemetry\opentelemetry-extension-incubator\1.26.0-alpha\opentelemetry-extension-incubator-1.26.0-alpha.jar;C:\Users\admin\.m2\repository\io\opentelemetry\opentelemetry-sdk-logs\1.26.0-alpha\opentelemetry-sdk-logs-1.26.0-alpha.jar;C:\Users\admin\.m2\repository\io\opentelemetry\opentelemetry-api-logs\1.26.0-alpha\opentelemetry-api-logs-1.26.0-alpha.jar;C:\Users\admin\.m2\repository\io\opentelemetry\opentelemetry-api-events\1.26.0-alpha\opentelemetry-api-events-1.26.0-alpha.jar;C:\Users\admin\.m2\repository\io\opentelemetry\opentelemetry-sdk-common\1.26.0\opentelemetry-sdk-common-1.26.0.jar;C:\Users\admin\.m2\repository\io\opentelemetry\opentelemetry-sdk-extension-autoconfigure-spi\1.26.0\opentelemetry-sdk-extension-autoconfigure-spi-1.26.0.jar;C:\Users\admin\.m2\repository\io\opentelemetry\opentelemetry-sdk-extension-autoconfigure\1.26.0-alpha\opentelemetry-sdk-extension-autoconfigure-1.26.0-alpha.jar;C:\Users\admin\.m2\repository\io\opentelemetry\opentelemetry-sdk-trace\1.26.0\opentelemetry-sdk-trace-1.26.0.jar;C:\Users\admin\.m2\repository\io\opentelemetry\opentelemetry-sdk\1.26.0\opentelemetry-sdk-1.26.0.jar;C:\Users\admin\.m2\repository\io\opentelemetry\opentelemetry-semconv\1.26.0-alpha\opentelemetry-semconv-1.26.0-alpha.jar;C:\Users\admin\.m2\repository\net\bytebuddy\byte-buddy\1.14.4\byte-buddy-1.14.4.jar;C:\Users\admin\.m2\repository\org\apache\commons\commons-exec\1.3\commons-exec-1.3.jar;C:\Users\admin\.m2\repository\org\asynchttpclient\async-http-client\2.12.3\async-http-client-2.12.3.jar;C:\Users\admin\.m2\repository\org\asynchttpclient\async-http-client-netty-utils\2.12.3\async-http-client-netty-utils-2.12.3.jar;C:\Users\admin\.m2\repository\io\netty\netty-codec-socks\4.1.60.Final\netty-codec-socks-4.1.60.Final.jar;C:\Users\admin\.m2\repository\io\netty\netty-handler-proxy\4.1.60.Final\netty-handler-proxy-4.1.60.Final.jar;C:\Users\admin\.m2\repository\io\netty\netty-transport-native-epoll\4.1.60.Final\netty-transport-native-epoll-4.1.60.Final-linux-x86_64.jar;C:\Users\admin\.m2\repository\io\netty\netty-transport-native-kqueue\4.1.60.Final\netty-transport-native-kqueue-4.1.60.Final-osx-x86_64.jar;C:\Users\admin\.m2\repository\org\reactivestreams\reactive-streams\1.0.3\reactive-streams-1.0.3.jar;C:\Users\admin\.m2\repository\com\typesafe\netty\netty-reactive-streams\2.0.4\netty-reactive-streams-2.0.4.jar;C:\Users\admin\.m2\repository\com\sun\activation\jakarta.activation\1.2.2\jakarta.activation-1.2.2.jar;C:\Users\admin\.m2\repository\org\seleniumhq\selenium\selenium-safari-driver\4.11.0\selenium-safari-driver-4.11.0.jar;C:\Users\admin\.m2\repository\org\seleniumhq\selenium\selenium-support\4.11.0\selenium-support-4.11.0.jar;C:\Users\admin\.m2\repository\org\testng\testng\7.8.0\testng-7.8.0.jar;C:\Users\admin\.m2\repository\org\slf4j\slf4j-api\1.7.36\slf4j-api-1.7.36.jar;C:\Users\admin\.m2\repository\com\beust\jcommander\1.82\jcommander-1.82.jar;C:\Users\admin\.m2\repository\org\webjars\jquery\3.6.1\jquery-3.6.1.jar;C:\Users\admin\.m2\repository\io\github\bonigarcia\webdrivermanager\5.4.1\webdrivermanager-5.4.1.jar;C:\Users\admin\.m2\repository\com\google\code\gson\gson\2.10.1\gson-2.10.1.jar;C:\Users\admin\.m2\repository\com\github\docker-java\docker-java\3.3.2\docker-java-3.3.2.jar;C:\Users\admin\.m2\repository\com\github\docker-java\docker-java-core\3.3.2\docker-java-core-3.3.2.jar;C:\Users\admin\.m2\repository\com\github\docker-java\docker-java-api\3.3.2\docker-java-api-3.3.2.jar;C:\Users\admin\.m2\repository\com\fasterxml\jackson\core\jackson-annotations\2.10.3\jackson-annotations-2.10.3.jar;C:\Users\admin\.m2\repository\commons-io\commons-io\2.6\commons-io-2.6.jar;C:\Users\admin\.m2\repository\org\apache\commons\commons-compress\1.21\commons-compress-1.21.jar;C:\Users\admin\.m2\repository\com\fasterxml\jackson\core\jackson-databind\2.10.3\jackson-databind-2.10.3.jar;C:\Users\admin\.m2\repository\com\fasterxml\jackson\core\jackson-core\2.10.3\jackson-core-2.10.3.jar;C:\Users\admin\.m2\repository\org\bouncycastle\bcpkix-jdk15on\1.64\bcpkix-jdk15on-1.64.jar;C:\Users\admin\.m2\repository\org\bouncycastle\bcprov-jdk15on\1.64\bcprov-jdk15on-1.64.jar;C:\Users\admin\.m2\repository\org\slf4j\jcl-over-slf4j\1.7.30\jcl-over-slf4j-1.7.30.jar;C:\Users\admin\.m2\repository\com\github\docker-java\docker-java-transport-httpclient5\3.3.2\docker-java-transport-httpclient5-3.3.2.jar;C:\Users\admin\.m2\repository\com\github\docker-java\docker-java-transport\3.3.2\docker-java-transport-3.3.2.jar;C:\Users\admin\.m2\repository\net\java\dev\jna\jna\5.12.1\jna-5.12.1.jar;C:\Users\admin\.m2\repository\org\brotli\dec\0.1.2\dec-0.1.2.jar;C:\Users\admin\.m2\repository\org\apache\commons\commons-lang3\3.12.0\commons-lang3-3.12.0.jar;C:\Users\admin\.m2\repository\org\apache\httpcomponents\client5\httpclient5\5.2.1\httpclient5-5.2.1.jar;C:\Users\admin\.m2\repository\org\apache\httpcomponents\core5\httpcore5\5.2\httpcore5-5.2.jar;C:\Users\admin\.m2\repository\org\apache\httpcomponents\core5\httpcore5-h2\5.2\httpcore5-h2-5.2.jar;C:\Users\admin\.m2\repository\org\jetbrains\annotations\23.1.0\annotations-23.1.0.jar;"/>
    <property name="java.vm.vendor" value="Oracle Corporation"/>
    <property name="sun.arch.data.model" value="64"/>
    <property name="user.variant" value=""/>
    <property name="java.vendor.url" value="http://java.oracle.com/"/>
    <property name="user.timezone" value="Europe/Helsinki"/>
    <property name="java.vm.specification.version" value="11"/>
    <property name="os.name" value="Windows 10"/>
    <property name="sun.java.launcher" value="SUN_STANDARD"/>
    <property name="user.country" value="UA"/>
    <property name="sun.boot.library.path" value="C:\Program Files\Java\jdk-11.0.2\bin"/>
    <property name="sun.java.command" value="C:\Users\admin\AppData\Local\Temp\surefire14275521831513720049\surefirebooter3344381776087683859.jar C:\Users\admin\AppData\Local\Temp\surefire14275521831513720049 2023-09-12T10-47-40_359-jvmRun1 surefire711732348384360613tmp surefire_06663034258612504706tmp"/>
    <property name="jdk.debug" value="release"/>
    <property name="surefire.test.class.path" value="D:\jenkins-agent-data\workspace\pixelPerfectMultiPlatform_AI_Mood_St1\target\test-classes;D:\jenkins-agent-data\workspace\pixelPerfectMultiPlatform_AI_Mood_St1\target\classes;C:\Users\admin\.m2\repository\org\seleniumhq\selenium\selenium-java\4.11.0\selenium-java-4.11.0.jar;C:\Users\admin\.m2\repository\org\seleniumhq\selenium\selenium-api\4.11.0\selenium-api-4.11.0.jar;C:\Users\admin\.m2\repository\org\seleniumhq\selenium\selenium-chrome-driver\4.11.0\selenium-chrome-driver-4.11.0.jar;C:\Users\admin\.m2\repository\com\google\auto\service\auto-service-annotations\1.0.1\auto-service-annotations-1.0.1.jar;C:\Users\admin\.m2\repository\com\google\guava\guava\31.1-jre\guava-31.1-jre.jar;C:\Users\admin\.m2\repository\com\google\guava\failureaccess\1.0.1\failureaccess-1.0.1.jar;C:\Users\admin\.m2\repository\com\google\guava\listenablefuture\9999.0-empty-to-avoid-conflict-with-guava\listenablefuture-9999.0-empty-to-avoid-conflict-with-guava.jar;C:\Users\admin\.m2\repository\com\google\code\findbugs\jsr305\3.0.2\jsr305-3.0.2.jar;C:\Users\admin\.m2\repository\org\checkerframework\checker-qual\3.12.0\checker-qual-3.12.0.jar;C:\Users\admin\.m2\repository\com\google\errorprone\error_prone_annotations\2.11.0\error_prone_annotations-2.11.0.jar;C:\Users\admin\.m2\repository\com\google\j2objc\j2objc-annotations\1.3\j2objc-annotations-1.3.jar;C:\Users\admin\.m2\repository\org\seleniumhq\selenium\selenium-chromium-driver\4.11.0\selenium-chromium-driver-4.11.0.jar;C:\Users\admin\.m2\repository\org\seleniumhq\selenium\selenium-json\4.11.0\selenium-json-4.11.0.jar;C:\Users\admin\.m2\repository\org\seleniumhq\selenium\selenium-manager\4.11.0\selenium-manager-4.11.0.jar;C:\Users\admin\.m2\repository\org\seleniumhq\selenium\selenium-devtools-v113\4.11.0\selenium-devtools-v113-4.11.0.jar;C:\Users\admin\.m2\repository\org\seleniumhq\selenium\selenium-devtools-v114\4.11.0\selenium-devtools-v114-4.11.0.jar;C:\Users\admin\.m2\repository\org\seleniumhq\selenium\selenium-devtools-v115\4.11.0\selenium-devtools-v115-4.11.0.jar;C:\Users\admin\.m2\repository\org\seleniumhq\selenium\selenium-devtools-v85\4.11.0\selenium-devtools-v85-4.11.0.jar;C:\Users\admin\.m2\repository\org\seleniumhq\selenium\selenium-edge-driver\4.11.0\selenium-edge-driver-4.11.0.jar;C:\Users\admin\.m2\repository\org\seleniumhq\selenium\selenium-firefox-driver\4.11.0\selenium-firefox-driver-4.11.0.jar;C:\Users\admin\.m2\repository\org\seleniumhq\selenium\selenium-http\4.11.0\selenium-http-4.11.0.jar;C:\Users\admin\.m2\repository\dev\failsafe\failsafe\3.3.1\failsafe-3.3.1.jar;C:\Users\admin\.m2\repository\org\seleniumhq\selenium\selenium-ie-driver\4.11.0\selenium-ie-driver-4.11.0.jar;C:\Users\admin\.m2\repository\org\seleniumhq\selenium\selenium-remote-driver\4.11.0\selenium-remote-driver-4.11.0.jar;C:\Users\admin\.m2\repository\io\netty\netty-buffer\4.1.92.Final\netty-buffer-4.1.92.Final.jar;C:\Users\admin\.m2\repository\io\netty\netty-codec-http\4.1.92.Final\netty-codec-http-4.1.92.Final.jar;C:\Users\admin\.m2\repository\io\netty\netty-codec\4.1.92.Final\netty-codec-4.1.92.Final.jar;C:\Users\admin\.m2\repository\io\netty\netty-handler\4.1.92.Final\netty-handler-4.1.92.Final.jar;C:\Users\admin\.m2\repository\io\netty\netty-common\4.1.92.Final\netty-common-4.1.92.Final.jar;C:\Users\admin\.m2\repository\io\netty\netty-transport-classes-epoll\4.1.92.Final\netty-transport-classes-epoll-4.1.92.Final.jar;C:\Users\admin\.m2\repository\io\netty\netty-transport-classes-kqueue\4.1.92.Final\netty-transport-classes-kqueue-4.1.92.Final.jar;C:\Users\admin\.m2\repository\io\netty\netty-transport-native-epoll\4.1.92.Final\netty-transport-native-epoll-4.1.92.Final.jar;C:\Users\admin\.m2\repository\io\netty\netty-transport-native-kqueue\4.1.92.Final\netty-transport-native-kqueue-4.1.92.Final.jar;C:\Users\admin\.m2\repository\io\netty\netty-transport-native-unix-common\4.1.92.Final\netty-transport-native-unix-common-4.1.92.Final.jar;C:\Users\admin\.m2\repository\io\netty\netty-transport\4.1.92.Final\netty-transport-4.1.92.Final.jar;C:\Users\admin\.m2\repository\io\netty\netty-resolver\4.1.92.Final\netty-resolver-4.1.92.Final.jar;C:\Users\admin\.m2\repository\io\opentelemetry\opentelemetry-api\1.26.0\opentelemetry-api-1.26.0.jar;C:\Users\admin\.m2\repository\io\opentelemetry\opentelemetry-context\1.26.0\opentelemetry-context-1.26.0.jar;C:\Users\admin\.m2\repository\io\opentelemetry\opentelemetry-exporter-logging\1.26.0\opentelemetry-exporter-logging-1.26.0.jar;C:\Users\admin\.m2\repository\io\opentelemetry\opentelemetry-sdk-metrics\1.26.0\opentelemetry-sdk-metrics-1.26.0.jar;C:\Users\admin\.m2\repository\io\opentelemetry\opentelemetry-extension-incubator\1.26.0-alpha\opentelemetry-extension-incubator-1.26.0-alpha.jar;C:\Users\admin\.m2\repository\io\opentelemetry\opentelemetry-sdk-logs\1.26.0-alpha\opentelemetry-sdk-logs-1.26.0-alpha.jar;C:\Users\admin\.m2\repository\io\opentelemetry\opentelemetry-api-logs\1.26.0-alpha\opentelemetry-api-logs-1.26.0-alpha.jar;C:\Users\admin\.m2\repository\io\opentelemetry\opentelemetry-api-events\1.26.0-alpha\opentelemetry-api-events-1.26.0-alpha.jar;C:\Users\admin\.m2\repository\io\opentelemetry\opentelemetry-sdk-common\1.26.0\opentelemetry-sdk-common-1.26.0.jar;C:\Users\admin\.m2\repository\io\opentelemetry\opentelemetry-sdk-extension-autoconfigure-spi\1.26.0\opentelemetry-sdk-extension-autoconfigure-spi-1.26.0.jar;C:\Users\admin\.m2\repository\io\opentelemetry\opentelemetry-sdk-extension-autoconfigure\1.26.0-alpha\opentelemetry-sdk-extension-autoconfigure-1.26.0-alpha.jar;C:\Users\admin\.m2\repository\io\opentelemetry\opentelemetry-sdk-trace\1.26.0\opentelemetry-sdk-trace-1.26.0.jar;C:\Users\admin\.m2\repository\io\opentelemetry\opentelemetry-sdk\1.26.0\opentelemetry-sdk-1.26.0.jar;C:\Users\admin\.m2\repository\io\opentelemetry\opentelemetry-semconv\1.26.0-alpha\opentelemetry-semconv-1.26.0-alpha.jar;C:\Users\admin\.m2\repository\net\bytebuddy\byte-buddy\1.14.4\byte-buddy-1.14.4.jar;C:\Users\admin\.m2\repository\org\apache\commons\commons-exec\1.3\commons-exec-1.3.jar;C:\Users\admin\.m2\repository\org\asynchttpclient\async-http-client\2.12.3\async-http-client-2.12.3.jar;C:\Users\admin\.m2\repository\org\asynchttpclient\async-http-client-netty-utils\2.12.3\async-http-client-netty-utils-2.12.3.jar;C:\Users\admin\.m2\repository\io\netty\netty-codec-socks\4.1.60.Final\netty-codec-socks-4.1.60.Final.jar;C:\Users\admin\.m2\repository\io\netty\netty-handler-proxy\4.1.60.Final\netty-handler-proxy-4.1.60.Final.jar;C:\Users\admin\.m2\repository\io\netty\netty-transport-native-epoll\4.1.60.Final\netty-transport-native-epoll-4.1.60.Final-linux-x86_64.jar;C:\Users\admin\.m2\repository\io\netty\netty-transport-native-kqueue\4.1.60.Final\netty-transport-native-kqueue-4.1.60.Final-osx-x86_64.jar;C:\Users\admin\.m2\repository\org\reactivestreams\reactive-streams\1.0.3\reactive-streams-1.0.3.jar;C:\Users\admin\.m2\repository\com\typesafe\netty\netty-reactive-streams\2.0.4\netty-reactive-streams-2.0.4.jar;C:\Users\admin\.m2\repository\com\sun\activation\jakarta.activation\1.2.2\jakarta.activation-1.2.2.jar;C:\Users\admin\.m2\repository\org\seleniumhq\selenium\selenium-safari-driver\4.11.0\selenium-safari-driver-4.11.0.jar;C:\Users\admin\.m2\repository\org\seleniumhq\selenium\selenium-support\4.11.0\selenium-support-4.11.0.jar;C:\Users\admin\.m2\repository\org\testng\testng\7.8.0\testng-7.8.0.jar;C:\Users\admin\.m2\repository\org\slf4j\slf4j-api\1.7.36\slf4j-api-1.7.36.jar;C:\Users\admin\.m2\repository\com\beust\jcommander\1.82\jcommander-1.82.jar;C:\Users\admin\.m2\repository\org\webjars\jquery\3.6.1\jquery-3.6.1.jar;C:\Users\admin\.m2\repository\io\github\bonigarcia\webdrivermanager\5.4.1\webdrivermanager-5.4.1.jar;C:\Users\admin\.m2\repository\com\google\code\gson\gson\2.10.1\gson-2.10.1.jar;C:\Users\admin\.m2\repository\com\github\docker-java\docker-java\3.3.2\docker-java-3.3.2.jar;C:\Users\admin\.m2\repository\com\github\docker-java\docker-java-core\3.3.2\docker-java-core-3.3.2.jar;C:\Users\admin\.m2\repository\com\github\docker-java\docker-java-api\3.3.2\docker-java-api-3.3.2.jar;C:\Users\admin\.m2\repository\com\fasterxml\jackson\core\jackson-annotations\2.10.3\jackson-annotations-2.10.3.jar;C:\Users\admin\.m2\repository\commons-io\commons-io\2.6\commons-io-2.6.jar;C:\Users\admin\.m2\repository\org\apache\commons\commons-compress\1.21\commons-compress-1.21.jar;C:\Users\admin\.m2\repository\com\fasterxml\jackson\core\jackson-databind\2.10.3\jackson-databind-2.10.3.jar;C:\Users\admin\.m2\repository\com\fasterxml\jackson\core\jackson-core\2.10.3\jackson-core-2.10.3.jar;C:\Users\admin\.m2\repository\org\bouncycastle\bcpkix-jdk15on\1.64\bcpkix-jdk15on-1.64.jar;C:\Users\admin\.m2\repository\org\bouncycastle\bcprov-jdk15on\1.64\bcprov-jdk15on-1.64.jar;C:\Users\admin\.m2\repository\org\slf4j\jcl-over-slf4j\1.7.30\jcl-over-slf4j-1.7.30.jar;C:\Users\admin\.m2\repository\com\github\docker-java\docker-java-transport-httpclient5\3.3.2\docker-java-transport-httpclient5-3.3.2.jar;C:\Users\admin\.m2\repository\com\github\docker-java\docker-java-transport\3.3.2\docker-java-transport-3.3.2.jar;C:\Users\admin\.m2\repository\net\java\dev\jna\jna\5.12.1\jna-5.12.1.jar;C:\Users\admin\.m2\repository\org\brotli\dec\0.1.2\dec-0.1.2.jar;C:\Users\admin\.m2\repository\org\apache\commons\commons-lang3\3.12.0\commons-lang3-3.12.0.jar;C:\Users\admin\.m2\repository\org\apache\httpcomponents\client5\httpclient5\5.2.1\httpclient5-5.2.1.jar;C:\Users\admin\.m2\repository\org\apache\httpcomponents\core5\httpcore5\5.2\httpcore5-5.2.jar;C:\Users\admin\.m2\repository\org\apache\httpcomponents\core5\httpcore5-h2\5.2\httpcore5-h2-5.2.jar;C:\Users\admin\.m2\repository\org\jetbrains\annotations\23.1.0\annotations-23.1.0.jar;"/>
    <property name="sun.cpu.endian" value="little"/>
    <property name="user.home" value="C:\Users\admin"/>
    <property name="user.language" value="uk"/>
    <property name="java.specification.vendor" value="Oracle Corporation"/>
    <property name="java.version.date" value="2019-01-15"/>
    <property name="java.home" value="C:\Program Files\Java\jdk-11.0.2"/>
    <property name="file.separator" value="\"/>
    <property name="basedir" value="D:\jenkins-agent-data\workspace\pixelPerfectMultiPlatform_AI_Mood_St1"/>
    <property name="java.vm.compressedOopsMode" value="32-bit"/>
    <property name="line.separator" value="&#10;"/>
    <property name="java.specification.name" value="Java Platform API Specification"/>
    <property name="java.vm.specification.vendor" value="Oracle Corporation"/>
    <property name="java.awt.graphicsenv" value="sun.awt.Win32GraphicsEnvironment"/>
    <property name="surefire.real.class.path" value="C:\Users\admin\AppData\Local\Temp\surefire14275521831513720049\surefirebooter3344381776087683859.jar"/>
    <property name="user.script" value=""/>
    <property name="sun.management.compiler" value="HotSpot 64-Bit Tiered Compilers"/>
    <property name="java.runtime.version" value="11.0.2+9"/>
    <property name="user.name" value="admin"/>
    <property name="path.separator" value=";"/>
    <property name="os.version" value="10.0"/>
    <property name="java.runtime.name" value="OpenJDK Runtime Environment"/>
    <property name="file.encoding" value="Cp1251"/>
    <property name="java.vm.name" value="OpenJDK 64-Bit Server VM"/>
    <property name="java.vendor.version" value="18.9"/>
    <property name="localRepository" value="C:\Users\admin\.m2\repository"/>
    <property name="java.vendor.url.bug" value="http://bugreport.java.com/bugreport/"/>
    <property name="java.io.tmpdir" value="C:\Users\admin\AppData\Local\Temp\"/>
    <property name="java.version" value="11.0.2"/>
    <property name="user.dir" value="D:\jenkins-agent-data\workspace\pixelPerfectMultiPlatform_AI_Mood_St1"/>
    <property name="os.arch" value="amd64"/>
    <property name="webdriver.gecko.driver" value="C:\Users\admin\.cache\selenium\geckodriver\win64\0.33.0\geckodriver.exe"/>
    <property name="java.vm.specification.name" value="Java Virtual Machine Specification"/>
    <property name="java.awt.printerjob" value="sun.awt.windows.WPrinterJob"/>
    <property name="sun.os.patch.level" value=""/>
    <property name="java.library.path" value="C:\Program Files\Java\jdk-11.0.2\bin;C:\Windows\Sun\Java\bin;C:\Windows\system32;C:\Windows;D:\jenkins-agent-data\tools\hudson.tasks.Maven_MavenInstallation\maven_3.8.6/bin;C:\Program Files\Java\jdk-11.0.2/bin;C:\Program Files\Java\jdk-11.0.2/bin;C:\Users\admin\bin;C:\Program Files\Git\mingw64\bin;C:\Program Files\Git\usr\local\bin;C:\Program Files\Git\usr\bin;C:\Program Files\Git\usr\bin;C:\Program Files\Git\mingw64\bin;C:\Program Files\Git\usr\bin;C:\Users\admin\bin;C:\Program Files\Java\jdk-11.0.2\bin;C:\Program Files\Java\jdk-11.0.2\bin;C:\ProgramData\Oracle\Java\javapath;C:\Program Files\Common Files\Oracle\Java\javapath;C:\Windows\system32;C:\Windows;C:\Windows\System32\Wbem;C:\Windows\System32\WindowsPowerShell\v1.0;C:\Windows\System32\OpenSSH;C:\Program Files\Git\cmd;C:\Users\admin\AppData\Local\Microsoft\WindowsApps;C:\Program Files\Git\usr\bin\vendor_perl;C:\Program Files\Git\usr\bin\core_perl;."/>
    <property name="java.vendor" value="Oracle Corporation"/>
    <property name="java.vm.info" value="mixed mode"/>
    <property name="java.vm.version" value="11.0.2+9"/>
    <property name="xmlSuiteFileName" value="testngMasterStage1.xml"/>
    <property name="sun.io.unicode.encoding" value="UnicodeLittle"/>
    <property name="java.class.version" value="55.0"/>
  </properties>
  <testcase name="allHeaderMainPage[https://aimood-stage1.intary.net/en/, Screenshots_St1/](1)" classname="tests.mainPageTests.AllPageFirefoxTests" time="11.295">
    <system-out><![CDATA[The two images are similar.
]]></system-out>
    <system-err><![CDATA[SLF4J: Failed to load class "org.slf4j.impl.StaticLoggerBinder".
SLF4J: Defaulting to no-operation (NOP) logger implementation
SLF4J: See http://www.slf4j.org/codes.html#StaticLoggerBinder for further details.
]]></system-err>
  </testcase>
  <testcase name="getStartedHeaderMainPage[https://aimood-stage1.intary.net/en/, Screenshots_St1/](1)" classname="tests.mainPageTests.AllPageFirefoxTests" time="5.367">
    <system-out><![CDATA[The two images are similar.
]]></system-out>
  </testcase>
  <testcase name="learnHeaderMainPage[https://aimood-stage1.intary.net/en/, Screenshots_St1/](1)" classname="tests.mainPageTests.AllPageFirefoxTests" time="5.208">
    <system-out><![CDATA[The two images are similar.
]]></system-out>
  </testcase>
  <testcase name="resourcesHeaderMainPage[https://aimood-stage1.intary.net/en/, Screenshots_St1/](1)" classname="tests.mainPageTests.AllPageFirefoxTests" time="5.572">
    <system-out><![CDATA[The two images are similar.
]]></system-out>
  </testcase>
  <testcase name="mainSectionMainPage[https://aimood-stage1.intary.net/en/, Screenshots_St1/](1)" classname="tests.mainPageTests.AllPageFirefoxTests" time="6.093">
    <system-out><![CDATA[The two images are similar.
]]></system-out>
  </testcase>
  <testcase name="videoSectionMainPage[https://aimood-stage1.intary.net/en/, Screenshots_St1/](1)" classname="tests.mainPageTests.AllPageFirefoxTests" time="6.554">
    <system-out><![CDATA[The two images are similar.
]]></system-out>
  </testcase>
  <testcase name="roadmapSectionMainPage[https://aimood-stage1.intary.net/en/, Screenshots_St1/](1)" classname="tests.mainPageTests.AllPageFirefoxTests" time="6.684">
    <system-out><![CDATA[The two images are similar.
]]></system-out>
  </testcase>
  <testcase name="statisticsSectionMainPage[https://aimood-stage1.intary.net/en/, Screenshots_St1/](1)" classname="tests.mainPageTests.AllPageFirefoxTests" time="6.474">
    <system-out><![CDATA[888
3.14
1703
777
The two images are similar.
]]></system-out>
  </testcase>
  <testcase name="leaningSectionMainPage[https://aimood-stage1.intary.net/en/, Screenshots_St1/](1)" classname="tests.mainPageTests.AllPageFirefoxTests" time="6.449">
    <system-out><![CDATA[The two images are similar.
]]></system-out>
  </testcase>
  <testcase name="allFooterMainPage[https://aimood-stage1.intary.net/en/, Screenshots_St1/](1)" classname="tests.mainPageTests.AllPageFirefoxTests" time="6.39">
    <system-out><![CDATA[The two images are similar.
]]></system-out>
  </testcase>
  <testcase name="allHeaderMainPage[https://aimood-stage1.intary.net/en/, Screenshots_St1/](1)" classname="tests.mainPageTests.AllPageChromeTests" time="12.433">
    <system-out><![CDATA[The two images are similar.
]]></system-out>
    <system-err><![CDATA[вер. 12, 2023 10:48:55 ДП org.openqa.selenium.devtools.CdpVersionFinder findNearestMatch
WARNING: Unable to find an exact match for CDP version 116, so returning the closest version found: 115
]]></system-err>
  </testcase>
  <testcase name="getStartedHeaderMainPage[https://aimood-stage1.intary.net/en/, Screenshots_St1/](1)" classname="tests.mainPageTests.AllPageChromeTests" time="8.228">
    <system-out><![CDATA[The two images are similar.
]]></system-out>
  </testcase>
  <testcase name="learnHeaderMainPage[https://aimood-stage1.intary.net/en/, Screenshots_St1/](1)" classname="tests.mainPageTests.AllPageChromeTests" time="9.353">
    <system-out><![CDATA[The two images are similar.
]]></system-out>
  </testcase>
  <testcase name="resourcesHeaderMainPage[https://aimood-stage1.intary.net/en/, Screenshots_St1/](1)" classname="tests.mainPageTests.AllPageChromeTests" time="5.478">
    <system-out><![CDATA[The two images are similar.
]]></system-out>
  </testcase>
  <testcase name="mainSectionMainPage[https://aimood-stage1.intary.net/en/, Screenshots_St1/](1)" classname="tests.mainPageTests.AllPageChromeTests" time="7.473">
    <system-out><![CDATA[The two images are similar.
]]></system-out>
  </testcase>
  <testcase name="videoSectionMainPage[https://aimood-stage1.intary.net/en/, Screenshots_St1/](1)" classname="tests.mainPageTests.AllPageChromeTests" time="7.877">
    <system-out><![CDATA[The two images are similar.
]]></system-out>
  </testcase>
  <testcase name="roadmapSectionMainPage[https://aimood-stage1.intary.net/en/, Screenshots_St1/](1)" classname="tests.mainPageTests.AllPageChromeTests" time="10.769">
    <system-out><![CDATA[The two images are similar.
]]></system-out>
  </testcase>
  <testcase name="statisticsSectionMainPage[https://aimood-stage1.intary.net/en/, Screenshots_St1/](1)" classname="tests.mainPageTests.AllPageChromeTests" time="12.115">
    <system-out><![CDATA[888
3.14
1703
777
The two images are similar.
]]></system-out>
  </testcase>
  <testcase name="leaningSectionMainPage[https://aimood-stage1.intary.net/en/, Screenshots_St1/](1)" classname="tests.mainPageTests.AllPageChromeTests" time="10.245">
    <system-out><![CDATA[The two images are similar.
]]></system-out>
  </testcase>
  <testcase name="allFooterMainPage[https://aimood-stage1.intary.net/en/, Screenshots_St1/](1)" classname="tests.mainPageTests.AllPageChromeTests" time="6.542">
    <system-out><![CDATA[The two images are similar.
]]></system-out>
  </testcase>
  <testcase name="allHeaderMarketPlacePage[https://aimood-stage1.intary.net/en/market-place, Screenshots_St1/](1)" classname="tests.marketPlacePageTests.AllPageFirefoxTests" time="11.535">
    <system-out><![CDATA[The two images are similar.
]]></system-out>
  </testcase>
  <testcase name="getStartedHeaderMarketPlacePage[https://aimood-stage1.intary.net/en/market-place, Screenshots_St1/](1)" classname="tests.marketPlacePageTests.AllPageFirefoxTests" time="6.054">
    <system-out><![CDATA[The two images are similar.
]]></system-out>
  </testcase>
  <testcase name="learnHeaderMarketPlacePage[https://aimood-stage1.intary.net/en/market-place, Screenshots_St1/](1)" classname="tests.marketPlacePageTests.AllPageFirefoxTests" time="6.052">
    <system-out><![CDATA[The two images are similar.
]]></system-out>
  </testcase>
  <testcase name="resourcesHeaderMarketPlacePage[https://aimood-stage1.intary.net/en/market-place, Screenshots_St1/](1)" classname="tests.marketPlacePageTests.AllPageFirefoxTests" time="6.05">
    <system-out><![CDATA[The two images are similar.
]]></system-out>
  </testcase>
  <testcase name="mainSectionMarketPlacePage[https://aimood-stage1.intary.net/en/market-place, Screenshots_St1/](1)" classname="tests.marketPlacePageTests.AllPageFirefoxTests" time="6.982">
    <system-out><![CDATA[The two images are similar.
]]></system-out>
  </testcase>
  <testcase name="statisticsSectionMarketPlacePage[https://aimood-stage1.intary.net/en/market-place, Screenshots_St1/](1)" classname="tests.marketPlacePageTests.AllPageFirefoxTests" time="6.393">
    <system-out><![CDATA[The two images are similar.
]]></system-out>
  </testcase>
  <testcase name="allFooterMarketPlacePage[https://aimood-stage1.intary.net/en/market-place, Screenshots_St1/](1)" classname="tests.marketPlacePageTests.AllPageFirefoxTests" time="6.023">
    <system-out><![CDATA[The two images are similar.
]]></system-out>
  </testcase>
  <testcase name="allHeaderMarketPlacePage[https://aimood-stage1.intary.net/en/market-place, Screenshots_St1/](1)" classname="tests.marketPlacePageTests.AllPageChromeTests" time="9.189">
    <system-out><![CDATA[The two images are similar.
]]></system-out>
    <system-err><![CDATA[вер. 12, 2023 10:51:21 ДП org.openqa.selenium.devtools.CdpVersionFinder findNearestMatch
WARNING: Unable to find an exact match for CDP version 116, so returning the closest version found: 115
]]></system-err>
  </testcase>
  <testcase name="getStartedHeaderMarketPlacePage[https://aimood-stage1.intary.net/en/market-place, Screenshots_St1/](1)" classname="tests.marketPlacePageTests.AllPageChromeTests" time="6.379">
    <system-out><![CDATA[The two images are similar.
]]></system-out>
  </testcase>
  <testcase name="learnHeaderMarketPlacePage[https://aimood-stage1.intary.net/en/market-place, Screenshots_St1/](1)" classname="tests.marketPlacePageTests.AllPageChromeTests" time="6.411">
    <system-out><![CDATA[The two images are similar.
]]></system-out>
  </testcase>
  <testcase name="resourcesHeaderMarketPlacePage[https://aimood-stage1.intary.net/en/market-place, Screenshots_St1/](1)" classname="tests.marketPlacePageTests.AllPageChromeTests" time="6.287">
    <system-out><![CDATA[The two images are similar.
]]></system-out>
  </testcase>
  <testcase name="mainSectionMarketPlacePage[https://aimood-stage1.intary.net/en/market-place, Screenshots_St1/](1)" classname="tests.marketPlacePageTests.AllPageChromeTests" time="7.297">
    <system-out><![CDATA[The two images are similar.
]]></system-out>
  </testcase>
  <testcase name="statisticsSectionMarketPlacePage[https://aimood-stage1.intary.net/en/market-place, Screenshots_St1/](1)" classname="tests.marketPlacePageTests.AllPageChromeTests" time="6.774">
    <system-out><![CDATA[The two images are similar.
]]></system-out>
  </testcase>
  <testcase name="allFooterMarketPlacePage[https://aimood-stage1.intary.net/en/market-place, Screenshots_St1/](1)" classname="tests.marketPlacePageTests.AllPageChromeTests" time="6.387">
    <system-out><![CDATA[The two images are similar.
]]></system-out>
  </testcase>
  <testcase name="allHeaderBuySellMoodCoinPage[https://aimood-stage1.intary.net/en/buy-sell-aimood-coin, Screenshots_St1/](1)" classname="tests.buySellMoodCoinTests.AllPageFirefoxTests" time="7.17">
    <system-out><![CDATA[The two images are similar.
]]></system-out>
  </testcase>
  <testcase name="getStartedHeaderBuySellMoodCoinPage[https://aimood-stage1.intary.net/en/buy-sell-aimood-coin, Screenshots_St1/](1)" classname="tests.buySellMoodCoinTests.AllPageFirefoxTests" time="5.141">
    <system-out><![CDATA[The two images are similar.
]]></system-out>
  </testcase>
  <testcase name="learnHeaderBuySellMoodCoinPage[https://aimood-stage1.intary.net/en/buy-sell-aimood-coin, Screenshots_St1/](1)" classname="tests.buySellMoodCoinTests.AllPageFirefoxTests" time="5.149">
    <system-out><![CDATA[The two images are similar.
]]></system-out>
  </testcase>
  <testcase name="resourcesHeaderBuySellMoodCoinPage[https://aimood-stage1.intary.net/en/buy-sell-aimood-coin, Screenshots_St1/](1)" classname="tests.buySellMoodCoinTests.AllPageFirefoxTests" time="5.234">
    <system-out><![CDATA[The two images are similar.
]]></system-out>
  </testcase>
  <testcase name="mainSectionBuySellMoodCoinPage[https://aimood-stage1.intary.net/en/buy-sell-aimood-coin, Screenshots_St1/](1)" classname="tests.buySellMoodCoinTests.AllPageFirefoxTests" time="6.955">
    <system-out><![CDATA[The two images are similar.
]]></system-out>
  </testcase>
  <testcase name="allFooterBuySellMoodCoinPage[https://aimood-stage1.intary.net/en/buy-sell-aimood-coin, Screenshots_St1/](1)" classname="tests.buySellMoodCoinTests.AllPageFirefoxTests" time="6.035">
    <system-out><![CDATA[The two images are similar.
]]></system-out>
  </testcase>
  <testcase name="allHeaderBuySellMoodCoinPage[https://aimood-stage1.intary.net/en/buy-sell-aimood-coin, Screenshots_St1/](1)" classname="tests.buySellMoodCoinTests.AllPageChromeTests" time="6.74">
    <system-out><![CDATA[The two images are similar.
]]></system-out>
    <system-err><![CDATA[вер. 12, 2023 10:52:51 ДП org.openqa.selenium.devtools.CdpVersionFinder findNearestMatch
WARNING: Unable to find an exact match for CDP version 116, so returning the closest version found: 115
]]></system-err>
  </testcase>
  <testcase name="getStartedHeaderBuySellMoodCoinPage[https://aimood-stage1.intary.net/en/buy-sell-aimood-coin, Screenshots_St1/](1)" classname="tests.buySellMoodCoinTests.AllPageChromeTests" time="5.408">
    <system-out><![CDATA[The two images are similar.
]]></system-out>
  </testcase>
  <testcase name="learnHeaderBuySellMoodCoinPage[https://aimood-stage1.intary.net/en/buy-sell-aimood-coin, Screenshots_St1/](1)" classname="tests.buySellMoodCoinTests.AllPageChromeTests" time="5.398">
    <system-out><![CDATA[The two images are similar.
]]></system-out>
  </testcase>
  <testcase name="resourcesHeaderBuySellMoodCoinPage[https://aimood-stage1.intary.net/en/buy-sell-aimood-coin, Screenshots_St1/](1)" classname="tests.buySellMoodCoinTests.AllPageChromeTests" time="5.359">
    <system-out><![CDATA[The two images are similar.
]]></system-out>
  </testcase>
  <testcase name="mainSectionBuySellMoodCoinPage[https://aimood-stage1.intary.net/en/buy-sell-aimood-coin, Screenshots_St1/](1)" classname="tests.buySellMoodCoinTests.AllPageChromeTests" time="7.258">
    <system-out><![CDATA[The two images are similar.
]]></system-out>
  </testcase>
  <testcase name="allFooterBuySellMoodCoinPage[https://aimood-stage1.intary.net/en/buy-sell-aimood-coin, Screenshots_St1/](1)" classname="tests.buySellMoodCoinTests.AllPageChromeTests" time="6.341">
    <system-out><![CDATA[The two images are similar.
]]></system-out>
  </testcase>
  <testcase name="allHeaderTokenMoodPage[https://aimood-stage1.intary.net/en/token-mood, Screenshots_St1/](1)" classname="tests.tokenMoodPageTests.AllPageFirefoxTests" time="11.089">
    <system-out><![CDATA[The two images are similar.
]]></system-out>
  </testcase>
  <testcase name="getStartedHeaderTokenMoodPage[https://aimood-stage1.intary.net/en/token-mood, Screenshots_St1/](1)" classname="tests.tokenMoodPageTests.AllPageFirefoxTests" time="5.15">
    <system-out><![CDATA[The two images are similar.
]]></system-out>
  </testcase>
  <testcase name="learnHeaderTokenMoodPage[https://aimood-stage1.intary.net/en/token-mood, Screenshots_St1/](1)" classname="tests.tokenMoodPageTests.AllPageFirefoxTests" time="5.137">
    <system-out><![CDATA[The two images are similar.
]]></system-out>
  </testcase>
  <testcase name="resourcesHeaderTokenMoodPage[https://aimood-stage1.intary.net/en/token-mood, Screenshots_St1/](1)" classname="tests.tokenMoodPageTests.AllPageFirefoxTests" time="5.151">
    <system-out><![CDATA[The two images are similar.
]]></system-out>
  </testcase>
  <testcase name="mainSectionTokenMoodPage[https://aimood-stage1.intary.net/en/token-mood, Screenshots_St1/](1)" classname="tests.tokenMoodPageTests.AllPageFirefoxTests" time="6.983">
    <system-out><![CDATA[The two images are similar.
]]></system-out>
  </testcase>
  <testcase name="statisticsSectionTokenMoodPage[https://aimood-stage1.intary.net/en/token-mood, Screenshots_St1/](1)" classname="tests.tokenMoodPageTests.AllPageFirefoxTests" time="7.502">
    <system-out><![CDATA[888
3.14
1703
777
The two images are similar.
]]></system-out>
  </testcase>
  <testcase name="allFooterTokenMoodPage[https://aimood-stage1.intary.net/en/token-mood, Screenshots_St1/](1)" classname="tests.tokenMoodPageTests.AllPageFirefoxTests" time="6.077">
    <system-out><![CDATA[The two images are similar.
]]></system-out>
  </testcase>
  <testcase name="allHeaderTokenMoodPage[https://aimood-stage1.intary.net/en/token-mood, Screenshots_St1/](1)" classname="tests.tokenMoodPageTests.AllPageChromeTests" time="8.477">
    <system-out><![CDATA[The two images are similar.
]]></system-out>
    <system-err><![CDATA[вер. 12, 2023 10:54:20 ДП org.openqa.selenium.devtools.CdpVersionFinder findNearestMatch
WARNING: Unable to find an exact match for CDP version 116, so returning the closest version found: 115
]]></system-err>
  </testcase>
  <testcase name="getStartedHeaderTokenMoodPage[https://aimood-stage1.intary.net/en/token-mood, Screenshots_St1/](1)" classname="tests.tokenMoodPageTests.AllPageChromeTests" time="5.416">
    <system-out><![CDATA[The two images are similar.
]]></system-out>
  </testcase>
  <testcase name="learnHeaderTokenMoodPage[https://aimood-stage1.intary.net/en/token-mood, Screenshots_St1/](1)" classname="tests.tokenMoodPageTests.AllPageChromeTests" time="5.384">
    <system-out><![CDATA[The two images are similar.
]]></system-out>
  </testcase>
  <testcase name="resourcesHeaderTokenMoodPage[https://aimood-stage1.intary.net/en/token-mood, Screenshots_St1/](1)" classname="tests.tokenMoodPageTests.AllPageChromeTests" time="5.384">
    <system-out><![CDATA[The two images are similar.
]]></system-out>
  </testcase>
  <testcase name="mainSectionTokenMoodPage[https://aimood-stage1.intary.net/en/token-mood, Screenshots_St1/](1)" classname="tests.tokenMoodPageTests.AllPageChromeTests" time="7.282">
    <system-out><![CDATA[The two images are similar.
]]></system-out>
  </testcase>
  <testcase name="statisticsSectionTokenMoodPage[https://aimood-stage1.intary.net/en/token-mood, Screenshots_St1/](1)" classname="tests.tokenMoodPageTests.AllPageChromeTests" time="8.074">
    <system-out><![CDATA[888
3.14
1703
777
The two images are similar.
]]></system-out>
  </testcase>
  <testcase name="allFooterTokenMoodPage[https://aimood-stage1.intary.net/en/token-mood, Screenshots_St1/](1)" classname="tests.tokenMoodPageTests.AllPageChromeTests" time="6.351">
    <system-out><![CDATA[The two images are similar.
]]></system-out>
  </testcase>
  <testcase name="allHeaderFundPage[https://aimood-stage1.intary.net/en/fund, Screenshots_St1/](1)" classname="tests.fundPageTests.AllPageFirefoxTests" time="8.418">
    <system-out><![CDATA[The two images are similar.
]]></system-out>
  </testcase>
  <testcase name="getStartedHeaderFundPage[https://aimood-stage1.intary.net/en/fund, Screenshots_St1/](1)" classname="tests.fundPageTests.AllPageFirefoxTests" time="5.17">
    <system-out><![CDATA[The two images are similar.
]]></system-out>
  </testcase>
  <testcase name="learnHeaderFundPage[https://aimood-stage1.intary.net/en/fund, Screenshots_St1/](1)" classname="tests.fundPageTests.AllPageFirefoxTests" time="5.129">
    <system-out><![CDATA[The two images are similar.
]]></system-out>
  </testcase>
  <testcase name="resourcesHeaderFundPage[https://aimood-stage1.intary.net/en/fund, Screenshots_St1/](1)" classname="tests.fundPageTests.AllPageFirefoxTests" time="5.247">
    <system-out><![CDATA[The two images are similar.
]]></system-out>
  </testcase>
  <testcase name="mainSectionFundPage[https://aimood-stage1.intary.net/en/fund, Screenshots_St1/](1)" classname="tests.fundPageTests.AllPageFirefoxTests" time="6.979">
    <system-out><![CDATA[The two images are similar.
]]></system-out>
  </testcase>
  <testcase name="allFooterFundPage[https://aimood-stage1.intary.net/en/fund, Screenshots_St1/](1)" classname="tests.fundPageTests.AllPageFirefoxTests" time="6.062">
    <system-out><![CDATA[The two images are similar.
]]></system-out>
  </testcase>
  <testcase name="allHeaderFundPage[https://aimood-stage1.intary.net/en/fund, Screenshots_St1/](1)" classname="tests.fundPageTests.AllPageChromeTests" time="9.138">
    <system-out><![CDATA[The two images are similar.
]]></system-out>
    <system-err><![CDATA[вер. 12, 2023 10:55:48 ДП org.openqa.selenium.devtools.CdpVersionFinder findNearestMatch
WARNING: Unable to find an exact match for CDP version 116, so returning the closest version found: 115
]]></system-err>
  </testcase>
  <testcase name="getStartedHeaderFundPage[https://aimood-stage1.intary.net/en/fund, Screenshots_St1/](1)" classname="tests.fundPageTests.AllPageChromeTests" time="5.422">
    <system-out><![CDATA[The two images are similar.
]]></system-out>
  </testcase>
  <testcase name="learnHeaderFundPage[https://aimood-stage1.intary.net/en/fund, Screenshots_St1/](1)" classname="tests.fundPageTests.AllPageChromeTests" time="5.367">
    <system-out><![CDATA[The two images are similar.
]]></system-out>
  </testcase>
  <testcase name="resourcesHeaderFundPage[https://aimood-stage1.intary.net/en/fund, Screenshots_St1/](1)" classname="tests.fundPageTests.AllPageChromeTests" time="5.362">
    <system-out><![CDATA[The two images are similar.
]]></system-out>
  </testcase>
  <testcase name="mainSectionFundPage[https://aimood-stage1.intary.net/en/fund, Screenshots_St1/](1)" classname="tests.fundPageTests.AllPageChromeTests" time="7.266">
    <system-out><![CDATA[The two images are similar.
]]></system-out>
  </testcase>
  <testcase name="allFooterFundPage[https://aimood-stage1.intary.net/en/fund, Screenshots_St1/](1)" classname="tests.fundPageTests.AllPageChromeTests" time="6.336">
    <system-out><![CDATA[The two images are similar.
]]></system-out>
  </testcase>
  <testcase name="allHeaderAffiliateProgramPage[https://aimood-stage1.intary.net/en/affiliate-program, Screenshots_St1/](1)" classname="tests.affiliateProgramPageTests.AllPageFirefoxTests" time="11.183">
    <system-out><![CDATA[The two images are similar.
]]></system-out>
  </testcase>
  <testcase name="getStartedHeaderAffiliateProgramPage[https://aimood-stage1.intary.net/en/affiliate-program, Screenshots_St1/](1)" classname="tests.affiliateProgramPageTests.AllPageFirefoxTests" time="5.144">
    <system-out><![CDATA[The two images are similar.
]]></system-out>
  </testcase>
  <testcase name="learnHeaderAffiliateProgramPage[https://aimood-stage1.intary.net/en/affiliate-program, Screenshots_St1/](1)" classname="tests.affiliateProgramPageTests.AllPageFirefoxTests" time="5.129">
    <system-out><![CDATA[The two images are similar.
]]></system-out>
  </testcase>
  <testcase name="resourcesHeaderAffiliateProgramPage[https://aimood-stage1.intary.net/en/affiliate-program, Screenshots_St1/](1)" classname="tests.affiliateProgramPageTests.AllPageFirefoxTests" time="5.189">
    <system-out><![CDATA[The two images are similar.
]]></system-out>
  </testcase>
  <testcase name="mainSectionAffiliateProgramPage[https://aimood-stage1.intary.net/en/affiliate-program, Screenshots_St1/](1)" classname="tests.affiliateProgramPageTests.AllPageFirefoxTests" time="6.95">
    <system-out><![CDATA[The two images are similar.
]]></system-out>
  </testcase>
  <testcase name="affiliateSectionAffiliateProgramPage[https://aimood-stage1.intary.net/en/affiliate-program, Screenshots_St1/](1)" classname="tests.affiliateProgramPageTests.AllPageFirefoxTests" time="7.283">
    <system-out><![CDATA[The two images are similar.
]]></system-out>
  </testcase>
  <testcase name="allFooterAffiliateProgramPage[https://aimood-stage1.intary.net/en/affiliate-program, Screenshots_St1/](1)" classname="tests.affiliateProgramPageTests.AllPageFirefoxTests" time="6.019">
    <system-out><![CDATA[The two images are similar.
]]></system-out>
  </testcase>
  <testcase name="allHeaderAffiliateProgramPage[https://aimood-stage1.intary.net/en/affiliate-program, Screenshots_St1/](1)" classname="tests.affiliateProgramPageTests.AllPageChromeTests" time="11.231">
    <system-out><![CDATA[The two images are similar.
]]></system-out>
    <system-err><![CDATA[вер. 12, 2023 10:57:20 ДП org.openqa.selenium.devtools.CdpVersionFinder findNearestMatch
WARNING: Unable to find an exact match for CDP version 116, so returning the closest version found: 115
]]></system-err>
  </testcase>
  <testcase name="getStartedHeaderAffiliateProgramPage[https://aimood-stage1.intary.net/en/affiliate-program, Screenshots_St1/](1)" classname="tests.affiliateProgramPageTests.AllPageChromeTests" time="5.42">
    <system-out><![CDATA[The two images are similar.
]]></system-out>
  </testcase>
  <testcase name="learnHeaderAffiliateProgramPage[https://aimood-stage1.intary.net/en/affiliate-program, Screenshots_St1/](1)" classname="tests.affiliateProgramPageTests.AllPageChromeTests" time="5.489">
    <system-out><![CDATA[The two images are similar.
]]></system-out>
  </testcase>
  <testcase name="resourcesHeaderAffiliateProgramPage[https://aimood-stage1.intary.net/en/affiliate-program, Screenshots_St1/](1)" classname="tests.affiliateProgramPageTests.AllPageChromeTests" time="5.38">
    <system-out><![CDATA[The two images are similar.
]]></system-out>
  </testcase>
  <testcase name="mainSectionAffiliateProgramPage[https://aimood-stage1.intary.net/en/affiliate-program, Screenshots_St1/](1)" classname="tests.affiliateProgramPageTests.AllPageChromeTests" time="7.277">
    <system-out><![CDATA[The two images are similar.
]]></system-out>
  </testcase>
  <testcase name="affiliateSectionAffiliateProgramPage[https://aimood-stage1.intary.net/en/affiliate-program, Screenshots_St1/](1)" classname="tests.affiliateProgramPageTests.AllPageChromeTests" time="8.032">
    <system-out><![CDATA[The two images are similar.
]]></system-out>
  </testcase>
  <testcase name="allFooterAffiliateProgramPage[https://aimood-stage1.intary.net/en/affiliate-program, Screenshots_St1/](1)" classname="tests.affiliateProgramPageTests.AllPageChromeTests" time="6.359">
    <system-out><![CDATA[The two images are similar.
]]></system-out>
  </testcase>
  <testcase name="allHeaderWalletPage[https://aimood-stage1.intary.net/en/the-aimood-wallet, Screenshots_St1/](1)" classname="tests.walletPageTests.AllPageFirefoxTests" time="16.75">
    <system-out><![CDATA[The two images are similar.
]]></system-out>
  </testcase>
  <testcase name="getStartedHeaderWalletPage[https://aimood-stage1.intary.net/en/the-aimood-wallet, Screenshots_St1/](1)" classname="tests.walletPageTests.AllPageFirefoxTests" time="5.13">
    <system-out><![CDATA[The two images are similar.
]]></system-out>
  </testcase>
  <testcase name="learnHeaderWalletPage[https://aimood-stage1.intary.net/en/the-aimood-wallet, Screenshots_St1/](1)" classname="tests.walletPageTests.AllPageFirefoxTests" time="5.122">
    <system-out><![CDATA[The two images are similar.
]]></system-out>
  </testcase>
  <testcase name="resourcesHeaderWalletPage[https://aimood-stage1.intary.net/en/the-aimood-wallet, Screenshots_St1/](1)" classname="tests.walletPageTests.AllPageFirefoxTests" time="5.194">
    <system-out><![CDATA[The two images are similar.
]]></system-out>
  </testcase>
  <testcase name="mainSectionWalletPage[https://aimood-stage1.intary.net/en/the-aimood-wallet, Screenshots_St1/](1)" classname="tests.walletPageTests.AllPageFirefoxTests" time="5.99">
    <system-out><![CDATA[The two images are similar.
]]></system-out>
  </testcase>
  <testcase name="delegatedSectionWalletPage[https://aimood-stage1.intary.net/en/the-aimood-wallet, Screenshots_St1/](1)" classname="tests.walletPageTests.AllPageFirefoxTests" time="6.267">
    <system-out><![CDATA[The two images are similar.
]]></system-out>
  </testcase>
  <testcase name="allFooterWalletPage[https://aimood-stage1.intary.net/en/the-aimood-wallet, Screenshots_St1/](1)" classname="tests.walletPageTests.AllPageFirefoxTests" time="5.954">
    <system-out><![CDATA[The two images are similar.
]]></system-out>
  </testcase>
  <testcase name="allHeaderWalletPage[https://aimood-stage1.intary.net/en/the-aimood-wallet, Screenshots_St1/](1)" classname="tests.walletPageTests.AllPageChromeTests" time="7.681">
    <system-out><![CDATA[The two images are similar.
]]></system-out>
    <system-err><![CDATA[вер. 12, 2023 10:59:05 ДП org.openqa.selenium.devtools.CdpVersionFinder findNearestMatch
WARNING: Unable to find an exact match for CDP version 116, so returning the closest version found: 115
]]></system-err>
  </testcase>
  <testcase name="getStartedHeaderWalletPage[https://aimood-stage1.intary.net/en/the-aimood-wallet, Screenshots_St1/](1)" classname="tests.walletPageTests.AllPageChromeTests" time="5.44">
    <system-out><![CDATA[The two images are similar.
]]></system-out>
  </testcase>
  <testcase name="learnHeaderWalletPage[https://aimood-stage1.intary.net/en/the-aimood-wallet, Screenshots_St1/](1)" classname="tests.walletPageTests.AllPageChromeTests" time="5.382">
    <system-out><![CDATA[The two images are similar.
]]></system-out>
  </testcase>
  <testcase name="resourcesHeaderWalletPage[https://aimood-stage1.intary.net/en/the-aimood-wallet, Screenshots_St1/](1)" classname="tests.walletPageTests.AllPageChromeTests" time="5.366">
    <system-out><![CDATA[The two images are similar.
]]></system-out>
  </testcase>
  <testcase name="mainSectionWalletPage[https://aimood-stage1.intary.net/en/the-aimood-wallet, Screenshots_St1/](1)" classname="tests.walletPageTests.AllPageChromeTests" time="6.273">
    <system-out><![CDATA[The two images are similar.
]]></system-out>
  </testcase>
  <testcase name="delegatedSectionWalletPage[https://aimood-stage1.intary.net/en/the-aimood-wallet, Screenshots_St1/](1)" classname="tests.walletPageTests.AllPageChromeTests" time="6.68">
    <system-out><![CDATA[The two images are similar.
]]></system-out>
  </testcase>
  <testcase name="allFooterWalletPage[https://aimood-stage1.intary.net/en/the-aimood-wallet, Screenshots_St1/](1)" classname="tests.walletPageTests.AllPageChromeTests" time="6.297">
    <system-out><![CDATA[The two images are similar.
]]></system-out>
  </testcase>
  <testcase name="allHeaderStakingPage[https://aimood-stage1.intary.net/en/stake-delegate, Screenshots_St1/](1)" classname="tests.stakingPageTests.AllPageFirefoxTests" time="14.384">
    <system-out><![CDATA[The two images are similar.
]]></system-out>
  </testcase>
  <testcase name="getStartedHeaderStakingPage[https://aimood-stage1.intary.net/en/stake-delegate, Screenshots_St1/](1)" classname="tests.stakingPageTests.AllPageFirefoxTests" time="6.056">
    <system-out><![CDATA[The two images are similar.
]]></system-out>
  </testcase>
  <testcase name="learnHeaderStakingPage[https://aimood-stage1.intary.net/en/stake-delegate, Screenshots_St1/](1)" classname="tests.stakingPageTests.AllPageFirefoxTests" time="6.053">
    <system-out><![CDATA[The two images are similar.
]]></system-out>
  </testcase>
  <testcase name="resourcesHeaderStakingPage[https://aimood-stage1.intary.net/en/stake-delegate, Screenshots_St1/](1)" classname="tests.stakingPageTests.AllPageFirefoxTests" time="6.127">
    <system-out><![CDATA[The two images are similar.
]]></system-out>
  </testcase>
  <testcase name="mainSectionStakingPage[https://aimood-stage1.intary.net/en/stake-delegate, Screenshots_St1/](1)" classname="tests.stakingPageTests.AllPageFirefoxTests" time="7.059">
    <system-out><![CDATA[The two images are similar.
]]></system-out>
  </testcase>
  <testcase name="delegatedSectionStakingPage[https://aimood-stage1.intary.net/en/stake-delegate, Screenshots_St1/](1)" classname="tests.stakingPageTests.AllPageFirefoxTests" time="7.313">
    <system-out><![CDATA[The two images are similar.
]]></system-out>
  </testcase>
  <testcase name="calcStakSectionStakingPage[https://aimood-stage1.intary.net/en/stake-delegate, Screenshots_St1/](1)" classname="tests.stakingPageTests.AllPageFirefoxTests" time="9.39">
    <system-out><![CDATA[(0.13% 24H)
~0.13
2864.2900
The two images are similar.
]]></system-out>
  </testcase>
  <testcase name="allFooterStakingPage[https://aimood-stage1.intary.net/en/stake-delegate, Screenshots_St1/](1)" classname="tests.stakingPageTests.AllPageFirefoxTests" time="5.956">
    <system-out><![CDATA[The two images are similar.
]]></system-out>
  </testcase>
  <testcase name="allHeaderStakingPage[https://aimood-stage1.intary.net/en/stake-delegate, Screenshots_St1/](1)" classname="tests.stakingPageTests.AllPageChromeTests" time="8.984">
    <system-out><![CDATA[The two images are similar.
]]></system-out>
    <system-err><![CDATA[вер. 12, 2023 11:00:56 ДП org.openqa.selenium.devtools.CdpVersionFinder findNearestMatch
WARNING: Unable to find an exact match for CDP version 116, so returning the closest version found: 115
]]></system-err>
  </testcase>
  <testcase name="getStartedHeaderStakingPage[https://aimood-stage1.intary.net/en/stake-delegate, Screenshots_St1/](1)" classname="tests.stakingPageTests.AllPageChromeTests" time="6.389">
    <system-out><![CDATA[The two images are similar.
]]></system-out>
  </testcase>
  <testcase name="learnHeaderStakingPage[https://aimood-stage1.intary.net/en/stake-delegate, Screenshots_St1/](1)" classname="tests.stakingPageTests.AllPageChromeTests" time="6.527">
    <system-out><![CDATA[The two images are similar.
]]></system-out>
  </testcase>
  <testcase name="resourcesHeaderStakingPage[https://aimood-stage1.intary.net/en/stake-delegate, Screenshots_St1/](1)" classname="tests.stakingPageTests.AllPageChromeTests" time="6.306">
    <system-out><![CDATA[The two images are similar.
]]></system-out>
  </testcase>
  <testcase name="mainSectionStakingPage[https://aimood-stage1.intary.net/en/stake-delegate, Screenshots_St1/](1)" classname="tests.stakingPageTests.AllPageChromeTests" time="7.369">
    <system-out><![CDATA[The two images are similar.
]]></system-out>
  </testcase>
  <testcase name="delegatedSectionStakingPage[https://aimood-stage1.intary.net/en/stake-delegate, Screenshots_St1/](1)" classname="tests.stakingPageTests.AllPageChromeTests" time="9.698">
    <system-out><![CDATA[The two images are similar.
]]></system-out>
  </testcase>
  <testcase name="calcStakSectionStakingPage[https://aimood-stage1.intary.net/en/stake-delegate, Screenshots_St1/](1)" classname="tests.stakingPageTests.AllPageChromeTests" time="10.036">
    <system-out><![CDATA[(0.13% 24H)
~0.13
2864.2900
The two images are similar.
]]></system-out>
  </testcase>
  <testcase name="allFooterStakingPage[https://aimood-stage1.intary.net/en/stake-delegate, Screenshots_St1/](1)" classname="tests.stakingPageTests.AllPageChromeTests" time="6.376">
    <system-out><![CDATA[The two images are similar.
]]></system-out>
  </testcase>
  <testcase name="allHeaderWhitePaperPage[https://aimood-stage1.intary.net/en/white-paper, Screenshots_St1/](1)" classname="tests.whitePaper.WhitePaperFirefoxTests" time="14.908">
    <system-out><![CDATA[The two images are similar.
]]></system-out>
  </testcase>
  <testcase name="getStartedHeaderWhitePaperPage[https://aimood-stage1.intary.net/en/white-paper, Screenshots_St1/](1)" classname="tests.whitePaper.WhitePaperFirefoxTests" time="6.047">
    <system-out><![CDATA[The two images are similar.
]]></system-out>
  </testcase>
  <testcase name="marketPlaceHeaderWhitePaperPage[https://aimood-stage1.intary.net/en/white-paper, Screenshots_St1/](1)" classname="tests.whitePaper.WhitePaperFirefoxTests" time="6.034">
    <system-out><![CDATA[The two images are similar.
]]></system-out>
  </testcase>
  <testcase name="whitePaperHeaderWhitePaperPage[https://aimood-stage1.intary.net/en/white-paper, Screenshots_St1/](1)" classname="tests.whitePaper.WhitePaperFirefoxTests" time="6.123">
    <system-out><![CDATA[The two images are similar.
]]></system-out>
  </testcase>
  <testcase name="learnHeaderWhitePaperPage[https://aimood-stage1.intary.net/en/white-paper, Screenshots_St1/](1)" classname="tests.whitePaper.WhitePaperFirefoxTests" time="6.021">
    <system-out><![CDATA[The two images are similar.
]]></system-out>
  </testcase>
  <testcase name="resourcesHeaderWhitePaperPage[https://aimood-stage1.intary.net/en/white-paper, Screenshots_St1/](1)" classname="tests.whitePaper.WhitePaperFirefoxTests" time="6.014">
    <system-out><![CDATA[The two images are similar.
]]></system-out>
  </testcase>
  <testcase name="mainBlockWhitePaperPage[https://aimood-stage1.intary.net/en/white-paper, Screenshots_St1/](1)" classname="tests.whitePaper.WhitePaperFirefoxTests" time="6.02">
    <system-out><![CDATA[The two images are similar.
]]></system-out>
  </testcase>
  <testcase name="marketTokenWhitePaperPage[https://aimood-stage1.intary.net/en/white-paper, Screenshots_St1/](1)" classname="tests.whitePaper.WhitePaperFirefoxTests" time="6.252">
    <system-out><![CDATA[The two images are similar.
]]></system-out>
  </testcase>
  <testcase name="allFooterWhitePaperPage[https://aimood-stage1.intary.net/en/white-paper, Screenshots_St1/](1)" classname="tests.whitePaper.WhitePaperFirefoxTests" time="6.006">
    <system-out><![CDATA[The two images are similar.
]]></system-out>
  </testcase>
  <testcase name="allHeaderWhitePaperPage[https://aimood-stage1.intary.net/en/white-paper, Screenshots_St1/](1)" classname="tests.whitePaper.WhitePaperChromeTests" time="12.724">
    <system-out><![CDATA[The two images are similar.
]]></system-out>
    <system-err><![CDATA[вер. 12, 2023 11:03:07 ДП org.openqa.selenium.devtools.CdpVersionFinder findNearestMatch
WARNING: Unable to find an exact match for CDP version 116, so returning the closest version found: 115
]]></system-err>
  </testcase>
  <testcase name="getStartedHeaderWhitePaperPage[https://aimood-stage1.intary.net/en/white-paper, Screenshots_St1/](1)" classname="tests.whitePaper.WhitePaperChromeTests" time="6.342">
    <system-out><![CDATA[The two images are similar.
]]></system-out>
  </testcase>
  <testcase name="marketPlaceHeaderWhitePaperPage[https://aimood-stage1.intary.net/en/white-paper, Screenshots_St1/](1)" classname="tests.whitePaper.WhitePaperChromeTests" time="6.29">
    <system-out><![CDATA[The two images are similar.
]]></system-out>
  </testcase>
  <testcase name="whitePaperHeaderWhitePaperPage[https://aimood-stage1.intary.net/en/white-paper, Screenshots_St1/](1)" classname="tests.whitePaper.WhitePaperChromeTests" time="6.278">
    <system-out><![CDATA[The two images are similar.
]]></system-out>
  </testcase>
  <testcase name="learnHeaderWhitePaperPage[https://aimood-stage1.intary.net/en/white-paper, Screenshots_St1/](1)" classname="tests.whitePaper.WhitePaperChromeTests" time="6.266">
    <system-out><![CDATA[The two images are similar.
]]></system-out>
  </testcase>
  <testcase name="resourcesHeaderWhitePaperPage[https://aimood-stage1.intary.net/en/white-paper, Screenshots_St1/](1)" classname="tests.whitePaper.WhitePaperChromeTests" time="6.254">
    <system-out><![CDATA[The two images are similar.
]]></system-out>
  </testcase>
  <testcase name="mainBlockWhitePaperPage[https://aimood-stage1.intary.net/en/white-paper, Screenshots_St1/](1)" classname="tests.whitePaper.WhitePaperChromeTests" time="6.301">
    <system-out><![CDATA[The two images are similar.
]]></system-out>
  </testcase>
  <testcase name="EweuimtPage[https://aimood-stage1.intary.net/en/white-paper, Screenshots_St1/](1)" classname="tests.whitePaper.WhitePaperChromeTests" time="6.758">
    <system-out><![CDATA[The two images are similar.
]]></system-out>
  </testcase>
  <testcase name="allFooterWhitePaperPage[https://aimood-stage1.intary.net/en/white-paper, Screenshots_St1/](1)" classname="tests.whitePaper.WhitePaperChromeTests" time="6.366">
    <system-out><![CDATA[The two images are similar.
]]></system-out>
  </testcase>
  <testcase name="allHeaderWhatIsAimoodPage[https://aimood-stage1.intary.net/en/what-is-aimood, Screenshots_St1/](1)" classname="tests.WhatIsAimood.WhatIsAimoodFirefoxTests" time="11.492">
    <system-out><![CDATA[The two images are similar.
]]></system-out>
  </testcase>
  <testcase name="getStartedHeaderWhatIsAimoodPage[https://aimood-stage1.intary.net/en/what-is-aimood, Screenshots_St1/](1)" classname="tests.WhatIsAimood.WhatIsAimoodFirefoxTests" time="5.142">
    <system-out><![CDATA[The two images are similar.
]]></system-out>
  </testcase>
  <testcase name="learnHeaderWhatIsAimoodPage[https://aimood-stage1.intary.net/en/what-is-aimood, Screenshots_St1/](1)" classname="tests.WhatIsAimood.WhatIsAimoodFirefoxTests" time="5.133">
    <system-out><![CDATA[The two images are similar.
]]></system-out>
  </testcase>
  <testcase name="resourcesHeaderWhatIsAimoodPage[https://aimood-stage1.intary.net/en/what-is-aimood, Screenshots_St1/](1)" classname="tests.WhatIsAimood.WhatIsAimoodFirefoxTests" time="5.146">
    <system-out><![CDATA[The two images are similar.
]]></system-out>
  </testcase>
  <testcase name="mainBlockWhatIsAimoodPage[https://aimood-stage1.intary.net/en/what-is-aimood, Screenshots_St1/](1)" classname="tests.WhatIsAimood.WhatIsAimoodFirefoxTests" time="5.976">
    <system-out><![CDATA[The two images are similar.
]]></system-out>
  </testcase>
  <testcase name="whyChooseWhatIsAimoodPage[https://aimood-stage1.intary.net/en/what-is-aimood, Screenshots_St1/](1)" classname="tests.WhatIsAimood.WhatIsAimoodFirefoxTests" time="6.336">
    <system-out><![CDATA[The two images are similar.
]]></system-out>
  </testcase>
  <testcase name="ecosystemWhatIsAimoodPage[https://aimood-stage1.intary.net/en/what-is-aimood, Screenshots_St1/](1)" classname="tests.WhatIsAimood.WhatIsAimoodFirefoxTests" time="6.364">
    <system-out><![CDATA[The two images are similar.
]]></system-out>
  </testcase>
  <testcase name="allFooterWhatIsAimoodPage[https://aimood-stage1.intary.net/en/what-is-aimood, Screenshots_St1/](1)" classname="tests.WhatIsAimood.WhatIsAimoodFirefoxTests" time="5.941">
    <system-out><![CDATA[The two images are similar.
]]></system-out>
  </testcase>
  <testcase name="allHeaderWhatIsAimoodPage[https://aimood-stage1.intary.net/en/what-is-aimood, Screenshots_St1/](1)" classname="tests.WhatIsAimood.WhatIsAimoodChromeTests" time="9.39">
    <system-out><![CDATA[The two images are similar.
]]></system-out>
    <system-err><![CDATA[вер. 12, 2023 11:05:07 ДП org.openqa.selenium.devtools.CdpVersionFinder findNearestMatch
WARNING: Unable to find an exact match for CDP version 116, so returning the closest version found: 115
]]></system-err>
  </testcase>
  <testcase name="getStartedHeaderWhatIsAimoodPage[https://aimood-stage1.intary.net/en/what-is-aimood, Screenshots_St1/](1)" classname="tests.WhatIsAimood.WhatIsAimoodChromeTests" time="5.52">
    <system-out><![CDATA[The two images are similar.
]]></system-out>
  </testcase>
  <testcase name="learnHeaderWhatIsAimoodPage[https://aimood-stage1.intary.net/en/what-is-aimood, Screenshots_St1/](1)" classname="tests.WhatIsAimood.WhatIsAimoodChromeTests" time="5.524">
    <system-out><![CDATA[The two images are similar.
]]></system-out>
  </testcase>
  <testcase name="resourcesHeaderWhatIsAimoodPage[https://aimood-stage1.intary.net/en/what-is-aimood, Screenshots_St1/](1)" classname="tests.WhatIsAimood.WhatIsAimoodChromeTests" time="5.409">
    <system-out><![CDATA[The two images are similar.
]]></system-out>
  </testcase>
  <testcase name="mainBlockWhatIsAimoodPage[https://aimood-stage1.intary.net/en/what-is-aimood, Screenshots_St1/](1)" classname="tests.WhatIsAimood.WhatIsAimoodChromeTests" time="6.342">
    <system-out><![CDATA[The two images are similar.
]]></system-out>
  </testcase>
  <testcase name="whyChooseWhatIsAimoodPage[https://aimood-stage1.intary.net/en/what-is-aimood, Screenshots_St1/](1)" classname="tests.WhatIsAimood.WhatIsAimoodChromeTests" time="6.686">
    <system-out><![CDATA[The two images are similar.
]]></system-out>
  </testcase>
  <testcase name="ecosystemWhatIsAimoodPage[https://aimood-stage1.intary.net/en/what-is-aimood, Screenshots_St1/](1)" classname="tests.WhatIsAimood.WhatIsAimoodChromeTests" time="6.761">
    <system-out><![CDATA[The two images are similar.
]]></system-out>
  </testcase>
  <testcase name="allFooterWhatIsAimoodPage[https://aimood-stage1.intary.net/en/what-is-aimood, Screenshots_St1/](1)" classname="tests.WhatIsAimood.WhatIsAimoodChromeTests" time="6.371">
    <system-out><![CDATA[The two images are similar.
]]></system-out>
  </testcase>
  <testcase name="allHeaderResetPasswordPage[https://aimood-stage1.intary.net/en/reset-password-1, Screenshots_St1/](1)" classname="tests.resetPasswordPageTests.AllPageFirefoxTests" time="8.663">
    <system-out><![CDATA[The two images are similar.
]]></system-out>
  </testcase>
  <testcase name="getStartedHeaderResetPasswordPage[https://aimood-stage1.intary.net/en/reset-password-1, Screenshots_St1/](1)" classname="tests.resetPasswordPageTests.AllPageFirefoxTests" time="5.176">
    <system-out><![CDATA[The two images are similar.
]]></system-out>
  </testcase>
  <testcase name="learnHeaderResetPasswordPage[https://aimood-stage1.intary.net/en/reset-password-1, Screenshots_St1/](1)" classname="tests.resetPasswordPageTests.AllPageFirefoxTests" time="5.178">
    <system-out><![CDATA[The two images are similar.
]]></system-out>
  </testcase>
  <testcase name="resourcesHeaderResetPasswordPage[https://aimood-stage1.intary.net/en/reset-password-1, Screenshots_St1/](1)" classname="tests.resetPasswordPageTests.AllPageFirefoxTests" time="5.227">
    <system-out><![CDATA[The two images are similar.
]]></system-out>
  </testcase>
  <testcase name="mainSectionResetPasswordPage[https://aimood-stage1.intary.net/en/reset-password-1, Screenshots_St1/](1)" classname="tests.resetPasswordPageTests.AllPageFirefoxTests" time="0">
    <skipped message="*** Images are not similar *** expected [true] but found [false]"/>
    <system-out><![CDATA[The two images are not similar.
Difference found. See the file D:\jenkins-agent-data\workspace\pixelPerfectMultiPlatform_AI_Mood_St1\Screenshots_St1\ResetPassword_page\EnFirefox\Screenshots_mainSectionResetPasswordPage\difference.png for details.
]]></system-out>
  </testcase>
  <testcase name="mainSectionResetPasswordPage[https://aimood-stage1.intary.net/en/reset-password-1, Screenshots_St1/](2)" classname="tests.resetPasswordPageTests.AllPageFirefoxTests" time="7.106">
    <system-out><![CDATA[The two images are similar.
]]></system-out>
  </testcase>
  <testcase name="allFooterResetPasswordPage[https://aimood-stage1.intary.net/en/reset-password-1, Screenshots_St1/](1)" classname="tests.resetPasswordPageTests.AllPageFirefoxTests" time="6.096">
    <system-out><![CDATA[The two images are similar.
]]></system-out>
  </testcase>
  <testcase name="allHeaderResetPasswordPage[https://aimood-stage1.intary.net/en/reset-password-1, Screenshots_St1/](1)" classname="tests.resetPasswordPageTests.AllPageChromeTests" time="8.622">
    <system-out><![CDATA[The two images are similar.
]]></system-out>
    <system-err><![CDATA[вер. 12, 2023 11:06:49 ДП org.openqa.selenium.devtools.CdpVersionFinder findNearestMatch
WARNING: Unable to find an exact match for CDP version 116, so returning the closest version found: 115
]]></system-err>
  </testcase>
  <testcase name="getStartedHeaderResetPasswordPage[https://aimood-stage1.intary.net/en/reset-password-1, Screenshots_St1/](1)" classname="tests.resetPasswordPageTests.AllPageChromeTests" time="5.436">
    <system-out><![CDATA[The two images are similar.
]]></system-out>
  </testcase>
  <testcase name="learnHeaderResetPasswordPage[https://aimood-stage1.intary.net/en/reset-password-1, Screenshots_St1/](1)" classname="tests.resetPasswordPageTests.AllPageChromeTests" time="5.379">
    <system-out><![CDATA[The two images are similar.
]]></system-out>
  </testcase>
  <testcase name="resourcesHeaderResetPasswordPage[https://aimood-stage1.intary.net/en/reset-password-1, Screenshots_St1/](1)" classname="tests.resetPasswordPageTests.AllPageChromeTests" time="5.386">
    <system-out><![CDATA[The two images are similar.
]]></system-out>
  </testcase>
  <testcase name="mainSectionResetPasswordPage[https://aimood-stage1.intary.net/en/reset-password-1, Screenshots_St1/](1)" classname="tests.resetPasswordPageTests.AllPageChromeTests" time="0">
    <skipped message="*** Images are not similar *** expected [true] but found [false]"/>
    <system-out><![CDATA[The two images are not similar.
Difference found. See the file D:\jenkins-agent-data\workspace\pixelPerfectMultiPlatform_AI_Mood_St1\Screenshots_St1\ResetPassword_page\EnChrome\Screenshots_mainSectionResetPasswordPage\difference.png for details.
]]></system-out>
  </testcase>
  <testcase name="mainSectionResetPasswordPage[https://aimood-stage1.intary.net/en/reset-password-1, Screenshots_St1/](2)" classname="tests.resetPasswordPageTests.AllPageChromeTests" time="0">
    <skipped message="*** Images are not similar *** expected [true] but found [false]"/>
    <system-out><![CDATA[The two images are not similar.
Difference found. See the file D:\jenkins-agent-data\workspace\pixelPerfectMultiPlatform_AI_Mood_St1\Screenshots_St1\ResetPassword_page\EnChrome\Screenshots_mainSectionResetPasswordPage\difference.png for details.
]]></system-out>
  </testcase>
  <testcase name="mainSectionResetPasswordPage[https://aimood-stage1.intary.net/en/reset-password-1, Screenshots_St1/](3)" classname="tests.resetPasswordPageTests.AllPageChromeTests" time="7.359">
    <system-out><![CDATA[The two images are similar.
]]></system-out>
  </testcase>
  <testcase name="allFooterResetPasswordPage[https://aimood-stage1.intary.net/en/reset-password-1, Screenshots_St1/](1)" classname="tests.resetPasswordPageTests.AllPageChromeTests" time="6.298">
    <system-out><![CDATA[The two images are similar.
]]></system-out>
  </testcase>
  <testcase name="allHeaderResetPasswordPage2[https://aimood-stage1.intary.net/en/reset-password-2, Screenshots_St1/](1)" classname="tests.resetPasswordPage2Tests.AllPageFirefoxTests" time="8.832">
    <system-out><![CDATA[The two images are similar.
]]></system-out>
  </testcase>
  <testcase name="getStartedHeaderResetPasswordPage2[https://aimood-stage1.intary.net/en/reset-password-2, Screenshots_St1/](1)" classname="tests.resetPasswordPage2Tests.AllPageFirefoxTests" time="5.169">
    <system-out><![CDATA[The two images are similar.
]]></system-out>
  </testcase>
  <testcase name="learnHeaderResetPasswordPage2[https://aimood-stage1.intary.net/en/reset-password-2, Screenshots_St1/](1)" classname="tests.resetPasswordPage2Tests.AllPageFirefoxTests" time="5.199">
    <system-out><![CDATA[The two images are similar.
]]></system-out>
  </testcase>
  <testcase name="resourcesHeaderResetPasswordPage2[https://aimood-stage1.intary.net/en/reset-password-2, Screenshots_St1/](1)" classname="tests.resetPasswordPage2Tests.AllPageFirefoxTests" time="5.201">
    <system-out><![CDATA[The two images are similar.
]]></system-out>
  </testcase>
  <testcase name="mainSectionResetPasswordPage2[https://aimood-stage1.intary.net/en/reset-password-2, Screenshots_St1/](1)" classname="tests.resetPasswordPage2Tests.AllPageFirefoxTests" time="0">
    <skipped message="*** Images are not similar *** expected [true] but found [false]"/>
    <system-out><![CDATA[The two images are not similar.
Difference found. See the file D:\jenkins-agent-data\workspace\pixelPerfectMultiPlatform_AI_Mood_St1\Screenshots_St1\ResetPassword_page_2\EnFirefox\Screenshots_mainSectionResetPasswordPage2\difference.png for details.
]]></system-out>
  </testcase>
  <testcase name="mainSectionResetPasswordPage2[https://aimood-stage1.intary.net/en/reset-password-2, Screenshots_St1/](2)" classname="tests.resetPasswordPage2Tests.AllPageFirefoxTests" time="0">
    <skipped message="*** Images are not similar *** expected [true] but found [false]"/>
    <system-out><![CDATA[The two images are not similar.
Difference found. See the file D:\jenkins-agent-data\workspace\pixelPerfectMultiPlatform_AI_Mood_St1\Screenshots_St1\ResetPassword_page_2\EnFirefox\Screenshots_mainSectionResetPasswordPage2\difference.png for details.
]]></system-out>
  </testcase>
  <testcase name="mainSectionResetPasswordPage2[https://aimood-stage1.intary.net/en/reset-password-2, Screenshots_St1/](3)" classname="tests.resetPasswordPage2Tests.AllPageFirefoxTests" time="6.721">
    <failure message="*** Images are not similar *** expected [true] but found [false]" type="java.lang.AssertionError"><![CDATA[java.lang.AssertionError: *** Images are not similar *** expected [true] but found [false]
	at tests.resetPasswordPage2Tests.AllPageFirefoxTests.mainSectionResetPasswordPage2(AllPageFirefoxTests.java:116)
]]></failure>
    <system-out><![CDATA[The two images are not similar.
Difference found. See the file D:\jenkins-agent-data\workspace\pixelPerfectMultiPlatform_AI_Mood_St1\Screenshots_St1\ResetPassword_page_2\EnFirefox\Screenshots_mainSectionResetPasswordPage2\difference.png for details.
]]></system-out>
  </testcase>
  <testcase name="allFooterResetPasswordPage2[https://aimood-stage1.intary.net/en/reset-password-2, Screenshots_St1/](1)" classname="tests.resetPasswordPage2Tests.AllPageFirefoxTests" time="6.063">
    <system-out><![CDATA[The two images are similar.
]]></system-out>
  </testcase>
  <testcase name="allHeaderResetPasswordPage2[https://aimood-stage1.intary.net/en/reset-password-2, Screenshots_St1/](1)" classname="tests.resetPasswordPage2Tests.AllPageChromeTests" time="8.366">
    <system-out><![CDATA[The two images are similar.
]]></system-out>
    <system-err><![CDATA[вер. 12, 2023 11:08:38 ДП org.openqa.selenium.devtools.CdpVersionFinder findNearestMatch
WARNING: Unable to find an exact match for CDP version 116, so returning the closest version found: 115
]]></system-err>
  </testcase>
  <testcase name="getStartedHeaderResetPasswordPage2[https://aimood-stage1.intary.net/en/reset-password-2, Screenshots_St1/](1)" classname="tests.resetPasswordPage2Tests.AllPageChromeTests" time="5.457">
    <system-out><![CDATA[The two images are similar.
]]></system-out>
  </testcase>
  <testcase name="learnHeaderResetPasswordPage2[https://aimood-stage1.intary.net/en/reset-password-2, Screenshots_St1/](1)" classname="tests.resetPasswordPage2Tests.AllPageChromeTests" time="5.473">
    <system-out><![CDATA[The two images are similar.
]]></system-out>
  </testcase>
  <testcase name="resourcesHeaderResetPasswordPage2[https://aimood-stage1.intary.net/en/reset-password-2, Screenshots_St1/](1)" classname="tests.resetPasswordPage2Tests.AllPageChromeTests" time="5.379">
    <system-out><![CDATA[The two images are similar.
]]></system-out>
  </testcase>
  <testcase name="mainSectionResetPasswordPage2[https://aimood-stage1.intary.net/en/reset-password-2, Screenshots_St1/](1)" classname="tests.resetPasswordPage2Tests.AllPageChromeTests" time="7.298">
    <system-out><![CDATA[The two images are similar.
]]></system-out>
  </testcase>
  <testcase name="allFooterResetPasswordPage2[https://aimood-stage1.intary.net/en/reset-password-2, Screenshots_St1/](1)" classname="tests.resetPasswordPage2Tests.AllPageChromeTests" time="15.149">
    <system-out><![CDATA[The two images are similar.
]]></system-out>
  </testcase>
  <testcase name="allHeaderSignInPage[https://aimood-stage1.intary.net/en/login, Screenshots_St1/](1)" classname="tests.signInPageTests.AllPageFirefoxTests" time="8.869">
    <system-out><![CDATA[The two images are similar.
]]></system-out>
  </testcase>
  <testcase name="getStartedHeaderSignInPage[https://aimood-stage1.intary.net/en/login, Screenshots_St1/](1)" classname="tests.signInPageTests.AllPageFirefoxTests" time="5.18">
    <system-out><![CDATA[The two images are similar.
]]></system-out>
  </testcase>
  <testcase name="learnHeaderSignInPage[https://aimood-stage1.intary.net/en/login, Screenshots_St1/](1)" classname="tests.signInPageTests.AllPageFirefoxTests" time="5.172">
    <system-out><![CDATA[The two images are similar.
]]></system-out>
  </testcase>
  <testcase name="resourcesHeaderSignInPage[https://aimood-stage1.intary.net/en/login, Screenshots_St1/](1)" classname="tests.signInPageTests.AllPageFirefoxTests" time="5.173">
    <system-out><![CDATA[The two images are similar.
]]></system-out>
  </testcase>
  <testcase name="mainSectionSignInPage[https://aimood-stage1.intary.net/en/login, Screenshots_St1/](1)" classname="tests.signInPageTests.AllPageFirefoxTests" time="7.047">
    <system-out><![CDATA[The two images are similar.
]]></system-out>
  </testcase>
  <testcase name="allFooterSignInPage[https://aimood-stage1.intary.net/en/login, Screenshots_St1/](1)" classname="tests.signInPageTests.AllPageFirefoxTests" time="6">
    <system-out><![CDATA[The two images are similar.
]]></system-out>
  </testcase>
  <testcase name="allHeaderSignInPage[https://aimood-stage1.intary.net/en/login, Screenshots_St1/](1)" classname="tests.signInPageTests.AllPageChromeTests" time="8.594">
    <system-out><![CDATA[The two images are similar.
]]></system-out>
    <system-err><![CDATA[вер. 12, 2023 11:10:08 ДП org.openqa.selenium.devtools.CdpVersionFinder findNearestMatch
WARNING: Unable to find an exact match for CDP version 116, so returning the closest version found: 115
]]></system-err>
  </testcase>
  <testcase name="getStartedHeaderSignInPage[https://aimood-stage1.intary.net/en/login, Screenshots_St1/](1)" classname="tests.signInPageTests.AllPageChromeTests" time="5.471">
    <system-out><![CDATA[The two images are similar.
]]></system-out>
  </testcase>
  <testcase name="learnHeaderSignInPage[https://aimood-stage1.intary.net/en/login, Screenshots_St1/](1)" classname="tests.signInPageTests.AllPageChromeTests" time="5.4">
    <system-out><![CDATA[The two images are similar.
]]></system-out>
  </testcase>
  <testcase name="resourcesHeaderSignInPage[https://aimood-stage1.intary.net/en/login, Screenshots_St1/](1)" classname="tests.signInPageTests.AllPageChromeTests" time="5.397">
    <system-out><![CDATA[The two images are similar.
]]></system-out>
  </testcase>
  <testcase name="mainSectionSignInPage[https://aimood-stage1.intary.net/en/login, Screenshots_St1/](1)" classname="tests.signInPageTests.AllPageChromeTests" time="7.317">
    <system-out><![CDATA[The two images are similar.
]]></system-out>
  </testcase>
  <testcase name="allFooterSignInPage[https://aimood-stage1.intary.net/en/login, Screenshots_St1/](1)" classname="tests.signInPageTests.AllPageChromeTests" time="6.332">
    <system-out><![CDATA[The two images are similar.
]]></system-out>
  </testcase>
</testsuite>