<?xml version="1.0" encoding="UTF-8"?>
<!-- Generated by org.testng.reporters.JUnitReportReporter -->
<testsuite hostname="WIN-RU0SR3DOB67" failures="0" tests="7" name="tests.whitePaper.WhitePaperFirefoxTests" time="49.804" errors="0" timestamp="2023-09-22T14:38:46 EEST" skipped="0">
  <testcase classname="tests.whitePaper.WhitePaperFirefoxTests" name="allHeaderWhitePaperPage" time="11.186"/>
  <testcase classname="tests.whitePaper.WhitePaperFirefoxTests" name="getStartedHeaderWhitePaperPage" time="6.009"/>
  <testcase classname="tests.whitePaper.WhitePaperFirefoxTests" name="learnHeaderWhitePaperPage" time="5.972"/>
  <testcase classname="tests.whitePaper.WhitePaperFirefoxTests" name="resourcesHeaderWhitePaperPage" time="6.021"/>
  <testcase classname="tests.whitePaper.WhitePaperFirefoxTests" name="mainBlockWhitePaperPage" time="5.950"/>
  <testcase classname="tests.whitePaper.WhitePaperFirefoxTests" name="marketTokenWhitePaperPage" time="8.679"/>
  <testcase classname="tests.whitePaper.WhitePaperFirefoxTests" name="allFooterWhitePaperPage" time="5.987"/>
</testsuite> <!-- tests.whitePaper.WhitePaperFirefoxTests -->
