<?xml version="1.0" encoding="UTF-8"?>
<!-- Generated by org.testng.reporters.JUnitReportReporter -->
<testsuite hostname="WIN-RU0SR3DOB67" failures="0" tests="6" name="tests.resetPasswordPage2Tests.AllPageChromeTests" time="39.466" errors="0" timestamp="2023-10-04T14:07:53 EEST" skipped="0">
  <testcase classname="tests.resetPasswordPage2Tests.AllPageChromeTests" name="allHeaderResetPasswordPage2" time="9.590"/>
  <testcase classname="tests.resetPasswordPage2Tests.AllPageChromeTests" name="getStartedHeaderResetPasswordPage2" time="5.290"/>
  <testcase classname="tests.resetPasswordPage2Tests.AllPageChromeTests" name="learnHeaderResetPasswordPage2" time="5.238"/>
  <testcase classname="tests.resetPasswordPage2Tests.AllPageChromeTests" name="resourcesHeaderResetPasswordPage2" time="5.209"/>
  <testcase classname="tests.resetPasswordPage2Tests.AllPageChromeTests" name="mainSectionResetPasswordPage2" time="7.159"/>
  <testcase classname="tests.resetPasswordPage2Tests.AllPageChromeTests" name="allFooterResetPasswordPage2" time="6.980"/>
</testsuite> <!-- tests.resetPasswordPage2Tests.AllPageChromeTests -->
