<?xml version="1.0" encoding="UTF-8"?>
<!-- Generated by org.testng.reporters.JUnitReportReporter -->
<testsuite hostname="WIN-RU0SR3DOB67" failures="0" tests="6" name="tests.resetPasswordPage2Tests.AllPageChromeTests" time="39.568" errors="0" timestamp="2023-09-25T11:05:41 EEST" skipped="0">
  <testcase classname="tests.resetPasswordPage2Tests.AllPageChromeTests" name="allHeaderResetPasswordPage2" time="8.918"/>
  <testcase classname="tests.resetPasswordPage2Tests.AllPageChromeTests" name="getStartedHeaderResetPasswordPage2" time="5.473"/>
  <testcase classname="tests.resetPasswordPage2Tests.AllPageChromeTests" name="learnHeaderResetPasswordPage2" time="5.375"/>
  <testcase classname="tests.resetPasswordPage2Tests.AllPageChromeTests" name="resourcesHeaderResetPasswordPage2" time="6.206"/>
  <testcase classname="tests.resetPasswordPage2Tests.AllPageChromeTests" name="mainSectionResetPasswordPage2" time="7.276"/>
  <testcase classname="tests.resetPasswordPage2Tests.AllPageChromeTests" name="allFooterResetPasswordPage2" time="6.320"/>
</testsuite> <!-- tests.resetPasswordPage2Tests.AllPageChromeTests -->
