<?xml version="1.0" encoding="UTF-8"?>
<!-- Generated by org.testng.reporters.JUnitReportReporter -->
<testsuite hostname="WIN-RU0SR3DOB67" failures="0" tests="8" name="tests.WhatIsAimood.WhatIsAimoodFirefoxTests" time="54.020" errors="0" timestamp="2023-09-29T16:17:10 EEST" skipped="0">
  <testcase classname="tests.WhatIsAimood.WhatIsAimoodFirefoxTests" name="allHeaderWhatIsAimoodPage" time="9.998"/>
  <testcase classname="tests.WhatIsAimood.WhatIsAimoodFirefoxTests" name="getStartedHeaderWhatIsAimoodPage" time="5.185"/>
  <testcase classname="tests.WhatIsAimood.WhatIsAimoodFirefoxTests" name="learnHeaderWhatIsAimoodPage" time="5.238"/>
  <testcase classname="tests.WhatIsAimood.WhatIsAimoodFirefoxTests" name="resourcesHeaderWhatIsAimoodPage" time="5.290"/>
  <testcase classname="tests.WhatIsAimood.WhatIsAimoodFirefoxTests" name="mainBlockWhatIsAimoodPage" time="6.170"/>
  <testcase classname="tests.WhatIsAimood.WhatIsAimoodFirefoxTests" name="whyChooseWhatIsAimoodPage" time="9.612"/>
  <testcase classname="tests.WhatIsAimood.WhatIsAimoodFirefoxTests" name="ecosystemWhatIsAimoodPage" time="6.404"/>
  <testcase classname="tests.WhatIsAimood.WhatIsAimoodFirefoxTests" name="allFooterWhatIsAimoodPage" time="6.123"/>
</testsuite> <!-- tests.WhatIsAimood.WhatIsAimoodFirefoxTests -->
