<?xml version="1.0" encoding="UTF-8"?>
<!-- Generated by org.testng.reporters.JUnitReportReporter -->
<testsuite hostname="WIN-RU0SR3DOB67" failures="0" tests="9" name="tests.accountP2PPageTests.AllPageFirefoxTests" time="66.944" errors="0" timestamp="2023-09-29T17:47:37 EEST" skipped="0">
  <testcase classname="tests.accountP2PPageTests.AllPageFirefoxTests" name="signInUser" time="10.125"/>
  <testcase classname="tests.accountP2PPageTests.AllPageFirefoxTests" name="allHeaderAccountP2PPage" time="6.201"/>
  <testcase classname="tests.accountP2PPageTests.AllPageFirefoxTests" name="getStartedHeaderAccountP2PPage" time="6.976"/>
  <testcase classname="tests.accountP2PPageTests.AllPageFirefoxTests" name="learnHeaderAccountP2PPage" time="6.959"/>
  <testcase classname="tests.accountP2PPageTests.AllPageFirefoxTests" name="resourcesHeaderAccountP2PPage" time="7.040"/>
  <testcase classname="tests.accountP2PPageTests.AllPageFirefoxTests" name="notificationsHeaderAccountP2PPage" time="7.148"/>
  <testcase classname="tests.accountP2PPageTests.AllPageFirefoxTests" name="profileHeaderAccountP2PPage" time="7.107"/>
  <testcase classname="tests.accountP2PPageTests.AllPageFirefoxTests" name="mainSectionAccountP2PPage" time="9.416"/>
  <testcase classname="tests.accountP2PPageTests.AllPageFirefoxTests" name="allFooterAccountP2PPage" time="5.972"/>
</testsuite> <!-- tests.accountP2PPageTests.AllPageFirefoxTests -->
