<?xml version="1.0" encoding="UTF-8"?>
<!-- Generated by org.testng.reporters.JUnitReportReporter -->
<testsuite hostname="WIN-RU0SR3DOB67" failures="0" tests="9" name="tests.accountSettingsPageTests.AllPageFirefoxTests" time="71.494" errors="0" timestamp="2023-09-25T11:59:02 EEST" skipped="0">
  <testcase classname="tests.accountSettingsPageTests.AllPageFirefoxTests" name="signInUser" time="12.978"/>
  <testcase classname="tests.accountSettingsPageTests.AllPageFirefoxTests" name="allHeaderAccountSettingsPage" time="7.797"/>
  <testcase classname="tests.accountSettingsPageTests.AllPageFirefoxTests" name="getStartedHeaderAccountSettingsPage" time="6.963"/>
  <testcase classname="tests.accountSettingsPageTests.AllPageFirefoxTests" name="learnHeaderAccountSettingsPage" time="6.979"/>
  <testcase classname="tests.accountSettingsPageTests.AllPageFirefoxTests" name="resourcesHeaderAccountSettingsPage" time="9.723"/>
  <testcase classname="tests.accountSettingsPageTests.AllPageFirefoxTests" name="notificationsHeaderAccountSettingsPage" time="7.073"/>
  <testcase classname="tests.accountSettingsPageTests.AllPageFirefoxTests" name="profileHeaderAccountSettingsPage" time="7.040"/>
  <testcase classname="tests.accountSettingsPageTests.AllPageFirefoxTests" name="mainSectionAccountSettingsPage" time="6.996"/>
  <testcase classname="tests.accountSettingsPageTests.AllPageFirefoxTests" name="allFooterAccountSettingsPage" time="5.945"/>
</testsuite> <!-- tests.accountSettingsPageTests.AllPageFirefoxTests -->
