<?xml version="1.0" encoding="UTF-8"?>
<!-- Generated by org.testng.reporters.JUnitReportReporter -->
<testsuite hostname="WIN-RU0SR3DOB67" failures="0" tests="6" name="tests.resetPasswordPage2Tests.AllPageFirefoxTests" time="39.616" errors="0" timestamp="2023-09-29T17:47:37 EEST" skipped="0">
  <testcase classname="tests.resetPasswordPage2Tests.AllPageFirefoxTests" name="allHeaderResetPasswordPage2" time="8.614"/>
  <testcase classname="tests.resetPasswordPage2Tests.AllPageFirefoxTests" name="getStartedHeaderResetPasswordPage2" time="5.110"/>
  <testcase classname="tests.resetPasswordPage2Tests.AllPageFirefoxTests" name="learnHeaderResetPasswordPage2" time="5.097"/>
  <testcase classname="tests.resetPasswordPage2Tests.AllPageFirefoxTests" name="resourcesHeaderResetPasswordPage2" time="7.827"/>
  <testcase classname="tests.resetPasswordPage2Tests.AllPageFirefoxTests" name="mainSectionResetPasswordPage2" time="6.937"/>
  <testcase classname="tests.resetPasswordPage2Tests.AllPageFirefoxTests" name="allFooterResetPasswordPage2" time="6.031"/>
</testsuite> <!-- tests.resetPasswordPage2Tests.AllPageFirefoxTests -->
