<?xml version="1.0" encoding="UTF-8"?>
<!-- Generated by org.testng.reporters.JUnitReportReporter -->
<testsuite hostname="WIN-RU0SR3DOB67" failures="0" tests="8" name="tests.SignIn.SignInFirefoxTests" time="56.404" errors="0" timestamp="2023-08-30T17:08:26 EEST" skipped="2">
  <testcase classname="tests.SignIn.SignInFirefoxTests" name="allHeaderMainPage" time="8.338"/>
  <testcase classname="tests.SignIn.SignInFirefoxTests" name="mainBlockWhitePaperPage" time="9.066">
    <skipped/>
  </testcase> <!-- mainBlockWhitePaperPage -->
  <testcase classname="tests.SignIn.SignInFirefoxTests" name="mainBlockWhitePaperPage" time="6.944"/>
  <testcase classname="tests.SignIn.SignInFirefoxTests" name="mainBlockWhitePaperPage" time="6.567">
    <skipped/>
  </testcase> <!-- mainBlockWhitePaperPage -->
  <testcase classname="tests.SignIn.SignInFirefoxTests" name="Forgot" time="6.831"/>
  <testcase classname="tests.SignIn.SignInFirefoxTests" name="Dont" time="6.861"/>
  <testcase classname="tests.SignIn.SignInFirefoxTests" name="allPageSignInPage" time="4.964"/>
  <testcase classname="tests.SignIn.SignInFirefoxTests" name="allFooterMainPage" time="6.833"/>
</testsuite> <!-- tests.SignIn.SignInFirefoxTests -->
