<?xml version="1.0" encoding="UTF-8"?>
<!-- Generated by org.testng.reporters.JUnitReportReporter -->
<testsuite hostname="WIN-RU0SR3DOB67" failures="0" tests="10" name="tests.walletPageTests.AllPageFirefoxTests" time="49.590" errors="0" timestamp="2023-08-18T11:06:42 EEST" skipped="0">
  <testcase classname="tests.walletPageTests.AllPageFirefoxTests" name="allHeaderWalletPage" time="6.171"/>
  <system-out/>
  <testcase classname="tests.walletPageTests.AllPageFirefoxTests" name="getStartedHeaderWalletPage" time="4.131"/>
  <system-out/>
  <testcase classname="tests.walletPageTests.AllPageFirefoxTests" name="learnHeaderWalletPage" time="4.071"/>
  <system-out/>
  <testcase classname="tests.walletPageTests.AllPageFirefoxTests" name="resourcesHeaderWalletPage" time="4.059"/>
  <system-out/>
  <testcase classname="tests.walletPageTests.AllPageFirefoxTests" name="mainSectionWalletPage" time="4.919"/>
  <system-out/>
  <testcase classname="tests.walletPageTests.AllPageFirefoxTests" name="delegatedSectionWalletPage" time="5.173"/>
  <system-out/>
  <testcase classname="tests.walletPageTests.AllPageFirefoxTests" name="allFooterWalletPage" time="4.985"/>
  <system-out/>
  <testcase classname="tests.walletPageTests.AllPageFirefoxTests" name="partnFooterWalletPage" time="4.889"/>
  <system-out/>
  <testcase classname="tests.walletPageTests.AllPageFirefoxTests" name="subFooterWalletPage" time="4.867"/>
  <system-out/>
  <testcase classname="tests.walletPageTests.AllPageFirefoxTests" name="copFooterWalletPage" time="6.325"/>
  <system-out/>
</testsuite> <!-- tests.walletPageTests.AllPageFirefoxTests -->
