<?xml version="1.0" encoding="UTF-8"?>
<!-- Generated by org.testng.reporters.JUnitReportReporter -->
<testsuite hostname="WIN-RU0SR3DOB67" failures="0" tests="9" name="tests.accountSettingsPageTests.AllPageFirefoxTests" time="68.774" errors="0" timestamp="2023-09-22T14:38:46 EEST" skipped="0">
  <testcase classname="tests.accountSettingsPageTests.AllPageFirefoxTests" name="signInUser" time="15.024"/>
  <testcase classname="tests.accountSettingsPageTests.AllPageFirefoxTests" name="allHeaderAccountSettingsPage" time="6.093"/>
  <testcase classname="tests.accountSettingsPageTests.AllPageFirefoxTests" name="getStartedHeaderAccountSettingsPage" time="6.896"/>
  <testcase classname="tests.accountSettingsPageTests.AllPageFirefoxTests" name="learnHeaderAccountSettingsPage" time="6.894"/>
  <testcase classname="tests.accountSettingsPageTests.AllPageFirefoxTests" name="resourcesHeaderAccountSettingsPage" time="6.962"/>
  <testcase classname="tests.accountSettingsPageTests.AllPageFirefoxTests" name="notificationsHeaderAccountSettingsPage" time="7.014"/>
  <testcase classname="tests.accountSettingsPageTests.AllPageFirefoxTests" name="profileHeaderAccountSettingsPage" time="7.028"/>
  <testcase classname="tests.accountSettingsPageTests.AllPageFirefoxTests" name="mainSectionAccountSettingsPage" time="6.963"/>
  <testcase classname="tests.accountSettingsPageTests.AllPageFirefoxTests" name="allFooterAccountSettingsPage" time="5.900"/>
</testsuite> <!-- tests.accountSettingsPageTests.AllPageFirefoxTests -->
