<?xml version="1.0" encoding="UTF-8"?>
<!-- Generated by org.testng.reporters.JUnitReportReporter -->
<testsuite hostname="WIN-RU0SR3DOB67" failures="0" tests="10" name="tests.tokenMoodPageTests.AllPageFirefoxTests" time="52.309" errors="0" timestamp="2023-08-15T11:59:27 EEST" skipped="0">
  <testcase classname="tests.tokenMoodPageTests.AllPageFirefoxTests" name="allHeaderTokenMoodPage" time="7.163"/>
  <system-out/>
  <testcase classname="tests.tokenMoodPageTests.AllPageFirefoxTests" name="getStartedHeaderTokenMoodPage" time="4.132"/>
  <system-out/>
  <testcase classname="tests.tokenMoodPageTests.AllPageFirefoxTests" name="learnHeaderTokenMoodPage" time="4.112"/>
  <system-out/>
  <testcase classname="tests.tokenMoodPageTests.AllPageFirefoxTests" name="resourcesHeaderTokenMoodPage" time="4.150"/>
  <system-out/>
  <testcase classname="tests.tokenMoodPageTests.AllPageFirefoxTests" name="mainSectionTokenMoodPage" time="4.924"/>
  <system-out/>
  <testcase classname="tests.tokenMoodPageTests.AllPageFirefoxTests" name="statisticsSectionTokenMoodPage" time="5.267"/>
  <system-out/>
  <testcase classname="tests.tokenMoodPageTests.AllPageFirefoxTests" name="allFooterTokenMoodPage" time="5.031"/>
  <system-out/>
  <testcase classname="tests.tokenMoodPageTests.AllPageFirefoxTests" name="partnFooterTokenMoodPage" time="4.936"/>
  <system-out/>
  <testcase classname="tests.tokenMoodPageTests.AllPageFirefoxTests" name="subFooterTokenMoodPage" time="5.002"/>
  <system-out/>
  <testcase classname="tests.tokenMoodPageTests.AllPageFirefoxTests" name="copFooterTokenMoodPage" time="7.592"/>
  <system-out/>
</testsuite> <!-- tests.tokenMoodPageTests.AllPageFirefoxTests -->
