<?xml version="1.0" encoding="UTF-8"?>
<!-- Generated by org.testng.reporters.JUnitReportReporter -->
<testsuite hostname="WIN-RU0SR3DOB67" failures="0" tests="9" name="tests.accountSettingsPageTests.AllPageChromeTests" time="70.102" errors="0" timestamp="2023-09-29T16:17:10 EEST" skipped="0">
  <testcase classname="tests.accountSettingsPageTests.AllPageChromeTests" name="signInUser" time="13.756"/>
  <testcase classname="tests.accountSettingsPageTests.AllPageChromeTests" name="allHeaderAccountSettingsPage" time="6.419"/>
  <testcase classname="tests.accountSettingsPageTests.AllPageChromeTests" name="getStartedHeaderAccountSettingsPage" time="7.277"/>
  <testcase classname="tests.accountSettingsPageTests.AllPageChromeTests" name="learnHeaderAccountSettingsPage" time="7.224"/>
  <testcase classname="tests.accountSettingsPageTests.AllPageChromeTests" name="resourcesHeaderAccountSettingsPage" time="7.265"/>
  <testcase classname="tests.accountSettingsPageTests.AllPageChromeTests" name="notificationsHeaderAccountSettingsPage" time="7.151"/>
  <testcase classname="tests.accountSettingsPageTests.AllPageChromeTests" name="profileHeaderAccountSettingsPage" time="7.170"/>
  <testcase classname="tests.accountSettingsPageTests.AllPageChromeTests" name="mainSectionAccountSettingsPage" time="7.393"/>
  <testcase classname="tests.accountSettingsPageTests.AllPageChromeTests" name="allFooterAccountSettingsPage" time="6.447"/>
</testsuite> <!-- tests.accountSettingsPageTests.AllPageChromeTests -->
