<?xml version="1.0" encoding="UTF-8"?>
<!-- Generated by org.testng.reporters.JUnitReportReporter -->
<testsuite hostname="WIN-RU0SR3DOB67" failures="0" tests="7" name="tests.affiliateProgramPageTests.AllPageChromeTests" time="45.148" errors="0" timestamp="2023-09-08T16:44:59 EEST" skipped="0">
  <testcase classname="tests.affiliateProgramPageTests.AllPageChromeTests" name="allHeaderAffiliateProgramPage" time="7.269"/>
  <testcase classname="tests.affiliateProgramPageTests.AllPageChromeTests" name="getStartedHeaderAffiliateProgramPage" time="5.386"/>
  <testcase classname="tests.affiliateProgramPageTests.AllPageChromeTests" name="learnHeaderAffiliateProgramPage" time="5.321"/>
  <testcase classname="tests.affiliateProgramPageTests.AllPageChromeTests" name="resourcesHeaderAffiliateProgramPage" time="6.107"/>
  <testcase classname="tests.affiliateProgramPageTests.AllPageChromeTests" name="mainSectionAffiliateProgramPage" time="7.236"/>
  <testcase classname="tests.affiliateProgramPageTests.AllPageChromeTests" name="affiliateSectionAffiliateProgramPage" time="7.569"/>
  <testcase classname="tests.affiliateProgramPageTests.AllPageChromeTests" name="allFooterAffiliateProgramPage" time="6.260"/>
</testsuite> <!-- tests.affiliateProgramPageTests.AllPageChromeTests -->
