<?xml version="1.0" encoding="UTF-8"?>
<!-- Generated by org.testng.reporters.JUnitReportReporter -->
<testsuite hostname="WIN-RU0SR3DOB67" failures="0" tests="9" name="tests.accountSettingsPageTests.AllPageChromeTests" time="71.429" errors="0" timestamp="2023-09-22T14:38:46 EEST" skipped="0">
  <testcase classname="tests.accountSettingsPageTests.AllPageChromeTests" name="signInUser" time="15.345"/>
  <testcase classname="tests.accountSettingsPageTests.AllPageChromeTests" name="allHeaderAccountSettingsPage" time="6.190"/>
  <testcase classname="tests.accountSettingsPageTests.AllPageChromeTests" name="getStartedHeaderAccountSettingsPage" time="7.130"/>
  <testcase classname="tests.accountSettingsPageTests.AllPageChromeTests" name="learnHeaderAccountSettingsPage" time="7.955"/>
  <testcase classname="tests.accountSettingsPageTests.AllPageChromeTests" name="resourcesHeaderAccountSettingsPage" time="7.169"/>
  <testcase classname="tests.accountSettingsPageTests.AllPageChromeTests" name="notificationsHeaderAccountSettingsPage" time="7.099"/>
  <testcase classname="tests.accountSettingsPageTests.AllPageChromeTests" name="profileHeaderAccountSettingsPage" time="7.073"/>
  <testcase classname="tests.accountSettingsPageTests.AllPageChromeTests" name="mainSectionAccountSettingsPage" time="7.228"/>
  <testcase classname="tests.accountSettingsPageTests.AllPageChromeTests" name="allFooterAccountSettingsPage" time="6.240"/>
</testsuite> <!-- tests.accountSettingsPageTests.AllPageChromeTests -->
