<?xml version="1.0" encoding="UTF-8"?>
<!-- Generated by org.testng.reporters.JUnitReportReporter -->
<testsuite hostname="WIN-RU0SR3DOB67" failures="0" tests="6" name="tests.buySellMoodCoinTests.AllPageFirefoxTests" time="38.318" errors="0" timestamp="2023-09-25T11:59:02 EEST" skipped="0">
  <testcase classname="tests.buySellMoodCoinTests.AllPageFirefoxTests" name="allHeaderBuySellMoodCoinPage" time="9.904"/>
  <testcase classname="tests.buySellMoodCoinTests.AllPageFirefoxTests" name="getStartedHeaderBuySellMoodCoinPage" time="5.111"/>
  <testcase classname="tests.buySellMoodCoinTests.AllPageFirefoxTests" name="learnHeaderBuySellMoodCoinPage" time="5.116"/>
  <testcase classname="tests.buySellMoodCoinTests.AllPageFirefoxTests" name="resourcesHeaderBuySellMoodCoinPage" time="5.202"/>
  <testcase classname="tests.buySellMoodCoinTests.AllPageFirefoxTests" name="mainSectionBuySellMoodCoinPage" time="6.941"/>
  <testcase classname="tests.buySellMoodCoinTests.AllPageFirefoxTests" name="allFooterBuySellMoodCoinPage" time="6.044"/>
</testsuite> <!-- tests.buySellMoodCoinTests.AllPageFirefoxTests -->
