<?xml version="1.0" encoding="UTF-8"?>
<!-- Generated by org.testng.reporters.JUnitReportReporter -->
<testsuite hostname="WIN-RU0SR3DOB67" failures="0" tests="9" name="tests.accountP2PPageTests.AllPageFirefoxTests" time="79.346" errors="0" timestamp="2023-09-22T14:38:46 EEST" skipped="0">
  <testcase classname="tests.accountP2PPageTests.AllPageFirefoxTests" name="signInUser" time="22.512"/>
  <testcase classname="tests.accountP2PPageTests.AllPageFirefoxTests" name="allHeaderAccountP2PPage" time="6.164"/>
  <testcase classname="tests.accountP2PPageTests.AllPageFirefoxTests" name="getStartedHeaderAccountP2PPage" time="6.990"/>
  <testcase classname="tests.accountP2PPageTests.AllPageFirefoxTests" name="learnHeaderAccountP2PPage" time="6.982"/>
  <testcase classname="tests.accountP2PPageTests.AllPageFirefoxTests" name="resourcesHeaderAccountP2PPage" time="6.993"/>
  <testcase classname="tests.accountP2PPageTests.AllPageFirefoxTests" name="notificationsHeaderAccountP2PPage" time="7.075"/>
  <testcase classname="tests.accountP2PPageTests.AllPageFirefoxTests" name="profileHeaderAccountP2PPage" time="7.030"/>
  <testcase classname="tests.accountP2PPageTests.AllPageFirefoxTests" name="mainSectionAccountP2PPage" time="7.254"/>
  <testcase classname="tests.accountP2PPageTests.AllPageFirefoxTests" name="allFooterAccountP2PPage" time="8.346"/>
</testsuite> <!-- tests.accountP2PPageTests.AllPageFirefoxTests -->
