<?xml version="1.0" encoding="UTF-8"?>
<!-- Generated by org.testng.reporters.JUnitReportReporter -->
<testsuite hostname="WIN-RU0SR3DOB67" failures="0" tests="10" name="tests.affiliateProgramPageTests.AllPageChromeTests" time="56.039" errors="0" timestamp="2023-08-16T15:38:19 EEST" skipped="0">
  <testcase classname="tests.affiliateProgramPageTests.AllPageChromeTests" name="allHeaderAffiliateProgramPage" time="9.846"/>
  <system-out/>
  <testcase classname="tests.affiliateProgramPageTests.AllPageChromeTests" name="getStartedHeaderAffiliateProgramPage" time="4.440"/>
  <system-out/>
  <testcase classname="tests.affiliateProgramPageTests.AllPageChromeTests" name="learnHeaderAffiliateProgramPage" time="4.287"/>
  <system-out/>
  <testcase classname="tests.affiliateProgramPageTests.AllPageChromeTests" name="resourcesHeaderAffiliateProgramPage" time="5.918"/>
  <system-out/>
  <testcase classname="tests.affiliateProgramPageTests.AllPageChromeTests" name="mainSectionAffiliateProgramPage" time="6.239"/>
  <system-out/>
  <testcase classname="tests.affiliateProgramPageTests.AllPageChromeTests" name="affiliateSectionAffiliateProgramPage" time="5.615"/>
  <system-out/>
  <testcase classname="tests.affiliateProgramPageTests.AllPageChromeTests" name="allFooterAffiliateProgramPage" time="5.254"/>
  <system-out/>
  <testcase classname="tests.affiliateProgramPageTests.AllPageChromeTests" name="partnFooterAffiliateProgramPage" time="5.160"/>
  <system-out/>
  <testcase classname="tests.affiliateProgramPageTests.AllPageChromeTests" name="subFooterAffiliateProgramPage" time="5.121"/>
  <system-out/>
  <testcase classname="tests.affiliateProgramPageTests.AllPageChromeTests" name="copFooterAffiliateProgramPage" time="4.159"/>
  <system-out/>
</testsuite> <!-- tests.affiliateProgramPageTests.AllPageChromeTests -->
