<?xml version="1.0" encoding="UTF-8"?>
<!-- Generated by org.testng.reporters.JUnitReportReporter -->
<testsuite hostname="WIN-RU0SR3DOB67" failures="0" tests="10" name="tests.accountSettingsPageTests.AllPageChromeTests" time="76.828" errors="0" timestamp="2023-09-29T17:47:37 EEST" skipped="1">
  <testcase classname="tests.accountSettingsPageTests.AllPageChromeTests" name="signInUser" time="12.602"/>
  <testcase classname="tests.accountSettingsPageTests.AllPageChromeTests" name="allHeaderAccountSettingsPage" time="6.232"/>
  <testcase classname="tests.accountSettingsPageTests.AllPageChromeTests" name="getStartedHeaderAccountSettingsPage" time="8.084"/>
  <testcase classname="tests.accountSettingsPageTests.AllPageChromeTests" name="learnHeaderAccountSettingsPage" time="6.774">
    <skipped/>
  </testcase> <!-- learnHeaderAccountSettingsPage -->
  <testcase classname="tests.accountSettingsPageTests.AllPageChromeTests" name="learnHeaderAccountSettingsPage" time="7.264"/>
  <testcase classname="tests.accountSettingsPageTests.AllPageChromeTests" name="resourcesHeaderAccountSettingsPage" time="7.277"/>
  <testcase classname="tests.accountSettingsPageTests.AllPageChromeTests" name="notificationsHeaderAccountSettingsPage" time="7.221"/>
  <testcase classname="tests.accountSettingsPageTests.AllPageChromeTests" name="profileHeaderAccountSettingsPage" time="7.278"/>
  <testcase classname="tests.accountSettingsPageTests.AllPageChromeTests" name="mainSectionAccountSettingsPage" time="7.639"/>
  <testcase classname="tests.accountSettingsPageTests.AllPageChromeTests" name="allFooterAccountSettingsPage" time="6.457"/>
</testsuite> <!-- tests.accountSettingsPageTests.AllPageChromeTests -->
