<?xml version="1.0" encoding="UTF-8"?>
<!-- Generated by org.testng.reporters.JUnitReportReporter -->
<testsuite hostname="WIN-RU0SR3DOB67" failures="0" tests="7" name="tests.affiliateProgramPageTests.AllPageChromeTests" time="48.025" errors="0" timestamp="2023-09-29T16:17:10 EEST" skipped="0">
  <testcase classname="tests.affiliateProgramPageTests.AllPageChromeTests" name="allHeaderAffiliateProgramPage" time="9.532"/>
  <testcase classname="tests.affiliateProgramPageTests.AllPageChromeTests" name="getStartedHeaderAffiliateProgramPage" time="5.468"/>
  <testcase classname="tests.affiliateProgramPageTests.AllPageChromeTests" name="learnHeaderAffiliateProgramPage" time="5.474"/>
  <testcase classname="tests.affiliateProgramPageTests.AllPageChromeTests" name="resourcesHeaderAffiliateProgramPage" time="5.375"/>
  <testcase classname="tests.affiliateProgramPageTests.AllPageChromeTests" name="mainSectionAffiliateProgramPage" time="7.591"/>
  <testcase classname="tests.affiliateProgramPageTests.AllPageChromeTests" name="affiliateSectionAffiliateProgramPage" time="7.900"/>
  <testcase classname="tests.affiliateProgramPageTests.AllPageChromeTests" name="allFooterAffiliateProgramPage" time="6.685"/>
</testsuite> <!-- tests.affiliateProgramPageTests.AllPageChromeTests -->
