<?xml version="1.0" encoding="UTF-8"?>
<!-- Generated by org.testng.reporters.JUnitReportReporter -->
<testsuite hostname="WIN-RU0SR3DOB67" failures="0" tests="8" name="tests.WhatIsAimood.WhatIsAimoodFirefoxTests" time="43.645" errors="0" timestamp="2023-08-30T16:31:21 EEST" skipped="0">
  <testcase classname="tests.WhatIsAimood.WhatIsAimoodFirefoxTests" name="allHeaderMainPage" time="6.204"/>
  <testcase classname="tests.WhatIsAimood.WhatIsAimoodFirefoxTests" name="mainBlockWhatIsAimoodPage" time="5.009"/>
  <testcase classname="tests.WhatIsAimood.WhatIsAimoodFirefoxTests" name="WhyChoosePage" time="5.210"/>
  <testcase classname="tests.WhatIsAimood.WhatIsAimoodFirefoxTests" name="TfeuamWbEUPage" time="5.304"/>
  <testcase classname="tests.WhatIsAimood.WhatIsAimoodFirefoxTests" name="allFooterMainPage" time="4.921"/>
  <testcase classname="tests.WhatIsAimood.WhatIsAimoodFirefoxTests" name="partnFooterMainPage" time="7.580"/>
  <testcase classname="tests.WhatIsAimood.WhatIsAimoodFirefoxTests" name="subFooterMainPage" time="5.425"/>
  <testcase classname="tests.WhatIsAimood.WhatIsAimoodFirefoxTests" name="copFooterMainPage" time="3.992"/>
</testsuite> <!-- tests.WhatIsAimood.WhatIsAimoodFirefoxTests -->
