<?xml version="1.0" encoding="UTF-8"?>
<!-- Generated by org.testng.reporters.JUnitReportReporter -->
<testsuite hostname="WIN-RU0SR3DOB67" failures="0" tests="10" name="tests.affiliateProgramPageTests.AllPageChromeTests" time="52.764" errors="0" timestamp="2023-08-16T11:28:46 EEST" skipped="0">
  <testcase classname="tests.affiliateProgramPageTests.AllPageChromeTests" name="allHeaderAffiliateProgramPage" time="6.310"/>
  <system-out/>
  <testcase classname="tests.affiliateProgramPageTests.AllPageChromeTests" name="getStartedHeaderAffiliateProgramPage" time="6.069"/>
  <system-out/>
  <testcase classname="tests.affiliateProgramPageTests.AllPageChromeTests" name="learnHeaderAffiliateProgramPage" time="4.338"/>
  <system-out/>
  <testcase classname="tests.affiliateProgramPageTests.AllPageChromeTests" name="resourcesHeaderAffiliateProgramPage" time="4.489"/>
  <system-out/>
  <testcase classname="tests.affiliateProgramPageTests.AllPageChromeTests" name="mainSectionAffiliateProgramPage" time="6.221"/>
  <system-out/>
  <testcase classname="tests.affiliateProgramPageTests.AllPageChromeTests" name="affiliateSectionAffiliateProgramPage" time="5.621"/>
  <system-out/>
  <testcase classname="tests.affiliateProgramPageTests.AllPageChromeTests" name="allFooterAffiliateProgramPage" time="5.272"/>
  <system-out/>
  <testcase classname="tests.affiliateProgramPageTests.AllPageChromeTests" name="partnFooterAffiliateProgramPage" time="5.138"/>
  <system-out/>
  <testcase classname="tests.affiliateProgramPageTests.AllPageChromeTests" name="subFooterAffiliateProgramPage" time="5.123"/>
  <system-out/>
  <testcase classname="tests.affiliateProgramPageTests.AllPageChromeTests" name="copFooterAffiliateProgramPage" time="4.183"/>
  <system-out/>
</testsuite> <!-- tests.affiliateProgramPageTests.AllPageChromeTests -->
