<?xml version="1.0" encoding="UTF-8"?>
<!-- Generated by org.testng.reporters.JUnitReportReporter -->
<testsuite hostname="WIN-RU0SR3DOB67" failures="0" tests="7" name="tests.walletPageTests.AllPageFirefoxTests" time="49.935" errors="0" timestamp="2023-10-04T14:07:53 EEST" skipped="0">
  <testcase classname="tests.walletPageTests.AllPageFirefoxTests" name="allHeaderWalletPage" time="15.351"/>
  <testcase classname="tests.walletPageTests.AllPageFirefoxTests" name="getStartedHeaderWalletPage" time="5.256"/>
  <testcase classname="tests.walletPageTests.AllPageFirefoxTests" name="learnHeaderWalletPage" time="5.278"/>
  <testcase classname="tests.walletPageTests.AllPageFirefoxTests" name="resourcesHeaderWalletPage" time="5.220"/>
  <testcase classname="tests.walletPageTests.AllPageFirefoxTests" name="mainSectionWalletPage" time="6.098"/>
  <testcase classname="tests.walletPageTests.AllPageFirefoxTests" name="delegatedSectionWalletPage" time="6.550"/>
  <testcase classname="tests.walletPageTests.AllPageFirefoxTests" name="allFooterWalletPage" time="6.182"/>
</testsuite> <!-- tests.walletPageTests.AllPageFirefoxTests -->
