<?xml version="1.0" encoding="UTF-8"?>
<!-- Generated by org.testng.reporters.JUnitReportReporter -->
<testsuite hostname="WIN-RU0SR3DOB67" failures="0" tests="9" name="tests.accountFundPageTests.AllPageFirefoxTests" time="67.295" errors="0" timestamp="2023-09-29T17:47:37 EEST" skipped="0">
  <testcase classname="tests.accountFundPageTests.AllPageFirefoxTests" name="signInUser" time="10.641"/>
  <testcase classname="tests.accountFundPageTests.AllPageFirefoxTests" name="allHeaderAccountFundPage" time="6.026"/>
  <testcase classname="tests.accountFundPageTests.AllPageFirefoxTests" name="getStartedHeaderAccountFundPage" time="9.513"/>
  <testcase classname="tests.accountFundPageTests.AllPageFirefoxTests" name="learnHeaderAccountFundPage" time="6.955"/>
  <testcase classname="tests.accountFundPageTests.AllPageFirefoxTests" name="resourcesHeaderAccountFundPage" time="6.968"/>
  <testcase classname="tests.accountFundPageTests.AllPageFirefoxTests" name="notificationsHeaderAccountFundPage" time="7.074"/>
  <testcase classname="tests.accountFundPageTests.AllPageFirefoxTests" name="profileHeaderAccountFundPage" time="7.073"/>
  <testcase classname="tests.accountFundPageTests.AllPageFirefoxTests" name="mainSectionAccountFundPage" time="7.086"/>
  <testcase classname="tests.accountFundPageTests.AllPageFirefoxTests" name="allFooterAccountFundPage" time="5.959"/>
</testsuite> <!-- tests.accountFundPageTests.AllPageFirefoxTests -->
