<?xml version="1.0" encoding="UTF-8"?>
<!-- Generated by org.testng.reporters.JUnitReportReporter -->
<testsuite hostname="WIN-RU0SR3DOB67" failures="0" tests="10" name="tests.whitePaper.WhitePaperFirefoxTests" time="57.433" errors="0" timestamp="2023-08-29T14:33:40 EEST" skipped="0">
  <testcase classname="tests.whitePaper.WhitePaperFirefoxTests" name="allHeaderMainPage" time="8.922"/>
  <testcase classname="tests.whitePaper.WhitePaperFirefoxTests" name="getStartedHeaderMainPage" time="4.982"/>
  <testcase classname="tests.whitePaper.WhitePaperFirefoxTests" name="learnHeaderMainPage" time="4.993"/>
  <testcase classname="tests.whitePaper.WhitePaperFirefoxTests" name="resourcesHeaderMainPage" time="5.056"/>
  <testcase classname="tests.whitePaper.WhitePaperFirefoxTests" name="mainBlockWhitePaperPage" time="8.070"/>
  <testcase classname="tests.whitePaper.WhitePaperFirefoxTests" name="EweuimtPage" time="5.259"/>
  <testcase classname="tests.whitePaper.WhitePaperFirefoxTests" name="allFooterMainPage" time="5.016"/>
  <testcase classname="tests.whitePaper.WhitePaperFirefoxTests" name="partnFooterMainPage" time="4.904"/>
  <testcase classname="tests.whitePaper.WhitePaperFirefoxTests" name="subFooterMainPage" time="5.398"/>
  <testcase classname="tests.whitePaper.WhitePaperFirefoxTests" name="copFooterMainPage" time="4.833"/>
</testsuite> <!-- tests.whitePaper.WhitePaperFirefoxTests -->
