<?xml version="1.0" encoding="UTF-8"?>
<!-- Generated by org.testng.reporters.JUnitReportReporter -->
<testsuite hostname="WIN-RU0SR3DOB67" failures="0" tests="6" name="tests.SignIn.SignInChromeTests" time="33.271" errors="0" timestamp="2023-08-30T17:08:26 EEST" skipped="0">
  <testcase classname="tests.SignIn.SignInChromeTests" name="allHeaderMainPage" time="5.566"/>
  <testcase classname="tests.SignIn.SignInChromeTests" name="mainBlockWhitePaperPage" time="5.251"/>
  <testcase classname="tests.SignIn.SignInChromeTests" name="Forgot" time="5.045"/>
  <testcase classname="tests.SignIn.SignInChromeTests" name="Dont" time="7.172"/>
  <testcase classname="tests.SignIn.SignInChromeTests" name="allPageSignInPage" time="5.241"/>
  <testcase classname="tests.SignIn.SignInChromeTests" name="allFooterMainPage" time="4.996"/>
</testsuite> <!-- tests.SignIn.SignInChromeTests -->
