<?xml version="1.0" encoding="UTF-8"?>
<!-- Generated by org.testng.reporters.JUnitReportReporter -->
<testsuite hostname="WIN-RU0SR3DOB67" failures="0" tests="9" name="tests.accountDashboardPageTests.AllPageChromeTests" time="76.080" errors="0" timestamp="2023-10-04T14:07:53 EEST" skipped="0">
  <testcase classname="tests.accountDashboardPageTests.AllPageChromeTests" name="signInUser" time="18.512"/>
  <testcase classname="tests.accountDashboardPageTests.AllPageChromeTests" name="allHeaderAccountDashboardPage" time="6.543"/>
  <testcase classname="tests.accountDashboardPageTests.AllPageChromeTests" name="getStartedHeaderAccountDashboardPage" time="7.170"/>
  <testcase classname="tests.accountDashboardPageTests.AllPageChromeTests" name="learnHeaderAccountDashboardPage" time="7.192"/>
  <testcase classname="tests.accountDashboardPageTests.AllPageChromeTests" name="resourcesHeaderAccountDashboardPage" time="7.172"/>
  <testcase classname="tests.accountDashboardPageTests.AllPageChromeTests" name="notificationsHeaderAccountDashboardPage" time="7.097"/>
  <testcase classname="tests.accountDashboardPageTests.AllPageChromeTests" name="profileHeaderAccountDashboardPage" time="7.102"/>
  <testcase classname="tests.accountDashboardPageTests.AllPageChromeTests" name="mainSectionAccountDashboardPage" time="8.047"/>
  <testcase classname="tests.accountDashboardPageTests.AllPageChromeTests" name="allFooterAccountDashboardPage" time="7.245"/>
</testsuite> <!-- tests.accountDashboardPageTests.AllPageChromeTests -->
