<?xml version="1.0" encoding="UTF-8"?>
<!-- Generated by org.testng.reporters.JUnitReportReporter -->
<testsuite hostname="WIN-RU0SR3DOB67" failures="0" tests="7" name="tests.marketPlacePageTests.AllPageChromeTests" time="48.588" errors="0" timestamp="2023-09-12T23:55:07 EEST" skipped="0">
  <testcase classname="tests.marketPlacePageTests.AllPageChromeTests" name="allHeaderMarketPlacePage" time="8.896"/>
  <testcase classname="tests.marketPlacePageTests.AllPageChromeTests" name="getStartedHeaderMarketPlacePage" time="6.305"/>
  <testcase classname="tests.marketPlacePageTests.AllPageChromeTests" name="learnHeaderMarketPlacePage" time="6.186"/>
  <testcase classname="tests.marketPlacePageTests.AllPageChromeTests" name="resourcesHeaderMarketPlacePage" time="6.207"/>
  <testcase classname="tests.marketPlacePageTests.AllPageChromeTests" name="mainSectionMarketPlacePage" time="7.202"/>
  <testcase classname="tests.marketPlacePageTests.AllPageChromeTests" name="statisticsSectionMarketPlacePage" time="6.684"/>
  <testcase classname="tests.marketPlacePageTests.AllPageChromeTests" name="allFooterMarketPlacePage" time="7.108"/>
</testsuite> <!-- tests.marketPlacePageTests.AllPageChromeTests -->
