<?xml version="1.0" encoding="UTF-8"?>
<!-- Generated by org.testng.reporters.JUnitReportReporter -->
<testsuite hostname="WIN-RU0SR3DOB67" failures="0" tests="10" name="tests.affiliateProgramPageTests.AllPageFirefoxTests" time="50.449" errors="0" timestamp="2023-08-16T12:42:46 EEST" skipped="0">
  <testcase classname="tests.affiliateProgramPageTests.AllPageFirefoxTests" name="allHeaderAffiliateProgramPage" time="5.765"/>
  <system-out/>
  <testcase classname="tests.affiliateProgramPageTests.AllPageFirefoxTests" name="getStartedHeaderAffiliateProgramPage" time="4.081"/>
  <system-out/>
  <testcase classname="tests.affiliateProgramPageTests.AllPageFirefoxTests" name="learnHeaderAffiliateProgramPage" time="4.076"/>
  <system-out/>
  <testcase classname="tests.affiliateProgramPageTests.AllPageFirefoxTests" name="resourcesHeaderAffiliateProgramPage" time="4.128"/>
  <system-out/>
  <testcase classname="tests.affiliateProgramPageTests.AllPageFirefoxTests" name="mainSectionAffiliateProgramPage" time="5.914"/>
  <system-out/>
  <testcase classname="tests.affiliateProgramPageTests.AllPageFirefoxTests" name="affiliateSectionAffiliateProgramPage" time="7.594"/>
  <system-out/>
  <testcase classname="tests.affiliateProgramPageTests.AllPageFirefoxTests" name="allFooterAffiliateProgramPage" time="5.106"/>
  <system-out/>
  <testcase classname="tests.affiliateProgramPageTests.AllPageFirefoxTests" name="partnFooterAffiliateProgramPage" time="4.916"/>
  <system-out/>
  <testcase classname="tests.affiliateProgramPageTests.AllPageFirefoxTests" name="subFooterAffiliateProgramPage" time="4.891"/>
  <system-out/>
  <testcase classname="tests.affiliateProgramPageTests.AllPageFirefoxTests" name="copFooterAffiliateProgramPage" time="3.978"/>
  <system-out/>
</testsuite> <!-- tests.affiliateProgramPageTests.AllPageFirefoxTests -->
