<?xml version="1.0" encoding="UTF-8"?>
<!-- Generated by org.testng.reporters.JUnitReportReporter -->
<testsuite hostname="WIN-RU0SR3DOB67" failures="0" tests="9" name="tests.accountDashboardPageTests.AllPageFirefoxTests" time="68.877" errors="0" timestamp="2023-09-22T14:38:46 EEST" skipped="0">
  <testcase classname="tests.accountDashboardPageTests.AllPageFirefoxTests" name="signInUser" time="11.281"/>
  <testcase classname="tests.accountDashboardPageTests.AllPageFirefoxTests" name="allHeaderAccountDashboardPage" time="5.985"/>
  <testcase classname="tests.accountDashboardPageTests.AllPageFirefoxTests" name="getStartedHeaderAccountDashboardPage" time="9.525"/>
  <testcase classname="tests.accountDashboardPageTests.AllPageFirefoxTests" name="learnHeaderAccountDashboardPage" time="6.938"/>
  <testcase classname="tests.accountDashboardPageTests.AllPageFirefoxTests" name="resourcesHeaderAccountDashboardPage" time="6.965"/>
  <testcase classname="tests.accountDashboardPageTests.AllPageFirefoxTests" name="notificationsHeaderAccountDashboardPage" time="7.076"/>
  <testcase classname="tests.accountDashboardPageTests.AllPageFirefoxTests" name="profileHeaderAccountDashboardPage" time="7.026"/>
  <testcase classname="tests.accountDashboardPageTests.AllPageFirefoxTests" name="mainSectionAccountDashboardPage" time="7.181"/>
  <testcase classname="tests.accountDashboardPageTests.AllPageFirefoxTests" name="allFooterAccountDashboardPage" time="6.900"/>
</testsuite> <!-- tests.accountDashboardPageTests.AllPageFirefoxTests -->
