<?xml version="1.0" encoding="UTF-8"?>
<!-- Generated by org.testng.reporters.JUnitReportReporter -->
<testsuite hostname="WIN-RU0SR3DOB67" failures="0" tests="9" name="tests.buySellMoodCoinTests.AllPageChromeTests" time="50.228" errors="0" timestamp="2023-08-24T12:04:25 EEST" skipped="0">
  <testcase classname="tests.buySellMoodCoinTests.AllPageChromeTests" name="allHeaderBuySellMoodCoinPage" time="7.165"/>
  <system-out/>
  <testcase classname="tests.buySellMoodCoinTests.AllPageChromeTests" name="getStartedHeaderBuySellMoodCoinPage" time="4.459"/>
  <system-out/>
  <testcase classname="tests.buySellMoodCoinTests.AllPageChromeTests" name="learnHeaderBuySellMoodCoinPage" time="4.355"/>
  <system-out/>
  <testcase classname="tests.buySellMoodCoinTests.AllPageChromeTests" name="resourcesHeaderBuySellMoodCoinPage" time="4.496"/>
  <system-out/>
  <testcase classname="tests.buySellMoodCoinTests.AllPageChromeTests" name="mainSectionBuySellMoodCoinPage" time="6.278"/>
  <system-out/>
  <testcase classname="tests.buySellMoodCoinTests.AllPageChromeTests" name="allFooterBuySellMoodCoinPage" time="7.862"/>
  <system-out/>
  <testcase classname="tests.buySellMoodCoinTests.AllPageChromeTests" name="partnFooterBuySellMoodCoinPage" time="5.199"/>
  <system-out/>
  <testcase classname="tests.buySellMoodCoinTests.AllPageChromeTests" name="subFooterBuySellMoodCoinPage" time="6.155"/>
  <system-out/>
  <testcase classname="tests.buySellMoodCoinTests.AllPageChromeTests" name="copFooterBuySellMoodCoinPage" time="4.259"/>
  <system-out/>
</testsuite> <!-- tests.buySellMoodCoinTests.AllPageChromeTests -->
