<?xml version="1.0" encoding="UTF-8"?>
<!-- Generated by org.testng.reporters.JUnitReportReporter -->
<testsuite hostname="WIN-RU0SR3DOB67" failures="0" tests="13" name="tests.mainPageTests.AllPageFirefoxTests" time="87.365" errors="0" timestamp="2023-08-14T16:59:25 EEST" skipped="0">
  <testcase classname="tests.mainPageTests.AllPageFirefoxTests" name="allHeaderMainPage" time="27.950"/>
  <system-out/>
  <testcase classname="tests.mainPageTests.AllPageFirefoxTests" name="getStartedHeaderMainPage" time="4.219"/>
  <system-out/>
  <testcase classname="tests.mainPageTests.AllPageFirefoxTests" name="learnHeaderMainPage" time="4.204"/>
  <system-out/>
  <testcase classname="tests.mainPageTests.AllPageFirefoxTests" name="resourcesHeaderMainPage" time="4.397"/>
  <system-out/>
  <testcase classname="tests.mainPageTests.AllPageFirefoxTests" name="mainSectionMainPage" time="5.368"/>
  <system-out/>
  <testcase classname="tests.mainPageTests.AllPageFirefoxTests" name="videoSectionMainPage" time="5.469"/>
  <system-out/>
  <testcase classname="tests.mainPageTests.AllPageFirefoxTests" name="roadmapSectionMainPage" time="5.309"/>
  <system-out/>
  <testcase classname="tests.mainPageTests.AllPageFirefoxTests" name="statisticsSectionMainPage" time="5.555"/>
  <system-out/>
  <testcase classname="tests.mainPageTests.AllPageFirefoxTests" name="leaningSectionMainPage" time="5.430"/>
  <system-out/>
  <testcase classname="tests.mainPageTests.AllPageFirefoxTests" name="allFooterMainPage" time="5.061"/>
  <system-out/>
  <testcase classname="tests.mainPageTests.AllPageFirefoxTests" name="partnFooterMainPage" time="5.172"/>
  <system-out/>
  <testcase classname="tests.mainPageTests.AllPageFirefoxTests" name="subFooterMainPage" time="5.013"/>
  <system-out/>
  <testcase classname="tests.mainPageTests.AllPageFirefoxTests" name="copFooterMainPage" time="4.218"/>
  <system-out/>
</testsuite> <!-- tests.mainPageTests.AllPageFirefoxTests -->
