<?xml version="1.0" encoding="UTF-8"?>
<!-- Generated by org.testng.reporters.JUnitReportReporter -->
<testsuite hostname="WIN-RU0SR3DOB67" failures="0" tests="10" name="tests.marketPlacePageTests.AllPageChromeTests" time="51.448" errors="0" timestamp="2023-08-14T20:01:50 EEST" skipped="0">
  <testcase classname="tests.marketPlacePageTests.AllPageChromeTests" name="allHeaderMarketPlacePage" time="5.845"/>
  <system-out/>
  <testcase classname="tests.marketPlacePageTests.AllPageChromeTests" name="getStartedHeaderMarketPlacePage" time="4.444"/>
  <system-out/>
  <testcase classname="tests.marketPlacePageTests.AllPageChromeTests" name="learnHeaderMarketPlacePage" time="4.358"/>
  <system-out/>
  <testcase classname="tests.marketPlacePageTests.AllPageChromeTests" name="resourcesHeaderMarketPlacePage" time="4.339"/>
  <system-out/>
  <testcase classname="tests.marketPlacePageTests.AllPageChromeTests" name="mainSectionMarketPlacePage" time="5.201"/>
  <system-out/>
  <testcase classname="tests.marketPlacePageTests.AllPageChromeTests" name="statisticsSectionMarketPlacePage" time="5.896"/>
  <system-out/>
  <testcase classname="tests.marketPlacePageTests.AllPageChromeTests" name="allFooterMarketPlacePage" time="5.286"/>
  <system-out/>
  <testcase classname="tests.marketPlacePageTests.AllPageChromeTests" name="partnFooterMarketPlacePage" time="5.168"/>
  <system-out/>
  <testcase classname="tests.marketPlacePageTests.AllPageChromeTests" name="subFooterMarketPlacePage" time="5.157"/>
  <system-out/>
  <testcase classname="tests.marketPlacePageTests.AllPageChromeTests" name="copFooterMarketPlacePage" time="5.754"/>
  <system-out/>
</testsuite> <!-- tests.marketPlacePageTests.AllPageChromeTests -->
