<?xml version="1.0" encoding="UTF-8"?>
<!-- Generated by org.testng.reporters.JUnitReportReporter -->
<testsuite hostname="WIN-RU0SR3DOB67" failures="0" tests="6" name="tests.signUpPageTests.AllPageFirefoxTests" time="39.599" errors="0" timestamp="2023-09-11T14:35:03 EEST" skipped="0">
  <testcase classname="tests.signUpPageTests.AllPageFirefoxTests" name="allHeaderSignUpPage" time="8.788"/>
  <testcase classname="tests.signUpPageTests.AllPageFirefoxTests" name="getStartedHeaderSignUpPage" time="5.109"/>
  <testcase classname="tests.signUpPageTests.AllPageFirefoxTests" name="learnHeaderSignUpPage" time="7.523"/>
  <testcase classname="tests.signUpPageTests.AllPageFirefoxTests" name="resourcesHeaderSignUpPage" time="5.194"/>
  <testcase classname="tests.signUpPageTests.AllPageFirefoxTests" name="mainSectionSignUpPage" time="6.985"/>
  <testcase classname="tests.signUpPageTests.AllPageFirefoxTests" name="allFooterSignUpPage" time="6.000"/>
</testsuite> <!-- tests.signUpPageTests.AllPageFirefoxTests -->
