<?xml version="1.0" encoding="UTF-8"?>
<!-- Generated by org.testng.reporters.JUnitReportReporter -->
<testsuite hostname="WIN-RU0SR3DOB67" failures="0" tests="9" name="tests.accountSettingsPageTests.AllPageChromeTests" time="71.592" errors="0" timestamp="2023-10-04T14:07:53 EEST" skipped="0">
  <testcase classname="tests.accountSettingsPageTests.AllPageChromeTests" name="signInUser" time="14.928"/>
  <testcase classname="tests.accountSettingsPageTests.AllPageChromeTests" name="allHeaderAccountSettingsPage" time="6.299"/>
  <testcase classname="tests.accountSettingsPageTests.AllPageChromeTests" name="getStartedHeaderAccountSettingsPage" time="7.183"/>
  <testcase classname="tests.accountSettingsPageTests.AllPageChromeTests" name="learnHeaderAccountSettingsPage" time="8.003"/>
  <testcase classname="tests.accountSettingsPageTests.AllPageChromeTests" name="resourcesHeaderAccountSettingsPage" time="7.180"/>
  <testcase classname="tests.accountSettingsPageTests.AllPageChromeTests" name="notificationsHeaderAccountSettingsPage" time="7.103"/>
  <testcase classname="tests.accountSettingsPageTests.AllPageChromeTests" name="profileHeaderAccountSettingsPage" time="7.340"/>
  <testcase classname="tests.accountSettingsPageTests.AllPageChromeTests" name="mainSectionAccountSettingsPage" time="7.260"/>
  <testcase classname="tests.accountSettingsPageTests.AllPageChromeTests" name="allFooterAccountSettingsPage" time="6.296"/>
</testsuite> <!-- tests.accountSettingsPageTests.AllPageChromeTests -->
