<?xml version="1.0" encoding="UTF-8"?>
<!-- Generated by org.testng.reporters.JUnitReportReporter -->
<testsuite hostname="WIN-RU0SR3DOB67" failures="0" tests="6" name="tests.signUpPageTests.AllPageChromeTests" time="38.927" errors="0" timestamp="2023-09-29T14:13:55 EEST" skipped="0">
  <testcase classname="tests.signUpPageTests.AllPageChromeTests" name="allHeaderSignUpPage" time="8.633"/>
  <testcase classname="tests.signUpPageTests.AllPageChromeTests" name="getStartedHeaderSignUpPage" time="5.445"/>
  <testcase classname="tests.signUpPageTests.AllPageChromeTests" name="learnHeaderSignUpPage" time="5.309"/>
  <testcase classname="tests.signUpPageTests.AllPageChromeTests" name="resourcesHeaderSignUpPage" time="5.353"/>
  <testcase classname="tests.signUpPageTests.AllPageChromeTests" name="mainSectionSignUpPage" time="7.213"/>
  <testcase classname="tests.signUpPageTests.AllPageChromeTests" name="allFooterSignUpPage" time="6.974"/>
</testsuite> <!-- tests.signUpPageTests.AllPageChromeTests -->
