<?xml version="1.0" encoding="UTF-8"?>
<!-- Generated by org.testng.reporters.JUnitReportReporter -->
<testsuite hostname="WIN-RU0SR3DOB67" failures="0" tests="6" name="tests.signInPageTests.AllPageFirefoxTests" time="40.755" errors="0" timestamp="2023-09-25T11:59:02 EEST" skipped="0">
  <testcase classname="tests.signInPageTests.AllPageFirefoxTests" name="allHeaderSignInPage" time="9.835"/>
  <testcase classname="tests.signInPageTests.AllPageFirefoxTests" name="getStartedHeaderSignInPage" time="5.117"/>
  <testcase classname="tests.signInPageTests.AllPageFirefoxTests" name="learnHeaderSignInPage" time="5.100"/>
  <testcase classname="tests.signInPageTests.AllPageFirefoxTests" name="resourcesHeaderSignInPage" time="5.163"/>
  <testcase classname="tests.signInPageTests.AllPageFirefoxTests" name="mainSectionSignInPage" time="6.944"/>
  <testcase classname="tests.signInPageTests.AllPageFirefoxTests" name="allFooterSignInPage" time="8.596"/>
</testsuite> <!-- tests.signInPageTests.AllPageFirefoxTests -->
