<?xml version="1.0" encoding="UTF-8"?>
<!-- Generated by org.testng.reporters.JUnitReportReporter -->
<testsuite hostname="WIN-RU0SR3DOB67" failures="0" tests="5" name="tests.SignUp.SignUpChromeTests" time="36.186" errors="0" timestamp="2023-08-31T10:17:10 EEST" skipped="0">
  <testcase classname="tests.SignUp.SignUpChromeTests" name="allHeaderSignUpPage" time="8.333"/>
  <testcase classname="tests.SignUp.SignUpChromeTests" name="mainBlockWhitePaperPage" time="5.296"/>
  <testcase classname="tests.SignUp.SignUpChromeTests" name="Already" time="5.045"/>
  <testcase classname="tests.SignUp.SignUpChromeTests" name="allPageSignUpPage" time="2.530"/>
  <testcase classname="tests.SignUp.SignUpChromeTests" name="allFooterSignUp" time="14.982"/>
</testsuite> <!-- tests.SignUp.SignUpChromeTests -->
