<?xml version="1.0" encoding="UTF-8"?>
<!-- Generated by org.testng.reporters.JUnitReportReporter -->
<testsuite hostname="WIN-RU0SR3DOB67" failures="0" tests="7" name="tests.whitePaper.WhitePaperFirefoxTests" time="60.777" errors="0" timestamp="2023-09-29T16:17:10 EEST" skipped="0">
  <testcase classname="tests.whitePaper.WhitePaperFirefoxTests" name="allHeaderWhitePaperPage" time="18.367"/>
  <testcase classname="tests.whitePaper.WhitePaperFirefoxTests" name="getStartedHeaderWhitePaperPage" time="6.079"/>
  <testcase classname="tests.whitePaper.WhitePaperFirefoxTests" name="learnHeaderWhitePaperPage" time="6.128"/>
  <testcase classname="tests.whitePaper.WhitePaperFirefoxTests" name="resourcesHeaderWhitePaperPage" time="6.823"/>
  <testcase classname="tests.whitePaper.WhitePaperFirefoxTests" name="mainBlockWhitePaperPage" time="7.423"/>
  <testcase classname="tests.whitePaper.WhitePaperFirefoxTests" name="marketTokenWhitePaperPage" time="6.390"/>
  <testcase classname="tests.whitePaper.WhitePaperFirefoxTests" name="allFooterWhitePaperPage" time="9.567"/>
</testsuite> <!-- tests.whitePaper.WhitePaperFirefoxTests -->
