<?xml version="1.0" encoding="UTF-8"?>
<!-- Generated by org.testng.reporters.JUnitReportReporter -->
<testsuite hostname="WIN-RU0SR3DOB67" failures="0" tests="8" name="tests.WhatIsAimood.WhatIsAimoodFirefoxTests" time="43.519" errors="0" timestamp="2023-08-29T12:51:20 EEST" skipped="0">
  <testcase classname="tests.WhatIsAimood.WhatIsAimoodFirefoxTests" name="allHeaderMainPage" time="6.553"/>
  <testcase classname="tests.WhatIsAimood.WhatIsAimoodFirefoxTests" name="mainBlockWhatIsAimoodPage" time="4.937"/>
  <testcase classname="tests.WhatIsAimood.WhatIsAimoodFirefoxTests" name="WhyChoosePage" time="5.216"/>
  <testcase classname="tests.WhatIsAimood.WhatIsAimoodFirefoxTests" name="TfeuamWbEUPage" time="7.717"/>
  <testcase classname="tests.WhatIsAimood.WhatIsAimoodFirefoxTests" name="allFooterMainPage" time="4.916"/>
  <testcase classname="tests.WhatIsAimood.WhatIsAimoodFirefoxTests" name="partnFooterMainPage" time="4.814"/>
  <testcase classname="tests.WhatIsAimood.WhatIsAimoodFirefoxTests" name="subFooterMainPage" time="5.399"/>
  <testcase classname="tests.WhatIsAimood.WhatIsAimoodFirefoxTests" name="copFooterMainPage" time="3.967"/>
</testsuite> <!-- tests.WhatIsAimood.WhatIsAimoodFirefoxTests -->
