<?xml version="1.0" encoding="UTF-8"?>
<!-- Generated by org.testng.reporters.JUnitReportReporter -->
<testsuite hostname="WIN-RU0SR3DOB67" failures="0" tests="7" name="tests.affiliateProgramPageTests.AllPageFirefoxTests" time="46.117" errors="0" timestamp="2023-09-11T17:11:29 EEST" skipped="0">
  <testcase classname="tests.affiliateProgramPageTests.AllPageFirefoxTests" name="allHeaderAffiliateProgramPage" time="10.491"/>
  <testcase classname="tests.affiliateProgramPageTests.AllPageFirefoxTests" name="getStartedHeaderAffiliateProgramPage" time="5.127"/>
  <testcase classname="tests.affiliateProgramPageTests.AllPageFirefoxTests" name="learnHeaderAffiliateProgramPage" time="5.105"/>
  <testcase classname="tests.affiliateProgramPageTests.AllPageFirefoxTests" name="resourcesHeaderAffiliateProgramPage" time="5.186"/>
  <testcase classname="tests.affiliateProgramPageTests.AllPageFirefoxTests" name="mainSectionAffiliateProgramPage" time="6.952"/>
  <testcase classname="tests.affiliateProgramPageTests.AllPageFirefoxTests" name="affiliateSectionAffiliateProgramPage" time="7.222"/>
  <testcase classname="tests.affiliateProgramPageTests.AllPageFirefoxTests" name="allFooterAffiliateProgramPage" time="6.034"/>
</testsuite> <!-- tests.affiliateProgramPageTests.AllPageFirefoxTests -->
