<?xml version="1.0" encoding="UTF-8"?>
<!-- Generated by org.testng.reporters.JUnitReportReporter -->
<testsuite hostname="WIN-RU0SR3DOB67" failures="0" tests="10" name="tests.accountAffiliateProgramPageTests.AllPageChromeTests" time="78.863" errors="0" timestamp="2023-09-29T16:17:10 EEST" skipped="1">
  <testcase classname="tests.accountAffiliateProgramPageTests.AllPageChromeTests" name="signInUser" time="13.381"/>
  <testcase classname="tests.accountAffiliateProgramPageTests.AllPageChromeTests" name="allHeaderAccountAffiliateProgramPage" time="7.212"/>
  <testcase classname="tests.accountAffiliateProgramPageTests.AllPageChromeTests" name="getStartedHeaderAccountAffiliateProgramPage" time="7.345"/>
  <testcase classname="tests.accountAffiliateProgramPageTests.AllPageChromeTests" name="learnHeaderAccountAffiliateProgramPage" time="7.240"/>
  <testcase classname="tests.accountAffiliateProgramPageTests.AllPageChromeTests" name="resourcesHeaderAccountAffiliateProgramPage" time="8.116"/>
  <testcase classname="tests.accountAffiliateProgramPageTests.AllPageChromeTests" name="notificationsHeaderAccountAffiliateProgramPage" time="7.197"/>
  <testcase classname="tests.accountAffiliateProgramPageTests.AllPageChromeTests" name="profileHeaderAccountAffiliateProgramPage" time="7.146"/>
  <testcase classname="tests.accountAffiliateProgramPageTests.AllPageChromeTests" name="mainSectionAccountAffiliateProgramPage" time="8.366"/>
  <testcase classname="tests.accountAffiliateProgramPageTests.AllPageChromeTests" name="allFooterAccountAffiliateProgramPage" time="6.169">
    <skipped/>
  </testcase> <!-- allFooterAccountAffiliateProgramPage -->
  <testcase classname="tests.accountAffiliateProgramPageTests.AllPageChromeTests" name="allFooterAccountAffiliateProgramPage" time="6.691"/>
</testsuite> <!-- tests.accountAffiliateProgramPageTests.AllPageChromeTests -->
