<?xml version="1.0" encoding="UTF-8"?>
<!-- Generated by org.testng.reporters.JUnitReportReporter -->
<testsuite hostname="WIN-RU0SR3DOB67" failures="0" tests="13" name="tests.mainPageTests.AllPageFirefoxTests" time="86.467" errors="0" timestamp="2023-08-14T20:01:50 EEST" skipped="0">
  <testcase classname="tests.mainPageTests.AllPageFirefoxTests" name="allHeaderMainPage" time="24.295"/>
  <system-out/>
  <testcase classname="tests.mainPageTests.AllPageFirefoxTests" name="getStartedHeaderMainPage" time="4.155"/>
  <system-out/>
  <testcase classname="tests.mainPageTests.AllPageFirefoxTests" name="learnHeaderMainPage" time="4.184"/>
  <system-out/>
  <testcase classname="tests.mainPageTests.AllPageFirefoxTests" name="resourcesHeaderMainPage" time="4.345"/>
  <system-out/>
  <testcase classname="tests.mainPageTests.AllPageFirefoxTests" name="mainSectionMainPage" time="5.301"/>
  <system-out/>
  <testcase classname="tests.mainPageTests.AllPageFirefoxTests" name="videoSectionMainPage" time="5.379"/>
  <system-out/>
  <testcase classname="tests.mainPageTests.AllPageFirefoxTests" name="roadmapSectionMainPage" time="5.270"/>
  <system-out/>
  <testcase classname="tests.mainPageTests.AllPageFirefoxTests" name="statisticsSectionMainPage" time="5.502"/>
  <system-out/>
  <testcase classname="tests.mainPageTests.AllPageFirefoxTests" name="leaningSectionMainPage" time="5.316"/>
  <system-out/>
  <testcase classname="tests.mainPageTests.AllPageFirefoxTests" name="allFooterMainPage" time="5.058"/>
  <system-out/>
  <testcase classname="tests.mainPageTests.AllPageFirefoxTests" name="partnFooterMainPage" time="5.082"/>
  <system-out/>
  <testcase classname="tests.mainPageTests.AllPageFirefoxTests" name="subFooterMainPage" time="4.939"/>
  <system-out/>
  <testcase classname="tests.mainPageTests.AllPageFirefoxTests" name="copFooterMainPage" time="7.641"/>
  <system-out/>
</testsuite> <!-- tests.mainPageTests.AllPageFirefoxTests -->
