<?xml version="1.0" encoding="UTF-8"?>
<!-- Generated by org.testng.reporters.JUnitReportReporter -->
<testsuite hostname="WIN-RU0SR3DOB67" failures="0" tests="7" name="tests.signUpPageTests.AllPageFirefoxTests" time="46.195" errors="0" timestamp="2023-09-12T23:55:07 EEST" skipped="1">
  <testcase classname="tests.signUpPageTests.AllPageFirefoxTests" name="allHeaderSignUpPage" time="11.151"/>
  <testcase classname="tests.signUpPageTests.AllPageFirefoxTests" name="getStartedHeaderSignUpPage" time="5.112"/>
  <testcase classname="tests.signUpPageTests.AllPageFirefoxTests" name="learnHeaderSignUpPage" time="5.086"/>
  <testcase classname="tests.signUpPageTests.AllPageFirefoxTests" name="resourcesHeaderSignUpPage" time="5.165"/>
  <testcase classname="tests.signUpPageTests.AllPageFirefoxTests" name="mainSectionSignUpPage" time="7.045"/>
  <testcase classname="tests.signUpPageTests.AllPageFirefoxTests" name="mainSectionSignUpPage" time="6.653">
    <skipped/>
  </testcase> <!-- mainSectionSignUpPage -->
  <testcase classname="tests.signUpPageTests.AllPageFirefoxTests" name="allFooterSignUpPage" time="5.983"/>
</testsuite> <!-- tests.signUpPageTests.AllPageFirefoxTests -->
