<?xml version="1.0" encoding="UTF-8"?>
<!-- Generated by org.testng.reporters.JUnitReportReporter -->
<testsuite hostname="WIN-RU0SR3DOB67" failures="0" tests="10" name="tests.walletPageTests.AllPageChromeTests" time="53.453" errors="0" timestamp="2023-08-25T15:18:01 EEST" skipped="0">
  <testcase classname="tests.walletPageTests.AllPageChromeTests" name="allHeaderWalletPage" time="8.744"/>
  <system-out/>
  <testcase classname="tests.walletPageTests.AllPageChromeTests" name="getStartedHeaderWalletPage" time="4.678"/>
  <system-out/>
  <testcase classname="tests.walletPageTests.AllPageChromeTests" name="learnHeaderWalletPage" time="4.324"/>
  <system-out/>
  <testcase classname="tests.walletPageTests.AllPageChromeTests" name="resourcesHeaderWalletPage" time="4.298"/>
  <system-out/>
  <testcase classname="tests.walletPageTests.AllPageChromeTests" name="mainSectionWalletPage" time="5.236"/>
  <system-out/>
  <testcase classname="tests.walletPageTests.AllPageChromeTests" name="delegatedSectionWalletPage" time="5.557"/>
  <system-out/>
  <testcase classname="tests.walletPageTests.AllPageChromeTests" name="allFooterWalletPage" time="5.293"/>
  <system-out/>
  <testcase classname="tests.walletPageTests.AllPageChromeTests" name="partnFooterWalletPage" time="5.115"/>
  <system-out/>
  <testcase classname="tests.walletPageTests.AllPageChromeTests" name="subFooterWalletPage" time="5.162"/>
  <system-out/>
  <testcase classname="tests.walletPageTests.AllPageChromeTests" name="copFooterWalletPage" time="5.046"/>
  <system-out/>
</testsuite> <!-- tests.walletPageTests.AllPageChromeTests -->
