<?xml version="1.0" encoding="UTF-8"?>
<!-- Generated by org.testng.reporters.JUnitReportReporter -->
<testsuite hostname="WIN-RU0SR3DOB67" failures="0" tests="9" name="tests.accountP2PPageTests.AllPageChromeTests" time="73.110" errors="0" timestamp="2023-09-25T11:05:41 EEST" skipped="0">
  <testcase classname="tests.accountP2PPageTests.AllPageChromeTests" name="signInUser" time="16.003"/>
  <testcase classname="tests.accountP2PPageTests.AllPageChromeTests" name="allHeaderAccountP2PPage" time="6.294"/>
  <testcase classname="tests.accountP2PPageTests.AllPageChromeTests" name="getStartedHeaderAccountP2PPage" time="7.279"/>
  <testcase classname="tests.accountP2PPageTests.AllPageChromeTests" name="learnHeaderAccountP2PPage" time="7.278"/>
  <testcase classname="tests.accountP2PPageTests.AllPageChromeTests" name="resourcesHeaderAccountP2PPage" time="7.277"/>
  <testcase classname="tests.accountP2PPageTests.AllPageChromeTests" name="notificationsHeaderAccountP2PPage" time="8.028"/>
  <testcase classname="tests.accountP2PPageTests.AllPageChromeTests" name="profileHeaderAccountP2PPage" time="7.164"/>
  <testcase classname="tests.accountP2PPageTests.AllPageChromeTests" name="mainSectionAccountP2PPage" time="7.344"/>
  <testcase classname="tests.accountP2PPageTests.AllPageChromeTests" name="allFooterAccountP2PPage" time="6.443"/>
</testsuite> <!-- tests.accountP2PPageTests.AllPageChromeTests -->
