<?xml version="1.0" encoding="UTF-8"?>
<!-- Generated by org.testng.reporters.JUnitReportReporter -->
<testsuite hostname="WIN-RU0SR3DOB67" failures="0" tests="7" name="tests.resetPasswordPage2Tests.AllPageChromeTests" time="45.451" errors="0" timestamp="2023-09-12T23:55:07 EEST" skipped="1">
  <testcase classname="tests.resetPasswordPage2Tests.AllPageChromeTests" name="allHeaderResetPasswordPage2" time="8.323"/>
  <testcase classname="tests.resetPasswordPage2Tests.AllPageChromeTests" name="getStartedHeaderResetPasswordPage2" time="5.357"/>
  <testcase classname="tests.resetPasswordPage2Tests.AllPageChromeTests" name="learnHeaderResetPasswordPage2" time="5.318"/>
  <testcase classname="tests.resetPasswordPage2Tests.AllPageChromeTests" name="resourcesHeaderResetPasswordPage2" time="5.291"/>
  <testcase classname="tests.resetPasswordPage2Tests.AllPageChromeTests" name="mainSectionResetPasswordPage2" time="6.876">
    <skipped/>
  </testcase> <!-- mainSectionResetPasswordPage2 -->
  <testcase classname="tests.resetPasswordPage2Tests.AllPageChromeTests" name="mainSectionResetPasswordPage2" time="7.219"/>
  <testcase classname="tests.resetPasswordPage2Tests.AllPageChromeTests" name="allFooterResetPasswordPage2" time="7.067"/>
</testsuite> <!-- tests.resetPasswordPage2Tests.AllPageChromeTests -->
