<?xml version="1.0" encoding="UTF-8"?>
<!-- Generated by org.testng.reporters.JUnitReportReporter -->
<testsuite hostname="WIN-RU0SR3DOB67" failures="0" tests="7" name="tests.tokenMoodPageTests.AllPageFirefoxTests" time="48.399" errors="0" timestamp="2023-09-11T13:49:12 EEST" skipped="0">
  <testcase classname="tests.tokenMoodPageTests.AllPageFirefoxTests" name="allHeaderTokenMoodPage" time="10.367"/>
  <testcase classname="tests.tokenMoodPageTests.AllPageFirefoxTests" name="getStartedHeaderTokenMoodPage" time="7.468"/>
  <testcase classname="tests.tokenMoodPageTests.AllPageFirefoxTests" name="learnHeaderTokenMoodPage" time="5.091"/>
  <testcase classname="tests.tokenMoodPageTests.AllPageFirefoxTests" name="resourcesHeaderTokenMoodPage" time="5.132"/>
  <testcase classname="tests.tokenMoodPageTests.AllPageFirefoxTests" name="mainSectionTokenMoodPage" time="6.960"/>
  <testcase classname="tests.tokenMoodPageTests.AllPageFirefoxTests" name="statisticsSectionTokenMoodPage" time="7.427"/>
  <testcase classname="tests.tokenMoodPageTests.AllPageFirefoxTests" name="allFooterTokenMoodPage" time="5.954"/>
</testsuite> <!-- tests.tokenMoodPageTests.AllPageFirefoxTests -->
