<?xml version="1.0" encoding="UTF-8"?>
<!-- Generated by org.testng.reporters.JUnitReportReporter -->
<testsuite hostname="WIN-RU0SR3DOB67" failures="0" tests="6" name="tests.signInPageTests.AllPageFirefoxTests" time="39.431" errors="0" timestamp="2023-09-29T16:17:10 EEST" skipped="0">
  <testcase classname="tests.signInPageTests.AllPageFirefoxTests" name="allHeaderSignInPage" time="10.972"/>
  <testcase classname="tests.signInPageTests.AllPageFirefoxTests" name="getStartedHeaderSignInPage" time="5.141"/>
  <testcase classname="tests.signInPageTests.AllPageFirefoxTests" name="learnHeaderSignInPage" time="5.141"/>
  <testcase classname="tests.signInPageTests.AllPageFirefoxTests" name="resourcesHeaderSignInPage" time="5.175"/>
  <testcase classname="tests.signInPageTests.AllPageFirefoxTests" name="mainSectionSignInPage" time="6.997"/>
  <testcase classname="tests.signInPageTests.AllPageFirefoxTests" name="allFooterSignInPage" time="6.005"/>
</testsuite> <!-- tests.signInPageTests.AllPageFirefoxTests -->
