<?xml version="1.0" encoding="UTF-8"?>
<!-- Generated by org.testng.reporters.JUnitReportReporter -->
<testsuite hostname="WIN-RU0SR3DOB67" failures="0" tests="10" name="tests.accountFundPageTests.AllPageChromeTests" time="78.815" errors="0" timestamp="2023-09-22T14:38:46 EEST" skipped="1">
  <testcase classname="tests.accountFundPageTests.AllPageChromeTests" name="signInUser" time="14.178"/>
  <testcase classname="tests.accountFundPageTests.AllPageChromeTests" name="allHeaderAccountFundPage" time="6.010"/>
  <testcase classname="tests.accountFundPageTests.AllPageChromeTests" name="getStartedHeaderAccountFundPage" time="7.189"/>
  <testcase classname="tests.accountFundPageTests.AllPageChromeTests" name="learnHeaderAccountFundPage" time="7.154"/>
  <testcase classname="tests.accountFundPageTests.AllPageChromeTests" name="learnHeaderAccountFundPage" time="6.667">
    <skipped/>
  </testcase> <!-- learnHeaderAccountFundPage -->
  <testcase classname="tests.accountFundPageTests.AllPageChromeTests" name="resourcesHeaderAccountFundPage" time="7.192"/>
  <testcase classname="tests.accountFundPageTests.AllPageChromeTests" name="notificationsHeaderAccountFundPage" time="7.085"/>
  <testcase classname="tests.accountFundPageTests.AllPageChromeTests" name="profileHeaderAccountFundPage" time="7.082"/>
  <testcase classname="tests.accountFundPageTests.AllPageChromeTests" name="mainSectionAccountFundPage" time="7.252"/>
  <testcase classname="tests.accountFundPageTests.AllPageChromeTests" name="allFooterAccountFundPage" time="9.006"/>
</testsuite> <!-- tests.accountFundPageTests.AllPageChromeTests -->
