<?xml version="1.0" encoding="UTF-8"?>
<!-- Generated by org.testng.reporters.JUnitReportReporter -->
<testsuite hostname="WIN-RU0SR3DOB67" failures="0" tests="7" name="tests.marketPlacePageTests.AllPageChromeTests" time="48.272" errors="0" timestamp="2023-09-11T14:35:03 EEST" skipped="0">
  <testcase classname="tests.marketPlacePageTests.AllPageChromeTests" name="allHeaderMarketPlacePage" time="9.469"/>
  <testcase classname="tests.marketPlacePageTests.AllPageChromeTests" name="getStartedHeaderMarketPlacePage" time="6.286"/>
  <testcase classname="tests.marketPlacePageTests.AllPageChromeTests" name="learnHeaderMarketPlacePage" time="6.206"/>
  <testcase classname="tests.marketPlacePageTests.AllPageChromeTests" name="resourcesHeaderMarketPlacePage" time="6.184"/>
  <testcase classname="tests.marketPlacePageTests.AllPageChromeTests" name="mainSectionMarketPlacePage" time="7.193"/>
  <testcase classname="tests.marketPlacePageTests.AllPageChromeTests" name="statisticsSectionMarketPlacePage" time="6.691"/>
  <testcase classname="tests.marketPlacePageTests.AllPageChromeTests" name="allFooterMarketPlacePage" time="6.243"/>
</testsuite> <!-- tests.marketPlacePageTests.AllPageChromeTests -->
