<?xml version="1.0" encoding="UTF-8"?>
<!-- Generated by org.testng.reporters.JUnitReportReporter -->
<testsuite hostname="WIN-RU0SR3DOB67" failures="0" tests="8" name="tests.WhatIsAimood.WhatIsAimoodChromeTests" time="55.325" errors="0" timestamp="2023-09-25T11:05:41 EEST" skipped="0">
  <testcase classname="tests.WhatIsAimood.WhatIsAimoodChromeTests" name="allHeaderWhatIsAimoodPage" time="11.735"/>
  <testcase classname="tests.WhatIsAimood.WhatIsAimoodChromeTests" name="getStartedHeaderWhatIsAimoodPage" time="5.531"/>
  <testcase classname="tests.WhatIsAimood.WhatIsAimoodChromeTests" name="learnHeaderWhatIsAimoodPage" time="5.422"/>
  <testcase classname="tests.WhatIsAimood.WhatIsAimoodChromeTests" name="resourcesHeaderWhatIsAimoodPage" time="5.475"/>
  <testcase classname="tests.WhatIsAimood.WhatIsAimoodChromeTests" name="mainBlockWhatIsAimoodPage" time="6.360"/>
  <testcase classname="tests.WhatIsAimood.WhatIsAimoodChromeTests" name="whyChooseWhatIsAimoodPage" time="6.698"/>
  <testcase classname="tests.WhatIsAimood.WhatIsAimoodChromeTests" name="ecosystemWhatIsAimoodPage" time="6.810"/>
  <testcase classname="tests.WhatIsAimood.WhatIsAimoodChromeTests" name="allFooterWhatIsAimoodPage" time="7.294"/>
</testsuite> <!-- tests.WhatIsAimood.WhatIsAimoodChromeTests -->
