<?xml version="1.0" encoding="UTF-8"?>
<!-- Generated by org.testng.reporters.JUnitReportReporter -->
<testsuite hostname="WIN-RU0SR3DOB67" failures="0" tests="6" name="tests.signInPageTests.AllPageFirefoxTests" time="39.852" errors="0" timestamp="2023-09-19T11:49:26 EEST" skipped="0">
  <testcase classname="tests.signInPageTests.AllPageFirefoxTests" name="allHeaderSignInPage" time="8.866"/>
  <testcase classname="tests.signInPageTests.AllPageFirefoxTests" name="getStartedHeaderSignInPage" time="5.111"/>
  <testcase classname="tests.signInPageTests.AllPageFirefoxTests" name="learnHeaderSignInPage" time="5.104"/>
  <testcase classname="tests.signInPageTests.AllPageFirefoxTests" name="resourcesHeaderSignInPage" time="5.179"/>
  <testcase classname="tests.signInPageTests.AllPageFirefoxTests" name="mainSectionSignInPage" time="6.960"/>
  <testcase classname="tests.signInPageTests.AllPageFirefoxTests" name="allFooterSignInPage" time="8.632"/>
</testsuite> <!-- tests.signInPageTests.AllPageFirefoxTests -->
