<?xml version="1.0" encoding="UTF-8"?>
<!-- Generated by org.testng.reporters.JUnitReportReporter -->
<testsuite hostname="WIN-RU0SR3DOB67" failures="0" tests="6" name="tests.resetPasswordPageTests.AllPageChromeTests" time="40.855" errors="0" timestamp="2023-09-12T13:43:53 EEST" skipped="0">
  <testcase classname="tests.resetPasswordPageTests.AllPageChromeTests" name="allHeaderResetPasswordPage" time="10.715"/>
  <testcase classname="tests.resetPasswordPageTests.AllPageChromeTests" name="getStartedHeaderResetPasswordPage" time="5.348"/>
  <testcase classname="tests.resetPasswordPageTests.AllPageChromeTests" name="learnHeaderResetPasswordPage" time="5.315"/>
  <testcase classname="tests.resetPasswordPageTests.AllPageChromeTests" name="resourcesHeaderResetPasswordPage" time="5.290"/>
  <testcase classname="tests.resetPasswordPageTests.AllPageChromeTests" name="mainSectionResetPasswordPage" time="7.163"/>
  <testcase classname="tests.resetPasswordPageTests.AllPageChromeTests" name="allFooterResetPasswordPage" time="7.024"/>
</testsuite> <!-- tests.resetPasswordPageTests.AllPageChromeTests -->
