<?xml version="1.0" encoding="UTF-8"?>
<!-- Generated by org.testng.reporters.JUnitReportReporter -->
<testsuite hostname="WIN-RU0SR3DOB67" failures="0" tests="5" name="tests.WhatIsAimood.WhatIsAimoodChromeTests" time="36.697" errors="0" timestamp="2023-09-06T11:01:56 EEST" skipped="0">
  <testcase classname="tests.WhatIsAimood.WhatIsAimoodChromeTests" name="allHeaderWhatIsAimoodPage" time="8.352"/>
  <testcase classname="tests.WhatIsAimood.WhatIsAimoodChromeTests" name="mainBlockWhatIsAimoodPage" time="6.422"/>
  <testcase classname="tests.WhatIsAimood.WhatIsAimoodChromeTests" name="WhyChooseWhatIsAimoodPage" time="8.833"/>
  <testcase classname="tests.WhatIsAimood.WhatIsAimoodChromeTests" name="ecosystemWhatIsAimoodPage" time="6.734"/>
  <testcase classname="tests.WhatIsAimood.WhatIsAimoodChromeTests" name="allFooterWhatIsAimoodPage" time="6.356"/>
</testsuite> <!-- tests.WhatIsAimood.WhatIsAimoodChromeTests -->
