<?xml version="1.0" encoding="UTF-8"?>
<!-- Generated by org.testng.reporters.JUnitReportReporter -->
<testsuite hostname="WIN-RU0SR3DOB67" failures="0" tests="6" name="tests.signInPageTests.AllPageChromeTests" time="38.385" errors="0" timestamp="2023-09-19T11:49:26 EEST" skipped="0">
  <testcase classname="tests.signInPageTests.AllPageChromeTests" name="allHeaderSignInPage" time="8.359"/>
  <testcase classname="tests.signInPageTests.AllPageChromeTests" name="getStartedHeaderSignInPage" time="6.147"/>
  <testcase classname="tests.signInPageTests.AllPageChromeTests" name="learnHeaderSignInPage" time="5.247"/>
  <testcase classname="tests.signInPageTests.AllPageChromeTests" name="resourcesHeaderSignInPage" time="5.257"/>
  <testcase classname="tests.signInPageTests.AllPageChromeTests" name="mainSectionSignInPage" time="7.208"/>
  <testcase classname="tests.signInPageTests.AllPageChromeTests" name="allFooterSignInPage" time="6.167"/>
</testsuite> <!-- tests.signInPageTests.AllPageChromeTests -->
