<?xml version="1.0" encoding="UTF-8"?>
<!-- Generated by org.testng.reporters.JUnitReportReporter -->
<testsuite hostname="WIN-RU0SR3DOB67" failures="0" tests="6" name="tests.fundPageTests.AllPageFirefoxTests" time="38.220" errors="0" timestamp="2023-09-08T16:44:59 EEST" skipped="0">
  <testcase classname="tests.fundPageTests.AllPageFirefoxTests" name="allHeaderFundPage" time="7.513"/>
  <testcase classname="tests.fundPageTests.AllPageFirefoxTests" name="getStartedHeaderFundPage" time="7.532"/>
  <testcase classname="tests.fundPageTests.AllPageFirefoxTests" name="learnHeaderFundPage" time="5.125"/>
  <testcase classname="tests.fundPageTests.AllPageFirefoxTests" name="resourcesHeaderFundPage" time="5.179"/>
  <testcase classname="tests.fundPageTests.AllPageFirefoxTests" name="mainSectionFundPage" time="6.899"/>
  <testcase classname="tests.fundPageTests.AllPageFirefoxTests" name="allFooterFundPage" time="5.972"/>
</testsuite> <!-- tests.fundPageTests.AllPageFirefoxTests -->
