<?xml version="1.0" encoding="UTF-8"?>
<!-- Generated by org.testng.reporters.JUnitReportReporter -->
<testsuite hostname="WIN-RU0SR3DOB67" failures="0" tests="10" name="tests.accountWalletPageTests.AllPageChromeTests" time="78.189" errors="0" timestamp="2023-09-25T11:05:41 EEST" skipped="0">
  <testcase classname="tests.accountWalletPageTests.AllPageChromeTests" name="signInUser" time="14.336"/>
  <testcase classname="tests.accountWalletPageTests.AllPageChromeTests" name="allHeaderAccountWalletPage" time="6.328"/>
  <testcase classname="tests.accountWalletPageTests.AllPageChromeTests" name="getStartedHeaderAccountWalletPage" time="7.310"/>
  <testcase classname="tests.accountWalletPageTests.AllPageChromeTests" name="learnHeaderAccountWalletPage" time="7.319"/>
  <testcase classname="tests.accountWalletPageTests.AllPageChromeTests" name="resourcesHeaderAccountWalletPage" time="7.255"/>
  <testcase classname="tests.accountWalletPageTests.AllPageChromeTests" name="notificationsHeaderAccountWalletPage" time="7.238"/>
  <testcase classname="tests.accountWalletPageTests.AllPageChromeTests" name="profileHeaderAccountWalletPage" time="9.225"/>
  <testcase classname="tests.accountWalletPageTests.AllPageChromeTests" name="mainSectionAccountWalletPage" time="7.351"/>
  <testcase classname="tests.accountWalletPageTests.AllPageChromeTests" name="stakingAccountWalletPage" time="4.748"/>
  <testcase classname="tests.accountWalletPageTests.AllPageChromeTests" name="allFooterAccountWalletPage" time="7.079"/>
</testsuite> <!-- tests.accountWalletPageTests.AllPageChromeTests -->
