<?xml version="1.0" encoding="UTF-8"?>
<!-- Generated by org.testng.reporters.JUnitReportReporter -->
<testsuite hostname="WIN-RU0SR3DOB67" failures="0" tests="9" name="tests.accountFundPageTests.AllPageChromeTests" time="70.992" errors="0" timestamp="2023-09-29T17:47:37 EEST" skipped="0">
  <testcase classname="tests.accountFundPageTests.AllPageChromeTests" name="signInUser" time="12.563"/>
  <testcase classname="tests.accountFundPageTests.AllPageChromeTests" name="allHeaderAccountFundPage" time="6.134"/>
  <testcase classname="tests.accountFundPageTests.AllPageChromeTests" name="getStartedHeaderAccountFundPage" time="7.167"/>
  <testcase classname="tests.accountFundPageTests.AllPageChromeTests" name="learnHeaderAccountFundPage" time="7.193"/>
  <testcase classname="tests.accountFundPageTests.AllPageChromeTests" name="resourcesHeaderAccountFundPage" time="7.261"/>
  <testcase classname="tests.accountFundPageTests.AllPageChromeTests" name="notificationsHeaderAccountFundPage" time="7.162"/>
  <testcase classname="tests.accountFundPageTests.AllPageChromeTests" name="profileHeaderAccountFundPage" time="7.916"/>
  <testcase classname="tests.accountFundPageTests.AllPageChromeTests" name="mainSectionAccountFundPage" time="7.272"/>
  <testcase classname="tests.accountFundPageTests.AllPageChromeTests" name="allFooterAccountFundPage" time="8.324"/>
</testsuite> <!-- tests.accountFundPageTests.AllPageChromeTests -->
