<?xml version="1.0" encoding="UTF-8"?>
<!-- Generated by org.testng.reporters.JUnitReportReporter -->
<testsuite hostname="WIN-RU0SR3DOB67" failures="0" tests="9" name="tests.accountP2PPageTests.AllPageFirefoxTests" time="76.628" errors="0" timestamp="2023-09-25T11:59:02 EEST" skipped="0">
  <testcase classname="tests.accountP2PPageTests.AllPageFirefoxTests" name="signInUser" time="19.006"/>
  <testcase classname="tests.accountP2PPageTests.AllPageFirefoxTests" name="allHeaderAccountP2PPage" time="6.843"/>
  <testcase classname="tests.accountP2PPageTests.AllPageFirefoxTests" name="getStartedHeaderAccountP2PPage" time="7.003"/>
  <testcase classname="tests.accountP2PPageTests.AllPageFirefoxTests" name="learnHeaderAccountP2PPage" time="7.009"/>
  <testcase classname="tests.accountP2PPageTests.AllPageFirefoxTests" name="resourcesHeaderAccountP2PPage" time="7.068"/>
  <testcase classname="tests.accountP2PPageTests.AllPageFirefoxTests" name="notificationsHeaderAccountP2PPage" time="9.767"/>
  <testcase classname="tests.accountP2PPageTests.AllPageFirefoxTests" name="profileHeaderAccountP2PPage" time="7.033"/>
  <testcase classname="tests.accountP2PPageTests.AllPageFirefoxTests" name="mainSectionAccountP2PPage" time="6.917"/>
  <testcase classname="tests.accountP2PPageTests.AllPageFirefoxTests" name="allFooterAccountP2PPage" time="5.982"/>
</testsuite> <!-- tests.accountP2PPageTests.AllPageFirefoxTests -->
