<?xml version="1.0" encoding="UTF-8"?>
<!-- Generated by org.testng.reporters.JUnitReportReporter -->
<testsuite hostname="WIN-RU0SR3DOB67" failures="0" tests="10" name="tests.mainPageTests.AllPageFirefoxTests" time="78.327" errors="0" timestamp="2023-10-04T14:07:53 EEST" skipped="0">
  <testcase classname="tests.mainPageTests.AllPageFirefoxTests" name="allHeaderMainPage" time="15.107"/>
  <testcase classname="tests.mainPageTests.AllPageFirefoxTests" name="getStartedHeaderMainPage" time="10.214"/>
  <testcase classname="tests.mainPageTests.AllPageFirefoxTests" name="learnHeaderMainPage" time="5.295"/>
  <testcase classname="tests.mainPageTests.AllPageFirefoxTests" name="resourcesHeaderMainPage" time="5.819"/>
  <testcase classname="tests.mainPageTests.AllPageFirefoxTests" name="mainSectionMainPage" time="7.064"/>
  <testcase classname="tests.mainPageTests.AllPageFirefoxTests" name="videoSectionMainPage" time="7.146"/>
  <testcase classname="tests.mainPageTests.AllPageFirefoxTests" name="roadmapSectionMainPage" time="7.143"/>
  <testcase classname="tests.mainPageTests.AllPageFirefoxTests" name="statisticsSectionMainPage" time="6.915"/>
  <testcase classname="tests.mainPageTests.AllPageFirefoxTests" name="leaningSectionMainPage" time="6.755"/>
  <testcase classname="tests.mainPageTests.AllPageFirefoxTests" name="allFooterMainPage" time="6.869"/>
</testsuite> <!-- tests.mainPageTests.AllPageFirefoxTests -->
