<?xml version="1.0" encoding="UTF-8"?>
<!-- Generated by org.testng.reporters.JUnitReportReporter -->
<testsuite hostname="WIN-RU0SR3DOB67" failures="0" tests="10" name="tests.accountWalletPageTests.AllPageFirefoxTests" time="84.440" errors="0" timestamp="2023-09-29T17:47:37 EEST" skipped="0">
  <testcase classname="tests.accountWalletPageTests.AllPageFirefoxTests" name="signInUser" time="22.536"/>
  <testcase classname="tests.accountWalletPageTests.AllPageFirefoxTests" name="allHeaderAccountWalletPage" time="7.154"/>
  <testcase classname="tests.accountWalletPageTests.AllPageFirefoxTests" name="getStartedHeaderAccountWalletPage" time="6.941"/>
  <testcase classname="tests.accountWalletPageTests.AllPageFirefoxTests" name="learnHeaderAccountWalletPage" time="6.950"/>
  <testcase classname="tests.accountWalletPageTests.AllPageFirefoxTests" name="resourcesHeaderAccountWalletPage" time="6.950"/>
  <testcase classname="tests.accountWalletPageTests.AllPageFirefoxTests" name="notificationsHeaderAccountWalletPage" time="7.066"/>
  <testcase classname="tests.accountWalletPageTests.AllPageFirefoxTests" name="profileHeaderAccountWalletPage" time="7.109"/>
  <testcase classname="tests.accountWalletPageTests.AllPageFirefoxTests" name="mainSectionAccountWalletPage" time="9.499"/>
  <testcase classname="tests.accountWalletPageTests.AllPageFirefoxTests" name="stakingAccountWalletPage" time="4.194"/>
  <testcase classname="tests.accountWalletPageTests.AllPageFirefoxTests" name="allFooterAccountWalletPage" time="6.041"/>
</testsuite> <!-- tests.accountWalletPageTests.AllPageFirefoxTests -->
