<?xml version="1.0" encoding="UTF-8"?>
<!-- Generated by org.testng.reporters.JUnitReportReporter -->
<testsuite hostname="WIN-RU0SR3DOB67" failures="0" tests="6" name="tests.resetPasswordPage2Tests.AllPageChromeTests" time="38.495" errors="0" timestamp="2023-09-11T17:11:29 EEST" skipped="0">
  <testcase classname="tests.resetPasswordPage2Tests.AllPageChromeTests" name="allHeaderResetPasswordPage2" time="8.216"/>
  <testcase classname="tests.resetPasswordPage2Tests.AllPageChromeTests" name="getStartedHeaderResetPasswordPage2" time="5.326"/>
  <testcase classname="tests.resetPasswordPage2Tests.AllPageChromeTests" name="learnHeaderResetPasswordPage2" time="5.367"/>
  <testcase classname="tests.resetPasswordPage2Tests.AllPageChromeTests" name="resourcesHeaderResetPasswordPage2" time="6.134"/>
  <testcase classname="tests.resetPasswordPage2Tests.AllPageChromeTests" name="mainSectionResetPasswordPage2" time="7.224"/>
  <testcase classname="tests.resetPasswordPage2Tests.AllPageChromeTests" name="allFooterResetPasswordPage2" time="6.228"/>
</testsuite> <!-- tests.resetPasswordPage2Tests.AllPageChromeTests -->
