<?xml version="1.0" encoding="UTF-8"?>
<!-- Generated by org.testng.reporters.JUnitReportReporter -->
<testsuite hostname="WIN-RU0SR3DOB67" failures="0" tests="9" name="tests.accountAffiliateProgramPageTests.AllPageChromeTests" time="80.851" errors="0" timestamp="2023-09-29T17:47:37 EEST" skipped="0">
  <testcase classname="tests.accountAffiliateProgramPageTests.AllPageChromeTests" name="signInUser" time="21.690"/>
  <testcase classname="tests.accountAffiliateProgramPageTests.AllPageChromeTests" name="allHeaderAccountAffiliateProgramPage" time="7.220"/>
  <testcase classname="tests.accountAffiliateProgramPageTests.AllPageChromeTests" name="getStartedHeaderAccountAffiliateProgramPage" time="8.130"/>
  <testcase classname="tests.accountAffiliateProgramPageTests.AllPageChromeTests" name="learnHeaderAccountAffiliateProgramPage" time="7.269"/>
  <testcase classname="tests.accountAffiliateProgramPageTests.AllPageChromeTests" name="resourcesHeaderAccountAffiliateProgramPage" time="7.319"/>
  <testcase classname="tests.accountAffiliateProgramPageTests.AllPageChromeTests" name="notificationsHeaderAccountAffiliateProgramPage" time="7.195"/>
  <testcase classname="tests.accountAffiliateProgramPageTests.AllPageChromeTests" name="profileHeaderAccountAffiliateProgramPage" time="7.204"/>
  <testcase classname="tests.accountAffiliateProgramPageTests.AllPageChromeTests" name="mainSectionAccountAffiliateProgramPage" time="8.451"/>
  <testcase classname="tests.accountAffiliateProgramPageTests.AllPageChromeTests" name="allFooterAccountAffiliateProgramPage" time="6.373"/>
</testsuite> <!-- tests.accountAffiliateProgramPageTests.AllPageChromeTests -->
