<?xml version="1.0" encoding="UTF-8"?>
<!-- Generated by org.testng.reporters.JUnitReportReporter -->
<testsuite hostname="WIN-RU0SR3DOB67" failures="0" tests="7" name="tests.whitePaper.WhitePaperChromeTests" time="47.799" errors="0" timestamp="2023-09-29T14:13:55 EEST" skipped="0">
  <testcase classname="tests.whitePaper.WhitePaperChromeTests" name="allHeaderWhitePaperPage" time="9.203"/>
  <testcase classname="tests.whitePaper.WhitePaperChromeTests" name="getStartedHeaderWhitePaperPage" time="6.249"/>
  <testcase classname="tests.whitePaper.WhitePaperChromeTests" name="learnHeaderWhitePaperPage" time="6.191"/>
  <testcase classname="tests.whitePaper.WhitePaperChromeTests" name="resourcesHeaderWhitePaperPage" time="6.261"/>
  <testcase classname="tests.whitePaper.WhitePaperChromeTests" name="mainBlockWhitePaperPage" time="6.227"/>
  <testcase classname="tests.whitePaper.WhitePaperChromeTests" name="EweuimtPage" time="7.433"/>
  <testcase classname="tests.whitePaper.WhitePaperChromeTests" name="allFooterWhitePaperPage" time="6.235"/>
</testsuite> <!-- tests.whitePaper.WhitePaperChromeTests -->
