<?xml version="1.0" encoding="UTF-8"?>
<!-- Generated by org.testng.reporters.JUnitReportReporter -->
<testsuite hostname="WIN-RU0SR3DOB67" failures="0" tests="9" name="tests.buySellMoodCoinTests.AllPageChromeTests" time="44.607" errors="0" timestamp="2023-08-14T20:01:50 EEST" skipped="0">
  <testcase classname="tests.buySellMoodCoinTests.AllPageChromeTests" name="allHeaderBuySellMoodCoinPage" time="5.287"/>
  <system-out/>
  <testcase classname="tests.buySellMoodCoinTests.AllPageChromeTests" name="getStartedHeaderBuySellMoodCoinPage" time="4.416"/>
  <system-out/>
  <testcase classname="tests.buySellMoodCoinTests.AllPageChromeTests" name="learnHeaderBuySellMoodCoinPage" time="4.292"/>
  <system-out/>
  <testcase classname="tests.buySellMoodCoinTests.AllPageChromeTests" name="resourcesHeaderBuySellMoodCoinPage" time="4.306"/>
  <system-out/>
  <testcase classname="tests.buySellMoodCoinTests.AllPageChromeTests" name="mainSectionBuySellMoodCoinPage" time="6.680"/>
  <system-out/>
  <testcase classname="tests.buySellMoodCoinTests.AllPageChromeTests" name="allFooterBuySellMoodCoinPage" time="5.245"/>
  <system-out/>
  <testcase classname="tests.buySellMoodCoinTests.AllPageChromeTests" name="partnFooterBuySellMoodCoinPage" time="5.098"/>
  <system-out/>
  <testcase classname="tests.buySellMoodCoinTests.AllPageChromeTests" name="subFooterBuySellMoodCoinPage" time="5.103"/>
  <system-out/>
  <testcase classname="tests.buySellMoodCoinTests.AllPageChromeTests" name="copFooterBuySellMoodCoinPage" time="4.180"/>
  <system-out/>
</testsuite> <!-- tests.buySellMoodCoinTests.AllPageChromeTests -->
