<?xml version="1.0" encoding="UTF-8"?>
<!-- Generated by org.testng.reporters.JUnitReportReporter -->
<testsuite hostname="WIN-RU0SR3DOB67" failures="0" tests="9" name="tests.accountDashboardPageTests.AllPageFirefoxTests" time="76.013" errors="0" timestamp="2023-09-25T11:59:02 EEST" skipped="0">
  <testcase classname="tests.accountDashboardPageTests.AllPageFirefoxTests" name="signInUser" time="16.897"/>
  <testcase classname="tests.accountDashboardPageTests.AllPageFirefoxTests" name="allHeaderAccountDashboardPage" time="6.032"/>
  <testcase classname="tests.accountDashboardPageTests.AllPageFirefoxTests" name="getStartedHeaderAccountDashboardPage" time="7.004"/>
  <testcase classname="tests.accountDashboardPageTests.AllPageFirefoxTests" name="learnHeaderAccountDashboardPage" time="6.957"/>
  <testcase classname="tests.accountDashboardPageTests.AllPageFirefoxTests" name="resourcesHeaderAccountDashboardPage" time="10.135"/>
  <testcase classname="tests.accountDashboardPageTests.AllPageFirefoxTests" name="notificationsHeaderAccountDashboardPage" time="7.863"/>
  <testcase classname="tests.accountDashboardPageTests.AllPageFirefoxTests" name="profileHeaderAccountDashboardPage" time="7.065"/>
  <testcase classname="tests.accountDashboardPageTests.AllPageFirefoxTests" name="mainSectionAccountDashboardPage" time="7.106"/>
  <testcase classname="tests.accountDashboardPageTests.AllPageFirefoxTests" name="allFooterAccountDashboardPage" time="6.954"/>
</testsuite> <!-- tests.accountDashboardPageTests.AllPageFirefoxTests -->
