<?xml version="1.0" encoding="UTF-8"?>
<!-- Generated by org.testng.reporters.JUnitReportReporter -->
<testsuite hostname="WIN-RU0SR3DOB67" failures="0" tests="6" name="tests.signUpPageTests.AllPageFirefoxTests" time="45.044" errors="0" timestamp="2023-09-29T14:13:55 EEST" skipped="0">
  <testcase classname="tests.signUpPageTests.AllPageFirefoxTests" name="allHeaderSignUpPage" time="9.940"/>
  <testcase classname="tests.signUpPageTests.AllPageFirefoxTests" name="getStartedHeaderSignUpPage" time="8.341"/>
  <testcase classname="tests.signUpPageTests.AllPageFirefoxTests" name="learnHeaderSignUpPage" time="6.055"/>
  <testcase classname="tests.signUpPageTests.AllPageFirefoxTests" name="resourcesHeaderSignUpPage" time="6.014"/>
  <testcase classname="tests.signUpPageTests.AllPageFirefoxTests" name="mainSectionSignUpPage" time="7.739"/>
  <testcase classname="tests.signUpPageTests.AllPageFirefoxTests" name="allFooterSignUpPage" time="6.955"/>
</testsuite> <!-- tests.signUpPageTests.AllPageFirefoxTests -->
