<?xml version="1.0" encoding="UTF-8"?>
<!-- Generated by org.testng.reporters.JUnitReportReporter -->
<testsuite hostname="WIN-RU0SR3DOB67" failures="0" tests="10" name="tests.whitePaper.WhitePaperFirefoxTests" time="56.549" errors="0" timestamp="2023-08-31T11:51:35 EEST" skipped="0">
  <testcase classname="tests.whitePaper.WhitePaperFirefoxTests" name="allHeaderMainPage" time="8.635"/>
  <testcase classname="tests.whitePaper.WhitePaperFirefoxTests" name="getStartedHeaderMainPage" time="4.981"/>
  <testcase classname="tests.whitePaper.WhitePaperFirefoxTests" name="learnHeaderMainPage" time="4.983"/>
  <testcase classname="tests.whitePaper.WhitePaperFirefoxTests" name="resourcesHeaderMainPage" time="4.948"/>
  <testcase classname="tests.whitePaper.WhitePaperFirefoxTests" name="mainBlockWhitePaperPage" time="5.294"/>
  <testcase classname="tests.whitePaper.WhitePaperFirefoxTests" name="EweuimtPage" time="5.300"/>
  <testcase classname="tests.whitePaper.WhitePaperFirefoxTests" name="allFooterMainPage" time="5.029"/>
  <testcase classname="tests.whitePaper.WhitePaperFirefoxTests" name="partnFooterMainPage" time="4.877"/>
  <testcase classname="tests.whitePaper.WhitePaperFirefoxTests" name="subFooterMainPage" time="5.297"/>
  <testcase classname="tests.whitePaper.WhitePaperFirefoxTests" name="copFooterMainPage" time="7.205"/>
</testsuite> <!-- tests.whitePaper.WhitePaperFirefoxTests -->
