<?xml version="1.0" encoding="UTF-8"?>
<!-- Generated by org.testng.reporters.JUnitReportReporter -->
<testsuite hostname="WIN-RU0SR3DOB67" failures="0" tests="10" name="tests.accountWalletPageTests.AllPageChromeTests" time="77.609" errors="0" timestamp="2023-09-22T14:38:46 EEST" skipped="0">
  <testcase classname="tests.accountWalletPageTests.AllPageChromeTests" name="signInUser" time="15.080"/>
  <testcase classname="tests.accountWalletPageTests.AllPageChromeTests" name="allHeaderAccountWalletPage" time="6.241"/>
  <testcase classname="tests.accountWalletPageTests.AllPageChromeTests" name="getStartedHeaderAccountWalletPage" time="7.183"/>
  <testcase classname="tests.accountWalletPageTests.AllPageChromeTests" name="learnHeaderAccountWalletPage" time="7.151"/>
  <testcase classname="tests.accountWalletPageTests.AllPageChromeTests" name="resourcesHeaderAccountWalletPage" time="7.189"/>
  <testcase classname="tests.accountWalletPageTests.AllPageChromeTests" name="notificationsHeaderAccountWalletPage" time="7.088"/>
  <testcase classname="tests.accountWalletPageTests.AllPageChromeTests" name="profileHeaderAccountWalletPage" time="9.102"/>
  <testcase classname="tests.accountWalletPageTests.AllPageChromeTests" name="mainSectionAccountWalletPage" time="7.214"/>
  <testcase classname="tests.accountWalletPageTests.AllPageChromeTests" name="stakingAccountWalletPage" time="5.201"/>
  <testcase classname="tests.accountWalletPageTests.AllPageChromeTests" name="allFooterAccountWalletPage" time="6.160"/>
</testsuite> <!-- tests.accountWalletPageTests.AllPageChromeTests -->
