<?xml version="1.0" encoding="UTF-8"?>
<!-- Generated by org.testng.reporters.JUnitReportReporter -->
<testsuite hostname="WIN-RU0SR3DOB67" failures="0" tests="9" name="tests.accountDashboardPageTests.AllPageChromeTests" time="75.934" errors="0" timestamp="2023-09-29T17:47:37 EEST" skipped="0">
  <testcase classname="tests.accountDashboardPageTests.AllPageChromeTests" name="signInUser" time="18.157"/>
  <testcase classname="tests.accountDashboardPageTests.AllPageChromeTests" name="allHeaderAccountDashboardPage" time="6.060"/>
  <testcase classname="tests.accountDashboardPageTests.AllPageChromeTests" name="getStartedHeaderAccountDashboardPage" time="8.077"/>
  <testcase classname="tests.accountDashboardPageTests.AllPageChromeTests" name="learnHeaderAccountDashboardPage" time="7.251"/>
  <testcase classname="tests.accountDashboardPageTests.AllPageChromeTests" name="resourcesHeaderAccountDashboardPage" time="7.243"/>
  <testcase classname="tests.accountDashboardPageTests.AllPageChromeTests" name="notificationsHeaderAccountDashboardPage" time="7.186"/>
  <testcase classname="tests.accountDashboardPageTests.AllPageChromeTests" name="profileHeaderAccountDashboardPage" time="7.192"/>
  <testcase classname="tests.accountDashboardPageTests.AllPageChromeTests" name="mainSectionAccountDashboardPage" time="7.379"/>
  <testcase classname="tests.accountDashboardPageTests.AllPageChromeTests" name="allFooterAccountDashboardPage" time="7.389"/>
</testsuite> <!-- tests.accountDashboardPageTests.AllPageChromeTests -->
