<?xml version="1.0" encoding="UTF-8"?>
<!-- Generated by org.testng.reporters.JUnitReportReporter -->
<testsuite hostname="WIN-RU0SR3DOB67" failures="0" tests="10" name="tests.accountWalletPageTests.AllPageFirefoxTests" time="82.879" errors="0" timestamp="2023-09-22T14:38:46 EEST" skipped="0">
  <testcase classname="tests.accountWalletPageTests.AllPageFirefoxTests" name="signInUser" time="21.689"/>
  <testcase classname="tests.accountWalletPageTests.AllPageFirefoxTests" name="allHeaderAccountWalletPage" time="6.639"/>
  <testcase classname="tests.accountWalletPageTests.AllPageFirefoxTests" name="getStartedHeaderAccountWalletPage" time="9.485"/>
  <testcase classname="tests.accountWalletPageTests.AllPageFirefoxTests" name="learnHeaderAccountWalletPage" time="7.011"/>
  <testcase classname="tests.accountWalletPageTests.AllPageFirefoxTests" name="resourcesHeaderAccountWalletPage" time="6.983"/>
  <testcase classname="tests.accountWalletPageTests.AllPageFirefoxTests" name="notificationsHeaderAccountWalletPage" time="7.022"/>
  <testcase classname="tests.accountWalletPageTests.AllPageFirefoxTests" name="profileHeaderAccountWalletPage" time="7.047"/>
  <testcase classname="tests.accountWalletPageTests.AllPageFirefoxTests" name="mainSectionAccountWalletPage" time="6.886"/>
  <testcase classname="tests.accountWalletPageTests.AllPageFirefoxTests" name="stakingAccountWalletPage" time="4.154"/>
  <testcase classname="tests.accountWalletPageTests.AllPageFirefoxTests" name="allFooterAccountWalletPage" time="5.963"/>
</testsuite> <!-- tests.accountWalletPageTests.AllPageFirefoxTests -->
