<?xml version="1.0" encoding="UTF-8"?>
<!-- Generated by org.testng.reporters.JUnitReportReporter -->
<testsuite hostname="WIN-RU0SR3DOB67" failures="0" tests="11" name="tests.stakingPageTests.AllPageFirefoxTests" time="62.982" errors="0" timestamp="2023-08-29T10:48:10 EEST" skipped="0">
  <testcase classname="tests.stakingPageTests.AllPageFirefoxTests" name="allHeaderStakingPage" time="6.452"/>
  <testcase classname="tests.stakingPageTests.AllPageFirefoxTests" name="getStartedHeaderStakingPage" time="4.143"/>
  <testcase classname="tests.stakingPageTests.AllPageFirefoxTests" name="learnHeaderStakingPage" time="4.125"/>
  <testcase classname="tests.stakingPageTests.AllPageFirefoxTests" name="resourcesHeaderStakingPage" time="7.814"/>
  <testcase classname="tests.stakingPageTests.AllPageFirefoxTests" name="mainSectionStakingPage" time="5.941"/>
  <testcase classname="tests.stakingPageTests.AllPageFirefoxTests" name="delegatedSectionStakingPage" time="6.273"/>
  <testcase classname="tests.stakingPageTests.AllPageFirefoxTests" name="calcStakSectionStakingPage" time="8.557"/>
  <testcase classname="tests.stakingPageTests.AllPageFirefoxTests" name="allFooterStakingPage" time="5.039"/>
  <testcase classname="tests.stakingPageTests.AllPageFirefoxTests" name="partnFooterStakingPage" time="4.934"/>
  <testcase classname="tests.stakingPageTests.AllPageFirefoxTests" name="subFooterStakingPage" time="4.853"/>
  <testcase classname="tests.stakingPageTests.AllPageFirefoxTests" name="copFooterStakingPage" time="4.851"/>
</testsuite> <!-- tests.stakingPageTests.AllPageFirefoxTests -->
