<?xml version="1.0" encoding="UTF-8"?>
<!-- Generated by org.testng.reporters.JUnitReportReporter -->
<testsuite hostname="WIN-RU0SR3DOB67" failures="0" tests="5" name="tests.SignUp.SignUpChromeTests" time="34.097" errors="0" timestamp="2023-08-29T12:51:20 EEST" skipped="0">
  <testcase classname="tests.SignUp.SignUpChromeTests" name="allHeaderSignUpPage" time="5.429"/>
  <testcase classname="tests.SignUp.SignUpChromeTests" name="mainBlockWhitePaperPage" time="5.243"/>
  <testcase classname="tests.SignUp.SignUpChromeTests" name="Already" time="5.028"/>
  <testcase classname="tests.SignUp.SignUpChromeTests" name="allPageSignUpPage" time="2.548"/>
  <testcase classname="tests.SignUp.SignUpChromeTests" name="allFooterSignUp" time="15.849"/>
</testsuite> <!-- tests.SignUp.SignUpChromeTests -->
