<?xml version="1.0" encoding="UTF-8"?>
<!-- Generated by org.testng.reporters.JUnitReportReporter -->
<testsuite hostname="WIN-RU0SR3DOB67" failures="0" tests="9" name="tests.fundPageTests.AllPageChromeTests" time="45.887" errors="0" timestamp="2023-08-14T11:52:54 EEST" skipped="0">
  <testcase classname="tests.fundPageTests.AllPageChromeTests" name="allHeaderFundPage" time="5.568"/>
  <system-out/>
  <testcase classname="tests.fundPageTests.AllPageChromeTests" name="getStartedHeaderFundPage" time="4.453"/>
  <system-out/>
  <testcase classname="tests.fundPageTests.AllPageChromeTests" name="learnHeaderFundPage" time="4.375"/>
  <system-out/>
  <testcase classname="tests.fundPageTests.AllPageChromeTests" name="resourcesHeaderFundPage" time="4.347"/>
  <system-out/>
  <testcase classname="tests.fundPageTests.AllPageChromeTests" name="mainSectionFundPage" time="5.234"/>
  <system-out/>
  <testcase classname="tests.fundPageTests.AllPageChromeTests" name="allFooterFundPage" time="5.340"/>
  <system-out/>
  <testcase classname="tests.fundPageTests.AllPageChromeTests" name="partnFooterFundPage" time="7.104"/>
  <system-out/>
  <testcase classname="tests.fundPageTests.AllPageChromeTests" name="subFooterFundPage" time="5.202"/>
  <system-out/>
  <testcase classname="tests.fundPageTests.AllPageChromeTests" name="copFooterFundPage" time="4.264"/>
  <system-out/>
</testsuite> <!-- tests.fundPageTests.AllPageChromeTests -->
