<?xml version="1.0" encoding="UTF-8"?>
<!-- Generated by org.testng.reporters.JUnitReportReporter -->
<testsuite hostname="WIN-RU0SR3DOB67" failures="0" tests="5" name="tests.WhatIsAimood.WhatIsAimoodChromeTests" time="37.580" errors="0" timestamp="2023-09-06T11:25:16 EEST" skipped="0">
  <testcase classname="tests.WhatIsAimood.WhatIsAimoodChromeTests" name="allHeaderWhatIsAimoodPage" time="11.352"/>
  <testcase classname="tests.WhatIsAimood.WhatIsAimoodChromeTests" name="mainBlockWhatIsAimoodPage" time="6.506"/>
  <testcase classname="tests.WhatIsAimood.WhatIsAimoodChromeTests" name="WhyChooseWhatIsAimoodPage" time="6.634"/>
  <testcase classname="tests.WhatIsAimood.WhatIsAimoodChromeTests" name="ecosystemWhatIsAimoodPage" time="6.745"/>
  <testcase classname="tests.WhatIsAimood.WhatIsAimoodChromeTests" name="allFooterWhatIsAimoodPage" time="6.343"/>
</testsuite> <!-- tests.WhatIsAimood.WhatIsAimoodChromeTests -->
