<?xml version="1.0" encoding="UTF-8"?>
<!-- Generated by org.testng.reporters.JUnitReportReporter -->
<testsuite hostname="WIN-RU0SR3DOB67" failures="0" tests="9" name="tests.accountDashboardPageTests.AllPageChromeTests" time="71.047" errors="0" timestamp="2023-09-22T14:38:46 EEST" skipped="0">
  <testcase classname="tests.accountDashboardPageTests.AllPageChromeTests" name="signInUser" time="13.960"/>
  <testcase classname="tests.accountDashboardPageTests.AllPageChromeTests" name="allHeaderAccountDashboardPage" time="5.990"/>
  <testcase classname="tests.accountDashboardPageTests.AllPageChromeTests" name="getStartedHeaderAccountDashboardPage" time="7.165"/>
  <testcase classname="tests.accountDashboardPageTests.AllPageChromeTests" name="learnHeaderAccountDashboardPage" time="7.189"/>
  <testcase classname="tests.accountDashboardPageTests.AllPageChromeTests" name="resourcesHeaderAccountDashboardPage" time="7.210"/>
  <testcase classname="tests.accountDashboardPageTests.AllPageChromeTests" name="notificationsHeaderAccountDashboardPage" time="7.914"/>
  <testcase classname="tests.accountDashboardPageTests.AllPageChromeTests" name="profileHeaderAccountDashboardPage" time="7.085"/>
  <testcase classname="tests.accountDashboardPageTests.AllPageChromeTests" name="mainSectionAccountDashboardPage" time="7.227"/>
  <testcase classname="tests.accountDashboardPageTests.AllPageChromeTests" name="allFooterAccountDashboardPage" time="7.307"/>
</testsuite> <!-- tests.accountDashboardPageTests.AllPageChromeTests -->
