<?xml version="1.0" encoding="UTF-8"?>
<!-- Generated by org.testng.reporters.JUnitReportReporter -->
<testsuite hostname="WIN-RU0SR3DOB67" failures="0" tests="10" name="tests.marketPlacePageTests.AllPageChromeTests" time="51.453" errors="0" timestamp="2023-08-14T16:23:25 EEST" skipped="0">
  <testcase classname="tests.marketPlacePageTests.AllPageChromeTests" name="allHeaderMarketPlacePage" time="5.869"/>
  <system-out/>
  <testcase classname="tests.marketPlacePageTests.AllPageChromeTests" name="getStartedHeaderMarketPlacePage" time="4.471"/>
  <system-out/>
  <testcase classname="tests.marketPlacePageTests.AllPageChromeTests" name="learnHeaderMarketPlacePage" time="4.319"/>
  <system-out/>
  <testcase classname="tests.marketPlacePageTests.AllPageChromeTests" name="resourcesHeaderMarketPlacePage" time="4.344"/>
  <system-out/>
  <testcase classname="tests.marketPlacePageTests.AllPageChromeTests" name="mainSectionMarketPlacePage" time="5.186"/>
  <system-out/>
  <testcase classname="tests.marketPlacePageTests.AllPageChromeTests" name="statisticsSectionMarketPlacePage" time="5.792"/>
  <system-out/>
  <testcase classname="tests.marketPlacePageTests.AllPageChromeTests" name="allFooterMarketPlacePage" time="5.312"/>
  <system-out/>
  <testcase classname="tests.marketPlacePageTests.AllPageChromeTests" name="partnFooterMarketPlacePage" time="5.149"/>
  <system-out/>
  <testcase classname="tests.marketPlacePageTests.AllPageChromeTests" name="subFooterMarketPlacePage" time="5.131"/>
  <system-out/>
  <testcase classname="tests.marketPlacePageTests.AllPageChromeTests" name="copFooterMarketPlacePage" time="5.880"/>
  <system-out/>
</testsuite> <!-- tests.marketPlacePageTests.AllPageChromeTests -->
