<?xml version="1.0" encoding="UTF-8"?>
<!-- Generated by org.testng.reporters.JUnitReportReporter -->
<testsuite hostname="WIN-RU0SR3DOB67" failures="0" tests="6" name="tests.resetPasswordPageTests.AllPageFirefoxTests" time="39.563" errors="0" timestamp="2023-09-11T14:35:03 EEST" skipped="0">
  <testcase classname="tests.resetPasswordPageTests.AllPageFirefoxTests" name="allHeaderResetPasswordPage" time="8.677"/>
  <testcase classname="tests.resetPasswordPageTests.AllPageFirefoxTests" name="getStartedHeaderResetPasswordPage" time="5.139"/>
  <testcase classname="tests.resetPasswordPageTests.AllPageFirefoxTests" name="learnHeaderResetPasswordPage" time="5.104"/>
  <testcase classname="tests.resetPasswordPageTests.AllPageFirefoxTests" name="resourcesHeaderResetPasswordPage" time="5.165"/>
  <testcase classname="tests.resetPasswordPageTests.AllPageFirefoxTests" name="mainSectionResetPasswordPage" time="9.442"/>
  <testcase classname="tests.resetPasswordPageTests.AllPageFirefoxTests" name="allFooterResetPasswordPage" time="6.036"/>
</testsuite> <!-- tests.resetPasswordPageTests.AllPageFirefoxTests -->
