<?xml version="1.0" encoding="UTF-8"?>
<!-- Generated by org.testng.reporters.JUnitReportReporter -->
<testsuite hostname="WIN-RU0SR3DOB67" failures="0" tests="6" name="tests.signUpPageTests.AllPageChromeTests" time="38.417" errors="0" timestamp="2023-09-19T11:49:26 EEST" skipped="0">
  <testcase classname="tests.signUpPageTests.AllPageChromeTests" name="allHeaderSignUpPage" time="8.338"/>
  <testcase classname="tests.signUpPageTests.AllPageChromeTests" name="getStartedHeaderSignUpPage" time="5.364"/>
  <testcase classname="tests.signUpPageTests.AllPageChromeTests" name="learnHeaderSignUpPage" time="6.099"/>
  <testcase classname="tests.signUpPageTests.AllPageChromeTests" name="resourcesHeaderSignUpPage" time="5.231"/>
  <testcase classname="tests.signUpPageTests.AllPageChromeTests" name="mainSectionSignUpPage" time="7.193"/>
  <testcase classname="tests.signUpPageTests.AllPageChromeTests" name="allFooterSignUpPage" time="6.192"/>
</testsuite> <!-- tests.signUpPageTests.AllPageChromeTests -->
