<?xml version="1.0" encoding="UTF-8"?>
<!-- Generated by org.testng.reporters.JUnitReportReporter -->
<testsuite hostname="WIN-RU0SR3DOB67" failures="0" tests="9" name="tests.whitePaper.WhitePaperChromeTests" time="64.402" errors="0" timestamp="2023-09-12T11:10:47 EEST" skipped="0">
  <testcase classname="tests.whitePaper.WhitePaperChromeTests" name="allHeaderWhitePaperPage" time="12.725"/>
  <testcase classname="tests.whitePaper.WhitePaperChromeTests" name="marketPlaceHeaderWhitePaperPage" time="6.291"/>
  <testcase classname="tests.whitePaper.WhitePaperChromeTests" name="getStartedHeaderWhitePaperPage" time="6.344"/>
  <testcase classname="tests.whitePaper.WhitePaperChromeTests" name="whitePaperHeaderWhitePaperPage" time="6.278"/>
  <testcase classname="tests.whitePaper.WhitePaperChromeTests" name="learnHeaderWhitePaperPage" time="6.266"/>
  <testcase classname="tests.whitePaper.WhitePaperChromeTests" name="resourcesHeaderWhitePaperPage" time="6.254"/>
  <testcase classname="tests.whitePaper.WhitePaperChromeTests" name="mainBlockWhitePaperPage" time="6.302"/>
  <testcase classname="tests.whitePaper.WhitePaperChromeTests" name="EweuimtPage" time="7.577"/>
  <testcase classname="tests.whitePaper.WhitePaperChromeTests" name="allFooterWhitePaperPage" time="6.365"/>
</testsuite> <!-- tests.whitePaper.WhitePaperChromeTests -->
