<?xml version="1.0" encoding="UTF-8"?>
<!-- Generated by org.testng.reporters.JUnitReportReporter -->
<testsuite hostname="WIN-RU0SR3DOB67" failures="0" tests="6" name="tests.signInPageTests.AllPageChromeTests" time="38.552" errors="0" timestamp="2023-09-11T14:35:03 EEST" skipped="0">
  <testcase classname="tests.signInPageTests.AllPageChromeTests" name="allHeaderSignInPage" time="8.331"/>
  <testcase classname="tests.signInPageTests.AllPageChromeTests" name="getStartedHeaderSignInPage" time="5.345"/>
  <testcase classname="tests.signInPageTests.AllPageChromeTests" name="learnHeaderSignInPage" time="5.334"/>
  <testcase classname="tests.signInPageTests.AllPageChromeTests" name="resourcesHeaderSignInPage" time="6.107"/>
  <testcase classname="tests.signInPageTests.AllPageChromeTests" name="mainSectionSignInPage" time="7.215"/>
  <testcase classname="tests.signInPageTests.AllPageChromeTests" name="allFooterSignInPage" time="6.220"/>
</testsuite> <!-- tests.signInPageTests.AllPageChromeTests -->
