<?xml version="1.0" encoding="UTF-8"?>
<!-- Generated by org.testng.reporters.JUnitReportReporter -->
<testsuite hostname="WIN-RU0SR3DOB67" failures="0" tests="6" name="tests.buySellMoodCoinTests.AllPageChromeTests" time="36.523" errors="0" timestamp="2023-09-12T23:55:07 EEST" skipped="0">
  <testcase classname="tests.buySellMoodCoinTests.AllPageChromeTests" name="allHeaderBuySellMoodCoinPage" time="6.308"/>
  <testcase classname="tests.buySellMoodCoinTests.AllPageChromeTests" name="getStartedHeaderBuySellMoodCoinPage" time="5.359"/>
  <testcase classname="tests.buySellMoodCoinTests.AllPageChromeTests" name="learnHeaderBuySellMoodCoinPage" time="5.278"/>
  <testcase classname="tests.buySellMoodCoinTests.AllPageChromeTests" name="resourcesHeaderBuySellMoodCoinPage" time="5.287"/>
  <testcase classname="tests.buySellMoodCoinTests.AllPageChromeTests" name="mainSectionBuySellMoodCoinPage" time="7.218"/>
  <testcase classname="tests.buySellMoodCoinTests.AllPageChromeTests" name="allFooterBuySellMoodCoinPage" time="7.073"/>
</testsuite> <!-- tests.buySellMoodCoinTests.AllPageChromeTests -->
