<?xml version="1.0" encoding="UTF-8"?>
<!-- Generated by org.testng.reporters.JUnitReportReporter -->
<testsuite hostname="WIN-RU0SR3DOB67" failures="0" tests="8" name="tests.WhatIsAimood.WhatIsAimoodChromeTests" time="44.790" errors="0" timestamp="2023-08-31T11:51:35 EEST" skipped="0">
  <testcase classname="tests.WhatIsAimood.WhatIsAimoodChromeTests" name="allHeaderMainPage" time="7.093"/>
  <testcase classname="tests.WhatIsAimood.WhatIsAimoodChromeTests" name="mainBlockWhitePaperPage" time="5.257"/>
  <testcase classname="tests.WhatIsAimood.WhatIsAimoodChromeTests" name="WhyChoosePage" time="5.581"/>
  <testcase classname="tests.WhatIsAimood.WhatIsAimoodChromeTests" name="TfeuamWbEUPage" time="5.709"/>
  <testcase classname="tests.WhatIsAimood.WhatIsAimoodChromeTests" name="allFooterMainPage" time="5.315"/>
  <testcase classname="tests.WhatIsAimood.WhatIsAimoodChromeTests" name="partnFooterMainPage" time="5.158"/>
  <testcase classname="tests.WhatIsAimood.WhatIsAimoodChromeTests" name="subFooterMainPage" time="6.469"/>
  <testcase classname="tests.WhatIsAimood.WhatIsAimoodChromeTests" name="copFooterMainPage" time="4.208"/>
</testsuite> <!-- tests.WhatIsAimood.WhatIsAimoodChromeTests -->
