<?xml version="1.0" encoding="UTF-8"?>
<!-- Generated by org.testng.reporters.JUnitReportReporter -->
<testsuite hostname="WIN-RU0SR3DOB67" failures="0" tests="8" name="tests.WhatIsAimood.WhatIsAimoodChromeTests" time="52.771" errors="0" timestamp="2023-09-12T11:10:48 EEST" skipped="0">
  <testcase classname="tests.WhatIsAimood.WhatIsAimoodChromeTests" name="allHeaderWhatIsAimoodPage" time="9.391"/>
  <testcase classname="tests.WhatIsAimood.WhatIsAimoodChromeTests" name="getStartedHeaderWhatIsAimoodPage" time="5.521"/>
  <testcase classname="tests.WhatIsAimood.WhatIsAimoodChromeTests" name="learnHeaderWhatIsAimoodPage" time="5.524"/>
  <testcase classname="tests.WhatIsAimood.WhatIsAimoodChromeTests" name="resourcesHeaderWhatIsAimoodPage" time="5.409"/>
  <testcase classname="tests.WhatIsAimood.WhatIsAimoodChromeTests" name="mainBlockWhatIsAimoodPage" time="6.342"/>
  <testcase classname="tests.WhatIsAimood.WhatIsAimoodChromeTests" name="whyChooseWhatIsAimoodPage" time="7.451"/>
  <testcase classname="tests.WhatIsAimood.WhatIsAimoodChromeTests" name="ecosystemWhatIsAimoodPage" time="6.762"/>
  <testcase classname="tests.WhatIsAimood.WhatIsAimoodChromeTests" name="allFooterWhatIsAimoodPage" time="6.371"/>
</testsuite> <!-- tests.WhatIsAimood.WhatIsAimoodChromeTests -->
