<?xml version="1.0" encoding="UTF-8"?>
<!-- Generated by org.testng.reporters.JUnitReportReporter -->
<testsuite hostname="WIN-RU0SR3DOB67" failures="0" tests="9" name="tests.accountSettingsPageTests.AllPageChromeTests" time="77.320" errors="0" timestamp="2023-09-25T11:59:02 EEST" skipped="0">
  <testcase classname="tests.accountSettingsPageTests.AllPageChromeTests" name="signInUser" time="19.800"/>
  <testcase classname="tests.accountSettingsPageTests.AllPageChromeTests" name="allHeaderAccountSettingsPage" time="6.435"/>
  <testcase classname="tests.accountSettingsPageTests.AllPageChromeTests" name="getStartedHeaderAccountSettingsPage" time="7.253"/>
  <testcase classname="tests.accountSettingsPageTests.AllPageChromeTests" name="learnHeaderAccountSettingsPage" time="7.291"/>
  <testcase classname="tests.accountSettingsPageTests.AllPageChromeTests" name="resourcesHeaderAccountSettingsPage" time="7.289"/>
  <testcase classname="tests.accountSettingsPageTests.AllPageChromeTests" name="notificationsHeaderAccountSettingsPage" time="7.338"/>
  <testcase classname="tests.accountSettingsPageTests.AllPageChromeTests" name="profileHeaderAccountSettingsPage" time="8.064"/>
  <testcase classname="tests.accountSettingsPageTests.AllPageChromeTests" name="mainSectionAccountSettingsPage" time="7.457"/>
  <testcase classname="tests.accountSettingsPageTests.AllPageChromeTests" name="allFooterAccountSettingsPage" time="6.393"/>
</testsuite> <!-- tests.accountSettingsPageTests.AllPageChromeTests -->
