<?xml version="1.0" encoding="UTF-8"?>
<!-- Generated by org.testng.reporters.JUnitReportReporter -->
<testsuite hostname="WIN-RU0SR3DOB67" failures="0" tests="8" name="tests.WhatIsAimood.WhatIsAimoodChromeTests" time="59.518" errors="0" timestamp="2023-09-25T11:59:02 EEST" skipped="0">
  <testcase classname="tests.WhatIsAimood.WhatIsAimoodChromeTests" name="allHeaderWhatIsAimoodPage" time="15.775"/>
  <testcase classname="tests.WhatIsAimood.WhatIsAimoodChromeTests" name="getStartedHeaderWhatIsAimoodPage" time="5.554"/>
  <testcase classname="tests.WhatIsAimood.WhatIsAimoodChromeTests" name="learnHeaderWhatIsAimoodPage" time="5.454"/>
  <testcase classname="tests.WhatIsAimood.WhatIsAimoodChromeTests" name="resourcesHeaderWhatIsAimoodPage" time="6.257"/>
  <testcase classname="tests.WhatIsAimood.WhatIsAimoodChromeTests" name="mainBlockWhatIsAimoodPage" time="6.393"/>
  <testcase classname="tests.WhatIsAimood.WhatIsAimoodChromeTests" name="whyChooseWhatIsAimoodPage" time="6.774"/>
  <testcase classname="tests.WhatIsAimood.WhatIsAimoodChromeTests" name="ecosystemWhatIsAimoodPage" time="6.814"/>
  <testcase classname="tests.WhatIsAimood.WhatIsAimoodChromeTests" name="allFooterWhatIsAimoodPage" time="6.497"/>
</testsuite> <!-- tests.WhatIsAimood.WhatIsAimoodChromeTests -->
