<?xml version="1.0" encoding="UTF-8"?>
<!-- Generated by org.testng.reporters.JUnitReportReporter -->
<testsuite hostname="WIN-RU0SR3DOB67" failures="0" tests="7" name="tests.walletPageTests.AllPageFirefoxTests" time="50.088" errors="0" timestamp="2023-10-03T21:44:29 EEST" skipped="0">
  <testcase classname="tests.walletPageTests.AllPageFirefoxTests" name="allHeaderWalletPage" time="11.366"/>
  <testcase classname="tests.walletPageTests.AllPageFirefoxTests" name="getStartedHeaderWalletPage" time="5.493"/>
  <testcase classname="tests.walletPageTests.AllPageFirefoxTests" name="learnHeaderWalletPage" time="5.504"/>
  <testcase classname="tests.walletPageTests.AllPageFirefoxTests" name="resourcesHeaderWalletPage" time="8.102"/>
  <testcase classname="tests.walletPageTests.AllPageFirefoxTests" name="mainSectionWalletPage" time="6.327"/>
  <testcase classname="tests.walletPageTests.AllPageFirefoxTests" name="delegatedSectionWalletPage" time="6.872"/>
  <testcase classname="tests.walletPageTests.AllPageFirefoxTests" name="allFooterWalletPage" time="6.424"/>
</testsuite> <!-- tests.walletPageTests.AllPageFirefoxTests -->
