<?xml version="1.0" encoding="UTF-8"?>
<!-- Generated by org.testng.reporters.JUnitReportReporter -->
<testsuite hostname="WIN-RU0SR3DOB67" failures="0" tests="10" name="tests.accountWalletPageTests.AllPageChromeTests" time="94.194" errors="0" timestamp="2023-09-25T11:59:02 EEST" skipped="0">
  <testcase classname="tests.accountWalletPageTests.AllPageChromeTests" name="signInUser" time="27.962"/>
  <testcase classname="tests.accountWalletPageTests.AllPageChromeTests" name="allHeaderAccountWalletPage" time="7.748"/>
  <testcase classname="tests.accountWalletPageTests.AllPageChromeTests" name="getStartedHeaderAccountWalletPage" time="7.713"/>
  <testcase classname="tests.accountWalletPageTests.AllPageChromeTests" name="learnHeaderAccountWalletPage" time="7.789"/>
  <testcase classname="tests.accountWalletPageTests.AllPageChromeTests" name="resourcesHeaderAccountWalletPage" time="7.788"/>
  <testcase classname="tests.accountWalletPageTests.AllPageChromeTests" name="notificationsHeaderAccountWalletPage" time="7.687"/>
  <testcase classname="tests.accountWalletPageTests.AllPageChromeTests" name="profileHeaderAccountWalletPage" time="9.246"/>
  <testcase classname="tests.accountWalletPageTests.AllPageChromeTests" name="mainSectionAccountWalletPage" time="7.446"/>
  <testcase classname="tests.accountWalletPageTests.AllPageChromeTests" name="stakingAccountWalletPage" time="4.527"/>
  <testcase classname="tests.accountWalletPageTests.AllPageChromeTests" name="allFooterAccountWalletPage" time="6.288"/>
</testsuite> <!-- tests.accountWalletPageTests.AllPageChromeTests -->
