<?xml version="1.0" encoding="UTF-8"?>
<!-- Generated by org.testng.reporters.JUnitReportReporter -->
<testsuite hostname="WIN-RU0SR3DOB67" failures="0" tests="5" name="tests.SignUp.SignUpChromeTests" time="35.423" errors="0" timestamp="2023-08-31T10:22:44 EEST" skipped="0">
  <testcase classname="tests.SignUp.SignUpChromeTests" name="allHeaderSignUpPage" time="5.551"/>
  <testcase classname="tests.SignUp.SignUpChromeTests" name="mainBlockWhitePaperPage" time="5.310"/>
  <testcase classname="tests.SignUp.SignUpChromeTests" name="Already" time="4.990"/>
  <testcase classname="tests.SignUp.SignUpChromeTests" name="allPageSignUpPage" time="4.605"/>
  <testcase classname="tests.SignUp.SignUpChromeTests" name="allFooterSignUp" time="14.967"/>
</testsuite> <!-- tests.SignUp.SignUpChromeTests -->
