<?xml version="1.0" encoding="UTF-8"?>
<!-- Generated by org.testng.reporters.JUnitReportReporter -->
<testsuite hostname="WIN-RU0SR3DOB67" failures="0" tests="9" name="tests.accountP2PPageTests.AllPageChromeTests" time="96.405" errors="0" timestamp="2023-09-22T14:38:46 EEST" skipped="0">
  <testcase classname="tests.accountP2PPageTests.AllPageChromeTests" name="signInUser" time="37.471"/>
  <testcase classname="tests.accountP2PPageTests.AllPageChromeTests" name="allHeaderAccountP2PPage" time="8.592"/>
  <testcase classname="tests.accountP2PPageTests.AllPageChromeTests" name="getStartedHeaderAccountP2PPage" time="7.193"/>
  <testcase classname="tests.accountP2PPageTests.AllPageChromeTests" name="learnHeaderAccountP2PPage" time="7.977"/>
  <testcase classname="tests.accountP2PPageTests.AllPageChromeTests" name="resourcesHeaderAccountP2PPage" time="7.211"/>
  <testcase classname="tests.accountP2PPageTests.AllPageChromeTests" name="notificationsHeaderAccountP2PPage" time="7.387"/>
  <testcase classname="tests.accountP2PPageTests.AllPageChromeTests" name="profileHeaderAccountP2PPage" time="7.115"/>
  <testcase classname="tests.accountP2PPageTests.AllPageChromeTests" name="mainSectionAccountP2PPage" time="7.194"/>
  <testcase classname="tests.accountP2PPageTests.AllPageChromeTests" name="allFooterAccountP2PPage" time="6.265"/>
</testsuite> <!-- tests.accountP2PPageTests.AllPageChromeTests -->
