<?xml version="1.0" encoding="UTF-8"?>
<!-- Generated by org.testng.reporters.JUnitReportReporter -->
<testsuite hostname="WIN-RU0SR3DOB67" failures="0" tests="6" name="tests.buySellMoodCoinTests.AllPageFirefoxTests" time="37.700" errors="0" timestamp="2023-09-29T17:47:37 EEST" skipped="0">
  <testcase classname="tests.buySellMoodCoinTests.AllPageFirefoxTests" name="allHeaderBuySellMoodCoinPage" time="6.708"/>
  <testcase classname="tests.buySellMoodCoinTests.AllPageFirefoxTests" name="getStartedHeaderBuySellMoodCoinPage" time="5.098"/>
  <testcase classname="tests.buySellMoodCoinTests.AllPageFirefoxTests" name="learnHeaderBuySellMoodCoinPage" time="7.710"/>
  <testcase classname="tests.buySellMoodCoinTests.AllPageFirefoxTests" name="resourcesHeaderBuySellMoodCoinPage" time="5.212"/>
  <testcase classname="tests.buySellMoodCoinTests.AllPageFirefoxTests" name="mainSectionBuySellMoodCoinPage" time="6.932"/>
  <testcase classname="tests.buySellMoodCoinTests.AllPageFirefoxTests" name="allFooterBuySellMoodCoinPage" time="6.040"/>
</testsuite> <!-- tests.buySellMoodCoinTests.AllPageFirefoxTests -->
