<?xml version="1.0" encoding="UTF-8"?>
<!-- Generated by org.testng.reporters.JUnitReportReporter -->
<testsuite hostname="WIN-RU0SR3DOB67" failures="0" tests="7" name="tests.marketPlacePageTests.AllPageChromeTests" time="48.540" errors="0" timestamp="2023-09-22T14:38:46 EEST" skipped="0">
  <testcase classname="tests.marketPlacePageTests.AllPageChromeTests" name="allHeaderMarketPlacePage" time="9.090"/>
  <testcase classname="tests.marketPlacePageTests.AllPageChromeTests" name="getStartedHeaderMarketPlacePage" time="6.240"/>
  <testcase classname="tests.marketPlacePageTests.AllPageChromeTests" name="learnHeaderMarketPlacePage" time="6.990"/>
  <testcase classname="tests.marketPlacePageTests.AllPageChromeTests" name="resourcesHeaderMarketPlacePage" time="6.140"/>
  <testcase classname="tests.marketPlacePageTests.AllPageChromeTests" name="mainSectionMarketPlacePage" time="7.260"/>
  <testcase classname="tests.marketPlacePageTests.AllPageChromeTests" name="statisticsSectionMarketPlacePage" time="6.610"/>
  <testcase classname="tests.marketPlacePageTests.AllPageChromeTests" name="allFooterMarketPlacePage" time="6.210"/>
</testsuite> <!-- tests.marketPlacePageTests.AllPageChromeTests -->
