<?xml version="1.0" encoding="UTF-8"?>
<!-- Generated by org.testng.reporters.JUnitReportReporter -->
<testsuite hostname="WIN-RU0SR3DOB67" failures="0" tests="7" name="tests.walletPageTests.AllPageFirefoxTests" time="46.365" errors="0" timestamp="2023-09-11T14:35:03 EEST" skipped="0">
  <testcase classname="tests.walletPageTests.AllPageFirefoxTests" name="allHeaderWalletPage" time="10.408"/>
  <testcase classname="tests.walletPageTests.AllPageFirefoxTests" name="getStartedHeaderWalletPage" time="7.526"/>
  <testcase classname="tests.walletPageTests.AllPageFirefoxTests" name="learnHeaderWalletPage" time="5.103"/>
  <testcase classname="tests.walletPageTests.AllPageFirefoxTests" name="resourcesHeaderWalletPage" time="5.162"/>
  <testcase classname="tests.walletPageTests.AllPageFirefoxTests" name="mainSectionWalletPage" time="5.918"/>
  <testcase classname="tests.walletPageTests.AllPageFirefoxTests" name="delegatedSectionWalletPage" time="6.236"/>
  <testcase classname="tests.walletPageTests.AllPageFirefoxTests" name="allFooterWalletPage" time="6.012"/>
</testsuite> <!-- tests.walletPageTests.AllPageFirefoxTests -->
