<?xml version="1.0" encoding="UTF-8"?>
<!-- Generated by org.testng.reporters.JUnitReportReporter -->
<testsuite hostname="WIN-RU0SR3DOB67" failures="0" tests="11" name="tests.stakingPageTests.AllPageFirefoxTests" time="63.586" errors="0" timestamp="2023-08-28T17:11:41 EEST" skipped="0">
  <testcase classname="tests.stakingPageTests.AllPageFirefoxTests" name="allHeaderStakingPage" time="7.095"/>
  <testcase classname="tests.stakingPageTests.AllPageFirefoxTests" name="getStartedHeaderStakingPage" time="4.174"/>
  <testcase classname="tests.stakingPageTests.AllPageFirefoxTests" name="learnHeaderStakingPage" time="7.816"/>
  <testcase classname="tests.stakingPageTests.AllPageFirefoxTests" name="resourcesHeaderStakingPage" time="4.167"/>
  <testcase classname="tests.stakingPageTests.AllPageFirefoxTests" name="mainSectionStakingPage" time="5.936"/>
  <testcase classname="tests.stakingPageTests.AllPageFirefoxTests" name="delegatedSectionStakingPage" time="6.204"/>
  <testcase classname="tests.stakingPageTests.AllPageFirefoxTests" name="calcStakSectionStakingPage" time="8.525"/>
  <testcase classname="tests.stakingPageTests.AllPageFirefoxTests" name="allFooterStakingPage" time="5.049"/>
  <testcase classname="tests.stakingPageTests.AllPageFirefoxTests" name="partnFooterStakingPage" time="4.899"/>
  <testcase classname="tests.stakingPageTests.AllPageFirefoxTests" name="subFooterStakingPage" time="4.855"/>
  <testcase classname="tests.stakingPageTests.AllPageFirefoxTests" name="copFooterStakingPage" time="4.866"/>
</testsuite> <!-- tests.stakingPageTests.AllPageFirefoxTests -->
