<?xml version="1.0" encoding="UTF-8"?>
<!-- Generated by org.testng.reporters.JUnitReportReporter -->
<testsuite hostname="WIN-RU0SR3DOB67" failures="0" tests="9" name="tests.accountSettingsPageTests.AllPageFirefoxTests" time="81.351" errors="0" timestamp="2023-09-25T11:05:41 EEST" skipped="0">
  <testcase classname="tests.accountSettingsPageTests.AllPageFirefoxTests" name="signInUser" time="22.373"/>
  <testcase classname="tests.accountSettingsPageTests.AllPageFirefoxTests" name="allHeaderAccountSettingsPage" time="8.384"/>
  <testcase classname="tests.accountSettingsPageTests.AllPageFirefoxTests" name="getStartedHeaderAccountSettingsPage" time="7.012"/>
  <testcase classname="tests.accountSettingsPageTests.AllPageFirefoxTests" name="learnHeaderAccountSettingsPage" time="6.986"/>
  <testcase classname="tests.accountSettingsPageTests.AllPageFirefoxTests" name="resourcesHeaderAccountSettingsPage" time="6.947"/>
  <testcase classname="tests.accountSettingsPageTests.AllPageFirefoxTests" name="notificationsHeaderAccountSettingsPage" time="7.031"/>
  <testcase classname="tests.accountSettingsPageTests.AllPageFirefoxTests" name="profileHeaderAccountSettingsPage" time="9.673"/>
  <testcase classname="tests.accountSettingsPageTests.AllPageFirefoxTests" name="mainSectionAccountSettingsPage" time="7.001"/>
  <testcase classname="tests.accountSettingsPageTests.AllPageFirefoxTests" name="allFooterAccountSettingsPage" time="5.944"/>
</testsuite> <!-- tests.accountSettingsPageTests.AllPageFirefoxTests -->
