<?xml version="1.0" encoding="UTF-8"?>
<!-- Generated by org.testng.reporters.JUnitReportReporter -->
<testsuite hostname="WIN-RU0SR3DOB67" failures="0" tests="9" name="tests.accountDashboardPageTests.AllPageFirefoxTests" time="68.106" errors="0" timestamp="2023-09-29T17:47:37 EEST" skipped="0">
  <testcase classname="tests.accountDashboardPageTests.AllPageFirefoxTests" name="signInUser" time="10.135"/>
  <testcase classname="tests.accountDashboardPageTests.AllPageFirefoxTests" name="allHeaderAccountDashboardPage" time="6.044"/>
  <testcase classname="tests.accountDashboardPageTests.AllPageFirefoxTests" name="getStartedHeaderAccountDashboardPage" time="9.461"/>
  <testcase classname="tests.accountDashboardPageTests.AllPageFirefoxTests" name="learnHeaderAccountDashboardPage" time="6.944"/>
  <testcase classname="tests.accountDashboardPageTests.AllPageFirefoxTests" name="resourcesHeaderAccountDashboardPage" time="6.980"/>
  <testcase classname="tests.accountDashboardPageTests.AllPageFirefoxTests" name="notificationsHeaderAccountDashboardPage" time="7.160"/>
  <testcase classname="tests.accountDashboardPageTests.AllPageFirefoxTests" name="profileHeaderAccountDashboardPage" time="7.256"/>
  <testcase classname="tests.accountDashboardPageTests.AllPageFirefoxTests" name="mainSectionAccountDashboardPage" time="7.164"/>
  <testcase classname="tests.accountDashboardPageTests.AllPageFirefoxTests" name="allFooterAccountDashboardPage" time="6.962"/>
</testsuite> <!-- tests.accountDashboardPageTests.AllPageFirefoxTests -->
