<?xml version="1.0" encoding="UTF-8"?>
<!-- Generated by org.testng.reporters.JUnitReportReporter -->
<testsuite hostname="WIN-RU0SR3DOB67" failures="0" tests="10" name="tests.marketPlacePageTests.AllPageChromeTests" time="51.137" errors="0" timestamp="2023-08-16T12:42:46 EEST" skipped="0">
  <testcase classname="tests.marketPlacePageTests.AllPageChromeTests" name="allHeaderMarketPlacePage" time="7.155"/>
  <system-out/>
  <testcase classname="tests.marketPlacePageTests.AllPageChromeTests" name="getStartedHeaderMarketPlacePage" time="4.437"/>
  <system-out/>
  <testcase classname="tests.marketPlacePageTests.AllPageChromeTests" name="learnHeaderMarketPlacePage" time="4.333"/>
  <system-out/>
  <testcase classname="tests.marketPlacePageTests.AllPageChromeTests" name="resourcesHeaderMarketPlacePage" time="4.314"/>
  <system-out/>
  <testcase classname="tests.marketPlacePageTests.AllPageChromeTests" name="mainSectionMarketPlacePage" time="5.227"/>
  <system-out/>
  <testcase classname="tests.marketPlacePageTests.AllPageChromeTests" name="statisticsSectionMarketPlacePage" time="5.836"/>
  <system-out/>
  <testcase classname="tests.marketPlacePageTests.AllPageChromeTests" name="allFooterMarketPlacePage" time="5.307"/>
  <system-out/>
  <testcase classname="tests.marketPlacePageTests.AllPageChromeTests" name="partnFooterMarketPlacePage" time="5.170"/>
  <system-out/>
  <testcase classname="tests.marketPlacePageTests.AllPageChromeTests" name="subFooterMarketPlacePage" time="5.128"/>
  <system-out/>
  <testcase classname="tests.marketPlacePageTests.AllPageChromeTests" name="copFooterMarketPlacePage" time="4.230"/>
  <system-out/>
</testsuite> <!-- tests.marketPlacePageTests.AllPageChromeTests -->
