<?xml version="1.0" encoding="UTF-8"?>
<!-- Generated by org.testng.reporters.JUnitReportReporter -->
<testsuite hostname="WIN-RU0SR3DOB67" failures="0" tests="6" name="tests.resetPasswordPage2Tests.AllPageFirefoxTests" time="39.894" errors="0" timestamp="2023-09-25T11:59:02 EEST" skipped="0">
  <testcase classname="tests.resetPasswordPage2Tests.AllPageFirefoxTests" name="allHeaderResetPasswordPage2" time="8.905"/>
  <testcase classname="tests.resetPasswordPage2Tests.AllPageFirefoxTests" name="getStartedHeaderResetPasswordPage2" time="5.168"/>
  <testcase classname="tests.resetPasswordPage2Tests.AllPageFirefoxTests" name="learnHeaderResetPasswordPage2" time="5.105"/>
  <testcase classname="tests.resetPasswordPage2Tests.AllPageFirefoxTests" name="resourcesHeaderResetPasswordPage2" time="5.186"/>
  <testcase classname="tests.resetPasswordPage2Tests.AllPageFirefoxTests" name="mainSectionResetPasswordPage2" time="9.513"/>
  <testcase classname="tests.resetPasswordPage2Tests.AllPageFirefoxTests" name="allFooterResetPasswordPage2" time="6.017"/>
</testsuite> <!-- tests.resetPasswordPage2Tests.AllPageFirefoxTests -->
