<?xml version="1.0" encoding="UTF-8"?>
<!-- Generated by org.testng.reporters.JUnitReportReporter -->
<testsuite hostname="WIN-RU0SR3DOB67" failures="0" tests="7" name="tests.whitePaper.WhitePaperChromeTests" time="47.251" errors="0" timestamp="2023-09-22T14:38:46 EEST" skipped="0">
  <testcase classname="tests.whitePaper.WhitePaperChromeTests" name="allHeaderWhitePaperPage" time="8.850"/>
  <testcase classname="tests.whitePaper.WhitePaperChromeTests" name="getStartedHeaderWhitePaperPage" time="6.260"/>
  <testcase classname="tests.whitePaper.WhitePaperChromeTests" name="learnHeaderWhitePaperPage" time="6.171"/>
  <testcase classname="tests.whitePaper.WhitePaperChromeTests" name="resourcesHeaderWhitePaperPage" time="6.159"/>
  <testcase classname="tests.whitePaper.WhitePaperChromeTests" name="mainBlockWhitePaperPage" time="6.250"/>
  <testcase classname="tests.whitePaper.WhitePaperChromeTests" name="EweuimtPage" time="7.330"/>
  <testcase classname="tests.whitePaper.WhitePaperChromeTests" name="allFooterWhitePaperPage" time="6.231"/>
</testsuite> <!-- tests.whitePaper.WhitePaperChromeTests -->
