<?xml version="1.0" encoding="UTF-8"?>
<!-- Generated by org.testng.reporters.JUnitReportReporter -->
<testsuite hostname="WIN-RU0SR3DOB67" failures="0" tests="8" name="tests.WhatIsAimood.WhatIsAimoodFirefoxTests" time="54.177" errors="0" timestamp="2023-09-12T11:10:47 EEST" skipped="0">
  <testcase classname="tests.WhatIsAimood.WhatIsAimoodFirefoxTests" name="allHeaderWhatIsAimoodPage" time="11.492"/>
  <testcase classname="tests.WhatIsAimood.WhatIsAimoodFirefoxTests" name="getStartedHeaderWhatIsAimoodPage" time="7.786"/>
  <testcase classname="tests.WhatIsAimood.WhatIsAimoodFirefoxTests" name="learnHeaderWhatIsAimoodPage" time="5.134"/>
  <testcase classname="tests.WhatIsAimood.WhatIsAimoodFirefoxTests" name="resourcesHeaderWhatIsAimoodPage" time="5.147"/>
  <testcase classname="tests.WhatIsAimood.WhatIsAimoodFirefoxTests" name="mainBlockWhatIsAimoodPage" time="5.977"/>
  <testcase classname="tests.WhatIsAimood.WhatIsAimoodFirefoxTests" name="whyChooseWhatIsAimoodPage" time="6.336"/>
  <testcase classname="tests.WhatIsAimood.WhatIsAimoodFirefoxTests" name="ecosystemWhatIsAimoodPage" time="6.364"/>
  <testcase classname="tests.WhatIsAimood.WhatIsAimoodFirefoxTests" name="allFooterWhatIsAimoodPage" time="5.941"/>
</testsuite> <!-- tests.WhatIsAimood.WhatIsAimoodFirefoxTests -->
