<?xml version="1.0" encoding="UTF-8"?>
<!-- Generated by org.testng.reporters.JUnitReportReporter -->
<testsuite hostname="WIN-RU0SR3DOB67" failures="0" tests="8" name="tests.WhatIsAimood.WhatIsAimoodFirefoxTests" time="61.892" errors="0" timestamp="2023-09-29T17:47:37 EEST" skipped="0">
  <testcase classname="tests.WhatIsAimood.WhatIsAimoodFirefoxTests" name="allHeaderWhatIsAimoodPage" time="19.470"/>
  <testcase classname="tests.WhatIsAimood.WhatIsAimoodFirefoxTests" name="getStartedHeaderWhatIsAimoodPage" time="5.112"/>
  <testcase classname="tests.WhatIsAimood.WhatIsAimoodFirefoxTests" name="learnHeaderWhatIsAimoodPage" time="5.120"/>
  <testcase classname="tests.WhatIsAimood.WhatIsAimoodFirefoxTests" name="resourcesHeaderWhatIsAimoodPage" time="7.813"/>
  <testcase classname="tests.WhatIsAimood.WhatIsAimoodFirefoxTests" name="mainBlockWhatIsAimoodPage" time="5.986"/>
  <testcase classname="tests.WhatIsAimood.WhatIsAimoodFirefoxTests" name="whyChooseWhatIsAimoodPage" time="6.192"/>
  <testcase classname="tests.WhatIsAimood.WhatIsAimoodFirefoxTests" name="ecosystemWhatIsAimoodPage" time="6.227"/>
  <testcase classname="tests.WhatIsAimood.WhatIsAimoodFirefoxTests" name="allFooterWhatIsAimoodPage" time="5.972"/>
</testsuite> <!-- tests.WhatIsAimood.WhatIsAimoodFirefoxTests -->
