<?xml version="1.0" encoding="UTF-8"?>
<!-- Generated by org.testng.reporters.JUnitReportReporter -->
<testsuite hostname="WIN-RU0SR3DOB67" failures="0" tests="8" name="tests.stakingPageTests.AllPageFirefoxTests" time="71.521" errors="0" timestamp="2023-09-29T14:13:55 EEST" skipped="0">
  <testcase classname="tests.stakingPageTests.AllPageFirefoxTests" name="allHeaderStakingPage" time="19.388"/>
  <testcase classname="tests.stakingPageTests.AllPageFirefoxTests" name="getStartedHeaderStakingPage" time="6.419"/>
  <testcase classname="tests.stakingPageTests.AllPageFirefoxTests" name="learnHeaderStakingPage" time="6.416"/>
  <testcase classname="tests.stakingPageTests.AllPageFirefoxTests" name="resourcesHeaderStakingPage" time="6.303"/>
  <testcase classname="tests.stakingPageTests.AllPageFirefoxTests" name="mainSectionStakingPage" time="7.072"/>
  <testcase classname="tests.stakingPageTests.AllPageFirefoxTests" name="delegatedSectionStakingPage" time="7.541"/>
  <testcase classname="tests.stakingPageTests.AllPageFirefoxTests" name="calcStakSectionStakingPage" time="9.661"/>
  <testcase classname="tests.stakingPageTests.AllPageFirefoxTests" name="allFooterStakingPage" time="8.721"/>
</testsuite> <!-- tests.stakingPageTests.AllPageFirefoxTests -->
