<?xml version="1.0" encoding="UTF-8"?>
<!-- Generated by org.testng.reporters.JUnitReportReporter -->
<testsuite hostname="WIN-RU0SR3DOB67" failures="0" tests="9" name="tests.accountDashboardPageTests.AllPageChromeTests" time="80.745" errors="0" timestamp="2023-09-25T11:59:02 EEST" skipped="0">
  <testcase classname="tests.accountDashboardPageTests.AllPageChromeTests" name="signInUser" time="19.749"/>
  <testcase classname="tests.accountDashboardPageTests.AllPageChromeTests" name="allHeaderAccountDashboardPage" time="6.127"/>
  <testcase classname="tests.accountDashboardPageTests.AllPageChromeTests" name="getStartedHeaderAccountDashboardPage" time="7.334"/>
  <testcase classname="tests.accountDashboardPageTests.AllPageChromeTests" name="learnHeaderAccountDashboardPage" time="7.464"/>
  <testcase classname="tests.accountDashboardPageTests.AllPageChromeTests" name="resourcesHeaderAccountDashboardPage" time="7.330"/>
  <testcase classname="tests.accountDashboardPageTests.AllPageChromeTests" name="notificationsHeaderAccountDashboardPage" time="7.316"/>
  <testcase classname="tests.accountDashboardPageTests.AllPageChromeTests" name="profileHeaderAccountDashboardPage" time="7.918"/>
  <testcase classname="tests.accountDashboardPageTests.AllPageChromeTests" name="mainSectionAccountDashboardPage" time="9.400"/>
  <testcase classname="tests.accountDashboardPageTests.AllPageChromeTests" name="allFooterAccountDashboardPage" time="8.107"/>
</testsuite> <!-- tests.accountDashboardPageTests.AllPageChromeTests -->
