<?xml version="1.0" encoding="UTF-8"?>
<!-- Generated by org.testng.reporters.JUnitReportReporter -->
<testsuite hostname="WIN-RU0SR3DOB67" failures="0" tests="6" name="tests.buySellMoodCoinTests.AllPageChromeTests" time="37.319" errors="0" timestamp="2023-09-12T11:10:47 EEST" skipped="0">
  <testcase classname="tests.buySellMoodCoinTests.AllPageChromeTests" name="allHeaderBuySellMoodCoinPage" time="7.554"/>
  <testcase classname="tests.buySellMoodCoinTests.AllPageChromeTests" name="getStartedHeaderBuySellMoodCoinPage" time="5.408"/>
  <testcase classname="tests.buySellMoodCoinTests.AllPageChromeTests" name="learnHeaderBuySellMoodCoinPage" time="5.398"/>
  <testcase classname="tests.buySellMoodCoinTests.AllPageChromeTests" name="resourcesHeaderBuySellMoodCoinPage" time="5.359"/>
  <testcase classname="tests.buySellMoodCoinTests.AllPageChromeTests" name="mainSectionBuySellMoodCoinPage" time="7.258"/>
  <testcase classname="tests.buySellMoodCoinTests.AllPageChromeTests" name="allFooterBuySellMoodCoinPage" time="6.342"/>
</testsuite> <!-- tests.buySellMoodCoinTests.AllPageChromeTests -->
