<?xml version="1.0" encoding="UTF-8"?>
<!-- Generated by org.testng.reporters.JUnitReportReporter -->
<testsuite hostname="WIN-RU0SR3DOB67" failures="0" tests="9" name="tests.fundPageTests.AllPageFirefoxTests" time="44.094" errors="0" timestamp="2023-08-14T20:01:50 EEST" skipped="0">
  <testcase classname="tests.fundPageTests.AllPageFirefoxTests" name="allHeaderFundPage" time="5.672"/>
  <system-out/>
  <testcase classname="tests.fundPageTests.AllPageFirefoxTests" name="getStartedHeaderFundPage" time="4.092"/>
  <system-out/>
  <testcase classname="tests.fundPageTests.AllPageFirefoxTests" name="learnHeaderFundPage" time="4.091"/>
  <system-out/>
  <testcase classname="tests.fundPageTests.AllPageFirefoxTests" name="resourcesHeaderFundPage" time="6.544"/>
  <system-out/>
  <testcase classname="tests.fundPageTests.AllPageFirefoxTests" name="mainSectionFundPage" time="4.891"/>
  <system-out/>
  <testcase classname="tests.fundPageTests.AllPageFirefoxTests" name="allFooterFundPage" time="4.939"/>
  <system-out/>
  <testcase classname="tests.fundPageTests.AllPageFirefoxTests" name="partnFooterFundPage" time="4.907"/>
  <system-out/>
  <testcase classname="tests.fundPageTests.AllPageFirefoxTests" name="subFooterFundPage" time="4.972"/>
  <system-out/>
  <testcase classname="tests.fundPageTests.AllPageFirefoxTests" name="copFooterFundPage" time="3.986"/>
  <system-out/>
</testsuite> <!-- tests.fundPageTests.AllPageFirefoxTests -->
