<?xml version="1.0" encoding="UTF-8"?>
<!-- Generated by org.testng.reporters.JUnitReportReporter -->
<testsuite hostname="WIN-RU0SR3DOB67" failures="0" tests="7" name="tests.whitePaper.WhitePaperChromeTests" time="47.378" errors="0" timestamp="2023-10-03T21:44:29 EEST" skipped="0">
  <testcase classname="tests.whitePaper.WhitePaperChromeTests" name="allHeaderWhitePaperPage" time="8.963"/>
  <testcase classname="tests.whitePaper.WhitePaperChromeTests" name="getStartedHeaderWhitePaperPage" time="6.250"/>
  <testcase classname="tests.whitePaper.WhitePaperChromeTests" name="learnHeaderWhitePaperPage" time="6.153"/>
  <testcase classname="tests.whitePaper.WhitePaperChromeTests" name="resourcesHeaderWhitePaperPage" time="6.945"/>
  <testcase classname="tests.whitePaper.WhitePaperChromeTests" name="mainBlockWhitePaperPage" time="6.213"/>
  <testcase classname="tests.whitePaper.WhitePaperChromeTests" name="EweuimtPage" time="6.622"/>
  <testcase classname="tests.whitePaper.WhitePaperChromeTests" name="allFooterWhitePaperPage" time="6.232"/>
</testsuite> <!-- tests.whitePaper.WhitePaperChromeTests -->
