<?xml version="1.0" encoding="UTF-8"?>
<!-- Generated by org.testng.reporters.JUnitReportReporter -->
<testsuite hostname="WIN-RU0SR3DOB67" failures="0" tests="10" name="tests.mainPageTests.AllPageFirefoxTests" time="83.249" errors="0" timestamp="2023-10-03T21:44:29 EEST" skipped="0">
  <testcase classname="tests.mainPageTests.AllPageFirefoxTests" name="allHeaderMainPage" time="21.210"/>
  <testcase classname="tests.mainPageTests.AllPageFirefoxTests" name="getStartedHeaderMainPage" time="6.416"/>
  <testcase classname="tests.mainPageTests.AllPageFirefoxTests" name="learnHeaderMainPage" time="5.882"/>
  <testcase classname="tests.mainPageTests.AllPageFirefoxTests" name="resourcesHeaderMainPage" time="6.064"/>
  <testcase classname="tests.mainPageTests.AllPageFirefoxTests" name="mainSectionMainPage" time="7.409"/>
  <testcase classname="tests.mainPageTests.AllPageFirefoxTests" name="videoSectionMainPage" time="7.112"/>
  <testcase classname="tests.mainPageTests.AllPageFirefoxTests" name="roadmapSectionMainPage" time="6.867"/>
  <testcase classname="tests.mainPageTests.AllPageFirefoxTests" name="statisticsSectionMainPage" time="7.711"/>
  <testcase classname="tests.mainPageTests.AllPageFirefoxTests" name="leaningSectionMainPage" time="7.190"/>
  <testcase classname="tests.mainPageTests.AllPageFirefoxTests" name="allFooterMainPage" time="7.388"/>
</testsuite> <!-- tests.mainPageTests.AllPageFirefoxTests -->
