<?xml version="1.0" encoding="UTF-8"?>
<!-- Generated by org.testng.reporters.JUnitReportReporter -->
<testsuite hostname="WIN-RU0SR3DOB67" failures="0" tests="9" name="tests.accountAffiliateProgramPageTests.AllPageFirefoxTests" time="71.799" errors="0" timestamp="2023-09-22T14:38:46 EEST" skipped="0">
  <testcase classname="tests.accountAffiliateProgramPageTests.AllPageFirefoxTests" name="signInUser" time="14.278"/>
  <testcase classname="tests.accountAffiliateProgramPageTests.AllPageFirefoxTests" name="allHeaderAccountAffiliateProgramPage" time="7.158"/>
  <testcase classname="tests.accountAffiliateProgramPageTests.AllPageFirefoxTests" name="getStartedHeaderAccountAffiliateProgramPage" time="6.938"/>
  <testcase classname="tests.accountAffiliateProgramPageTests.AllPageFirefoxTests" name="learnHeaderAccountAffiliateProgramPage" time="6.940"/>
  <testcase classname="tests.accountAffiliateProgramPageTests.AllPageFirefoxTests" name="resourcesHeaderAccountAffiliateProgramPage" time="6.961"/>
  <testcase classname="tests.accountAffiliateProgramPageTests.AllPageFirefoxTests" name="notificationsHeaderAccountAffiliateProgramPage" time="7.081"/>
  <testcase classname="tests.accountAffiliateProgramPageTests.AllPageFirefoxTests" name="profileHeaderAccountAffiliateProgramPage" time="9.565"/>
  <testcase classname="tests.accountAffiliateProgramPageTests.AllPageFirefoxTests" name="mainSectionAccountAffiliateProgramPage" time="6.919"/>
  <testcase classname="tests.accountAffiliateProgramPageTests.AllPageFirefoxTests" name="allFooterAccountAffiliateProgramPage" time="5.959"/>
</testsuite> <!-- tests.accountAffiliateProgramPageTests.AllPageFirefoxTests -->
