<?xml version="1.0" encoding="UTF-8"?>
<!-- Generated by org.testng.reporters.JUnitReportReporter -->
<testsuite hostname="WIN-RU0SR3DOB67" failures="0" tests="7" name="tests.resetPasswordPageTests.AllPageChromeTests" time="45.494" errors="0" timestamp="2023-09-11T17:11:29 EEST" skipped="1">
  <testcase classname="tests.resetPasswordPageTests.AllPageChromeTests" name="allHeaderResetPasswordPage" time="8.254"/>
  <testcase classname="tests.resetPasswordPageTests.AllPageChromeTests" name="getStartedHeaderResetPasswordPage" time="5.325"/>
  <testcase classname="tests.resetPasswordPageTests.AllPageChromeTests" name="learnHeaderResetPasswordPage" time="5.355"/>
  <testcase classname="tests.resetPasswordPageTests.AllPageChromeTests" name="resourcesHeaderResetPasswordPage" time="6.178"/>
  <testcase classname="tests.resetPasswordPageTests.AllPageChromeTests" name="mainSectionResetPasswordPage" time="7.210"/>
  <testcase classname="tests.resetPasswordPageTests.AllPageChromeTests" name="mainSectionResetPasswordPage" time="6.944">
    <skipped/>
  </testcase> <!-- mainSectionResetPasswordPage -->
  <testcase classname="tests.resetPasswordPageTests.AllPageChromeTests" name="allFooterResetPasswordPage" time="6.228"/>
</testsuite> <!-- tests.resetPasswordPageTests.AllPageChromeTests -->
