<?xml version="1.0" encoding="UTF-8"?>
<!-- Generated by org.testng.reporters.JUnitReportReporter -->
<testsuite hostname="WIN-RU0SR3DOB67" failures="0" tests="6" name="tests.resetPasswordPageTests.AllPageFirefoxTests" time="39.667" errors="0" timestamp="2023-09-11T13:49:12 EEST" skipped="0">
  <testcase classname="tests.resetPasswordPageTests.AllPageFirefoxTests" name="allHeaderResetPasswordPage" time="8.732"/>
  <testcase classname="tests.resetPasswordPageTests.AllPageFirefoxTests" name="getStartedHeaderResetPasswordPage" time="7.682"/>
  <testcase classname="tests.resetPasswordPageTests.AllPageFirefoxTests" name="learnHeaderResetPasswordPage" time="5.114"/>
  <testcase classname="tests.resetPasswordPageTests.AllPageFirefoxTests" name="resourcesHeaderResetPasswordPage" time="5.154"/>
  <testcase classname="tests.resetPasswordPageTests.AllPageFirefoxTests" name="mainSectionResetPasswordPage" time="6.982"/>
  <testcase classname="tests.resetPasswordPageTests.AllPageFirefoxTests" name="allFooterResetPasswordPage" time="6.003"/>
</testsuite> <!-- tests.resetPasswordPageTests.AllPageFirefoxTests -->
