<?xml version="1.0" encoding="UTF-8"?>
<!-- Generated by org.testng.reporters.JUnitReportReporter -->
<testsuite hostname="WIN-RU0SR3DOB67" failures="0" tests="8" name="tests.WhatIsAimood.WhatIsAimoodFirefoxTests" time="42.958" errors="0" timestamp="2023-08-31T11:51:35 EEST" skipped="0">
  <testcase classname="tests.WhatIsAimood.WhatIsAimoodFirefoxTests" name="allHeaderMainPage" time="6.194"/>
  <testcase classname="tests.WhatIsAimood.WhatIsAimoodFirefoxTests" name="mainBlockWhatIsAimoodPage" time="4.969"/>
  <testcase classname="tests.WhatIsAimood.WhatIsAimoodFirefoxTests" name="WhyChoosePage" time="5.198"/>
  <testcase classname="tests.WhatIsAimood.WhatIsAimoodFirefoxTests" name="TfeuamWbEUPage" time="5.322"/>
  <testcase classname="tests.WhatIsAimood.WhatIsAimoodFirefoxTests" name="allFooterMainPage" time="4.888"/>
  <testcase classname="tests.WhatIsAimood.WhatIsAimoodFirefoxTests" name="partnFooterMainPage" time="4.807"/>
  <testcase classname="tests.WhatIsAimood.WhatIsAimoodFirefoxTests" name="subFooterMainPage" time="7.684"/>
  <testcase classname="tests.WhatIsAimood.WhatIsAimoodFirefoxTests" name="copFooterMainPage" time="3.896"/>
</testsuite> <!-- tests.WhatIsAimood.WhatIsAimoodFirefoxTests -->
