<?xml version="1.0" encoding="UTF-8"?>
<!-- Generated by org.testng.reporters.JUnitReportReporter -->
<testsuite hostname="WIN-RU0SR3DOB67" failures="0" tests="9" name="tests.accountDashboardPageTests.AllPageFirefoxTests" time="88.681" errors="0" timestamp="2023-10-04T14:07:53 EEST" skipped="0">
  <testcase classname="tests.accountDashboardPageTests.AllPageFirefoxTests" name="signInUser" time="18.798"/>
  <testcase classname="tests.accountDashboardPageTests.AllPageFirefoxTests" name="allHeaderAccountDashboardPage" time="8.179"/>
  <testcase classname="tests.accountDashboardPageTests.AllPageFirefoxTests" name="getStartedHeaderAccountDashboardPage" time="10.712"/>
  <testcase classname="tests.accountDashboardPageTests.AllPageFirefoxTests" name="learnHeaderAccountDashboardPage" time="8.325"/>
  <testcase classname="tests.accountDashboardPageTests.AllPageFirefoxTests" name="resourcesHeaderAccountDashboardPage" time="8.515"/>
  <testcase classname="tests.accountDashboardPageTests.AllPageFirefoxTests" name="notificationsHeaderAccountDashboardPage" time="8.663"/>
  <testcase classname="tests.accountDashboardPageTests.AllPageFirefoxTests" name="profileHeaderAccountDashboardPage" time="8.346"/>
  <testcase classname="tests.accountDashboardPageTests.AllPageFirefoxTests" name="mainSectionAccountDashboardPage" time="8.783"/>
  <testcase classname="tests.accountDashboardPageTests.AllPageFirefoxTests" name="allFooterAccountDashboardPage" time="8.360"/>
</testsuite> <!-- tests.accountDashboardPageTests.AllPageFirefoxTests -->
