<?xml version="1.0" encoding="UTF-8"?>
<!-- Generated by org.testng.reporters.JUnitReportReporter -->
<testsuite hostname="WIN-RU0SR3DOB67" failures="0" tests="6" name="tests.signInPageTests.AllPageChromeTests" time="38.927" errors="0" timestamp="2023-09-29T16:17:10 EEST" skipped="0">
  <testcase classname="tests.signInPageTests.AllPageChromeTests" name="allHeaderSignInPage" time="8.140"/>
  <testcase classname="tests.signInPageTests.AllPageChromeTests" name="getStartedHeaderSignInPage" time="5.474"/>
  <testcase classname="tests.signInPageTests.AllPageChromeTests" name="learnHeaderSignInPage" time="5.413"/>
  <testcase classname="tests.signInPageTests.AllPageChromeTests" name="resourcesHeaderSignInPage" time="5.456"/>
  <testcase classname="tests.signInPageTests.AllPageChromeTests" name="mainSectionSignInPage" time="8.073"/>
  <testcase classname="tests.signInPageTests.AllPageChromeTests" name="allFooterSignInPage" time="6.371"/>
</testsuite> <!-- tests.signInPageTests.AllPageChromeTests -->
