<?xml version="1.0" encoding="UTF-8"?>
<!-- Generated by org.testng.reporters.JUnitReportReporter -->
<testsuite hostname="WIN-RU0SR3DOB67" failures="0" tests="9" name="tests.accountAffiliateProgramPageTests.AllPageChromeTests" time="73.520" errors="0" timestamp="2023-09-22T14:38:46 EEST" skipped="0">
  <testcase classname="tests.accountAffiliateProgramPageTests.AllPageChromeTests" name="signInUser" time="16.192"/>
  <testcase classname="tests.accountAffiliateProgramPageTests.AllPageChromeTests" name="allHeaderAccountAffiliateProgramPage" time="7.177"/>
  <testcase classname="tests.accountAffiliateProgramPageTests.AllPageChromeTests" name="getStartedHeaderAccountAffiliateProgramPage" time="7.188"/>
  <testcase classname="tests.accountAffiliateProgramPageTests.AllPageChromeTests" name="learnHeaderAccountAffiliateProgramPage" time="7.172"/>
  <testcase classname="tests.accountAffiliateProgramPageTests.AllPageChromeTests" name="resourcesHeaderAccountAffiliateProgramPage" time="7.185"/>
  <testcase classname="tests.accountAffiliateProgramPageTests.AllPageChromeTests" name="notificationsHeaderAccountAffiliateProgramPage" time="7.072"/>
  <testcase classname="tests.accountAffiliateProgramPageTests.AllPageChromeTests" name="profileHeaderAccountAffiliateProgramPage" time="7.086"/>
  <testcase classname="tests.accountAffiliateProgramPageTests.AllPageChromeTests" name="mainSectionAccountAffiliateProgramPage" time="8.214"/>
  <testcase classname="tests.accountAffiliateProgramPageTests.AllPageChromeTests" name="allFooterAccountAffiliateProgramPage" time="6.234"/>
</testsuite> <!-- tests.accountAffiliateProgramPageTests.AllPageChromeTests -->
