<?xml version="1.0" encoding="UTF-8"?>
<!-- Generated by org.testng.reporters.JUnitReportReporter -->
<testsuite hostname="WIN-RU0SR3DOB67" failures="0" tests="9" name="tests.buySellMoodCoinTests.AllPageFirefoxTests" time="48.407" errors="0" timestamp="2023-08-24T12:04:25 EEST" skipped="0">
  <testcase classname="tests.buySellMoodCoinTests.AllPageFirefoxTests" name="allHeaderBuySellMoodCoinPage" time="7.775"/>
  <system-out/>
  <testcase classname="tests.buySellMoodCoinTests.AllPageFirefoxTests" name="getStartedHeaderBuySellMoodCoinPage" time="4.188"/>
  <system-out/>
  <testcase classname="tests.buySellMoodCoinTests.AllPageFirefoxTests" name="learnHeaderBuySellMoodCoinPage" time="7.405"/>
  <system-out/>
  <testcase classname="tests.buySellMoodCoinTests.AllPageFirefoxTests" name="resourcesHeaderBuySellMoodCoinPage" time="4.189"/>
  <system-out/>
  <testcase classname="tests.buySellMoodCoinTests.AllPageFirefoxTests" name="mainSectionBuySellMoodCoinPage" time="5.950"/>
  <system-out/>
  <testcase classname="tests.buySellMoodCoinTests.AllPageFirefoxTests" name="allFooterBuySellMoodCoinPage" time="5.008"/>
  <system-out/>
  <testcase classname="tests.buySellMoodCoinTests.AllPageFirefoxTests" name="partnFooterBuySellMoodCoinPage" time="4.908"/>
  <system-out/>
  <testcase classname="tests.buySellMoodCoinTests.AllPageFirefoxTests" name="subFooterBuySellMoodCoinPage" time="4.935"/>
  <system-out/>
  <testcase classname="tests.buySellMoodCoinTests.AllPageFirefoxTests" name="copFooterBuySellMoodCoinPage" time="4.049"/>
  <system-out/>
</testsuite> <!-- tests.buySellMoodCoinTests.AllPageFirefoxTests -->
