<?xml version="1.0" encoding="UTF-8"?>
<!-- Generated by org.testng.reporters.JUnitReportReporter -->
<testsuite hostname="WIN-RU0SR3DOB67" failures="0" tests="9" name="tests.accountP2PPageTests.AllPageChromeTests" time="79.166" errors="0" timestamp="2023-10-04T14:07:53 EEST" skipped="0">
  <testcase classname="tests.accountP2PPageTests.AllPageChromeTests" name="signInUser" time="17.857"/>
  <testcase classname="tests.accountP2PPageTests.AllPageChromeTests" name="allHeaderAccountP2PPage" time="6.194"/>
  <testcase classname="tests.accountP2PPageTests.AllPageChromeTests" name="getStartedHeaderAccountP2PPage" time="7.174"/>
  <testcase classname="tests.accountP2PPageTests.AllPageChromeTests" name="learnHeaderAccountP2PPage" time="7.135"/>
  <testcase classname="tests.accountP2PPageTests.AllPageChromeTests" name="resourcesHeaderAccountP2PPage" time="7.148"/>
  <testcase classname="tests.accountP2PPageTests.AllPageChromeTests" name="notificationsHeaderAccountP2PPage" time="8.256"/>
  <testcase classname="tests.accountP2PPageTests.AllPageChromeTests" name="profileHeaderAccountP2PPage" time="8.255"/>
  <testcase classname="tests.accountP2PPageTests.AllPageChromeTests" name="mainSectionAccountP2PPage" time="9.288"/>
  <testcase classname="tests.accountP2PPageTests.AllPageChromeTests" name="allFooterAccountP2PPage" time="7.859"/>
</testsuite> <!-- tests.accountP2PPageTests.AllPageChromeTests -->
