<?xml version="1.0" encoding="UTF-8"?>
<!-- Generated by org.testng.reporters.JUnitReportReporter -->
<testsuite hostname="WIN-RU0SR3DOB67" failures="0" tests="10" name="tests.accountWalletPageTests.AllPageChromeTests" time="78.826" errors="0" timestamp="2023-10-04T14:07:53 EEST" skipped="0">
  <testcase classname="tests.accountWalletPageTests.AllPageChromeTests" name="signInUser" time="16.233"/>
  <testcase classname="tests.accountWalletPageTests.AllPageChromeTests" name="allHeaderAccountWalletPage" time="6.285"/>
  <testcase classname="tests.accountWalletPageTests.AllPageChromeTests" name="getStartedHeaderAccountWalletPage" time="7.988"/>
  <testcase classname="tests.accountWalletPageTests.AllPageChromeTests" name="learnHeaderAccountWalletPage" time="7.158"/>
  <testcase classname="tests.accountWalletPageTests.AllPageChromeTests" name="resourcesHeaderAccountWalletPage" time="7.147"/>
  <testcase classname="tests.accountWalletPageTests.AllPageChromeTests" name="notificationsHeaderAccountWalletPage" time="7.103"/>
  <testcase classname="tests.accountWalletPageTests.AllPageChromeTests" name="profileHeaderAccountWalletPage" time="9.077"/>
  <testcase classname="tests.accountWalletPageTests.AllPageChromeTests" name="mainSectionAccountWalletPage" time="7.233"/>
  <testcase classname="tests.accountWalletPageTests.AllPageChromeTests" name="stakingAccountWalletPage" time="4.429"/>
  <testcase classname="tests.accountWalletPageTests.AllPageChromeTests" name="allFooterAccountWalletPage" time="6.173"/>
</testsuite> <!-- tests.accountWalletPageTests.AllPageChromeTests -->
