<?xml version="1.0" encoding="UTF-8"?>
<!-- Generated by org.testng.reporters.JUnitReportReporter -->
<testsuite hostname="WIN-RU0SR3DOB67" failures="0" tests="6" name="tests.SignIn.SignInFirefoxTests" time="43.135" errors="0" timestamp="2023-08-31T11:51:35 EEST" skipped="0">
  <testcase classname="tests.SignIn.SignInFirefoxTests" name="allHeaderMainPage" time="10.703"/>
  <testcase classname="tests.SignIn.SignInFirefoxTests" name="mainBlockWhitePaperPage" time="6.932"/>
  <testcase classname="tests.SignIn.SignInFirefoxTests" name="Forgot" time="6.831"/>
  <testcase classname="tests.SignIn.SignInFirefoxTests" name="Dont" time="6.887"/>
  <testcase classname="tests.SignIn.SignInFirefoxTests" name="allPageSignInPage" time="4.952"/>
  <testcase classname="tests.SignIn.SignInFirefoxTests" name="allFooterMainPage" time="6.830"/>
</testsuite> <!-- tests.SignIn.SignInFirefoxTests -->
