<?xml version="1.0" encoding="UTF-8"?>
<!-- Generated by org.testng.reporters.JUnitReportReporter -->
<testsuite hostname="WIN-RU0SR3DOB67" failures="0" tests="8" name="tests.WhatIsAimood.WhatIsAimoodChromeTests" time="52.088" errors="0" timestamp="2023-09-12T23:55:07 EEST" skipped="0">
  <testcase classname="tests.WhatIsAimood.WhatIsAimoodChromeTests" name="allHeaderWhatIsAimoodPage" time="9.515"/>
  <testcase classname="tests.WhatIsAimood.WhatIsAimoodChromeTests" name="getStartedHeaderWhatIsAimoodPage" time="5.374"/>
  <testcase classname="tests.WhatIsAimood.WhatIsAimoodChromeTests" name="learnHeaderWhatIsAimoodPage" time="5.338"/>
  <testcase classname="tests.WhatIsAimood.WhatIsAimoodChromeTests" name="resourcesHeaderWhatIsAimoodPage" time="5.322"/>
  <testcase classname="tests.WhatIsAimood.WhatIsAimoodChromeTests" name="mainBlockWhatIsAimoodPage" time="7.050"/>
  <testcase classname="tests.WhatIsAimood.WhatIsAimoodChromeTests" name="whyChooseWhatIsAimoodPage" time="6.564"/>
  <testcase classname="tests.WhatIsAimood.WhatIsAimoodChromeTests" name="ecosystemWhatIsAimoodPage" time="6.655"/>
  <testcase classname="tests.WhatIsAimood.WhatIsAimoodChromeTests" name="allFooterWhatIsAimoodPage" time="6.270"/>
</testsuite> <!-- tests.WhatIsAimood.WhatIsAimoodChromeTests -->
