<?xml version="1.0" encoding="UTF-8"?>
<!-- Generated by org.testng.reporters.JUnitReportReporter -->
<testsuite hostname="WIN-RU0SR3DOB67" failures="0" tests="10" name="tests.accountWalletPageTests.AllPageFirefoxTests" time="75.249" errors="0" timestamp="2023-09-25T11:05:41 EEST" skipped="0">
  <testcase classname="tests.accountWalletPageTests.AllPageFirefoxTests" name="signInUser" time="12.793"/>
  <testcase classname="tests.accountWalletPageTests.AllPageFirefoxTests" name="allHeaderAccountWalletPage" time="7.742"/>
  <testcase classname="tests.accountWalletPageTests.AllPageFirefoxTests" name="getStartedHeaderAccountWalletPage" time="6.952"/>
  <testcase classname="tests.accountWalletPageTests.AllPageFirefoxTests" name="learnHeaderAccountWalletPage" time="6.961"/>
  <testcase classname="tests.accountWalletPageTests.AllPageFirefoxTests" name="resourcesHeaderAccountWalletPage" time="7.010"/>
  <testcase classname="tests.accountWalletPageTests.AllPageFirefoxTests" name="notificationsHeaderAccountWalletPage" time="7.114"/>
  <testcase classname="tests.accountWalletPageTests.AllPageFirefoxTests" name="profileHeaderAccountWalletPage" time="7.023"/>
  <testcase classname="tests.accountWalletPageTests.AllPageFirefoxTests" name="mainSectionAccountWalletPage" time="9.539"/>
  <testcase classname="tests.accountWalletPageTests.AllPageFirefoxTests" name="stakingAccountWalletPage" time="4.175"/>
  <testcase classname="tests.accountWalletPageTests.AllPageFirefoxTests" name="allFooterAccountWalletPage" time="5.940"/>
</testsuite> <!-- tests.accountWalletPageTests.AllPageFirefoxTests -->
