<?xml version="1.0" encoding="UTF-8"?>
<!-- Generated by org.testng.reporters.JUnitReportReporter -->
<testsuite hostname="WIN-RU0SR3DOB67" failures="0" tests="6" name="tests.SignIn.SignInChromeTests" time="32.077" errors="0" timestamp="2023-08-31T11:51:35 EEST" skipped="0">
  <testcase classname="tests.SignIn.SignInChromeTests" name="allHeaderMainPage" time="5.864"/>
  <testcase classname="tests.SignIn.SignInChromeTests" name="mainBlockWhitePaperPage" time="5.209"/>
  <testcase classname="tests.SignIn.SignInChromeTests" name="Forgot" time="5.044"/>
  <testcase classname="tests.SignIn.SignInChromeTests" name="Dont" time="5.031"/>
  <testcase classname="tests.SignIn.SignInChromeTests" name="allPageSignInPage" time="5.177"/>
  <testcase classname="tests.SignIn.SignInChromeTests" name="allFooterMainPage" time="5.752"/>
</testsuite> <!-- tests.SignIn.SignInChromeTests -->
