<?xml version="1.0" encoding="UTF-8"?>
<!-- Generated by org.testng.reporters.JUnitReportReporter -->
<testsuite hostname="WIN-RU0SR3DOB67" failures="0" tests="9" name="tests.accountP2PPageTests.AllPageFirefoxTests" time="75.558" errors="0" timestamp="2023-10-04T14:07:53 EEST" skipped="0">
  <testcase classname="tests.accountP2PPageTests.AllPageFirefoxTests" name="signInUser" time="14.858"/>
  <testcase classname="tests.accountP2PPageTests.AllPageFirefoxTests" name="allHeaderAccountP2PPage" time="9.416"/>
  <testcase classname="tests.accountP2PPageTests.AllPageFirefoxTests" name="getStartedHeaderAccountP2PPage" time="7.350"/>
  <testcase classname="tests.accountP2PPageTests.AllPageFirefoxTests" name="learnHeaderAccountP2PPage" time="7.562"/>
  <testcase classname="tests.accountP2PPageTests.AllPageFirefoxTests" name="resourcesHeaderAccountP2PPage" time="7.397"/>
  <testcase classname="tests.accountP2PPageTests.AllPageFirefoxTests" name="notificationsHeaderAccountP2PPage" time="7.480"/>
  <testcase classname="tests.accountP2PPageTests.AllPageFirefoxTests" name="profileHeaderAccountP2PPage" time="7.478"/>
  <testcase classname="tests.accountP2PPageTests.AllPageFirefoxTests" name="mainSectionAccountP2PPage" time="7.355"/>
  <testcase classname="tests.accountP2PPageTests.AllPageFirefoxTests" name="allFooterAccountP2PPage" time="6.662"/>
</testsuite> <!-- tests.accountP2PPageTests.AllPageFirefoxTests -->
