<?xml version="1.0" encoding="UTF-8"?>
<!-- Generated by org.testng.reporters.JUnitReportReporter -->
<testsuite hostname="WIN-RU0SR3DOB67" failures="0" tests="10" name="tests.affiliateProgramPageTests.AllPageFirefoxTests" time="51.161" errors="0" timestamp="2023-08-16T13:37:17 EEST" skipped="0">
  <testcase classname="tests.affiliateProgramPageTests.AllPageFirefoxTests" name="allHeaderAffiliateProgramPage" time="6.069"/>
  <system-out/>
  <testcase classname="tests.affiliateProgramPageTests.AllPageFirefoxTests" name="getStartedHeaderAffiliateProgramPage" time="4.153"/>
  <system-out/>
  <testcase classname="tests.affiliateProgramPageTests.AllPageFirefoxTests" name="learnHeaderAffiliateProgramPage" time="4.112"/>
  <system-out/>
  <testcase classname="tests.affiliateProgramPageTests.AllPageFirefoxTests" name="resourcesHeaderAffiliateProgramPage" time="4.140"/>
  <system-out/>
  <testcase classname="tests.affiliateProgramPageTests.AllPageFirefoxTests" name="mainSectionAffiliateProgramPage" time="5.957"/>
  <system-out/>
  <testcase classname="tests.affiliateProgramPageTests.AllPageFirefoxTests" name="affiliateSectionAffiliateProgramPage" time="5.280"/>
  <system-out/>
  <testcase classname="tests.affiliateProgramPageTests.AllPageFirefoxTests" name="allFooterAffiliateProgramPage" time="5.072"/>
  <system-out/>
  <testcase classname="tests.affiliateProgramPageTests.AllPageFirefoxTests" name="partnFooterAffiliateProgramPage" time="7.379"/>
  <system-out/>
  <testcase classname="tests.affiliateProgramPageTests.AllPageFirefoxTests" name="subFooterAffiliateProgramPage" time="4.954"/>
  <system-out/>
  <testcase classname="tests.affiliateProgramPageTests.AllPageFirefoxTests" name="copFooterAffiliateProgramPage" time="4.045"/>
  <system-out/>
</testsuite> <!-- tests.affiliateProgramPageTests.AllPageFirefoxTests -->
