<?xml version="1.0" encoding="UTF-8"?>
<!-- Generated by org.testng.reporters.JUnitReportReporter -->
<testsuite hostname="WIN-RU0SR3DOB67" failures="0" tests="10" name="tests.tokenMoodPageTests.AllPageChromeTests" time="53.254" errors="0" timestamp="2023-08-22T16:04:19 EEST" skipped="0">
  <testcase classname="tests.tokenMoodPageTests.AllPageChromeTests" name="allHeaderTokenMoodPage" time="5.983"/>
  <system-out/>
  <testcase classname="tests.tokenMoodPageTests.AllPageChromeTests" name="getStartedHeaderTokenMoodPage" time="4.451"/>
  <system-out/>
  <testcase classname="tests.tokenMoodPageTests.AllPageChromeTests" name="learnHeaderTokenMoodPage" time="4.358"/>
  <system-out/>
  <testcase classname="tests.tokenMoodPageTests.AllPageChromeTests" name="resourcesHeaderTokenMoodPage" time="4.402"/>
  <system-out/>
  <testcase classname="tests.tokenMoodPageTests.AllPageChromeTests" name="mainSectionTokenMoodPage" time="6.356"/>
  <system-out/>
  <testcase classname="tests.tokenMoodPageTests.AllPageChromeTests" name="statisticsSectionTokenMoodPage" time="6.796"/>
  <system-out/>
  <testcase classname="tests.tokenMoodPageTests.AllPageChromeTests" name="allFooterTokenMoodPage" time="5.400"/>
  <system-out/>
  <testcase classname="tests.tokenMoodPageTests.AllPageChromeTests" name="partnFooterTokenMoodPage" time="5.215"/>
  <system-out/>
  <testcase classname="tests.tokenMoodPageTests.AllPageChromeTests" name="subFooterTokenMoodPage" time="6.016"/>
  <system-out/>
  <testcase classname="tests.tokenMoodPageTests.AllPageChromeTests" name="copFooterTokenMoodPage" time="4.277"/>
  <system-out/>
</testsuite> <!-- tests.tokenMoodPageTests.AllPageChromeTests -->
