<?xml version="1.0" encoding="UTF-8"?>
<!-- Generated by org.testng.reporters.JUnitReportReporter -->
<testsuite hostname="WIN-RU0SR3DOB67" failures="0" tests="8" name="tests.WhatIsAimood.WhatIsAimoodFirefoxTests" time="51.736" errors="0" timestamp="2023-09-19T11:49:26 EEST" skipped="0">
  <testcase classname="tests.WhatIsAimood.WhatIsAimoodFirefoxTests" name="allHeaderWhatIsAimoodPage" time="9.450"/>
  <testcase classname="tests.WhatIsAimood.WhatIsAimoodFirefoxTests" name="getStartedHeaderWhatIsAimoodPage" time="5.133"/>
  <testcase classname="tests.WhatIsAimood.WhatIsAimoodFirefoxTests" name="learnHeaderWhatIsAimoodPage" time="5.108"/>
  <testcase classname="tests.WhatIsAimood.WhatIsAimoodFirefoxTests" name="resourcesHeaderWhatIsAimoodPage" time="5.175"/>
  <testcase classname="tests.WhatIsAimood.WhatIsAimoodFirefoxTests" name="mainBlockWhatIsAimoodPage" time="8.337"/>
  <testcase classname="tests.WhatIsAimood.WhatIsAimoodFirefoxTests" name="whyChooseWhatIsAimoodPage" time="6.227"/>
  <testcase classname="tests.WhatIsAimood.WhatIsAimoodFirefoxTests" name="ecosystemWhatIsAimoodPage" time="6.319"/>
  <testcase classname="tests.WhatIsAimood.WhatIsAimoodFirefoxTests" name="allFooterWhatIsAimoodPage" time="5.987"/>
</testsuite> <!-- tests.WhatIsAimood.WhatIsAimoodFirefoxTests -->
