<?xml version="1.0" encoding="UTF-8"?>
<!-- Generated by org.testng.reporters.JUnitReportReporter -->
<testsuite hostname="WIN-RU0SR3DOB67" failures="0" tests="6" name="tests.SignIn.SignInFirefoxTests" time="43.269" errors="0" timestamp="2023-08-29T12:51:20 EEST" skipped="0">
  <testcase classname="tests.SignIn.SignInFirefoxTests" name="allHeaderMainPage" time="8.365"/>
  <testcase classname="tests.SignIn.SignInFirefoxTests" name="mainBlockWhitePaperPage" time="6.927"/>
  <testcase classname="tests.SignIn.SignInFirefoxTests" name="Forgot" time="6.853"/>
  <testcase classname="tests.SignIn.SignInFirefoxTests" name="Dont" time="6.906"/>
  <testcase classname="tests.SignIn.SignInFirefoxTests" name="allPageSignInPage" time="5.028"/>
  <testcase classname="tests.SignIn.SignInFirefoxTests" name="allFooterMainPage" time="9.190"/>
</testsuite> <!-- tests.SignIn.SignInFirefoxTests -->
