<?xml version="1.0" encoding="UTF-8"?>
<!-- Generated by org.testng.reporters.JUnitReportReporter -->
<testsuite hostname="WIN-RU0SR3DOB67" failures="0" tests="7" name="tests.fundPageTests.AllPageChromeTests" time="184.508" errors="0" timestamp="2023-09-12T23:55:07 EEST" skipped="1">
  <testcase classname="tests.fundPageTests.AllPageChromeTests" name="allHeaderFundPage" time="21.579"/>
  <testcase classname="tests.fundPageTests.AllPageChromeTests" name="allHeaderFundPage" time="133.501">
    <skipped/>
  </testcase> <!-- allHeaderFundPage -->
  <testcase classname="tests.fundPageTests.AllPageChromeTests" name="getStartedHeaderFundPage" time="5.283"/>
  <testcase classname="tests.fundPageTests.AllPageChromeTests" name="learnHeaderFundPage" time="5.415"/>
  <testcase classname="tests.fundPageTests.AllPageChromeTests" name="resourcesHeaderFundPage" time="5.273"/>
  <testcase classname="tests.fundPageTests.AllPageChromeTests" name="mainSectionFundPage" time="7.213"/>
  <testcase classname="tests.fundPageTests.AllPageChromeTests" name="allFooterFundPage" time="6.244"/>
</testsuite> <!-- tests.fundPageTests.AllPageChromeTests -->
