<?xml version="1.0" encoding="UTF-8"?>
<!-- Generated by org.testng.reporters.JUnitReportReporter -->
<testsuite hostname="WIN-RU0SR3DOB67" failures="0" tests="6" name="tests.signInPageTests.AllPageFirefoxTests" time="41.968" errors="0" timestamp="2023-09-29T17:47:37 EEST" skipped="0">
  <testcase classname="tests.signInPageTests.AllPageFirefoxTests" name="allHeaderSignInPage" time="10.959"/>
  <testcase classname="tests.signInPageTests.AllPageFirefoxTests" name="getStartedHeaderSignInPage" time="5.150"/>
  <testcase classname="tests.signInPageTests.AllPageFirefoxTests" name="learnHeaderSignInPage" time="7.684"/>
  <testcase classname="tests.signInPageTests.AllPageFirefoxTests" name="resourcesHeaderSignInPage" time="5.194"/>
  <testcase classname="tests.signInPageTests.AllPageFirefoxTests" name="mainSectionSignInPage" time="6.961"/>
  <testcase classname="tests.signInPageTests.AllPageFirefoxTests" name="allFooterSignInPage" time="6.020"/>
</testsuite> <!-- tests.signInPageTests.AllPageFirefoxTests -->
