<?xml version="1.0" encoding="UTF-8"?>
<!-- Generated by org.testng.reporters.JUnitReportReporter -->
<testsuite hostname="WIN-RU0SR3DOB67" failures="0" tests="10" name="tests.walletPageTests.AllPageFirefoxTests" time="52.333" errors="0" timestamp="2023-08-25T18:26:37 EEST" skipped="0">
  <testcase classname="tests.walletPageTests.AllPageFirefoxTests" name="allHeaderWalletPage" time="8.879"/>
  <system-out/>
  <testcase classname="tests.walletPageTests.AllPageFirefoxTests" name="getStartedHeaderWalletPage" time="4.069"/>
  <system-out/>
  <testcase classname="tests.walletPageTests.AllPageFirefoxTests" name="learnHeaderWalletPage" time="6.415"/>
  <system-out/>
  <testcase classname="tests.walletPageTests.AllPageFirefoxTests" name="resourcesHeaderWalletPage" time="4.174"/>
  <system-out/>
  <testcase classname="tests.walletPageTests.AllPageFirefoxTests" name="mainSectionWalletPage" time="4.914"/>
  <system-out/>
  <testcase classname="tests.walletPageTests.AllPageFirefoxTests" name="delegatedSectionWalletPage" time="5.167"/>
  <system-out/>
  <testcase classname="tests.walletPageTests.AllPageFirefoxTests" name="allFooterWalletPage" time="4.997"/>
  <system-out/>
  <testcase classname="tests.walletPageTests.AllPageFirefoxTests" name="partnFooterWalletPage" time="4.857"/>
  <system-out/>
  <testcase classname="tests.walletPageTests.AllPageFirefoxTests" name="subFooterWalletPage" time="4.894"/>
  <system-out/>
  <testcase classname="tests.walletPageTests.AllPageFirefoxTests" name="copFooterWalletPage" time="3.967"/>
  <system-out/>
</testsuite> <!-- tests.walletPageTests.AllPageFirefoxTests -->
