<?xml version="1.0" encoding="UTF-8"?>
<!-- Generated by org.testng.reporters.JUnitReportReporter -->
<testsuite hostname="WIN-RU0SR3DOB67" failures="0" tests="9" name="tests.accountFundPageTests.AllPageFirefoxTests" time="68.099" errors="0" timestamp="2023-09-22T14:38:46 EEST" skipped="0">
  <testcase classname="tests.accountFundPageTests.AllPageFirefoxTests" name="signInUser" time="11.773"/>
  <testcase classname="tests.accountFundPageTests.AllPageFirefoxTests" name="allHeaderAccountFundPage" time="6.000"/>
  <testcase classname="tests.accountFundPageTests.AllPageFirefoxTests" name="getStartedHeaderAccountFundPage" time="6.918"/>
  <testcase classname="tests.accountFundPageTests.AllPageFirefoxTests" name="learnHeaderAccountFundPage" time="9.377"/>
  <testcase classname="tests.accountFundPageTests.AllPageFirefoxTests" name="resourcesHeaderAccountFundPage" time="6.968"/>
  <testcase classname="tests.accountFundPageTests.AllPageFirefoxTests" name="notificationsHeaderAccountFundPage" time="7.089"/>
  <testcase classname="tests.accountFundPageTests.AllPageFirefoxTests" name="profileHeaderAccountFundPage" time="7.004"/>
  <testcase classname="tests.accountFundPageTests.AllPageFirefoxTests" name="mainSectionAccountFundPage" time="7.025"/>
  <testcase classname="tests.accountFundPageTests.AllPageFirefoxTests" name="allFooterAccountFundPage" time="5.945"/>
</testsuite> <!-- tests.accountFundPageTests.AllPageFirefoxTests -->
