<?xml version="1.0" encoding="UTF-8"?>
<!-- Generated by org.testng.reporters.JUnitReportReporter -->
<testsuite hostname="WIN-RU0SR3DOB67" failures="0" tests="6" name="tests.resetPasswordPage2Tests.AllPageFirefoxTests" time="39.518" errors="0" timestamp="2023-09-11T17:11:29 EEST" skipped="0">
  <testcase classname="tests.resetPasswordPage2Tests.AllPageFirefoxTests" name="allHeaderResetPasswordPage2" time="8.757"/>
  <testcase classname="tests.resetPasswordPage2Tests.AllPageFirefoxTests" name="getStartedHeaderResetPasswordPage2" time="5.125"/>
  <testcase classname="tests.resetPasswordPage2Tests.AllPageFirefoxTests" name="learnHeaderResetPasswordPage2" time="5.119"/>
  <testcase classname="tests.resetPasswordPage2Tests.AllPageFirefoxTests" name="resourcesHeaderResetPasswordPage2" time="5.152"/>
  <testcase classname="tests.resetPasswordPage2Tests.AllPageFirefoxTests" name="mainSectionResetPasswordPage2" time="6.947"/>
  <testcase classname="tests.resetPasswordPage2Tests.AllPageFirefoxTests" name="allFooterResetPasswordPage2" time="8.418"/>
</testsuite> <!-- tests.resetPasswordPage2Tests.AllPageFirefoxTests -->
