<?xml version="1.0" encoding="UTF-8"?>
<!-- Generated by org.testng.reporters.JUnitReportReporter -->
<testsuite hostname="WIN-RU0SR3DOB67" failures="0" tests="10" name="tests.walletPageTests.AllPageFirefoxTests" time="49.709" errors="0" timestamp="2023-08-18T10:20:31 EEST" skipped="0">
  <testcase classname="tests.walletPageTests.AllPageFirefoxTests" name="allHeaderWalletPage" time="6.059"/>
  <system-out/>
  <testcase classname="tests.walletPageTests.AllPageFirefoxTests" name="getStartedHeaderWalletPage" time="4.117"/>
  <system-out/>
  <testcase classname="tests.walletPageTests.AllPageFirefoxTests" name="learnHeaderWalletPage" time="4.078"/>
  <system-out/>
  <testcase classname="tests.walletPageTests.AllPageFirefoxTests" name="resourcesHeaderWalletPage" time="4.134"/>
  <system-out/>
  <testcase classname="tests.walletPageTests.AllPageFirefoxTests" name="mainSectionWalletPage" time="7.336"/>
  <system-out/>
  <testcase classname="tests.walletPageTests.AllPageFirefoxTests" name="delegatedSectionWalletPage" time="5.147"/>
  <system-out/>
  <testcase classname="tests.walletPageTests.AllPageFirefoxTests" name="allFooterWalletPage" time="5.006"/>
  <system-out/>
  <testcase classname="tests.walletPageTests.AllPageFirefoxTests" name="partnFooterWalletPage" time="4.968"/>
  <system-out/>
  <testcase classname="tests.walletPageTests.AllPageFirefoxTests" name="subFooterWalletPage" time="4.885"/>
  <system-out/>
  <testcase classname="tests.walletPageTests.AllPageFirefoxTests" name="copFooterWalletPage" time="3.979"/>
  <system-out/>
</testsuite> <!-- tests.walletPageTests.AllPageFirefoxTests -->
