<?xml version="1.0" encoding="UTF-8"?>
<!-- Generated by org.testng.reporters.JUnitReportReporter -->
<testsuite hostname="WIN-RU0SR3DOB67" failures="0" tests="6" name="tests.resetPasswordPage2Tests.AllPageChromeTests" time="42.058" errors="0" timestamp="2023-09-25T11:59:02 EEST" skipped="0">
  <testcase classname="tests.resetPasswordPage2Tests.AllPageChromeTests" name="allHeaderResetPasswordPage2" time="10.976"/>
  <testcase classname="tests.resetPasswordPage2Tests.AllPageChromeTests" name="getStartedHeaderResetPasswordPage2" time="5.585"/>
  <testcase classname="tests.resetPasswordPage2Tests.AllPageChromeTests" name="learnHeaderResetPasswordPage2" time="6.303"/>
  <testcase classname="tests.resetPasswordPage2Tests.AllPageChromeTests" name="resourcesHeaderResetPasswordPage2" time="5.453"/>
  <testcase classname="tests.resetPasswordPage2Tests.AllPageChromeTests" name="mainSectionResetPasswordPage2" time="7.335"/>
  <testcase classname="tests.resetPasswordPage2Tests.AllPageChromeTests" name="allFooterResetPasswordPage2" time="6.406"/>
</testsuite> <!-- tests.resetPasswordPage2Tests.AllPageChromeTests -->
