<?xml version="1.0" encoding="UTF-8"?>
<!-- Generated by org.testng.reporters.JUnitReportReporter -->
<testsuite hostname="WIN-RU0SR3DOB67" failures="0" tests="8" name="tests.stakingPageTests.AllPageChromeTests" time="62.966" errors="0" timestamp="2023-09-12T13:43:53 EEST" skipped="0">
  <testcase classname="tests.stakingPageTests.AllPageChromeTests" name="allHeaderStakingPage" time="10.405"/>
  <testcase classname="tests.stakingPageTests.AllPageChromeTests" name="getStartedHeaderStakingPage" time="7.106"/>
  <testcase classname="tests.stakingPageTests.AllPageChromeTests" name="learnHeaderStakingPage" time="6.233"/>
  <testcase classname="tests.stakingPageTests.AllPageChromeTests" name="resourcesHeaderStakingPage" time="6.265"/>
  <testcase classname="tests.stakingPageTests.AllPageChromeTests" name="mainSectionStakingPage" time="7.333"/>
  <testcase classname="tests.stakingPageTests.AllPageChromeTests" name="delegatedSectionStakingPage" time="9.552"/>
  <testcase classname="tests.stakingPageTests.AllPageChromeTests" name="calcStakSectionStakingPage" time="9.790"/>
  <testcase classname="tests.stakingPageTests.AllPageChromeTests" name="allFooterStakingPage" time="6.282"/>
</testsuite> <!-- tests.stakingPageTests.AllPageChromeTests -->
