<?xml version="1.0" encoding="UTF-8"?>
<!-- Generated by org.testng.reporters.JUnitReportReporter -->
<testsuite hostname="WIN-RU0SR3DOB67" failures="0" tests="10" name="tests.mainPageTests.AllPageFirefoxTests" time="69.963" errors="0" timestamp="2023-09-19T11:49:26 EEST" skipped="0">
  <testcase classname="tests.mainPageTests.AllPageFirefoxTests" name="allHeaderMainPage" time="11.968"/>
  <testcase classname="tests.mainPageTests.AllPageFirefoxTests" name="getStartedHeaderMainPage" time="5.292"/>
  <testcase classname="tests.mainPageTests.AllPageFirefoxTests" name="learnHeaderMainPage" time="5.189"/>
  <testcase classname="tests.mainPageTests.AllPageFirefoxTests" name="resourcesHeaderMainPage" time="5.551"/>
  <testcase classname="tests.mainPageTests.AllPageFirefoxTests" name="mainSectionMainPage" time="6.068"/>
  <testcase classname="tests.mainPageTests.AllPageFirefoxTests" name="videoSectionMainPage" time="10.289"/>
  <testcase classname="tests.mainPageTests.AllPageFirefoxTests" name="roadmapSectionMainPage" time="6.661"/>
  <testcase classname="tests.mainPageTests.AllPageFirefoxTests" name="statisticsSectionMainPage" time="6.326"/>
  <testcase classname="tests.mainPageTests.AllPageFirefoxTests" name="leaningSectionMainPage" time="6.647"/>
  <testcase classname="tests.mainPageTests.AllPageFirefoxTests" name="allFooterMainPage" time="5.972"/>
</testsuite> <!-- tests.mainPageTests.AllPageFirefoxTests -->
