<?xml version="1.0" encoding="UTF-8"?>
<!-- Generated by org.testng.reporters.JUnitReportReporter -->
<testsuite hostname="WIN-RU0SR3DOB67" failures="0" tests="10" name="tests.accountWalletPageTests.AllPageFirefoxTests" time="76.166" errors="0" timestamp="2023-09-25T11:59:02 EEST" skipped="0">
  <testcase classname="tests.accountWalletPageTests.AllPageFirefoxTests" name="signInUser" time="14.773"/>
  <testcase classname="tests.accountWalletPageTests.AllPageFirefoxTests" name="allHeaderAccountWalletPage" time="6.639"/>
  <testcase classname="tests.accountWalletPageTests.AllPageFirefoxTests" name="getStartedHeaderAccountWalletPage" time="6.958"/>
  <testcase classname="tests.accountWalletPageTests.AllPageFirefoxTests" name="learnHeaderAccountWalletPage" time="6.984"/>
  <testcase classname="tests.accountWalletPageTests.AllPageFirefoxTests" name="resourcesHeaderAccountWalletPage" time="9.607"/>
  <testcase classname="tests.accountWalletPageTests.AllPageFirefoxTests" name="notificationsHeaderAccountWalletPage" time="7.092"/>
  <testcase classname="tests.accountWalletPageTests.AllPageFirefoxTests" name="profileHeaderAccountWalletPage" time="7.036"/>
  <testcase classname="tests.accountWalletPageTests.AllPageFirefoxTests" name="mainSectionAccountWalletPage" time="6.938"/>
  <testcase classname="tests.accountWalletPageTests.AllPageFirefoxTests" name="stakingAccountWalletPage" time="4.181"/>
  <testcase classname="tests.accountWalletPageTests.AllPageFirefoxTests" name="allFooterAccountWalletPage" time="5.958"/>
</testsuite> <!-- tests.accountWalletPageTests.AllPageFirefoxTests -->
