<?xml version="1.0" encoding="UTF-8"?>
<!-- Generated by org.testng.reporters.JUnitReportReporter -->
<testsuite hostname="WIN-RU0SR3DOB67" failures="0" tests="10" name="tests.marketPlacePageTests.AllPageFirefoxTests" time="51.437" errors="0" timestamp="2023-08-18T11:06:42 EEST" skipped="0">
  <testcase classname="tests.marketPlacePageTests.AllPageFirefoxTests" name="allHeaderMarketPlacePage" time="6.531"/>
  <system-out/>
  <testcase classname="tests.marketPlacePageTests.AllPageFirefoxTests" name="getStartedHeaderMarketPlacePage" time="4.119"/>
  <system-out/>
  <testcase classname="tests.marketPlacePageTests.AllPageFirefoxTests" name="learnHeaderMarketPlacePage" time="4.100"/>
  <system-out/>
  <testcase classname="tests.marketPlacePageTests.AllPageFirefoxTests" name="resourcesHeaderMarketPlacePage" time="4.126"/>
  <system-out/>
  <testcase classname="tests.marketPlacePageTests.AllPageFirefoxTests" name="mainSectionMarketPlacePage" time="5.913"/>
  <system-out/>
  <testcase classname="tests.marketPlacePageTests.AllPageFirefoxTests" name="statisticsSectionMarketPlacePage" time="5.343"/>
  <system-out/>
  <testcase classname="tests.marketPlacePageTests.AllPageFirefoxTests" name="allFooterMarketPlacePage" time="7.433"/>
  <system-out/>
  <testcase classname="tests.marketPlacePageTests.AllPageFirefoxTests" name="partnFooterMarketPlacePage" time="4.901"/>
  <system-out/>
  <testcase classname="tests.marketPlacePageTests.AllPageFirefoxTests" name="subFooterMarketPlacePage" time="4.961"/>
  <system-out/>
  <testcase classname="tests.marketPlacePageTests.AllPageFirefoxTests" name="copFooterMarketPlacePage" time="4.010"/>
  <system-out/>
</testsuite> <!-- tests.marketPlacePageTests.AllPageFirefoxTests -->
