<?xml version="1.0" encoding="UTF-8"?>
<!-- Generated by org.testng.reporters.JUnitReportReporter -->
<testsuite hostname="WIN-RU0SR3DOB67" failures="0" tests="11" name="tests.accountAffiliateProgramPageTests.AllPageFirefoxTests" time="116.027" errors="0" timestamp="2023-09-25T11:59:02 EEST" skipped="2">
  <testcase classname="tests.accountAffiliateProgramPageTests.AllPageFirefoxTests" name="signInUser" time="20.398"/>
  <testcase classname="tests.accountAffiliateProgramPageTests.AllPageFirefoxTests" name="allHeaderAccountAffiliateProgramPage" time="7.793"/>
  <testcase classname="tests.accountAffiliateProgramPageTests.AllPageFirefoxTests" name="getStartedHeaderAccountAffiliateProgramPage" time="7.004"/>
  <testcase classname="tests.accountAffiliateProgramPageTests.AllPageFirefoxTests" name="learnHeaderAccountAffiliateProgramPage" time="6.427">
    <skipped/>
  </testcase> <!-- learnHeaderAccountAffiliateProgramPage -->
  <testcase classname="tests.accountAffiliateProgramPageTests.AllPageFirefoxTests" name="learnHeaderAccountAffiliateProgramPage" time="12.110"/>
  <testcase classname="tests.accountAffiliateProgramPageTests.AllPageFirefoxTests" name="resourcesHeaderAccountAffiliateProgramPage" time="6.439">
    <skipped/>
  </testcase> <!-- resourcesHeaderAccountAffiliateProgramPage -->
  <testcase classname="tests.accountAffiliateProgramPageTests.AllPageFirefoxTests" name="resourcesHeaderAccountAffiliateProgramPage" time="25.965"/>
  <testcase classname="tests.accountAffiliateProgramPageTests.AllPageFirefoxTests" name="notificationsHeaderAccountAffiliateProgramPage" time="9.908"/>
  <testcase classname="tests.accountAffiliateProgramPageTests.AllPageFirefoxTests" name="profileHeaderAccountAffiliateProgramPage" time="7.053"/>
  <testcase classname="tests.accountAffiliateProgramPageTests.AllPageFirefoxTests" name="mainSectionAccountAffiliateProgramPage" time="6.977"/>
  <testcase classname="tests.accountAffiliateProgramPageTests.AllPageFirefoxTests" name="allFooterAccountAffiliateProgramPage" time="5.953"/>
</testsuite> <!-- tests.accountAffiliateProgramPageTests.AllPageFirefoxTests -->
