<?xml version="1.0" encoding="UTF-8"?>
<!-- Generated by org.testng.reporters.JUnitReportReporter -->
<testsuite hostname="WIN-RU0SR3DOB67" failures="0" tests="8" name="tests.SignIn.SignInChromeTests" time="42.152" errors="0" timestamp="2023-08-29T12:51:20 EEST" skipped="2">
  <testcase classname="tests.SignIn.SignInChromeTests" name="allHeaderMainPage" time="5.405"/>
  <testcase classname="tests.SignIn.SignInChromeTests" name="mainBlockWhitePaperPage" time="5.207"/>
  <testcase classname="tests.SignIn.SignInChromeTests" name="Forgot" time="5.841"/>
  <testcase classname="tests.SignIn.SignInChromeTests" name="Dont" time="5.020"/>
  <testcase classname="tests.SignIn.SignInChromeTests" name="allPageSignInPage" time="5.115"/>
  <testcase classname="tests.SignIn.SignInChromeTests" name="allPageSignInPage" time="5.335">
    <skipped/>
  </testcase> <!-- allPageSignInPage -->
  <testcase classname="tests.SignIn.SignInChromeTests" name="allPageSignInPage" time="5.280">
    <skipped/>
  </testcase> <!-- allPageSignInPage -->
  <testcase classname="tests.SignIn.SignInChromeTests" name="allFooterMainPage" time="4.949"/>
</testsuite> <!-- tests.SignIn.SignInChromeTests -->
