<?xml version="1.0" encoding="UTF-8"?>
<!-- Generated by org.testng.reporters.JUnitReportReporter -->
<testsuite hostname="WIN-RU0SR3DOB67" failures="0" tests="9" name="tests.accountFundPageTests.AllPageFirefoxTests" time="68.464" errors="0" timestamp="2023-09-25T11:59:02 EEST" skipped="0">
  <testcase classname="tests.accountFundPageTests.AllPageFirefoxTests" name="signInUser" time="11.719"/>
  <testcase classname="tests.accountFundPageTests.AllPageFirefoxTests" name="allHeaderAccountFundPage" time="8.511"/>
  <testcase classname="tests.accountFundPageTests.AllPageFirefoxTests" name="getStartedHeaderAccountFundPage" time="6.996"/>
  <testcase classname="tests.accountFundPageTests.AllPageFirefoxTests" name="learnHeaderAccountFundPage" time="6.929"/>
  <testcase classname="tests.accountFundPageTests.AllPageFirefoxTests" name="resourcesHeaderAccountFundPage" time="7.044"/>
  <testcase classname="tests.accountFundPageTests.AllPageFirefoxTests" name="notificationsHeaderAccountFundPage" time="7.092"/>
  <testcase classname="tests.accountFundPageTests.AllPageFirefoxTests" name="profileHeaderAccountFundPage" time="7.113"/>
  <testcase classname="tests.accountFundPageTests.AllPageFirefoxTests" name="mainSectionAccountFundPage" time="7.079"/>
  <testcase classname="tests.accountFundPageTests.AllPageFirefoxTests" name="allFooterAccountFundPage" time="5.981"/>
</testsuite> <!-- tests.accountFundPageTests.AllPageFirefoxTests -->
