<?xml version="1.0" encoding="UTF-8"?>
<!-- Generated by org.testng.reporters.JUnitReportReporter -->
<testsuite hostname="WIN-RU0SR3DOB67" failures="0" tests="10" name="tests.walletPageTests.AllPageFirefoxTests" time="50.542" errors="0" timestamp="2023-08-17T18:07:17 EEST" skipped="0">
  <testcase classname="tests.walletPageTests.AllPageFirefoxTests" name="allHeaderWalletPage" time="8.619"/>
  <system-out/>
  <testcase classname="tests.walletPageTests.AllPageFirefoxTests" name="getStartedHeaderWalletPage" time="4.090"/>
  <system-out/>
  <testcase classname="tests.walletPageTests.AllPageFirefoxTests" name="learnHeaderWalletPage" time="4.106"/>
  <system-out/>
  <testcase classname="tests.walletPageTests.AllPageFirefoxTests" name="resourcesHeaderWalletPage" time="4.084"/>
  <system-out/>
  <testcase classname="tests.walletPageTests.AllPageFirefoxTests" name="mainSectionWalletPage" time="4.934"/>
  <system-out/>
  <testcase classname="tests.walletPageTests.AllPageFirefoxTests" name="delegatedSectionWalletPage" time="5.308"/>
  <system-out/>
  <testcase classname="tests.walletPageTests.AllPageFirefoxTests" name="allFooterWalletPage" time="5.129"/>
  <system-out/>
  <testcase classname="tests.walletPageTests.AllPageFirefoxTests" name="partnFooterWalletPage" time="5.108"/>
  <system-out/>
  <testcase classname="tests.walletPageTests.AllPageFirefoxTests" name="subFooterWalletPage" time="5.026"/>
  <system-out/>
  <testcase classname="tests.walletPageTests.AllPageFirefoxTests" name="copFooterWalletPage" time="4.138"/>
  <system-out/>
</testsuite> <!-- tests.walletPageTests.AllPageFirefoxTests -->
