<?xml version="1.0" encoding="UTF-8"?>
<!-- Generated by org.testng.reporters.JUnitReportReporter -->
<testsuite hostname="WIN-RU0SR3DOB67" failures="0" tests="9" name="tests.fundPageTests.AllPageChromeTests" time="45.315" errors="0" timestamp="2023-08-16T13:37:17 EEST" skipped="0">
  <testcase classname="tests.fundPageTests.AllPageChromeTests" name="allHeaderFundPage" time="6.952"/>
  <system-out/>
  <testcase classname="tests.fundPageTests.AllPageChromeTests" name="getStartedHeaderFundPage" time="4.489"/>
  <system-out/>
  <testcase classname="tests.fundPageTests.AllPageChromeTests" name="learnHeaderFundPage" time="4.356"/>
  <system-out/>
  <testcase classname="tests.fundPageTests.AllPageChromeTests" name="resourcesHeaderFundPage" time="4.362"/>
  <system-out/>
  <testcase classname="tests.fundPageTests.AllPageChromeTests" name="mainSectionFundPage" time="5.257"/>
  <system-out/>
  <testcase classname="tests.fundPageTests.AllPageChromeTests" name="allFooterFundPage" time="5.305"/>
  <system-out/>
  <testcase classname="tests.fundPageTests.AllPageChromeTests" name="partnFooterFundPage" time="5.175"/>
  <system-out/>
  <testcase classname="tests.fundPageTests.AllPageChromeTests" name="subFooterFundPage" time="5.198"/>
  <system-out/>
  <testcase classname="tests.fundPageTests.AllPageChromeTests" name="copFooterFundPage" time="4.221"/>
  <system-out/>
</testsuite> <!-- tests.fundPageTests.AllPageChromeTests -->
