<?xml version="1.0" encoding="UTF-8"?>
<!-- Generated by org.testng.reporters.JUnitReportReporter -->
<testsuite hostname="WIN-RU0SR3DOB67" failures="0" tests="1" name="tests.mainPageTests.AllPageChromeTests" time="14.606" errors="0" timestamp="2023-08-03T16:47:10 EEST" skipped="0">
  <testcase classname="tests.mainPageTests.AllPageChromeTests" name="allHeaderMainPage" time="14.606"/>
  <system-out/>
</testsuite> <!-- tests.mainPageTests.AllPageChromeTests -->
