<?xml version="1.0" encoding="UTF-8"?>
<!-- Generated by org.testng.reporters.JUnitReportReporter -->
<testsuite hostname="WIN-RU0SR3DOB67" failures="0" tests="6" name="tests.signUpPageTests.AllPageChromeTests" time="39.212" errors="0" timestamp="2023-09-29T16:17:10 EEST" skipped="0">
  <testcase classname="tests.signUpPageTests.AllPageChromeTests" name="allHeaderSignUpPage" time="8.304"/>
  <testcase classname="tests.signUpPageTests.AllPageChromeTests" name="getStartedHeaderSignUpPage" time="5.538"/>
  <testcase classname="tests.signUpPageTests.AllPageChromeTests" name="learnHeaderSignUpPage" time="5.499"/>
  <testcase classname="tests.signUpPageTests.AllPageChromeTests" name="resourcesHeaderSignUpPage" time="5.490"/>
  <testcase classname="tests.signUpPageTests.AllPageChromeTests" name="mainSectionSignUpPage" time="8.073"/>
  <testcase classname="tests.signUpPageTests.AllPageChromeTests" name="allFooterSignUpPage" time="6.308"/>
</testsuite> <!-- tests.signUpPageTests.AllPageChromeTests -->
