<?xml version="1.0" encoding="UTF-8"?>
<!-- Generated by org.testng.reporters.JUnitReportReporter -->
<testsuite hostname="WIN-RU0SR3DOB67" failures="0" tests="9" name="tests.buySellMoodCoinTests.AllPageFirefoxTests" time="47.178" errors="0" timestamp="2023-08-24T11:46:21 EEST" skipped="0">
  <testcase classname="tests.buySellMoodCoinTests.AllPageFirefoxTests" name="allHeaderBuySellMoodCoinPage" time="7.424"/>
  <system-out/>
  <testcase classname="tests.buySellMoodCoinTests.AllPageFirefoxTests" name="getStartedHeaderBuySellMoodCoinPage" time="4.159"/>
  <system-out/>
  <testcase classname="tests.buySellMoodCoinTests.AllPageFirefoxTests" name="learnHeaderBuySellMoodCoinPage" time="4.132"/>
  <system-out/>
  <testcase classname="tests.buySellMoodCoinTests.AllPageFirefoxTests" name="resourcesHeaderBuySellMoodCoinPage" time="4.115"/>
  <system-out/>
  <testcase classname="tests.buySellMoodCoinTests.AllPageFirefoxTests" name="mainSectionBuySellMoodCoinPage" time="5.980"/>
  <system-out/>
  <testcase classname="tests.buySellMoodCoinTests.AllPageFirefoxTests" name="allFooterBuySellMoodCoinPage" time="4.975"/>
  <system-out/>
  <testcase classname="tests.buySellMoodCoinTests.AllPageFirefoxTests" name="partnFooterBuySellMoodCoinPage" time="4.884"/>
  <system-out/>
  <testcase classname="tests.buySellMoodCoinTests.AllPageFirefoxTests" name="subFooterBuySellMoodCoinPage" time="7.477"/>
  <system-out/>
  <testcase classname="tests.buySellMoodCoinTests.AllPageFirefoxTests" name="copFooterBuySellMoodCoinPage" time="4.032"/>
  <system-out/>
</testsuite> <!-- tests.buySellMoodCoinTests.AllPageFirefoxTests -->
