<?xml version="1.0" encoding="UTF-8"?>
<!-- Generated by org.testng.reporters.JUnitReportReporter -->
<testsuite hostname="WIN-RU0SR3DOB67" failures="0" tests="9" name="tests.whitePaper.WhitePaperFirefoxTests" time="63.566" errors="0" timestamp="2023-09-06T17:30:21 EEST" skipped="0">
  <testcase classname="tests.whitePaper.WhitePaperFirefoxTests" name="allHeaderWhitePaperPage" time="11.115"/>
  <testcase classname="tests.whitePaper.WhitePaperFirefoxTests" name="getStartedHeaderWhitePaperPage" time="6.108"/>
  <testcase classname="tests.whitePaper.WhitePaperFirefoxTests" name="marketPlaceHeaderWhitePaperPage" time="6.019"/>
  <testcase classname="tests.whitePaper.WhitePaperFirefoxTests" name="whitePaperHeaderWhitePaperPage" time="6.066"/>
  <testcase classname="tests.whitePaper.WhitePaperFirefoxTests" name="learnHeaderWhitePaperPage" time="5.956"/>
  <testcase classname="tests.whitePaper.WhitePaperFirefoxTests" name="resourcesHeaderWhitePaperPage" time="5.993"/>
  <testcase classname="tests.whitePaper.WhitePaperFirefoxTests" name="mainBlockWhitePaperPage" time="5.977"/>
  <testcase classname="tests.whitePaper.WhitePaperFirefoxTests" name="marketTokenWhitePaperPage" time="6.204"/>
  <testcase classname="tests.whitePaper.WhitePaperFirefoxTests" name="allFooterWhitePaperPage" time="10.128"/>
</testsuite> <!-- tests.whitePaper.WhitePaperFirefoxTests -->
