<?xml version="1.0" encoding="UTF-8"?>
<!-- Generated by org.testng.reporters.JUnitReportReporter -->
<testsuite hostname="WIN-RU0SR3DOB67" failures="0" tests="8" name="tests.WhatIsAimood.WhatIsAimoodChromeTests" time="43.738" errors="0" timestamp="2023-08-29T12:51:20 EEST" skipped="0">
  <testcase classname="tests.WhatIsAimood.WhatIsAimoodChromeTests" name="allHeaderMainPage" time="6.049"/>
  <testcase classname="tests.WhatIsAimood.WhatIsAimoodChromeTests" name="mainBlockWhitePaperPage" time="5.309"/>
  <testcase classname="tests.WhatIsAimood.WhatIsAimoodChromeTests" name="WhyChoosePage" time="5.578"/>
  <testcase classname="tests.WhatIsAimood.WhatIsAimoodChromeTests" name="TfeuamWbEUPage" time="6.504"/>
  <testcase classname="tests.WhatIsAimood.WhatIsAimoodChromeTests" name="allFooterMainPage" time="5.289"/>
  <testcase classname="tests.WhatIsAimood.WhatIsAimoodChromeTests" name="partnFooterMainPage" time="5.154"/>
  <testcase classname="tests.WhatIsAimood.WhatIsAimoodChromeTests" name="subFooterMainPage" time="5.643"/>
  <testcase classname="tests.WhatIsAimood.WhatIsAimoodChromeTests" name="copFooterMainPage" time="4.212"/>
</testsuite> <!-- tests.WhatIsAimood.WhatIsAimoodChromeTests -->
