<?xml version="1.0" encoding="UTF-8"?>
<!-- Generated by org.testng.reporters.JUnitReportReporter -->
<testsuite hostname="WIN-RU0SR3DOB67" failures="0" tests="7" name="tests.walletPageTests.AllPageChromeTests" time="43.924" errors="0" timestamp="2023-09-12T11:10:48 EEST" skipped="0">
  <testcase classname="tests.walletPageTests.AllPageChromeTests" name="allHeaderWalletPage" time="7.682"/>
  <testcase classname="tests.walletPageTests.AllPageChromeTests" name="getStartedHeaderWalletPage" time="5.441"/>
  <testcase classname="tests.walletPageTests.AllPageChromeTests" name="learnHeaderWalletPage" time="5.382"/>
  <testcase classname="tests.walletPageTests.AllPageChromeTests" name="resourcesHeaderWalletPage" time="5.366"/>
  <testcase classname="tests.walletPageTests.AllPageChromeTests" name="mainSectionWalletPage" time="6.274"/>
  <testcase classname="tests.walletPageTests.AllPageChromeTests" name="delegatedSectionWalletPage" time="7.481"/>
  <testcase classname="tests.walletPageTests.AllPageChromeTests" name="allFooterWalletPage" time="6.298"/>
</testsuite> <!-- tests.walletPageTests.AllPageChromeTests -->
