<?xml version="1.0" encoding="UTF-8"?>
<!-- Generated by org.testng.reporters.JUnitReportReporter -->
<testsuite hostname="WIN-RU0SR3DOB67" failures="0" tests="9" name="tests.whitePaper.WhitePaperFirefoxTests" time="68.598" errors="0" timestamp="2023-09-19T11:02:28 EEST" skipped="0">
  <testcase classname="tests.whitePaper.WhitePaperFirefoxTests" name="allHeaderWhitePaperPage" time="15.121"/>
  <testcase classname="tests.whitePaper.WhitePaperFirefoxTests" name="whitePaperHeaderWhitePaperPage" time="6.127"/>
  <testcase classname="tests.whitePaper.WhitePaperFirefoxTests" name="getStartedHeaderWhitePaperPage" time="6.134"/>
  <testcase classname="tests.whitePaper.WhitePaperFirefoxTests" name="marketPlaceHeaderWhitePaperPage" time="6.059"/>
  <testcase classname="tests.whitePaper.WhitePaperFirefoxTests" name="learnHeaderWhitePaperPage" time="10.849"/>
  <testcase classname="tests.whitePaper.WhitePaperFirefoxTests" name="resourcesHeaderWhitePaperPage" time="6.044"/>
  <testcase classname="tests.whitePaper.WhitePaperFirefoxTests" name="mainBlockWhitePaperPage" time="6.004"/>
  <testcase classname="tests.whitePaper.WhitePaperFirefoxTests" name="marketTokenWhitePaperPage" time="6.319"/>
  <testcase classname="tests.whitePaper.WhitePaperFirefoxTests" name="allFooterWhitePaperPage" time="5.941"/>
</testsuite> <!-- tests.whitePaper.WhitePaperFirefoxTests -->
