<?xml version="1.0" encoding="UTF-8"?>
<!-- Generated by org.testng.reporters.JUnitReportReporter -->
<testsuite hostname="WIN-RU0SR3DOB67" failures="0" tests="8" name="tests.WhatIsAimood.WhatIsAimoodChromeTests" time="44.890" errors="0" timestamp="2023-08-30T16:31:21 EEST" skipped="0">
  <testcase classname="tests.WhatIsAimood.WhatIsAimoodChromeTests" name="allHeaderMainPage" time="5.892"/>
  <testcase classname="tests.WhatIsAimood.WhatIsAimoodChromeTests" name="mainBlockWhitePaperPage" time="5.331"/>
  <testcase classname="tests.WhatIsAimood.WhatIsAimoodChromeTests" name="WhyChoosePage" time="5.587"/>
  <testcase classname="tests.WhatIsAimood.WhatIsAimoodChromeTests" name="TfeuamWbEUPage" time="5.689"/>
  <testcase classname="tests.WhatIsAimood.WhatIsAimoodChromeTests" name="allFooterMainPage" time="5.293"/>
  <testcase classname="tests.WhatIsAimood.WhatIsAimoodChromeTests" name="partnFooterMainPage" time="5.145"/>
  <testcase classname="tests.WhatIsAimood.WhatIsAimoodChromeTests" name="subFooterMainPage" time="7.750"/>
  <testcase classname="tests.WhatIsAimood.WhatIsAimoodChromeTests" name="copFooterMainPage" time="4.203"/>
</testsuite> <!-- tests.WhatIsAimood.WhatIsAimoodChromeTests -->
