<?xml version="1.0" encoding="UTF-8"?>
<!-- Generated by org.testng.reporters.JUnitReportReporter -->
<testsuite hostname="WIN-RU0SR3DOB67" failures="0" tests="9" name="tests.accountP2PPageTests.AllPageFirefoxTests" time="71.379" errors="0" timestamp="2023-09-25T11:05:41 EEST" skipped="0">
  <testcase classname="tests.accountP2PPageTests.AllPageFirefoxTests" name="signInUser" time="13.582"/>
  <testcase classname="tests.accountP2PPageTests.AllPageFirefoxTests" name="allHeaderAccountP2PPage" time="9.756"/>
  <testcase classname="tests.accountP2PPageTests.AllPageFirefoxTests" name="getStartedHeaderAccountP2PPage" time="6.959"/>
  <testcase classname="tests.accountP2PPageTests.AllPageFirefoxTests" name="learnHeaderAccountP2PPage" time="7.019"/>
  <testcase classname="tests.accountP2PPageTests.AllPageFirefoxTests" name="resourcesHeaderAccountP2PPage" time="7.039"/>
  <testcase classname="tests.accountP2PPageTests.AllPageFirefoxTests" name="notificationsHeaderAccountP2PPage" time="7.101"/>
  <testcase classname="tests.accountP2PPageTests.AllPageFirefoxTests" name="profileHeaderAccountP2PPage" time="7.051"/>
  <testcase classname="tests.accountP2PPageTests.AllPageFirefoxTests" name="mainSectionAccountP2PPage" time="6.919"/>
  <testcase classname="tests.accountP2PPageTests.AllPageFirefoxTests" name="allFooterAccountP2PPage" time="5.953"/>
</testsuite> <!-- tests.accountP2PPageTests.AllPageFirefoxTests -->
