<?xml version="1.0" encoding="UTF-8"?>
<!-- Generated by org.testng.reporters.JUnitReportReporter -->
<testsuite hostname="WIN-RU0SR3DOB67" failures="0" tests="10" name="tests.accountFundPageTests.AllPageChromeTests" time="91.610" errors="0" timestamp="2023-09-25T11:59:02 EEST" skipped="1">
  <testcase classname="tests.accountFundPageTests.AllPageChromeTests" name="signInUser" time="26.075"/>
  <testcase classname="tests.accountFundPageTests.AllPageChromeTests" name="allHeaderAccountFundPage" time="6.172"/>
  <testcase classname="tests.accountFundPageTests.AllPageChromeTests" name="getStartedHeaderAccountFundPage" time="7.255"/>
  <testcase classname="tests.accountFundPageTests.AllPageChromeTests" name="learnHeaderAccountFundPage" time="7.302"/>
  <testcase classname="tests.accountFundPageTests.AllPageChromeTests" name="learnHeaderAccountFundPage" time="6.740">
    <skipped/>
  </testcase> <!-- learnHeaderAccountFundPage -->
  <testcase classname="tests.accountFundPageTests.AllPageChromeTests" name="resourcesHeaderAccountFundPage" time="8.019"/>
  <testcase classname="tests.accountFundPageTests.AllPageChromeTests" name="notificationsHeaderAccountFundPage" time="7.218"/>
  <testcase classname="tests.accountFundPageTests.AllPageChromeTests" name="profileHeaderAccountFundPage" time="7.186"/>
  <testcase classname="tests.accountFundPageTests.AllPageChromeTests" name="mainSectionAccountFundPage" time="7.321"/>
  <testcase classname="tests.accountFundPageTests.AllPageChromeTests" name="allFooterAccountFundPage" time="8.322"/>
</testsuite> <!-- tests.accountFundPageTests.AllPageChromeTests -->
