<?xml version="1.0" encoding="UTF-8"?>
<!-- Generated by org.testng.reporters.JUnitReportReporter -->
<testsuite hostname="WIN-RU0SR3DOB67" failures="0" tests="6" name="tests.resetPasswordPageTests.AllPageFirefoxTests" time="42.702" errors="0" timestamp="2023-09-25T11:05:41 EEST" skipped="0">
  <testcase classname="tests.resetPasswordPageTests.AllPageFirefoxTests" name="allHeaderResetPasswordPage" time="11.859"/>
  <testcase classname="tests.resetPasswordPageTests.AllPageFirefoxTests" name="getStartedHeaderResetPasswordPage" time="5.101"/>
  <testcase classname="tests.resetPasswordPageTests.AllPageFirefoxTests" name="learnHeaderResetPasswordPage" time="5.078"/>
  <testcase classname="tests.resetPasswordPageTests.AllPageFirefoxTests" name="resourcesHeaderResetPasswordPage" time="5.091"/>
  <testcase classname="tests.resetPasswordPageTests.AllPageFirefoxTests" name="mainSectionResetPasswordPage" time="9.538"/>
  <testcase classname="tests.resetPasswordPageTests.AllPageFirefoxTests" name="allFooterResetPasswordPage" time="6.035"/>
</testsuite> <!-- tests.resetPasswordPageTests.AllPageFirefoxTests -->
