<?xml version="1.0" encoding="UTF-8"?>
<!-- Generated by org.testng.reporters.JUnitReportReporter -->
<testsuite hostname="WIN-RU0SR3DOB67" failures="0" tests="8" name="tests.WhatIsAimood.WhatIsAimoodChromeTests" time="52.084" errors="0" timestamp="2023-09-11T14:35:03 EEST" skipped="0">
  <testcase classname="tests.WhatIsAimood.WhatIsAimoodChromeTests" name="allHeaderWhatIsAimoodPage" time="9.258"/>
  <testcase classname="tests.WhatIsAimood.WhatIsAimoodChromeTests" name="getStartedHeaderWhatIsAimoodPage" time="5.407"/>
  <testcase classname="tests.WhatIsAimood.WhatIsAimoodChromeTests" name="learnHeaderWhatIsAimoodPage" time="5.307"/>
  <testcase classname="tests.WhatIsAimood.WhatIsAimoodChromeTests" name="resourcesHeaderWhatIsAimoodPage" time="5.312"/>
  <testcase classname="tests.WhatIsAimood.WhatIsAimoodChromeTests" name="mainBlockWhatIsAimoodPage" time="6.249"/>
  <testcase classname="tests.WhatIsAimood.WhatIsAimoodChromeTests" name="whyChooseWhatIsAimoodPage" time="6.545"/>
  <testcase classname="tests.WhatIsAimood.WhatIsAimoodChromeTests" name="ecosystemWhatIsAimoodPage" time="6.647"/>
  <testcase classname="tests.WhatIsAimood.WhatIsAimoodChromeTests" name="allFooterWhatIsAimoodPage" time="7.359"/>
</testsuite> <!-- tests.WhatIsAimood.WhatIsAimoodChromeTests -->
