<?xml version="1.0" encoding="UTF-8"?>
<!-- Generated by org.testng.reporters.JUnitReportReporter -->
<testsuite hostname="WIN-RU0SR3DOB67" failures="0" tests="9" name="tests.fundPageTests.AllPageChromeTests" time="44.950" errors="0" timestamp="2023-08-16T12:55:39 EEST" skipped="0">
  <testcase classname="tests.fundPageTests.AllPageChromeTests" name="allHeaderFundPage" time="5.347"/>
  <system-out/>
  <testcase classname="tests.fundPageTests.AllPageChromeTests" name="getStartedHeaderFundPage" time="4.389"/>
  <system-out/>
  <testcase classname="tests.fundPageTests.AllPageChromeTests" name="learnHeaderFundPage" time="4.293"/>
  <system-out/>
  <testcase classname="tests.fundPageTests.AllPageChromeTests" name="resourcesHeaderFundPage" time="4.269"/>
  <system-out/>
  <testcase classname="tests.fundPageTests.AllPageChromeTests" name="mainSectionFundPage" time="5.202"/>
  <system-out/>
  <testcase classname="tests.fundPageTests.AllPageChromeTests" name="allFooterFundPage" time="7.039"/>
  <system-out/>
  <testcase classname="tests.fundPageTests.AllPageChromeTests" name="partnFooterFundPage" time="5.143"/>
  <system-out/>
  <testcase classname="tests.fundPageTests.AllPageChromeTests" name="subFooterFundPage" time="5.097"/>
  <system-out/>
  <testcase classname="tests.fundPageTests.AllPageChromeTests" name="copFooterFundPage" time="4.171"/>
  <system-out/>
</testsuite> <!-- tests.fundPageTests.AllPageChromeTests -->
