<?xml version="1.0" encoding="UTF-8"?>
<!-- Generated by org.testng.reporters.JUnitReportReporter -->
<testsuite hostname="WIN-RU0SR3DOB67" failures="0" tests="9" name="tests.accountP2PPageTests.AllPageChromeTests" time="70.027" errors="0" timestamp="2023-09-29T17:47:37 EEST" skipped="0">
  <testcase classname="tests.accountP2PPageTests.AllPageChromeTests" name="signInUser" time="13.201"/>
  <testcase classname="tests.accountP2PPageTests.AllPageChromeTests" name="allHeaderAccountP2PPage" time="6.165"/>
  <testcase classname="tests.accountP2PPageTests.AllPageChromeTests" name="getStartedHeaderAccountP2PPage" time="7.208"/>
  <testcase classname="tests.accountP2PPageTests.AllPageChromeTests" name="learnHeaderAccountP2PPage" time="7.261"/>
  <testcase classname="tests.accountP2PPageTests.AllPageChromeTests" name="resourcesHeaderAccountP2PPage" time="8.050"/>
  <testcase classname="tests.accountP2PPageTests.AllPageChromeTests" name="notificationsHeaderAccountP2PPage" time="7.255"/>
  <testcase classname="tests.accountP2PPageTests.AllPageChromeTests" name="profileHeaderAccountP2PPage" time="7.161"/>
  <testcase classname="tests.accountP2PPageTests.AllPageChromeTests" name="mainSectionAccountP2PPage" time="7.279"/>
  <testcase classname="tests.accountP2PPageTests.AllPageChromeTests" name="allFooterAccountP2PPage" time="6.447"/>
</testsuite> <!-- tests.accountP2PPageTests.AllPageChromeTests -->
