<?xml version="1.0" encoding="UTF-8"?>
<!-- Generated by org.testng.reporters.JUnitReportReporter -->
<testsuite hostname="WIN-RU0SR3DOB67" failures="0" tests="6" name="tests.signUpPageTests.AllPageChromeTests" time="41.823" errors="0" timestamp="2023-09-25T11:59:02 EEST" skipped="0">
  <testcase classname="tests.signUpPageTests.AllPageChromeTests" name="allHeaderSignUpPage" time="9.842"/>
  <testcase classname="tests.signUpPageTests.AllPageChromeTests" name="getStartedHeaderSignUpPage" time="6.006"/>
  <testcase classname="tests.signUpPageTests.AllPageChromeTests" name="learnHeaderSignUpPage" time="5.562"/>
  <testcase classname="tests.signUpPageTests.AllPageChromeTests" name="resourcesHeaderSignUpPage" time="6.436"/>
  <testcase classname="tests.signUpPageTests.AllPageChromeTests" name="mainSectionSignUpPage" time="7.458"/>
  <testcase classname="tests.signUpPageTests.AllPageChromeTests" name="allFooterSignUpPage" time="6.519"/>
</testsuite> <!-- tests.signUpPageTests.AllPageChromeTests -->
