<?xml version="1.0" encoding="UTF-8"?>
<!-- Generated by org.testng.reporters.JUnitReportReporter -->
<testsuite hostname="WIN-RU0SR3DOB67" failures="0" tests="6" name="tests.resetPasswordPageTests.AllPageFirefoxTests" time="42.508" errors="0" timestamp="2023-09-25T11:59:02 EEST" skipped="0">
  <testcase classname="tests.resetPasswordPageTests.AllPageFirefoxTests" name="allHeaderResetPasswordPage" time="11.337"/>
  <testcase classname="tests.resetPasswordPageTests.AllPageFirefoxTests" name="getStartedHeaderResetPasswordPage" time="5.163"/>
  <testcase classname="tests.resetPasswordPageTests.AllPageFirefoxTests" name="learnHeaderResetPasswordPage" time="7.856"/>
  <testcase classname="tests.resetPasswordPageTests.AllPageFirefoxTests" name="resourcesHeaderResetPasswordPage" time="5.166"/>
  <testcase classname="tests.resetPasswordPageTests.AllPageFirefoxTests" name="mainSectionResetPasswordPage" time="6.954"/>
  <testcase classname="tests.resetPasswordPageTests.AllPageFirefoxTests" name="allFooterResetPasswordPage" time="6.032"/>
</testsuite> <!-- tests.resetPasswordPageTests.AllPageFirefoxTests -->
