<?xml version="1.0" encoding="UTF-8"?>
<!-- Generated by org.testng.reporters.JUnitReportReporter -->
<testsuite hostname="WIN-RU0SR3DOB67" failures="0" tests="5" name="tests.SignUp.SignUpFirefoxTests" time="25.205" errors="0" timestamp="2023-08-31T10:17:10 EEST" skipped="0">
  <testcase classname="tests.SignUp.SignUpFirefoxTests" name="allHeaderSignUpPage" time="5.624"/>
  <testcase classname="tests.SignUp.SignUpFirefoxTests" name="mainBlockWhitePaperPage" time="4.936"/>
  <testcase classname="tests.SignUp.SignUpFirefoxTests" name="Already" time="4.886"/>
  <testcase classname="tests.SignUp.SignUpFirefoxTests" name="allPageSignUpPage" time="4.948"/>
  <testcase classname="tests.SignUp.SignUpFirefoxTests" name="allFooterSignUp" time="4.811"/>
</testsuite> <!-- tests.SignUp.SignUpFirefoxTests -->
