<?xml version="1.0" encoding="UTF-8"?>
<!-- Generated by org.testng.reporters.JUnitReportReporter -->
<testsuite hostname="WIN-RU0SR3DOB67" failures="0" tests="9" name="tests.accountAffiliateProgramPageTests.AllPageFirefoxTests" time="68.554" errors="0" timestamp="2023-09-29T16:17:10 EEST" skipped="0">
  <testcase classname="tests.accountAffiliateProgramPageTests.AllPageFirefoxTests" name="signInUser" time="10.722"/>
  <testcase classname="tests.accountAffiliateProgramPageTests.AllPageFirefoxTests" name="allHeaderAccountAffiliateProgramPage" time="7.259"/>
  <testcase classname="tests.accountAffiliateProgramPageTests.AllPageFirefoxTests" name="getStartedHeaderAccountAffiliateProgramPage" time="6.954"/>
  <testcase classname="tests.accountAffiliateProgramPageTests.AllPageFirefoxTests" name="learnHeaderAccountAffiliateProgramPage" time="6.929"/>
  <testcase classname="tests.accountAffiliateProgramPageTests.AllPageFirefoxTests" name="resourcesHeaderAccountAffiliateProgramPage" time="9.622"/>
  <testcase classname="tests.accountAffiliateProgramPageTests.AllPageFirefoxTests" name="notificationsHeaderAccountAffiliateProgramPage" time="7.081"/>
  <testcase classname="tests.accountAffiliateProgramPageTests.AllPageFirefoxTests" name="profileHeaderAccountAffiliateProgramPage" time="7.037"/>
  <testcase classname="tests.accountAffiliateProgramPageTests.AllPageFirefoxTests" name="mainSectionAccountAffiliateProgramPage" time="6.960"/>
  <testcase classname="tests.accountAffiliateProgramPageTests.AllPageFirefoxTests" name="allFooterAccountAffiliateProgramPage" time="5.990"/>
</testsuite> <!-- tests.accountAffiliateProgramPageTests.AllPageFirefoxTests -->
