<?xml version="1.0" encoding="UTF-8"?>
<!-- Generated by org.testng.reporters.JUnitReportReporter -->
<testsuite hostname="WIN-RU0SR3DOB67" failures="0" tests="6" name="tests.resetPasswordPageTests.AllPageChromeTests" time="38.140" errors="0" timestamp="2023-09-19T11:49:26 EEST" skipped="0">
  <testcase classname="tests.resetPasswordPageTests.AllPageChromeTests" name="allHeaderResetPasswordPage" time="8.145"/>
  <testcase classname="tests.resetPasswordPageTests.AllPageChromeTests" name="getStartedHeaderResetPasswordPage" time="6.141"/>
  <testcase classname="tests.resetPasswordPageTests.AllPageChromeTests" name="learnHeaderResetPasswordPage" time="5.230"/>
  <testcase classname="tests.resetPasswordPageTests.AllPageChromeTests" name="resourcesHeaderResetPasswordPage" time="5.247"/>
  <testcase classname="tests.resetPasswordPageTests.AllPageChromeTests" name="mainSectionResetPasswordPage" time="7.189"/>
  <testcase classname="tests.resetPasswordPageTests.AllPageChromeTests" name="allFooterResetPasswordPage" time="6.188"/>
</testsuite> <!-- tests.resetPasswordPageTests.AllPageChromeTests -->
