<?xml version="1.0" encoding="UTF-8"?>
<!-- Generated by org.testng.reporters.JUnitReportReporter -->
<testsuite hostname="WIN-RU0SR3DOB67" failures="0" tests="13" name="tests.mainPageTests.AllPageFirefoxTests" time="78.640" errors="0" timestamp="2023-08-28T12:12:31 EEST" skipped="0">
  <testcase classname="tests.mainPageTests.AllPageFirefoxTests" name="allHeaderMainPage" time="14.144"/>
  <system-out/>
  <testcase classname="tests.mainPageTests.AllPageFirefoxTests" name="getStartedHeaderMainPage" time="4.215"/>
  <system-out/>
  <testcase classname="tests.mainPageTests.AllPageFirefoxTests" name="learnHeaderMainPage" time="4.190"/>
  <system-out/>
  <testcase classname="tests.mainPageTests.AllPageFirefoxTests" name="resourcesHeaderMainPage" time="4.700"/>
  <system-out/>
  <testcase classname="tests.mainPageTests.AllPageFirefoxTests" name="mainSectionMainPage" time="5.052"/>
  <system-out/>
  <testcase classname="tests.mainPageTests.AllPageFirefoxTests" name="videoSectionMainPage" time="5.493"/>
  <system-out/>
  <testcase classname="tests.mainPageTests.AllPageFirefoxTests" name="roadmapSectionMainPage" time="6.059"/>
  <system-out/>
  <testcase classname="tests.mainPageTests.AllPageFirefoxTests" name="statisticsSectionMainPage" time="5.374"/>
  <system-out/>
  <testcase classname="tests.mainPageTests.AllPageFirefoxTests" name="leaningSectionMainPage" time="5.460"/>
  <system-out/>
  <testcase classname="tests.mainPageTests.AllPageFirefoxTests" name="allFooterMainPage" time="5.371"/>
  <system-out/>
  <testcase classname="tests.mainPageTests.AllPageFirefoxTests" name="partnFooterMainPage" time="4.939"/>
  <system-out/>
  <testcase classname="tests.mainPageTests.AllPageFirefoxTests" name="subFooterMainPage" time="9.035"/>
  <system-out/>
  <testcase classname="tests.mainPageTests.AllPageFirefoxTests" name="copFooterMainPage" time="4.608"/>
  <system-out/>
</testsuite> <!-- tests.mainPageTests.AllPageFirefoxTests -->
