<?xml version="1.0" encoding="UTF-8"?>
<!-- Generated by org.testng.reporters.JUnitReportReporter -->
<testsuite hostname="WIN-RU0SR3DOB67" failures="0" tests="7" name="tests.resetPasswordPage2Tests.AllPageFirefoxTests" time="59.162" errors="0" timestamp="2023-09-12T13:43:53 EEST" skipped="1">
  <testcase classname="tests.resetPasswordPage2Tests.AllPageFirefoxTests" name="allHeaderResetPasswordPage2" time="14.208"/>
  <testcase classname="tests.resetPasswordPage2Tests.AllPageFirefoxTests" name="getStartedHeaderResetPasswordPage2" time="5.090"/>
  <testcase classname="tests.resetPasswordPage2Tests.AllPageFirefoxTests" name="learnHeaderResetPasswordPage2" time="5.099"/>
  <testcase classname="tests.resetPasswordPage2Tests.AllPageFirefoxTests" name="resourcesHeaderResetPasswordPage2" time="15.176"/>
  <testcase classname="tests.resetPasswordPage2Tests.AllPageFirefoxTests" name="mainSectionResetPasswordPage2" time="6.988"/>
  <testcase classname="tests.resetPasswordPage2Tests.AllPageFirefoxTests" name="mainSectionResetPasswordPage2" time="6.636">
    <skipped/>
  </testcase> <!-- mainSectionResetPasswordPage2 -->
  <testcase classname="tests.resetPasswordPage2Tests.AllPageFirefoxTests" name="allFooterResetPasswordPage2" time="5.965"/>
</testsuite> <!-- tests.resetPasswordPage2Tests.AllPageFirefoxTests -->
