<?xml version="1.0" encoding="UTF-8"?>
<!-- Generated by org.testng.reporters.JUnitReportReporter -->
<testsuite hostname="WIN-RU0SR3DOB67" failures="0" tests="5" name="tests.SignUp.SignUpFirefoxTests" time="24.928" errors="0" timestamp="2023-08-31T10:22:44 EEST" skipped="0">
  <testcase classname="tests.SignUp.SignUpFirefoxTests" name="allHeaderSignUpPage" time="5.552"/>
  <testcase classname="tests.SignUp.SignUpFirefoxTests" name="mainBlockWhitePaperPage" time="4.940"/>
  <testcase classname="tests.SignUp.SignUpFirefoxTests" name="Already" time="7.260"/>
  <testcase classname="tests.SignUp.SignUpFirefoxTests" name="allPageSignUpPage" time="2.379"/>
  <testcase classname="tests.SignUp.SignUpFirefoxTests" name="allFooterSignUp" time="4.797"/>
</testsuite> <!-- tests.SignUp.SignUpFirefoxTests -->
