<?xml version="1.0" encoding="UTF-8"?>
<!-- Generated by org.testng.reporters.JUnitReportReporter -->
<testsuite hostname="WIN-RU0SR3DOB67" failures="2" tests="12" name="tests.WhatIsAimood.WhatIsAimoodFirefoxTests" time="76.186" errors="0" timestamp="2023-09-29T13:35:57 EEST" skipped="4">
  <testcase classname="tests.WhatIsAimood.WhatIsAimoodFirefoxTests" name="allHeaderWhatIsAimoodPage" time="10.420"/>
  <testcase classname="tests.WhatIsAimood.WhatIsAimoodFirefoxTests" name="getStartedHeaderWhatIsAimoodPage" time="7.875"/>
  <testcase classname="tests.WhatIsAimood.WhatIsAimoodFirefoxTests" name="learnHeaderWhatIsAimoodPage" time="4.969">
    <skipped/>
  </testcase> <!-- learnHeaderWhatIsAimoodPage -->
  <testcase classname="tests.WhatIsAimood.WhatIsAimoodFirefoxTests" name="learnHeaderWhatIsAimoodPage" time="4.986">
    <skipped/>
  </testcase> <!-- learnHeaderWhatIsAimoodPage -->
  <testcase classname="tests.WhatIsAimood.WhatIsAimoodFirefoxTests" name="learnHeaderWhatIsAimoodPage" time="4.946">
    <failure message="*** Images are not similar *** expected [true] but found [false]" type="java.lang.AssertionError">
      <![CDATA[java.lang.AssertionError: *** Images are not similar *** expected [true] but found [false]
at org.testng.Assert.fail(Assert.java:111)
at org.testng.Assert.failNotEquals(Assert.java:1578)
at org.testng.Assert.assertTrue(Assert.java:57)
at pages.pixel_perfect.PixelPerfectAssert.byElement(PixelPerfectAssert.java:109)
at tests.WhatIsAimood.WhatIsAimoodFirefoxTests.learnHeaderWhatIsAimoodPage(WhatIsAimoodFirefoxTests.java:62)
at java.base/jdk.internal.reflect.NativeMethodAccessorImpl.invoke0(Native Method)
at java.base/jdk.internal.reflect.NativeMethodAccessorImpl.invoke(NativeMethodAccessorImpl.java:62)
at java.base/jdk.internal.reflect.DelegatingMethodAccessorImpl.invoke(DelegatingMethodAccessorImpl.java:43)
at java.base/java.lang.reflect.Method.invoke(Method.java:566)
at org.testng.internal.invokers.MethodInvocationHelper.invokeMethod(MethodInvocationHelper.java:139)
at org.testng.internal.invokers.TestInvoker.invokeMethod(TestInvoker.java:664)
at org.testng.internal.invokers.TestInvoker.retryFailed(TestInvoker.java:248)
at org.testng.internal.invokers.MethodRunner.runInSequence(MethodRunner.java:62)
at org.testng.internal.invokers.TestInvoker$MethodInvocationAgent.invoke(TestInvoker.java:957)
at org.testng.internal.invokers.TestInvoker.invokeTestMethods(TestInvoker.java:200)
at org.testng.internal.invokers.TestMethodWorker.invokeTestMethods(TestMethodWorker.java:148)
at org.testng.internal.invokers.TestMethodWorker.run(TestMethodWorker.java:128)
at java.base/java.util.ArrayList.forEach(ArrayList.java:1540)
at org.testng.TestRunner.privateRun(TestRunner.java:848)
at org.testng.TestRunner.run(TestRunner.java:621)
at org.testng.SuiteRunner.runTest(SuiteRunner.java:443)
at org.testng.SuiteRunner.runSequentially(SuiteRunner.java:437)
at org.testng.SuiteRunner.privateRun(SuiteRunner.java:397)
at org.testng.SuiteRunner.run(SuiteRunner.java:336)
at org.testng.SuiteRunnerWorker.runSuite(SuiteRunnerWorker.java:52)
at org.testng.SuiteRunnerWorker.run(SuiteRunnerWorker.java:95)
at org.testng.TestNG.runSuitesSequentially(TestNG.java:1280)
at org.testng.TestNG.runSuitesLocally(TestNG.java:1200)
at org.testng.TestNG.runSuites(TestNG.java:1114)
at org.testng.TestNG.run(TestNG.java:1082)
at org.apache.maven.surefire.testng.TestNGExecutor.run(TestNGExecutor.java:284)
at org.apache.maven.surefire.testng.TestNGXmlTestSuite.execute(TestNGXmlTestSuite.java:75)
at org.apache.maven.surefire.testng.TestNGProvider.invoke(TestNGProvider.java:119)
at org.apache.maven.surefire.booter.ForkedBooter.runSuitesInProcess(ForkedBooter.java:428)
at org.apache.maven.surefire.booter.ForkedBooter.execute(ForkedBooter.java:162)
at org.apache.maven.surefire.booter.ForkedBooter.run(ForkedBooter.java:562)
at org.apache.maven.surefire.booter.ForkedBooter.main(ForkedBooter.java:548)
]]>
    </failure>
  </testcase> <!-- learnHeaderWhatIsAimoodPage -->
  <testcase classname="tests.WhatIsAimood.WhatIsAimoodFirefoxTests" name="resourcesHeaderWhatIsAimoodPage" time="5.475"/>
  <testcase classname="tests.WhatIsAimood.WhatIsAimoodFirefoxTests" name="mainBlockWhatIsAimoodPage" time="6.411"/>
  <testcase classname="tests.WhatIsAimood.WhatIsAimoodFirefoxTests" name="whyChooseWhatIsAimoodPage" time="6.629"/>
  <testcase classname="tests.WhatIsAimood.WhatIsAimoodFirefoxTests" name="ecosystemWhatIsAimoodPage" time="6.590"/>
  <testcase classname="tests.WhatIsAimood.WhatIsAimoodFirefoxTests" name="allFooterWhatIsAimoodPage" time="5.956">
    <skipped/>
  </testcase> <!-- allFooterWhatIsAimoodPage -->
  <testcase classname="tests.WhatIsAimood.WhatIsAimoodFirefoxTests" name="allFooterWhatIsAimoodPage" time="5.982">
    <failure message="*** Images are not similar *** expected [true] but found [false]" type="java.lang.AssertionError">
      <![CDATA[java.lang.AssertionError: *** Images are not similar *** expected [true] but found [false]
at org.testng.Assert.fail(Assert.java:111)
at org.testng.Assert.failNotEquals(Assert.java:1578)
at org.testng.Assert.assertTrue(Assert.java:57)
at pages.pixel_perfect.PixelPerfectAssert.byElement(PixelPerfectAssert.java:109)
at tests.WhatIsAimood.WhatIsAimoodFirefoxTests.allFooterWhatIsAimoodPage(WhatIsAimoodFirefoxTests.java:170)
at java.base/jdk.internal.reflect.NativeMethodAccessorImpl.invoke0(Native Method)
at java.base/jdk.internal.reflect.NativeMethodAccessorImpl.invoke(NativeMethodAccessorImpl.java:62)
at java.base/jdk.internal.reflect.DelegatingMethodAccessorImpl.invoke(DelegatingMethodAccessorImpl.java:43)
at java.base/java.lang.reflect.Method.invoke(Method.java:566)
at org.testng.internal.invokers.MethodInvocationHelper.invokeMethod(MethodInvocationHelper.java:139)
at org.testng.internal.invokers.TestInvoker.invokeMethod(TestInvoker.java:664)
at org.testng.internal.invokers.TestInvoker.retryFailed(TestInvoker.java:248)
at org.testng.internal.invokers.MethodRunner.runInSequence(MethodRunner.java:62)
at org.testng.internal.invokers.TestInvoker$MethodInvocationAgent.invoke(TestInvoker.java:957)
at org.testng.internal.invokers.TestInvoker.invokeTestMethods(TestInvoker.java:200)
at org.testng.internal.invokers.TestMethodWorker.invokeTestMethods(TestMethodWorker.java:148)
at org.testng.internal.invokers.TestMethodWorker.run(TestMethodWorker.java:128)
at java.base/java.util.ArrayList.forEach(ArrayList.java:1540)
at org.testng.TestRunner.privateRun(TestRunner.java:848)
at org.testng.TestRunner.run(TestRunner.java:621)
at org.testng.SuiteRunner.runTest(SuiteRunner.java:443)
at org.testng.SuiteRunner.runSequentially(SuiteRunner.java:437)
at org.testng.SuiteRunner.privateRun(SuiteRunner.java:397)
at org.testng.SuiteRunner.run(SuiteRunner.java:336)
at org.testng.SuiteRunnerWorker.runSuite(SuiteRunnerWorker.java:52)
at org.testng.SuiteRunnerWorker.run(SuiteRunnerWorker.java:95)
at org.testng.TestNG.runSuitesSequentially(TestNG.java:1280)
at org.testng.TestNG.runSuitesLocally(TestNG.java:1200)
at org.testng.TestNG.runSuites(TestNG.java:1114)
at org.testng.TestNG.run(TestNG.java:1082)
at org.apache.maven.surefire.testng.TestNGExecutor.run(TestNGExecutor.java:284)
at org.apache.maven.surefire.testng.TestNGXmlTestSuite.execute(TestNGXmlTestSuite.java:75)
at org.apache.maven.surefire.testng.TestNGProvider.invoke(TestNGProvider.java:119)
at org.apache.maven.surefire.booter.ForkedBooter.runSuitesInProcess(ForkedBooter.java:428)
at org.apache.maven.surefire.booter.ForkedBooter.execute(ForkedBooter.java:162)
at org.apache.maven.surefire.booter.ForkedBooter.run(ForkedBooter.java:562)
at org.apache.maven.surefire.booter.ForkedBooter.main(ForkedBooter.java:548)
]]>
    </failure>
  </testcase> <!-- allFooterWhatIsAimoodPage -->
  <testcase classname="tests.WhatIsAimood.WhatIsAimoodFirefoxTests" name="allFooterWhatIsAimoodPage" time="5.947">
    <skipped/>
  </testcase> <!-- allFooterWhatIsAimoodPage -->
</testsuite> <!-- tests.WhatIsAimood.WhatIsAimoodFirefoxTests -->
