<?xml version="1.0" encoding="UTF-8"?>
<!-- Generated by org.testng.reporters.JUnitReportReporter -->
<testsuite hostname="WIN-RU0SR3DOB67" failures="0" tests="7" name="tests.marketPlacePageTests.AllPageChromeTests" time="49.561" errors="0" timestamp="2023-09-12T11:10:47 EEST" skipped="0">
  <testcase classname="tests.marketPlacePageTests.AllPageChromeTests" name="allHeaderMarketPlacePage" time="9.191"/>
  <testcase classname="tests.marketPlacePageTests.AllPageChromeTests" name="getStartedHeaderMarketPlacePage" time="6.379"/>
  <testcase classname="tests.marketPlacePageTests.AllPageChromeTests" name="learnHeaderMarketPlacePage" time="6.412"/>
  <testcase classname="tests.marketPlacePageTests.AllPageChromeTests" name="resourcesHeaderMarketPlacePage" time="6.287"/>
  <testcase classname="tests.marketPlacePageTests.AllPageChromeTests" name="mainSectionMarketPlacePage" time="7.297"/>
  <testcase classname="tests.marketPlacePageTests.AllPageChromeTests" name="statisticsSectionMarketPlacePage" time="7.608"/>
  <testcase classname="tests.marketPlacePageTests.AllPageChromeTests" name="allFooterMarketPlacePage" time="6.387"/>
</testsuite> <!-- tests.marketPlacePageTests.AllPageChromeTests -->
