<?xml version="1.0" encoding="UTF-8"?>
<!-- Generated by org.testng.reporters.JUnitReportReporter -->
<testsuite hostname="WIN-RU0SR3DOB67" failures="0" tests="10" name="tests.affiliateProgramPageTests.AllPageChromeTests" time="52.005" errors="0" timestamp="2023-08-16T12:42:46 EEST" skipped="0">
  <testcase classname="tests.affiliateProgramPageTests.AllPageChromeTests" name="allHeaderAffiliateProgramPage" time="5.524"/>
  <system-out/>
  <testcase classname="tests.affiliateProgramPageTests.AllPageChromeTests" name="getStartedHeaderAffiliateProgramPage" time="5.986"/>
  <system-out/>
  <testcase classname="tests.affiliateProgramPageTests.AllPageChromeTests" name="learnHeaderAffiliateProgramPage" time="4.448"/>
  <system-out/>
  <testcase classname="tests.affiliateProgramPageTests.AllPageChromeTests" name="resourcesHeaderAffiliateProgramPage" time="4.346"/>
  <system-out/>
  <testcase classname="tests.affiliateProgramPageTests.AllPageChromeTests" name="mainSectionAffiliateProgramPage" time="6.277"/>
  <system-out/>
  <testcase classname="tests.affiliateProgramPageTests.AllPageChromeTests" name="affiliateSectionAffiliateProgramPage" time="5.634"/>
  <system-out/>
  <testcase classname="tests.affiliateProgramPageTests.AllPageChromeTests" name="allFooterAffiliateProgramPage" time="5.281"/>
  <system-out/>
  <testcase classname="tests.affiliateProgramPageTests.AllPageChromeTests" name="partnFooterAffiliateProgramPage" time="5.151"/>
  <system-out/>
  <testcase classname="tests.affiliateProgramPageTests.AllPageChromeTests" name="subFooterAffiliateProgramPage" time="5.152"/>
  <system-out/>
  <testcase classname="tests.affiliateProgramPageTests.AllPageChromeTests" name="copFooterAffiliateProgramPage" time="4.206"/>
  <system-out/>
</testsuite> <!-- tests.affiliateProgramPageTests.AllPageChromeTests -->
