<?xml version="1.0" encoding="UTF-8"?>
<!-- Generated by org.testng.reporters.JUnitReportReporter -->
<testsuite hostname="WIN-RU0SR3DOB67" failures="0" tests="10" name="tests.tokenMoodPageTests.AllPageFirefoxTests" time="52.396" errors="0" timestamp="2023-08-15T10:48:24 EEST" skipped="0">
  <testcase classname="tests.tokenMoodPageTests.AllPageFirefoxTests" name="allHeaderTokenMoodPage" time="7.244"/>
  <system-out/>
  <testcase classname="tests.tokenMoodPageTests.AllPageFirefoxTests" name="getStartedHeaderTokenMoodPage" time="4.118"/>
  <system-out/>
  <testcase classname="tests.tokenMoodPageTests.AllPageFirefoxTests" name="learnHeaderTokenMoodPage" time="4.122"/>
  <system-out/>
  <testcase classname="tests.tokenMoodPageTests.AllPageFirefoxTests" name="resourcesHeaderTokenMoodPage" time="4.146"/>
  <system-out/>
  <testcase classname="tests.tokenMoodPageTests.AllPageFirefoxTests" name="mainSectionTokenMoodPage" time="4.941"/>
  <system-out/>
  <testcase classname="tests.tokenMoodPageTests.AllPageFirefoxTests" name="statisticsSectionTokenMoodPage" time="5.297"/>
  <system-out/>
  <testcase classname="tests.tokenMoodPageTests.AllPageFirefoxTests" name="allFooterTokenMoodPage" time="5.018"/>
  <system-out/>
  <testcase classname="tests.tokenMoodPageTests.AllPageFirefoxTests" name="partnFooterTokenMoodPage" time="4.927"/>
  <system-out/>
  <testcase classname="tests.tokenMoodPageTests.AllPageFirefoxTests" name="subFooterTokenMoodPage" time="8.537"/>
  <system-out/>
  <testcase classname="tests.tokenMoodPageTests.AllPageFirefoxTests" name="copFooterTokenMoodPage" time="4.046"/>
  <system-out/>
</testsuite> <!-- tests.tokenMoodPageTests.AllPageFirefoxTests -->
