<?xml version="1.0" encoding="UTF-8"?>
<!-- Generated by org.testng.reporters.JUnitReportReporter -->
<testsuite hostname="WIN-RU0SR3DOB67" failures="0" tests="6" name="tests.resetPasswordPageTests.AllPageChromeTests" time="42.909" errors="0" timestamp="2023-10-04T14:07:53 EEST" skipped="0">
  <testcase classname="tests.resetPasswordPageTests.AllPageChromeTests" name="allHeaderResetPasswordPage" time="12.631"/>
  <testcase classname="tests.resetPasswordPageTests.AllPageChromeTests" name="getStartedHeaderResetPasswordPage" time="5.524"/>
  <testcase classname="tests.resetPasswordPageTests.AllPageChromeTests" name="learnHeaderResetPasswordPage" time="5.463"/>
  <testcase classname="tests.resetPasswordPageTests.AllPageChromeTests" name="resourcesHeaderResetPasswordPage" time="5.463"/>
  <testcase classname="tests.resetPasswordPageTests.AllPageChromeTests" name="mainSectionResetPasswordPage" time="7.396"/>
  <testcase classname="tests.resetPasswordPageTests.AllPageChromeTests" name="allFooterResetPasswordPage" time="6.432"/>
</testsuite> <!-- tests.resetPasswordPageTests.AllPageChromeTests -->
