<?xml version="1.0" encoding="UTF-8"?>
<!-- Generated by org.testng.reporters.JUnitReportReporter -->
<testsuite hostname="WIN-RU0SR3DOB67" failures="0" tests="6" name="tests.signUpPageTests.AllPageFirefoxTests" time="41.594" errors="0" timestamp="2023-09-25T11:05:41 EEST" skipped="0">
  <testcase classname="tests.signUpPageTests.AllPageFirefoxTests" name="allHeaderSignUpPage" time="10.626"/>
  <testcase classname="tests.signUpPageTests.AllPageFirefoxTests" name="getStartedHeaderSignUpPage" time="5.093"/>
  <testcase classname="tests.signUpPageTests.AllPageFirefoxTests" name="learnHeaderSignUpPage" time="5.111"/>
  <testcase classname="tests.signUpPageTests.AllPageFirefoxTests" name="resourcesHeaderSignUpPage" time="5.144"/>
  <testcase classname="tests.signUpPageTests.AllPageFirefoxTests" name="mainSectionSignUpPage" time="9.596"/>
  <testcase classname="tests.signUpPageTests.AllPageFirefoxTests" name="allFooterSignUpPage" time="6.024"/>
</testsuite> <!-- tests.signUpPageTests.AllPageFirefoxTests -->
