<?xml version="1.0" encoding="UTF-8"?>
<!-- Generated by org.testng.reporters.JUnitReportReporter -->
<testsuite hostname="WIN-RU0SR3DOB67" failures="0" tests="6" name="tests.signInPageTests.AllPageFirefoxTests" time="43.951" errors="0" timestamp="2023-10-04T14:07:53 EEST" skipped="0">
  <testcase classname="tests.signInPageTests.AllPageFirefoxTests" name="allHeaderSignInPage" time="12.441"/>
  <testcase classname="tests.signInPageTests.AllPageFirefoxTests" name="getStartedHeaderSignInPage" time="5.753"/>
  <testcase classname="tests.signInPageTests.AllPageFirefoxTests" name="learnHeaderSignInPage" time="5.608"/>
  <testcase classname="tests.signInPageTests.AllPageFirefoxTests" name="resourcesHeaderSignInPage" time="5.850"/>
  <testcase classname="tests.signInPageTests.AllPageFirefoxTests" name="mainSectionSignInPage" time="7.684"/>
  <testcase classname="tests.signInPageTests.AllPageFirefoxTests" name="allFooterSignInPage" time="6.615"/>
</testsuite> <!-- tests.signInPageTests.AllPageFirefoxTests -->
