<?xml version="1.0" encoding="UTF-8"?>
<!-- Generated by org.testng.reporters.JUnitReportReporter -->
<testsuite hostname="WIN-RU0SR3DOB67" failures="0" tests="9" name="tests.buySellMoodCoinTests.AllPageFirefoxTests" time="44.892" errors="0" timestamp="2023-08-14T19:51:11 EEST" skipped="0">
  <testcase classname="tests.buySellMoodCoinTests.AllPageFirefoxTests" name="allHeaderBuySellMoodCoinPage" time="5.929"/>
  <system-out/>
  <testcase classname="tests.buySellMoodCoinTests.AllPageFirefoxTests" name="getStartedHeaderBuySellMoodCoinPage" time="4.115"/>
  <system-out/>
  <testcase classname="tests.buySellMoodCoinTests.AllPageFirefoxTests" name="learnHeaderBuySellMoodCoinPage" time="4.129"/>
  <system-out/>
  <testcase classname="tests.buySellMoodCoinTests.AllPageFirefoxTests" name="resourcesHeaderBuySellMoodCoinPage" time="4.204"/>
  <system-out/>
  <testcase classname="tests.buySellMoodCoinTests.AllPageFirefoxTests" name="mainSectionBuySellMoodCoinPage" time="4.991"/>
  <system-out/>
  <testcase classname="tests.buySellMoodCoinTests.AllPageFirefoxTests" name="allFooterBuySellMoodCoinPage" time="5.031"/>
  <system-out/>
  <testcase classname="tests.buySellMoodCoinTests.AllPageFirefoxTests" name="partnFooterBuySellMoodCoinPage" time="4.974"/>
  <system-out/>
  <testcase classname="tests.buySellMoodCoinTests.AllPageFirefoxTests" name="subFooterBuySellMoodCoinPage" time="7.438"/>
  <system-out/>
  <testcase classname="tests.buySellMoodCoinTests.AllPageFirefoxTests" name="copFooterBuySellMoodCoinPage" time="4.081"/>
  <system-out/>
</testsuite> <!-- tests.buySellMoodCoinTests.AllPageFirefoxTests -->
