<?xml version="1.0" encoding="UTF-8"?>
<!-- Generated by org.testng.reporters.JUnitReportReporter -->
<testsuite hostname="WIN-RU0SR3DOB67" failures="0" tests="10" name="tests.accountAffiliateProgramPageTests.AllPageChromeTests" time="97.656" errors="0" timestamp="2023-09-25T11:59:02 EEST" skipped="1">
  <testcase classname="tests.accountAffiliateProgramPageTests.AllPageChromeTests" name="signInUser" time="27.860"/>
  <testcase classname="tests.accountAffiliateProgramPageTests.AllPageChromeTests" name="allHeaderAccountAffiliateProgramPage" time="8.582">
    <skipped/>
  </testcase> <!-- allHeaderAccountAffiliateProgramPage -->
  <testcase classname="tests.accountAffiliateProgramPageTests.AllPageChromeTests" name="allHeaderAccountAffiliateProgramPage" time="8.670"/>
  <testcase classname="tests.accountAffiliateProgramPageTests.AllPageChromeTests" name="getStartedHeaderAccountAffiliateProgramPage" time="7.487"/>
  <testcase classname="tests.accountAffiliateProgramPageTests.AllPageChromeTests" name="learnHeaderAccountAffiliateProgramPage" time="7.514"/>
  <testcase classname="tests.accountAffiliateProgramPageTests.AllPageChromeTests" name="resourcesHeaderAccountAffiliateProgramPage" time="7.500"/>
  <testcase classname="tests.accountAffiliateProgramPageTests.AllPageChromeTests" name="notificationsHeaderAccountAffiliateProgramPage" time="7.480"/>
  <testcase classname="tests.accountAffiliateProgramPageTests.AllPageChromeTests" name="profileHeaderAccountAffiliateProgramPage" time="7.411"/>
  <testcase classname="tests.accountAffiliateProgramPageTests.AllPageChromeTests" name="mainSectionAccountAffiliateProgramPage" time="8.431"/>
  <testcase classname="tests.accountAffiliateProgramPageTests.AllPageChromeTests" name="allFooterAccountAffiliateProgramPage" time="6.721"/>
</testsuite> <!-- tests.accountAffiliateProgramPageTests.AllPageChromeTests -->
