<?xml version="1.0" encoding="UTF-8"?>
<!-- Generated by org.testng.reporters.JUnitReportReporter -->
<testsuite hostname="WIN-RU0SR3DOB67" failures="0" tests="9" name="tests.accountAffiliateProgramPageTests.AllPageFirefoxTests" time="67.778" errors="0" timestamp="2023-09-29T17:47:37 EEST" skipped="0">
  <testcase classname="tests.accountAffiliateProgramPageTests.AllPageFirefoxTests" name="signInUser" time="10.221"/>
  <testcase classname="tests.accountAffiliateProgramPageTests.AllPageFirefoxTests" name="allHeaderAccountAffiliateProgramPage" time="7.196"/>
  <testcase classname="tests.accountAffiliateProgramPageTests.AllPageFirefoxTests" name="getStartedHeaderAccountAffiliateProgramPage" time="6.947"/>
  <testcase classname="tests.accountAffiliateProgramPageTests.AllPageFirefoxTests" name="learnHeaderAccountAffiliateProgramPage" time="6.965"/>
  <testcase classname="tests.accountAffiliateProgramPageTests.AllPageFirefoxTests" name="resourcesHeaderAccountAffiliateProgramPage" time="9.422"/>
  <testcase classname="tests.accountAffiliateProgramPageTests.AllPageFirefoxTests" name="notificationsHeaderAccountAffiliateProgramPage" time="7.052"/>
  <testcase classname="tests.accountAffiliateProgramPageTests.AllPageFirefoxTests" name="profileHeaderAccountAffiliateProgramPage" time="7.066"/>
  <testcase classname="tests.accountAffiliateProgramPageTests.AllPageFirefoxTests" name="mainSectionAccountAffiliateProgramPage" time="6.963"/>
  <testcase classname="tests.accountAffiliateProgramPageTests.AllPageFirefoxTests" name="allFooterAccountAffiliateProgramPage" time="5.946"/>
</testsuite> <!-- tests.accountAffiliateProgramPageTests.AllPageFirefoxTests -->
