<?xml version="1.0" encoding="UTF-8"?>
<!-- Generated by org.testng.reporters.JUnitReportReporter -->
<testsuite hostname="WIN-RU0SR3DOB67" failures="0" tests="9" name="tests.whitePaper.WhitePaperChromeTests" time="59.590" errors="0" timestamp="2023-09-19T11:49:26 EEST" skipped="0">
  <testcase classname="tests.whitePaper.WhitePaperChromeTests" name="allHeaderWhitePaperPage" time="8.870"/>
  <testcase classname="tests.whitePaper.WhitePaperChromeTests" name="marketPlaceHeaderWhitePaperPage" time="6.152"/>
  <testcase classname="tests.whitePaper.WhitePaperChromeTests" name="whitePaperHeaderWhitePaperPage" time="6.139"/>
  <testcase classname="tests.whitePaper.WhitePaperChromeTests" name="getStartedHeaderWhitePaperPage" time="7.005"/>
  <testcase classname="tests.whitePaper.WhitePaperChromeTests" name="learnHeaderWhitePaperPage" time="6.171"/>
  <testcase classname="tests.whitePaper.WhitePaperChromeTests" name="resourcesHeaderWhitePaperPage" time="6.194"/>
  <testcase classname="tests.whitePaper.WhitePaperChromeTests" name="mainBlockWhitePaperPage" time="6.225"/>
  <testcase classname="tests.whitePaper.WhitePaperChromeTests" name="EweuimtPage" time="6.609"/>
  <testcase classname="tests.whitePaper.WhitePaperChromeTests" name="allFooterWhitePaperPage" time="6.225"/>
</testsuite> <!-- tests.whitePaper.WhitePaperChromeTests -->
