<?xml version="1.0" encoding="UTF-8"?>
<!-- Generated by org.testng.reporters.JUnitReportReporter -->
<testsuite hostname="WIN-RU0SR3DOB67" failures="0" tests="9" name="tests.accountP2PPageTests.AllPageChromeTests" time="84.346" errors="0" timestamp="2023-09-25T11:59:02 EEST" skipped="0">
  <testcase classname="tests.accountP2PPageTests.AllPageChromeTests" name="signInUser" time="26.563"/>
  <testcase classname="tests.accountP2PPageTests.AllPageChromeTests" name="allHeaderAccountP2PPage" time="6.244"/>
  <testcase classname="tests.accountP2PPageTests.AllPageChromeTests" name="getStartedHeaderAccountP2PPage" time="7.244"/>
  <testcase classname="tests.accountP2PPageTests.AllPageChromeTests" name="learnHeaderAccountP2PPage" time="8.110"/>
  <testcase classname="tests.accountP2PPageTests.AllPageChromeTests" name="resourcesHeaderAccountP2PPage" time="7.303"/>
  <testcase classname="tests.accountP2PPageTests.AllPageChromeTests" name="notificationsHeaderAccountP2PPage" time="7.235"/>
  <testcase classname="tests.accountP2PPageTests.AllPageChromeTests" name="profileHeaderAccountP2PPage" time="7.817"/>
  <testcase classname="tests.accountP2PPageTests.AllPageChromeTests" name="mainSectionAccountP2PPage" time="7.355"/>
  <testcase classname="tests.accountP2PPageTests.AllPageChromeTests" name="allFooterAccountP2PPage" time="6.475"/>
</testsuite> <!-- tests.accountP2PPageTests.AllPageChromeTests -->
