<?xml version="1.0" encoding="UTF-8"?>
<!-- Generated by org.testng.reporters.JUnitReportReporter -->
<testsuite hostname="WIN-RU0SR3DOB67" failures="0" tests="5" name="tests.SignUp.SignUpFirefoxTests" time="25.234" errors="0" timestamp="2023-08-29T12:51:20 EEST" skipped="0">
  <testcase classname="tests.SignUp.SignUpFirefoxTests" name="allHeaderSignUpPage" time="8.259"/>
  <testcase classname="tests.SignUp.SignUpFirefoxTests" name="mainBlockWhitePaperPage" time="4.937"/>
  <testcase classname="tests.SignUp.SignUpFirefoxTests" name="Already" time="4.853"/>
  <testcase classname="tests.SignUp.SignUpFirefoxTests" name="allPageSignUpPage" time="2.379"/>
  <testcase classname="tests.SignUp.SignUpFirefoxTests" name="allFooterSignUp" time="4.806"/>
</testsuite> <!-- tests.SignUp.SignUpFirefoxTests -->
