<?xml version="1.0" encoding="UTF-8"?>
<!-- Generated by org.testng.reporters.JUnitReportReporter -->
<testsuite hostname="WIN-RU0SR3DOB67" failures="0" tests="9" name="tests.accountSettingsPageTests.AllPageFirefoxTests" time="67.321" errors="0" timestamp="2023-09-29T17:47:37 EEST" skipped="0">
  <testcase classname="tests.accountSettingsPageTests.AllPageFirefoxTests" name="signInUser" time="10.394"/>
  <testcase classname="tests.accountSettingsPageTests.AllPageFirefoxTests" name="allHeaderAccountSettingsPage" time="6.127"/>
  <testcase classname="tests.accountSettingsPageTests.AllPageFirefoxTests" name="getStartedHeaderAccountSettingsPage" time="6.972"/>
  <testcase classname="tests.accountSettingsPageTests.AllPageFirefoxTests" name="learnHeaderAccountSettingsPage" time="6.958"/>
  <testcase classname="tests.accountSettingsPageTests.AllPageFirefoxTests" name="resourcesHeaderAccountSettingsPage" time="9.812"/>
  <testcase classname="tests.accountSettingsPageTests.AllPageFirefoxTests" name="notificationsHeaderAccountSettingsPage" time="7.103"/>
  <testcase classname="tests.accountSettingsPageTests.AllPageFirefoxTests" name="profileHeaderAccountSettingsPage" time="7.019"/>
  <testcase classname="tests.accountSettingsPageTests.AllPageFirefoxTests" name="mainSectionAccountSettingsPage" time="7.005"/>
  <testcase classname="tests.accountSettingsPageTests.AllPageFirefoxTests" name="allFooterAccountSettingsPage" time="5.931"/>
</testsuite> <!-- tests.accountSettingsPageTests.AllPageFirefoxTests -->
