<?xml version="1.0" encoding="UTF-8"?>
<!-- Generated by org.testng.reporters.JUnitReportReporter -->
<testsuite hostname="WIN-RU0SR3DOB67" failures="0" tests="9" name="tests.buySellMoodCoinTests.AllPageFirefoxTests" time="44.180" errors="0" timestamp="2023-08-14T20:01:50 EEST" skipped="0">
  <testcase classname="tests.buySellMoodCoinTests.AllPageFirefoxTests" name="allHeaderBuySellMoodCoinPage" time="5.825"/>
  <system-out/>
  <testcase classname="tests.buySellMoodCoinTests.AllPageFirefoxTests" name="getStartedHeaderBuySellMoodCoinPage" time="4.089"/>
  <system-out/>
  <testcase classname="tests.buySellMoodCoinTests.AllPageFirefoxTests" name="learnHeaderBuySellMoodCoinPage" time="4.105"/>
  <system-out/>
  <testcase classname="tests.buySellMoodCoinTests.AllPageFirefoxTests" name="resourcesHeaderBuySellMoodCoinPage" time="4.104"/>
  <system-out/>
  <testcase classname="tests.buySellMoodCoinTests.AllPageFirefoxTests" name="mainSectionBuySellMoodCoinPage" time="4.912"/>
  <system-out/>
  <testcase classname="tests.buySellMoodCoinTests.AllPageFirefoxTests" name="allFooterBuySellMoodCoinPage" time="7.349"/>
  <system-out/>
  <testcase classname="tests.buySellMoodCoinTests.AllPageFirefoxTests" name="partnFooterBuySellMoodCoinPage" time="4.902"/>
  <system-out/>
  <testcase classname="tests.buySellMoodCoinTests.AllPageFirefoxTests" name="subFooterBuySellMoodCoinPage" time="4.891"/>
  <system-out/>
  <testcase classname="tests.buySellMoodCoinTests.AllPageFirefoxTests" name="copFooterBuySellMoodCoinPage" time="4.003"/>
  <system-out/>
</testsuite> <!-- tests.buySellMoodCoinTests.AllPageFirefoxTests -->
