<?xml version="1.0" encoding="UTF-8"?>
<!-- Generated by org.testng.reporters.JUnitReportReporter -->
<testsuite hostname="WIN-RU0SR3DOB67" failures="0" tests="10" name="tests.accountWalletPageTests.AllPageChromeTests" time="92.629" errors="0" timestamp="2023-09-29T17:47:37 EEST" skipped="0">
  <testcase classname="tests.accountWalletPageTests.AllPageChromeTests" name="signInUser" time="29.588"/>
  <testcase classname="tests.accountWalletPageTests.AllPageChromeTests" name="allHeaderAccountWalletPage" time="6.175"/>
  <testcase classname="tests.accountWalletPageTests.AllPageChromeTests" name="getStartedHeaderAccountWalletPage" time="7.209"/>
  <testcase classname="tests.accountWalletPageTests.AllPageChromeTests" name="learnHeaderAccountWalletPage" time="7.214"/>
  <testcase classname="tests.accountWalletPageTests.AllPageChromeTests" name="resourcesHeaderAccountWalletPage" time="7.227"/>
  <testcase classname="tests.accountWalletPageTests.AllPageChromeTests" name="notificationsHeaderAccountWalletPage" time="7.151"/>
  <testcase classname="tests.accountWalletPageTests.AllPageChromeTests" name="profileHeaderAccountWalletPage" time="9.190"/>
  <testcase classname="tests.accountWalletPageTests.AllPageChromeTests" name="mainSectionAccountWalletPage" time="7.399"/>
  <testcase classname="tests.accountWalletPageTests.AllPageChromeTests" name="stakingAccountWalletPage" time="5.215"/>
  <testcase classname="tests.accountWalletPageTests.AllPageChromeTests" name="allFooterAccountWalletPage" time="6.261"/>
</testsuite> <!-- tests.accountWalletPageTests.AllPageChromeTests -->
