<?xml version="1.0" encoding="UTF-8"?>
<!-- Generated by org.testng.reporters.JUnitReportReporter -->
<testsuite hostname="WIN-RU0SR3DOB67" failures="0" tests="6" name="tests.signUpPageTests.AllPageChromeTests" time="41.780" errors="0" timestamp="2023-09-25T11:05:41 EEST" skipped="0">
  <testcase classname="tests.signUpPageTests.AllPageChromeTests" name="allHeaderSignUpPage" time="11.030"/>
  <testcase classname="tests.signUpPageTests.AllPageChromeTests" name="getStartedHeaderSignUpPage" time="5.504"/>
  <testcase classname="tests.signUpPageTests.AllPageChromeTests" name="learnHeaderSignUpPage" time="5.372"/>
  <testcase classname="tests.signUpPageTests.AllPageChromeTests" name="resourcesHeaderSignUpPage" time="5.406"/>
  <testcase classname="tests.signUpPageTests.AllPageChromeTests" name="mainSectionSignUpPage" time="8.104"/>
  <testcase classname="tests.signUpPageTests.AllPageChromeTests" name="allFooterSignUpPage" time="6.364"/>
</testsuite> <!-- tests.signUpPageTests.AllPageChromeTests -->
