<?xml version="1.0" encoding="UTF-8"?>
<!-- Generated by org.testng.reporters.JUnitReportReporter -->
<testsuite hostname="WIN-RU0SR3DOB67" failures="0" tests="8" name="tests.stakingPageTests.AllPageFirefoxTests" time="60.273" errors="0" timestamp="2023-09-12T13:08:07 EEST" skipped="0">
  <testcase classname="tests.stakingPageTests.AllPageFirefoxTests" name="allHeaderStakingPage" time="9.843"/>
  <testcase classname="tests.stakingPageTests.AllPageFirefoxTests" name="getStartedHeaderStakingPage" time="6.082"/>
  <testcase classname="tests.stakingPageTests.AllPageFirefoxTests" name="learnHeaderStakingPage" time="6.050"/>
  <testcase classname="tests.stakingPageTests.AllPageFirefoxTests" name="resourcesHeaderStakingPage" time="6.094"/>
  <testcase classname="tests.stakingPageTests.AllPageFirefoxTests" name="mainSectionStakingPage" time="7.022"/>
  <testcase classname="tests.stakingPageTests.AllPageFirefoxTests" name="delegatedSectionStakingPage" time="7.307"/>
  <testcase classname="tests.stakingPageTests.AllPageFirefoxTests" name="calcStakSectionStakingPage" time="11.915"/>
  <testcase classname="tests.stakingPageTests.AllPageFirefoxTests" name="allFooterStakingPage" time="5.960"/>
</testsuite> <!-- tests.stakingPageTests.AllPageFirefoxTests -->
