<?xml version="1.0" encoding="UTF-8"?>
<!-- Generated by org.testng.reporters.JUnitReportReporter -->
<testsuite hostname="WIN-RU0SR3DOB67" failures="0" tests="9" name="tests.fundPageTests.AllPageChromeTests" time="47.149" errors="0" timestamp="2023-08-25T00:32:47 EEST" skipped="0">
  <testcase classname="tests.fundPageTests.AllPageChromeTests" name="allHeaderFundPage" time="6.979"/>
  <system-out/>
  <testcase classname="tests.fundPageTests.AllPageChromeTests" name="getStartedHeaderFundPage" time="4.366"/>
  <system-out/>
  <testcase classname="tests.fundPageTests.AllPageChromeTests" name="learnHeaderFundPage" time="4.320"/>
  <system-out/>
  <testcase classname="tests.fundPageTests.AllPageChromeTests" name="resourcesHeaderFundPage" time="4.493"/>
  <system-out/>
  <testcase classname="tests.fundPageTests.AllPageChromeTests" name="mainSectionFundPage" time="6.200"/>
  <system-out/>
  <testcase classname="tests.fundPageTests.AllPageChromeTests" name="allFooterFundPage" time="5.269"/>
  <system-out/>
  <testcase classname="tests.fundPageTests.AllPageChromeTests" name="partnFooterFundPage" time="5.122"/>
  <system-out/>
  <testcase classname="tests.fundPageTests.AllPageChromeTests" name="subFooterFundPage" time="6.229"/>
  <system-out/>
  <testcase classname="tests.fundPageTests.AllPageChromeTests" name="copFooterFundPage" time="4.171"/>
  <system-out/>
</testsuite> <!-- tests.fundPageTests.AllPageChromeTests -->
