<?xml version="1.0" encoding="UTF-8"?>
<!-- Generated by org.testng.reporters.JUnitReportReporter -->
<testsuite hostname="WIN-RU0SR3DOB67" failures="0" tests="10" name="tests.fundPageTests.AllPageFirefoxTests" time="51.363" errors="0" timestamp="2023-08-25T18:26:37 EEST" skipped="1">
  <testcase classname="tests.fundPageTests.AllPageFirefoxTests" name="allHeaderFundPage" time="7.575"/>
  <system-out/>
  <testcase classname="tests.fundPageTests.AllPageFirefoxTests" name="getStartedHeaderFundPage" time="4.098"/>
  <system-out/>
  <testcase classname="tests.fundPageTests.AllPageFirefoxTests" name="learnHeaderFundPage" time="4.081"/>
  <system-out/>
  <testcase classname="tests.fundPageTests.AllPageFirefoxTests" name="resourcesHeaderFundPage" time="4.144"/>
  <system-out/>
  <testcase classname="tests.fundPageTests.AllPageFirefoxTests" name="mainSectionFundPage" time="5.932"/>
  <system-out/>
  <testcase classname="tests.fundPageTests.AllPageFirefoxTests" name="allFooterFundPage" time="4.542">
    <skipped/>
  </testcase> <!-- allFooterFundPage -->
  <system-out/>
  <testcase classname="tests.fundPageTests.AllPageFirefoxTests" name="allFooterFundPage" time="4.930"/>
  <system-out/>
  <testcase classname="tests.fundPageTests.AllPageFirefoxTests" name="partnFooterFundPage" time="4.874"/>
  <system-out/>
  <testcase classname="tests.fundPageTests.AllPageFirefoxTests" name="subFooterFundPage" time="4.903"/>
  <system-out/>
  <testcase classname="tests.fundPageTests.AllPageFirefoxTests" name="copFooterFundPage" time="6.284"/>
  <system-out/>
</testsuite> <!-- tests.fundPageTests.AllPageFirefoxTests -->
