<?xml version="1.0" encoding="UTF-8"?>
<!-- Generated by org.testng.reporters.JUnitReportReporter -->
<testsuite hostname="WIN-RU0SR3DOB67" failures="0" tests="8" name="tests.resetPasswordPageTests.AllPageChromeTests" time="53.243" errors="0" timestamp="2023-09-12T11:10:48 EEST" skipped="2">
  <testcase classname="tests.resetPasswordPageTests.AllPageChromeTests" name="allHeaderResetPasswordPage" time="8.621"/>
  <testcase classname="tests.resetPasswordPageTests.AllPageChromeTests" name="getStartedHeaderResetPasswordPage" time="5.437"/>
  <testcase classname="tests.resetPasswordPageTests.AllPageChromeTests" name="learnHeaderResetPasswordPage" time="5.378"/>
  <testcase classname="tests.resetPasswordPageTests.AllPageChromeTests" name="resourcesHeaderResetPasswordPage" time="5.386"/>
  <testcase classname="tests.resetPasswordPageTests.AllPageChromeTests" name="mainSectionResetPasswordPage" time="6.970">
    <skipped/>
  </testcase> <!-- mainSectionResetPasswordPage -->
  <testcase classname="tests.resetPasswordPageTests.AllPageChromeTests" name="mainSectionResetPasswordPage" time="7.794">
    <skipped/>
  </testcase> <!-- mainSectionResetPasswordPage -->
  <testcase classname="tests.resetPasswordPageTests.AllPageChromeTests" name="mainSectionResetPasswordPage" time="7.358"/>
  <testcase classname="tests.resetPasswordPageTests.AllPageChromeTests" name="allFooterResetPasswordPage" time="6.299"/>
</testsuite> <!-- tests.resetPasswordPageTests.AllPageChromeTests -->
