<?xml version="1.0" encoding="UTF-8"?>
<!-- Generated by org.testng.reporters.JUnitReportReporter -->
<testsuite hostname="WIN-RU0SR3DOB67" failures="0" tests="9" name="tests.fundPageTests.AllPageChromeTests" time="44.804" errors="0" timestamp="2023-08-14T16:23:25 EEST" skipped="0">
  <testcase classname="tests.fundPageTests.AllPageChromeTests" name="allHeaderFundPage" time="7.031"/>
  <system-out/>
  <testcase classname="tests.fundPageTests.AllPageChromeTests" name="getStartedHeaderFundPage" time="4.390"/>
  <system-out/>
  <testcase classname="tests.fundPageTests.AllPageChromeTests" name="learnHeaderFundPage" time="4.309"/>
  <system-out/>
  <testcase classname="tests.fundPageTests.AllPageChromeTests" name="resourcesHeaderFundPage" time="4.268"/>
  <system-out/>
  <testcase classname="tests.fundPageTests.AllPageChromeTests" name="mainSectionFundPage" time="5.166"/>
  <system-out/>
  <testcase classname="tests.fundPageTests.AllPageChromeTests" name="allFooterFundPage" time="5.260"/>
  <system-out/>
  <testcase classname="tests.fundPageTests.AllPageChromeTests" name="partnFooterFundPage" time="5.118"/>
  <system-out/>
  <testcase classname="tests.fundPageTests.AllPageChromeTests" name="subFooterFundPage" time="5.089"/>
  <system-out/>
  <testcase classname="tests.fundPageTests.AllPageChromeTests" name="copFooterFundPage" time="4.173"/>
  <system-out/>
</testsuite> <!-- tests.fundPageTests.AllPageChromeTests -->
