<?xml version="1.0" encoding="UTF-8"?>
<!-- Generated by org.testng.reporters.JUnitReportReporter -->
<testsuite hostname="WIN-RU0SR3DOB67" failures="0" tests="7" name="tests.walletPageTests.AllPageFirefoxTests" time="46.883" errors="0" timestamp="2023-09-12T13:08:07 EEST" skipped="0">
  <testcase classname="tests.walletPageTests.AllPageFirefoxTests" name="allHeaderWalletPage" time="10.838"/>
  <testcase classname="tests.walletPageTests.AllPageFirefoxTests" name="getStartedHeaderWalletPage" time="7.544"/>
  <testcase classname="tests.walletPageTests.AllPageFirefoxTests" name="learnHeaderWalletPage" time="5.119"/>
  <testcase classname="tests.walletPageTests.AllPageFirefoxTests" name="resourcesHeaderWalletPage" time="5.130"/>
  <testcase classname="tests.walletPageTests.AllPageFirefoxTests" name="mainSectionWalletPage" time="5.936"/>
  <testcase classname="tests.walletPageTests.AllPageFirefoxTests" name="delegatedSectionWalletPage" time="6.290"/>
  <testcase classname="tests.walletPageTests.AllPageFirefoxTests" name="allFooterWalletPage" time="6.026"/>
</testsuite> <!-- tests.walletPageTests.AllPageFirefoxTests -->
