<?xml version="1.0" encoding="UTF-8"?>
<!-- Generated by org.testng.reporters.JUnitReportReporter -->
<testsuite hostname="WIN-RU0SR3DOB67" failures="0" tests="6" name="tests.signInPageTests.AllPageChromeTests" time="38.725" errors="0" timestamp="2023-09-29T17:47:37 EEST" skipped="0">
  <testcase classname="tests.signInPageTests.AllPageChromeTests" name="allHeaderSignInPage" time="8.191"/>
  <testcase classname="tests.signInPageTests.AllPageChromeTests" name="getStartedHeaderSignInPage" time="6.177"/>
  <testcase classname="tests.signInPageTests.AllPageChromeTests" name="learnHeaderSignInPage" time="5.423"/>
  <testcase classname="tests.signInPageTests.AllPageChromeTests" name="resourcesHeaderSignInPage" time="5.362"/>
  <testcase classname="tests.signInPageTests.AllPageChromeTests" name="mainSectionSignInPage" time="7.275"/>
  <testcase classname="tests.signInPageTests.AllPageChromeTests" name="allFooterSignInPage" time="6.297"/>
</testsuite> <!-- tests.signInPageTests.AllPageChromeTests -->
