<?xml version="1.0" encoding="UTF-8"?>
<!-- Generated by org.testng.reporters.JUnitReportReporter -->
<testsuite hostname="WIN-RU0SR3DOB67" failures="0" tests="7" name="tests.walletPageTests.AllPageFirefoxTests" time="44.514" errors="0" timestamp="2023-09-08T11:08:36 EEST" skipped="0">
  <testcase classname="tests.walletPageTests.AllPageFirefoxTests" name="allHeaderWalletPage" time="8.647"/>
  <testcase classname="tests.walletPageTests.AllPageFirefoxTests" name="getStartedHeaderWalletPage" time="7.526"/>
  <testcase classname="tests.walletPageTests.AllPageFirefoxTests" name="learnHeaderWalletPage" time="5.101"/>
  <testcase classname="tests.walletPageTests.AllPageFirefoxTests" name="resourcesHeaderWalletPage" time="5.157"/>
  <testcase classname="tests.walletPageTests.AllPageFirefoxTests" name="mainSectionWalletPage" time="5.917"/>
  <testcase classname="tests.walletPageTests.AllPageFirefoxTests" name="delegatedSectionWalletPage" time="6.177"/>
  <testcase classname="tests.walletPageTests.AllPageFirefoxTests" name="allFooterWalletPage" time="5.989"/>
</testsuite> <!-- tests.walletPageTests.AllPageFirefoxTests -->
