<?xml version="1.0" encoding="UTF-8"?>
<!-- Generated by org.testng.reporters.JUnitReportReporter -->
<testsuite hostname="WIN-RU0SR3DOB67" failures="0" tests="13" name="tests.whitePaper.WhitePaperChromeTests" time="82.739" errors="2" timestamp="2023-09-12T13:43:53 EEST" skipped="4">
  <testcase classname="tests.whitePaper.WhitePaperChromeTests" name="allHeaderWhitePaperPage" time="9.938"/>
  <testcase classname="tests.whitePaper.WhitePaperChromeTests" name="marketPlaceHeaderWhitePaperPage" time="5.695">
    <skipped/>
  </testcase> <!-- marketPlaceHeaderWhitePaperPage -->
  <testcase classname="tests.whitePaper.WhitePaperChromeTests" name="getStartedHeaderWhitePaperPage" time="7.040"/>
  <testcase classname="tests.whitePaper.WhitePaperChromeTests" name="whitePaperHeaderWhitePaperPage" time="5.682">
    <skipped/>
  </testcase> <!-- whitePaperHeaderWhitePaperPage -->
  <testcase classname="tests.whitePaper.WhitePaperChromeTests" name="whitePaperHeaderWhitePaperPage" time="5.685">
    <error message="Can&#039;t read input file!" type="javax.imageio.IIOException">
      <![CDATA[javax.imageio.IIOException: Can't read input file!
at java.desktop/javax.imageio.ImageIO.read(ImageIO.java:1308)
at pages.pixel_perfect.PixelPerfectAssert.byElement(PixelPerfectAssert.java:47)
at tests.whitePaper.WhitePaperChromeTests.whitePaperHeaderWhitePaperPage(WhitePaperChromeTests.java:98)
at java.base/jdk.internal.reflect.NativeMethodAccessorImpl.invoke0(Native Method)
at java.base/jdk.internal.reflect.NativeMethodAccessorImpl.invoke(NativeMethodAccessorImpl.java:62)
at java.base/jdk.internal.reflect.DelegatingMethodAccessorImpl.invoke(DelegatingMethodAccessorImpl.java:43)
at java.base/java.lang.reflect.Method.invoke(Method.java:566)
at org.testng.internal.invokers.MethodInvocationHelper.invokeMethod(MethodInvocationHelper.java:139)
at org.testng.internal.invokers.TestInvoker.invokeMethod(TestInvoker.java:664)
at org.testng.internal.invokers.TestInvoker.retryFailed(TestInvoker.java:248)
at org.testng.internal.invokers.MethodRunner.runInSequence(MethodRunner.java:62)
at org.testng.internal.invokers.TestInvoker$MethodInvocationAgent.invoke(TestInvoker.java:957)
at org.testng.internal.invokers.TestInvoker.invokeTestMethods(TestInvoker.java:200)
at org.testng.internal.invokers.TestMethodWorker.invokeTestMethods(TestMethodWorker.java:148)
at org.testng.internal.invokers.TestMethodWorker.run(TestMethodWorker.java:128)
at java.base/java.util.ArrayList.forEach(ArrayList.java:1540)
at org.testng.TestRunner.privateRun(TestRunner.java:848)
at org.testng.TestRunner.run(TestRunner.java:621)
at org.testng.SuiteRunner.runTest(SuiteRunner.java:443)
at org.testng.SuiteRunner.runSequentially(SuiteRunner.java:437)
at org.testng.SuiteRunner.privateRun(SuiteRunner.java:397)
at org.testng.SuiteRunner.run(SuiteRunner.java:336)
at org.testng.SuiteRunnerWorker.runSuite(SuiteRunnerWorker.java:52)
at org.testng.SuiteRunnerWorker.run(SuiteRunnerWorker.java:95)
at org.testng.TestNG.runSuitesSequentially(TestNG.java:1280)
at org.testng.TestNG.runSuitesLocally(TestNG.java:1200)
at org.testng.TestNG.runSuites(TestNG.java:1114)
at org.testng.TestNG.run(TestNG.java:1082)
at org.apache.maven.surefire.testng.TestNGExecutor.run(TestNGExecutor.java:284)
at org.apache.maven.surefire.testng.TestNGXmlTestSuite.execute(TestNGXmlTestSuite.java:75)
at org.apache.maven.surefire.testng.TestNGProvider.invoke(TestNGProvider.java:119)
at org.apache.maven.surefire.booter.ForkedBooter.runSuitesInProcess(ForkedBooter.java:428)
at org.apache.maven.surefire.booter.ForkedBooter.execute(ForkedBooter.java:162)
at org.apache.maven.surefire.booter.ForkedBooter.run(ForkedBooter.java:562)
at org.apache.maven.surefire.booter.ForkedBooter.main(ForkedBooter.java:548)
]]>
    </error>
  </testcase> <!-- whitePaperHeaderWhitePaperPage -->
  <testcase classname="tests.whitePaper.WhitePaperChromeTests" name="marketPlaceHeaderWhitePaperPage" time="5.716">
    <skipped/>
  </testcase> <!-- marketPlaceHeaderWhitePaperPage -->
  <testcase classname="tests.whitePaper.WhitePaperChromeTests" name="whitePaperHeaderWhitePaperPage" time="5.712">
    <skipped/>
  </testcase> <!-- whitePaperHeaderWhitePaperPage -->
  <testcase classname="tests.whitePaper.WhitePaperChromeTests" name="marketPlaceHeaderWhitePaperPage" time="5.684">
    <error message="Can&#039;t read input file!" type="javax.imageio.IIOException">
      <![CDATA[javax.imageio.IIOException: Can't read input file!
at java.desktop/javax.imageio.ImageIO.read(ImageIO.java:1308)
at pages.pixel_perfect.PixelPerfectAssert.byElement(PixelPerfectAssert.java:47)
at tests.whitePaper.WhitePaperChromeTests.marketPlaceHeaderWhitePaperPage(WhitePaperChromeTests.java:80)
at java.base/jdk.internal.reflect.NativeMethodAccessorImpl.invoke0(Native Method)
at java.base/jdk.internal.reflect.NativeMethodAccessorImpl.invoke(NativeMethodAccessorImpl.java:62)
at java.base/jdk.internal.reflect.DelegatingMethodAccessorImpl.invoke(DelegatingMethodAccessorImpl.java:43)
at java.base/java.lang.reflect.Method.invoke(Method.java:566)
at org.testng.internal.invokers.MethodInvocationHelper.invokeMethod(MethodInvocationHelper.java:139)
at org.testng.internal.invokers.TestInvoker.invokeMethod(TestInvoker.java:664)
at org.testng.internal.invokers.TestInvoker.retryFailed(TestInvoker.java:248)
at org.testng.internal.invokers.MethodRunner.runInSequence(MethodRunner.java:62)
at org.testng.internal.invokers.TestInvoker$MethodInvocationAgent.invoke(TestInvoker.java:957)
at org.testng.internal.invokers.TestInvoker.invokeTestMethods(TestInvoker.java:200)
at org.testng.internal.invokers.TestMethodWorker.invokeTestMethods(TestMethodWorker.java:148)
at org.testng.internal.invokers.TestMethodWorker.run(TestMethodWorker.java:128)
at java.base/java.util.ArrayList.forEach(ArrayList.java:1540)
at org.testng.TestRunner.privateRun(TestRunner.java:848)
at org.testng.TestRunner.run(TestRunner.java:621)
at org.testng.SuiteRunner.runTest(SuiteRunner.java:443)
at org.testng.SuiteRunner.runSequentially(SuiteRunner.java:437)
at org.testng.SuiteRunner.privateRun(SuiteRunner.java:397)
at org.testng.SuiteRunner.run(SuiteRunner.java:336)
at org.testng.SuiteRunnerWorker.runSuite(SuiteRunnerWorker.java:52)
at org.testng.SuiteRunnerWorker.run(SuiteRunnerWorker.java:95)
at org.testng.TestNG.runSuitesSequentially(TestNG.java:1280)
at org.testng.TestNG.runSuitesLocally(TestNG.java:1200)
at org.testng.TestNG.runSuites(TestNG.java:1114)
at org.testng.TestNG.run(TestNG.java:1082)
at org.apache.maven.surefire.testng.TestNGExecutor.run(TestNGExecutor.java:284)
at org.apache.maven.surefire.testng.TestNGXmlTestSuite.execute(TestNGXmlTestSuite.java:75)
at org.apache.maven.surefire.testng.TestNGProvider.invoke(TestNGProvider.java:119)
at org.apache.maven.surefire.booter.ForkedBooter.runSuitesInProcess(ForkedBooter.java:428)
at org.apache.maven.surefire.booter.ForkedBooter.execute(ForkedBooter.java:162)
at org.apache.maven.surefire.booter.ForkedBooter.run(ForkedBooter.java:562)
at org.apache.maven.surefire.booter.ForkedBooter.main(ForkedBooter.java:548)
]]>
    </error>
  </testcase> <!-- marketPlaceHeaderWhitePaperPage -->
  <testcase classname="tests.whitePaper.WhitePaperChromeTests" name="learnHeaderWhitePaperPage" time="6.230"/>
  <testcase classname="tests.whitePaper.WhitePaperChromeTests" name="resourcesHeaderWhitePaperPage" time="6.199"/>
  <testcase classname="tests.whitePaper.WhitePaperChromeTests" name="mainBlockWhitePaperPage" time="6.251"/>
  <testcase classname="tests.whitePaper.WhitePaperChromeTests" name="EweuimtPage" time="6.653"/>
  <testcase classname="tests.whitePaper.WhitePaperChromeTests" name="allFooterWhitePaperPage" time="6.254"/>
</testsuite> <!-- tests.whitePaper.WhitePaperChromeTests -->
