<?xml version="1.0" encoding="UTF-8"?>
<!-- Generated by org.testng.reporters.JUnitReportReporter -->
<testsuite hostname="WIN-RU0SR3DOB67" failures="0" tests="7" name="tests.SignUp.SignUpChromeTests" time="62.990" errors="0" timestamp="2023-08-31T11:51:35 EEST" skipped="2">
  <testcase classname="tests.SignUp.SignUpChromeTests" name="allHeaderSignUpPage" time="6.015"/>
  <testcase classname="tests.SignUp.SignUpChromeTests" name="mainBlockWhitePaperPage" time="5.202"/>
  <testcase classname="tests.SignUp.SignUpChromeTests" name="Already" time="5.043"/>
  <testcase classname="tests.SignUp.SignUpChromeTests" name="allPageSignUpPage" time="2.503"/>
  <testcase classname="tests.SignUp.SignUpChromeTests" name="allFooterSignUp" time="34.425">
    <skipped/>
  </testcase> <!-- allFooterSignUp -->
  <testcase classname="tests.SignUp.SignUpChromeTests" name="allFooterSignUp" time="4.993"/>
  <testcase classname="tests.SignUp.SignUpChromeTests" name="allFooterSignUp" time="4.809">
    <skipped/>
  </testcase> <!-- allFooterSignUp -->
</testsuite> <!-- tests.SignUp.SignUpChromeTests -->
