<?xml version="1.0" encoding="UTF-8"?>
<!-- Generated by org.testng.reporters.JUnitReportReporter -->
<testsuite hostname="WIN-RU0SR3DOB67" failures="0" tests="9" name="tests.fundPageTests.AllPageFirefoxTests" time="44.146" errors="0" timestamp="2023-08-16T15:38:19 EEST" skipped="0">
  <testcase classname="tests.fundPageTests.AllPageFirefoxTests" name="allHeaderFundPage" time="5.966"/>
  <system-out/>
  <testcase classname="tests.fundPageTests.AllPageFirefoxTests" name="getStartedHeaderFundPage" time="6.433"/>
  <system-out/>
  <testcase classname="tests.fundPageTests.AllPageFirefoxTests" name="learnHeaderFundPage" time="4.087"/>
  <system-out/>
  <testcase classname="tests.fundPageTests.AllPageFirefoxTests" name="resourcesHeaderFundPage" time="4.125"/>
  <system-out/>
  <testcase classname="tests.fundPageTests.AllPageFirefoxTests" name="mainSectionFundPage" time="4.896"/>
  <system-out/>
  <testcase classname="tests.fundPageTests.AllPageFirefoxTests" name="allFooterFundPage" time="4.932"/>
  <system-out/>
  <testcase classname="tests.fundPageTests.AllPageFirefoxTests" name="partnFooterFundPage" time="4.864"/>
  <system-out/>
  <testcase classname="tests.fundPageTests.AllPageFirefoxTests" name="subFooterFundPage" time="4.854"/>
  <system-out/>
  <testcase classname="tests.fundPageTests.AllPageFirefoxTests" name="copFooterFundPage" time="3.989"/>
  <system-out/>
</testsuite> <!-- tests.fundPageTests.AllPageFirefoxTests -->
