<?xml version="1.0" encoding="UTF-8"?>
<!-- Generated by org.testng.reporters.JUnitReportReporter -->
<testsuite hostname="WIN-RU0SR3DOB67" failures="0" tests="10" name="tests.marketPlacePageTests.AllPageFirefoxTests" time="50.499" errors="0" timestamp="2023-08-14T16:23:25 EEST" skipped="0">
  <testcase classname="tests.marketPlacePageTests.AllPageFirefoxTests" name="allHeaderMarketPlacePage" time="6.737"/>
  <system-out/>
  <testcase classname="tests.marketPlacePageTests.AllPageFirefoxTests" name="getStartedHeaderMarketPlacePage" time="4.062"/>
  <system-out/>
  <testcase classname="tests.marketPlacePageTests.AllPageFirefoxTests" name="learnHeaderMarketPlacePage" time="4.077"/>
  <system-out/>
  <testcase classname="tests.marketPlacePageTests.AllPageFirefoxTests" name="resourcesHeaderMarketPlacePage" time="4.116"/>
  <system-out/>
  <testcase classname="tests.marketPlacePageTests.AllPageFirefoxTests" name="mainSectionMarketPlacePage" time="4.888"/>
  <system-out/>
  <testcase classname="tests.marketPlacePageTests.AllPageFirefoxTests" name="statisticsSectionMarketPlacePage" time="5.299"/>
  <system-out/>
  <testcase classname="tests.marketPlacePageTests.AllPageFirefoxTests" name="allFooterMarketPlacePage" time="4.972"/>
  <system-out/>
  <testcase classname="tests.marketPlacePageTests.AllPageFirefoxTests" name="partnFooterMarketPlacePage" time="4.921"/>
  <system-out/>
  <testcase classname="tests.marketPlacePageTests.AllPageFirefoxTests" name="subFooterMarketPlacePage" time="4.957"/>
  <system-out/>
  <testcase classname="tests.marketPlacePageTests.AllPageFirefoxTests" name="copFooterMarketPlacePage" time="6.470"/>
  <system-out/>
</testsuite> <!-- tests.marketPlacePageTests.AllPageFirefoxTests -->
