<?xml version="1.0" encoding="UTF-8"?>
<!-- Generated by org.testng.reporters.JUnitReportReporter -->
<testsuite hostname="WIN-RU0SR3DOB67" failures="0" tests="6" name="tests.resetPasswordPage2Tests.AllPageFirefoxTests" time="40.731" errors="0" timestamp="2023-09-25T11:05:41 EEST" skipped="0">
  <testcase classname="tests.resetPasswordPage2Tests.AllPageFirefoxTests" name="allHeaderResetPasswordPage2" time="9.578"/>
  <testcase classname="tests.resetPasswordPage2Tests.AllPageFirefoxTests" name="getStartedHeaderResetPasswordPage2" time="5.137"/>
  <testcase classname="tests.resetPasswordPage2Tests.AllPageFirefoxTests" name="learnHeaderResetPasswordPage2" time="5.112"/>
  <testcase classname="tests.resetPasswordPage2Tests.AllPageFirefoxTests" name="resourcesHeaderResetPasswordPage2" time="5.166"/>
  <testcase classname="tests.resetPasswordPage2Tests.AllPageFirefoxTests" name="mainSectionResetPasswordPage2" time="9.748"/>
  <testcase classname="tests.resetPasswordPage2Tests.AllPageFirefoxTests" name="allFooterResetPasswordPage2" time="5.990"/>
</testsuite> <!-- tests.resetPasswordPage2Tests.AllPageFirefoxTests -->
